 
****************************************
Report : reference
Design : PIM_ALU_SYN_top
Version: M-2016.12-SP5-3
Date   : Thu Jul  9 20:10:57 2020
****************************************

Attributes:
    b - black box (unknown)
   bo - allows boundary optimization
    d - dont_touch
   mo - map_only
    h - hierarchical
    n - noncombinational
    r - removable
    s - synthetic operator
    u - contains unmapped logic

Reference          Library       Unit Area   Count    Total Area   Attributes
-----------------------------------------------------------------------------
ADDFX1MTR          scmetro_cmos10lp_rvt_ss_1p08v_125c_sadhm
                                  8.960000     494   4426.240019  r
ADDHX1MTR          scmetro_cmos10lp_rvt_ss_1p08v_125c_sadhm
                                  5.120000      32    163.839996  r
AND2X1MTR          scmetro_cmos10lp_rvt_ss_1p08v_125c_sadhm
                                  1.920000     177    339.839992  
AND3X1MTR          scmetro_cmos10lp_rvt_ss_1p08v_125c_sadhm
                                  2.240000      34     76.160000  
AND4X1MTR          scmetro_cmos10lp_rvt_ss_1p08v_125c_sadhm
                                  2.560000       4     10.240000  
AO21X1MTR          scmetro_cmos10lp_rvt_ss_1p08v_125c_sadhm
                                  2.560000       4     10.240000  
AO22X1MTR          scmetro_cmos10lp_rvt_ss_1p08v_125c_sadhm
                                  2.880000       4     11.520000  
AOI2B1X1MTR        scmetro_cmos10lp_rvt_ss_1p08v_125c_sadhm
                                  2.560000       1      2.560000  
AOI2BB1X1MTR       scmetro_cmos10lp_rvt_ss_1p08v_125c_sadhm
                                  2.240000       8     17.920000  
AOI2BB2X1MTR       scmetro_cmos10lp_rvt_ss_1p08v_125c_sadhm
                                  2.880000      14     40.320002  
AOI21BX1MTR        scmetro_cmos10lp_rvt_ss_1p08v_125c_sadhm
                                  2.560000       2      5.120000  
AOI21X1MTR         scmetro_cmos10lp_rvt_ss_1p08v_125c_sadhm
                                  1.920000     231    443.519990  
AOI22X1MTR         scmetro_cmos10lp_rvt_ss_1p08v_125c_sadhm
                                  2.240000    1924   4309.760018  
AOI31X1MTR         scmetro_cmos10lp_rvt_ss_1p08v_125c_sadhm
                                  2.240000      18     40.320000  
AOI32X1MTR         scmetro_cmos10lp_rvt_ss_1p08v_125c_sadhm
                                  2.560000      42    107.519998  
AOI211X1MTR        scmetro_cmos10lp_rvt_ss_1p08v_125c_sadhm
                                  2.240000     311    696.640003  
AOI221X1MTR        scmetro_cmos10lp_rvt_ss_1p08v_125c_sadhm
                                  2.880000       8     23.040001  
AOI222X1MTR        scmetro_cmos10lp_rvt_ss_1p08v_125c_sadhm
                                  3.520000     394   1386.879992  
BUFX2MTR           scmetro_cmos10lp_rvt_ss_1p08v_125c_sadhm
                                  1.280000     621    794.879982  
CLKOR2X1MTR        scmetro_cmos10lp_rvt_ss_1p08v_125c_sadhm
                                  1.920000      93    178.559996  
DFFRQX1MTR         scmetro_cmos10lp_rvt_ss_1p08v_125c_sadhm
                                  8.640000     778   6721.920267  n
DFFRQX2MTR         scmetro_cmos10lp_rvt_ss_1p08v_125c_sadhm
                                  8.640000    2442  21098.880838  n
INVX1MTR           scmetro_cmos10lp_rvt_ss_1p08v_125c_sadhm
                                  0.960000    2446   2348.159948  
MXI2X1MTR          scmetro_cmos10lp_rvt_ss_1p08v_125c_sadhm
                                  3.200000       1      3.200000  
NAND2BX1MTR        scmetro_cmos10lp_rvt_ss_1p08v_125c_sadhm
                                  1.920000      80    153.599997  
NAND2X1MTR         scmetro_cmos10lp_rvt_ss_1p08v_125c_sadhm
                                  1.280000    1109   1419.519968  
NAND3BX1MTR        scmetro_cmos10lp_rvt_ss_1p08v_125c_sadhm
                                  2.240000      15     33.600000  
NAND3X1MTR         scmetro_cmos10lp_rvt_ss_1p08v_125c_sadhm
                                  1.920000     178    341.759992  
NAND4BX1MTR        scmetro_cmos10lp_rvt_ss_1p08v_125c_sadhm
                                  2.560000       9     23.039999  
NAND4X1MTR         scmetro_cmos10lp_rvt_ss_1p08v_125c_sadhm
                                  2.240000      98    219.520001  
NOR2BX1MTR         scmetro_cmos10lp_rvt_ss_1p08v_125c_sadhm
                                  1.920000      91    174.719996  
NOR2X1MTR          scmetro_cmos10lp_rvt_ss_1p08v_125c_sadhm
                                  1.280000    1445   1849.599959  
NOR3BX1MTR         scmetro_cmos10lp_rvt_ss_1p08v_125c_sadhm
                                  2.240000       6     13.440000  
NOR3X1MTR          scmetro_cmos10lp_rvt_ss_1p08v_125c_sadhm
                                  1.920000      40     76.799998  
NOR4BBX1MTR        scmetro_cmos10lp_rvt_ss_1p08v_125c_sadhm
                                  3.200000       1      3.200000  
NOR4BX1MTR         scmetro_cmos10lp_rvt_ss_1p08v_125c_sadhm
                                  2.560000       6     15.360000  
NOR4X1MTR          scmetro_cmos10lp_rvt_ss_1p08v_125c_sadhm
                                  2.240000      86    192.640001  
OA21X1MTR          scmetro_cmos10lp_rvt_ss_1p08v_125c_sadhm
                                  2.560000      10     25.599999  
OA22X1MTR          scmetro_cmos10lp_rvt_ss_1p08v_125c_sadhm
                                  2.880000      11     31.680001  
OAI2B1X1MTR        scmetro_cmos10lp_rvt_ss_1p08v_125c_sadhm
                                  2.560000     132    337.919992  
OAI2B2X1MTR        scmetro_cmos10lp_rvt_ss_1p08v_125c_sadhm
                                  2.880000      62    178.560007  
OAI2B11X1MTR       scmetro_cmos10lp_rvt_ss_1p08v_125c_sadhm
                                  2.880000      17     48.960002  
OAI2BB1X1MTR       scmetro_cmos10lp_rvt_ss_1p08v_125c_sadhm
                                  2.240000      34     76.160000  
OAI2BB2X1MTR       scmetro_cmos10lp_rvt_ss_1p08v_125c_sadhm
                                  2.880000      21     60.480002  
OAI21BX1MTR        scmetro_cmos10lp_rvt_ss_1p08v_125c_sadhm
                                  2.560000       1      2.560000  
OAI21X1MTR         scmetro_cmos10lp_rvt_ss_1p08v_125c_sadhm
                                  1.920000     177    339.839992  
OAI22X1MTR         scmetro_cmos10lp_rvt_ss_1p08v_125c_sadhm
                                  2.240000    1120   2508.800011  
OAI31X1MTR         scmetro_cmos10lp_rvt_ss_1p08v_125c_sadhm
                                  2.240000      30     67.200000  
OAI32X1MTR         scmetro_cmos10lp_rvt_ss_1p08v_125c_sadhm
                                  2.560000      54    138.239997  
OAI211X1MTR        scmetro_cmos10lp_rvt_ss_1p08v_125c_sadhm
                                  2.240000     599   1341.760006  
OAI221X1MTR        scmetro_cmos10lp_rvt_ss_1p08v_125c_sadhm
                                  2.880000       1      2.880000  
OAI222X1MTR        scmetro_cmos10lp_rvt_ss_1p08v_125c_sadhm
                                  3.520000      60    211.199999  
OR3X1MTR           scmetro_cmos10lp_rvt_ss_1p08v_125c_sadhm
                                  2.240000       5     11.200000  
OR4X1MTR           scmetro_cmos10lp_rvt_ss_1p08v_125c_sadhm
                                  2.560000      21     53.759999  
XNOR2X1MTR         scmetro_cmos10lp_rvt_ss_1p08v_125c_sadhm
                                  2.880000      72    207.360008  
XOR2X1MTR          scmetro_cmos10lp_rvt_ss_1p08v_125c_sadhm
                                  2.880000     168    483.840019  
-----------------------------------------------------------------------------
Total 56 references                                 53902.080991
1
