Information: Propagating switching activity (low effort zero delay simulation). (PWR-6)
Warning: Design has unannotated primary inputs. (PWR-414)
Warning: Design has unannotated sequential cell outputs. (PWR-415)
 
****************************************
Report : power
        -analysis_effort low
Design : PIM_ALU_SYN_top
Version: M-2016.12-SP5-3
Date   : Thu Jul  9 20:11:02 2020
****************************************


Library(s) Used:

    scmetro_cmos10lp_rvt_ss_1p08v_125c_sadhm (File: /usr/syn_lib/samsung/CB_121st_tt/PRIMITIVE/sec100226_0042_SS65LP_Normal_RVT_Normal_FE_Common_N/synopsys/scmetro_cmos10lp_rvt_ss_1p08v_125c_sadhm.db)


Operating Conditions: ss_1p08v_125c   Library: scmetro_cmos10lp_rvt_ss_1p08v_125c_sadhm
Wire Load Model Mode: top


Global Operating Voltage = 1.08 
Power-specific unit information :
    Voltage Units = 1V
    Capacitance Units = 1.000000pf
    Time Units = 1ns
    Dynamic Power Units = 1mW    (derived from V,C,T units)
    Leakage Power Units = 1mW


  Cell Internal Power  =   1.4174 mW   (98%)
  Net Switching Power  =  30.8224 uW    (2%)
                         ---------
Total Dynamic Power    =   1.4482 mW  (100%)

Cell Leakage Power     =  29.8642 uW


                 Internal         Switching           Leakage            Total
Power Group      Power            Power               Power              Power   (   %    )  Attrs
--------------------------------------------------------------------------------------------------
io_pad             0.0000            0.0000            0.0000            0.0000  (   0.00%)
memory             0.0000            0.0000            0.0000            0.0000  (   0.00%)
black_box          0.0000            0.0000            0.0000            0.0000  (   0.00%)
clock_network      0.0000            0.0000            0.0000            0.0000  (   0.00%)
register           1.3723        6.5426e-03        1.2433e-02            1.3913  (  94.13%)
sequential         0.0000            0.0000            0.0000            0.0000  (   0.00%)
combinational  4.5114e-02        2.4280e-02        1.7431e-02        8.6825e-02  (   5.87%)
--------------------------------------------------------------------------------------------------
Total              1.4174 mW     3.0822e-02 mW     2.9864e-02 mW         1.4781 mW
1
