 
****************************************
Report : resources
Design : PIM_ALU_SYN_top
Version: M-2016.12-SP5-3
Date   : Fri Jul 10 06:09:20 2020
****************************************


Resource Report for this hierarchy
=============================================================================
| Cell           | Module         | Parameters | Contained Operations       |
=============================================================================
| DP_OP_1242_193_8522             |            |                            |
|                | DP_OP_1242_193_8522 |       |                            |
| DP_OP_1243_194_8522             |            |                            |
|                | DP_OP_1243_194_8522 |       |                            |
| DP_OP_1244_195_8522             |            |                            |
|                | DP_OP_1244_195_8522 |       |                            |
| DP_OP_1257_184_4077             |            |                            |
|                | DP_OP_1257_184_4077 |       |                            |
| DP_OP_1258_185_4077             |            |                            |
|                | DP_OP_1258_185_4077 |       |                            |
| DP_OP_1259_186_4077             |            |                            |
|                | DP_OP_1259_186_4077 |       |                            |
| DP_OP_1254_178_6118             |            |                            |
|                | DP_OP_1254_178_6118 |       |                            |
| DP_OP_1255_179_6118             |            |                            |
|                | DP_OP_1255_179_6118 |       |                            |
| DP_OP_1256_180_6118             |            |                            |
|                | DP_OP_1256_180_6118 |       |                            |
| DP_OP_1245_181_5880             |            |                            |
|                | DP_OP_1245_181_5880 |       |                            |
| DP_OP_1246_182_5880             |            |                            |
|                | DP_OP_1246_182_5880 |       |                            |
| DP_OP_1247_183_5880             |            |                            |
|                | DP_OP_1247_183_5880 |       |                            |
| DP_OP_1260_187_2036             |            |                            |
|                | DP_OP_1260_187_2036 |       |                            |
| DP_OP_1261_188_2036             |            |                            |
|                | DP_OP_1261_188_2036 |       |                            |
| DP_OP_1262_189_2036             |            |                            |
|                | DP_OP_1262_189_2036 |       |                            |
| DP_OP_1251_190_1798             |            |                            |
|                | DP_OP_1251_190_1798 |       |                            |
| DP_OP_1252_191_1798             |            |                            |
|                | DP_OP_1252_191_1798 |       |                            |
| DP_OP_1253_192_1798             |            |                            |
|                | DP_OP_1253_192_1798 |       |                            |
| DP_OP_1248_196_3839             |            |                            |
|                | DP_OP_1248_196_3839 |       |                            |
| DP_OP_1249_197_3839             |            |                            |
|                | DP_OP_1249_197_3839 |       |                            |
| DP_OP_1250_198_3839             |            |                            |
|                | DP_OP_1250_198_3839 |       |                            |
| DP_OP_1239_199_3601             |            |                            |
|                | DP_OP_1239_199_3601 |       |                            |
| DP_OP_1240_200_3601             |            |                            |
|                | DP_OP_1240_200_3601 |       |                            |
| DP_OP_1241_201_3601             |            |                            |
|                | DP_OP_1241_201_3601 |       |                            |
=============================================================================

Datapath Report for DP_OP_1242_193_8522
==============================================================================
| Cell                 | Contained Operations                                |
==============================================================================
| DP_OP_1242_193_8522  | BFLOAT16_ALU_7__BFLOAT_ALU/U0_ADD_STAGE/sub_2394_S2 (Device_top.v:2394) |
==============================================================================

==============================================================================
|       |      | Data     |       |                                          |
| Var   | Type | Class    | Width | Expression                               |
==============================================================================
| I1    | PI   | Unsigned | 16    |                                          |
| I2    | PI   | Unsigned | 16    |                                          |
| DG_ctrl | PI | Unsigned | 1     |                                          |
| O1    | PO   | Signed   | 17    | I1 - I2 (Device_top.v:2394)              |
==============================================================================

Datapath Report for DP_OP_1243_194_8522
==============================================================================
| Cell                 | Contained Operations                                |
==============================================================================
| DP_OP_1243_194_8522  | BFLOAT16_ALU_7__BFLOAT_ALU/U0_ADD_STAGE/sub_2395 (Device_top.v:2395) |
      | BFLOAT16_ALU_7__BFLOAT_ALU/U0_ADD_STAGE/add_2395 (Device_top.v:2395) |
==============================================================================

==============================================================================
|       |      | Data     |       |                                          |
| Var   | Type | Class    | Width | Expression                               |
==============================================================================
| I1    | PI   | Unsigned | 16    |                                          |
| I2    | PI   | Unsigned | 16    |                                          |
| DG_ctrl | PI | Unsigned | 1     |                                          |
| O1    | PO   | Signed   | 17    | I1 - I2 (Device_top.v:2395)              |
==============================================================================

Datapath Report for DP_OP_1244_195_8522
==============================================================================
| Cell                 | Contained Operations                                |
==============================================================================
| DP_OP_1244_195_8522  | BFLOAT16_ALU_7__BFLOAT_ALU/U0_ADD_STAGE/add_2397 (Device_top.v:2397) |
==============================================================================

==============================================================================
|       |      | Data     |       |                                          |
| Var   | Type | Class    | Width | Expression                               |
==============================================================================
| I1    | PI   | Unsigned | 16    |                                          |
| I2    | PI   | Unsigned | 16    |                                          |
| DG_ctrl | PI | Unsigned | 1     |                                          |
| O1    | PO   | Unsigned | 17    | I1 + I2 (Device_top.v:2397)              |
==============================================================================

Datapath Report for DP_OP_1257_184_4077
==============================================================================
| Cell                 | Contained Operations                                |
==============================================================================
| DP_OP_1257_184_4077  | BFLOAT16_ALU_2__BFLOAT_ALU/U0_ADD_STAGE/sub_2394_S2 (Device_top.v:2394) |
==============================================================================

==============================================================================
|       |      | Data     |       |                                          |
| Var   | Type | Class    | Width | Expression                               |
==============================================================================
| I1    | PI   | Unsigned | 16    |                                          |
| I2    | PI   | Unsigned | 16    |                                          |
| DG_ctrl | PI | Unsigned | 1     |                                          |
| O1    | PO   | Signed   | 17    | I1 - I2 (Device_top.v:2394)              |
==============================================================================

Datapath Report for DP_OP_1258_185_4077
==============================================================================
| Cell                 | Contained Operations                                |
==============================================================================
| DP_OP_1258_185_4077  | BFLOAT16_ALU_2__BFLOAT_ALU/U0_ADD_STAGE/sub_2395 (Device_top.v:2395) |
      | BFLOAT16_ALU_2__BFLOAT_ALU/U0_ADD_STAGE/add_2395 (Device_top.v:2395) |
==============================================================================

==============================================================================
|       |      | Data     |       |                                          |
| Var   | Type | Class    | Width | Expression                               |
==============================================================================
| I1    | PI   | Unsigned | 16    |                                          |
| I2    | PI   | Unsigned | 16    |                                          |
| DG_ctrl | PI | Unsigned | 1     |                                          |
| O1    | PO   | Signed   | 17    | I1 - I2 (Device_top.v:2395)              |
==============================================================================

Datapath Report for DP_OP_1259_186_4077
==============================================================================
| Cell                 | Contained Operations                                |
==============================================================================
| DP_OP_1259_186_4077  | BFLOAT16_ALU_2__BFLOAT_ALU/U0_ADD_STAGE/add_2397 (Device_top.v:2397) |
==============================================================================

==============================================================================
|       |      | Data     |       |                                          |
| Var   | Type | Class    | Width | Expression                               |
==============================================================================
| I1    | PI   | Unsigned | 16    |                                          |
| I2    | PI   | Unsigned | 16    |                                          |
| DG_ctrl | PI | Unsigned | 1     |                                          |
| O1    | PO   | Unsigned | 17    | I1 + I2 (Device_top.v:2397)              |
==============================================================================

Datapath Report for DP_OP_1254_178_6118
==============================================================================
| Cell                 | Contained Operations                                |
==============================================================================
| DP_OP_1254_178_6118  | BFLOAT16_ALU_3__BFLOAT_ALU/U0_ADD_STAGE/sub_2394_S2 (Device_top.v:2394) |
==============================================================================

==============================================================================
|       |      | Data     |       |                                          |
| Var   | Type | Class    | Width | Expression                               |
==============================================================================
| I1    | PI   | Unsigned | 16    |                                          |
| I2    | PI   | Unsigned | 16    |                                          |
| DG_ctrl | PI | Unsigned | 1     |                                          |
| O1    | PO   | Signed   | 17    | I1 - I2 (Device_top.v:2394)              |
==============================================================================

Datapath Report for DP_OP_1255_179_6118
==============================================================================
| Cell                 | Contained Operations                                |
==============================================================================
| DP_OP_1255_179_6118  | BFLOAT16_ALU_3__BFLOAT_ALU/U0_ADD_STAGE/sub_2395 (Device_top.v:2395) |
      | BFLOAT16_ALU_3__BFLOAT_ALU/U0_ADD_STAGE/add_2395 (Device_top.v:2395) |
==============================================================================

==============================================================================
|       |      | Data     |       |                                          |
| Var   | Type | Class    | Width | Expression                               |
==============================================================================
| I1    | PI   | Unsigned | 16    |                                          |
| I2    | PI   | Unsigned | 16    |                                          |
| DG_ctrl | PI | Unsigned | 1     |                                          |
| O1    | PO   | Signed   | 17    | I1 - I2 (Device_top.v:2395)              |
==============================================================================

Datapath Report for DP_OP_1256_180_6118
==============================================================================
| Cell                 | Contained Operations                                |
==============================================================================
| DP_OP_1256_180_6118  | BFLOAT16_ALU_3__BFLOAT_ALU/U0_ADD_STAGE/add_2397 (Device_top.v:2397) |
==============================================================================

==============================================================================
|       |      | Data     |       |                                          |
| Var   | Type | Class    | Width | Expression                               |
==============================================================================
| I1    | PI   | Unsigned | 16    |                                          |
| I2    | PI   | Unsigned | 16    |                                          |
| DG_ctrl | PI | Unsigned | 1     |                                          |
| O1    | PO   | Unsigned | 17    | I1 + I2 (Device_top.v:2397)              |
==============================================================================

Datapath Report for DP_OP_1245_181_5880
==============================================================================
| Cell                 | Contained Operations                                |
==============================================================================
| DP_OP_1245_181_5880  | BFLOAT16_ALU_6__BFLOAT_ALU/U0_ADD_STAGE/sub_2394_S2 (Device_top.v:2394) |
==============================================================================

==============================================================================
|       |      | Data     |       |                                          |
| Var   | Type | Class    | Width | Expression                               |
==============================================================================
| I1    | PI   | Unsigned | 16    |                                          |
| I2    | PI   | Unsigned | 16    |                                          |
| DG_ctrl | PI | Unsigned | 1     |                                          |
| O1    | PO   | Signed   | 17    | I1 - I2 (Device_top.v:2394)              |
==============================================================================

Datapath Report for DP_OP_1246_182_5880
==============================================================================
| Cell                 | Contained Operations                                |
==============================================================================
| DP_OP_1246_182_5880  | BFLOAT16_ALU_6__BFLOAT_ALU/U0_ADD_STAGE/sub_2395 (Device_top.v:2395) |
      | BFLOAT16_ALU_6__BFLOAT_ALU/U0_ADD_STAGE/add_2395 (Device_top.v:2395) |
==============================================================================

==============================================================================
|       |      | Data     |       |                                          |
| Var   | Type | Class    | Width | Expression                               |
==============================================================================
| I1    | PI   | Unsigned | 16    |                                          |
| I2    | PI   | Unsigned | 16    |                                          |
| DG_ctrl | PI | Unsigned | 1     |                                          |
| O1    | PO   | Signed   | 17    | I1 - I2 (Device_top.v:2395)              |
==============================================================================

Datapath Report for DP_OP_1247_183_5880
==============================================================================
| Cell                 | Contained Operations                                |
==============================================================================
| DP_OP_1247_183_5880  | BFLOAT16_ALU_6__BFLOAT_ALU/U0_ADD_STAGE/add_2397 (Device_top.v:2397) |
==============================================================================

==============================================================================
|       |      | Data     |       |                                          |
| Var   | Type | Class    | Width | Expression                               |
==============================================================================
| I1    | PI   | Unsigned | 16    |                                          |
| I2    | PI   | Unsigned | 16    |                                          |
| DG_ctrl | PI | Unsigned | 1     |                                          |
| O1    | PO   | Unsigned | 17    | I1 + I2 (Device_top.v:2397)              |
==============================================================================

Datapath Report for DP_OP_1260_187_2036
==============================================================================
| Cell                 | Contained Operations                                |
==============================================================================
| DP_OP_1260_187_2036  | BFLOAT16_ALU_1__BFLOAT_ALU/U0_ADD_STAGE/sub_2394_S2 (Device_top.v:2394) |
==============================================================================

==============================================================================
|       |      | Data     |       |                                          |
| Var   | Type | Class    | Width | Expression                               |
==============================================================================
| I1    | PI   | Unsigned | 16    |                                          |
| I2    | PI   | Unsigned | 16    |                                          |
| DG_ctrl | PI | Unsigned | 1     |                                          |
| O1    | PO   | Signed   | 17    | I1 - I2 (Device_top.v:2394)              |
==============================================================================

Datapath Report for DP_OP_1261_188_2036
==============================================================================
| Cell                 | Contained Operations                                |
==============================================================================
| DP_OP_1261_188_2036  | BFLOAT16_ALU_1__BFLOAT_ALU/U0_ADD_STAGE/sub_2395 (Device_top.v:2395) |
      | BFLOAT16_ALU_1__BFLOAT_ALU/U0_ADD_STAGE/add_2395 (Device_top.v:2395) |
==============================================================================

==============================================================================
|       |      | Data     |       |                                          |
| Var   | Type | Class    | Width | Expression                               |
==============================================================================
| I1    | PI   | Unsigned | 16    |                                          |
| I2    | PI   | Unsigned | 16    |                                          |
| DG_ctrl | PI | Unsigned | 1     |                                          |
| O1    | PO   | Signed   | 17    | I1 - I2 (Device_top.v:2395)              |
==============================================================================

Datapath Report for DP_OP_1262_189_2036
==============================================================================
| Cell                 | Contained Operations                                |
==============================================================================
| DP_OP_1262_189_2036  | BFLOAT16_ALU_1__BFLOAT_ALU/U0_ADD_STAGE/add_2397 (Device_top.v:2397) |
==============================================================================

==============================================================================
|       |      | Data     |       |                                          |
| Var   | Type | Class    | Width | Expression                               |
==============================================================================
| I1    | PI   | Unsigned | 16    |                                          |
| I2    | PI   | Unsigned | 16    |                                          |
| DG_ctrl | PI | Unsigned | 1     |                                          |
| O1    | PO   | Unsigned | 17    | I1 + I2 (Device_top.v:2397)              |
==============================================================================

Datapath Report for DP_OP_1251_190_1798
==============================================================================
| Cell                 | Contained Operations                                |
==============================================================================
| DP_OP_1251_190_1798  | BFLOAT16_ALU_4__BFLOAT_ALU/U0_ADD_STAGE/sub_2394_S2 (Device_top.v:2394) |
==============================================================================

==============================================================================
|       |      | Data     |       |                                          |
| Var   | Type | Class    | Width | Expression                               |
==============================================================================
| I1    | PI   | Unsigned | 16    |                                          |
| I2    | PI   | Unsigned | 16    |                                          |
| DG_ctrl | PI | Unsigned | 1     |                                          |
| O1    | PO   | Signed   | 17    | I1 - I2 (Device_top.v:2394)              |
==============================================================================

Datapath Report for DP_OP_1252_191_1798
==============================================================================
| Cell                 | Contained Operations                                |
==============================================================================
| DP_OP_1252_191_1798  | BFLOAT16_ALU_4__BFLOAT_ALU/U0_ADD_STAGE/sub_2395 (Device_top.v:2395) |
      | BFLOAT16_ALU_4__BFLOAT_ALU/U0_ADD_STAGE/add_2395 (Device_top.v:2395) |
==============================================================================

==============================================================================
|       |      | Data     |       |                                          |
| Var   | Type | Class    | Width | Expression                               |
==============================================================================
| I1    | PI   | Unsigned | 16    |                                          |
| I2    | PI   | Unsigned | 16    |                                          |
| DG_ctrl | PI | Unsigned | 1     |                                          |
| O1    | PO   | Signed   | 17    | I1 - I2 (Device_top.v:2395)              |
==============================================================================

Datapath Report for DP_OP_1253_192_1798
==============================================================================
| Cell                 | Contained Operations                                |
==============================================================================
| DP_OP_1253_192_1798  | BFLOAT16_ALU_4__BFLOAT_ALU/U0_ADD_STAGE/add_2397 (Device_top.v:2397) |
==============================================================================

==============================================================================
|       |      | Data     |       |                                          |
| Var   | Type | Class    | Width | Expression                               |
==============================================================================
| I1    | PI   | Unsigned | 16    |                                          |
| I2    | PI   | Unsigned | 16    |                                          |
| DG_ctrl | PI | Unsigned | 1     |                                          |
| O1    | PO   | Unsigned | 17    | I1 + I2 (Device_top.v:2397)              |
==============================================================================

Datapath Report for DP_OP_1248_196_3839
==============================================================================
| Cell                 | Contained Operations                                |
==============================================================================
| DP_OP_1248_196_3839  | BFLOAT16_ALU_5__BFLOAT_ALU/U0_ADD_STAGE/sub_2394_S2 (Device_top.v:2394) |
==============================================================================

==============================================================================
|       |      | Data     |       |                                          |
| Var   | Type | Class    | Width | Expression                               |
==============================================================================
| I1    | PI   | Unsigned | 16    |                                          |
| I2    | PI   | Unsigned | 16    |                                          |
| DG_ctrl | PI | Unsigned | 1     |                                          |
| O1    | PO   | Signed   | 17    | I1 - I2 (Device_top.v:2394)              |
==============================================================================

Datapath Report for DP_OP_1249_197_3839
==============================================================================
| Cell                 | Contained Operations                                |
==============================================================================
| DP_OP_1249_197_3839  | BFLOAT16_ALU_5__BFLOAT_ALU/U0_ADD_STAGE/sub_2395 (Device_top.v:2395) |
      | BFLOAT16_ALU_5__BFLOAT_ALU/U0_ADD_STAGE/add_2395 (Device_top.v:2395) |
==============================================================================

==============================================================================
|       |      | Data     |       |                                          |
| Var   | Type | Class    | Width | Expression                               |
==============================================================================
| I1    | PI   | Unsigned | 16    |                                          |
| I2    | PI   | Unsigned | 16    |                                          |
| DG_ctrl | PI | Unsigned | 1     |                                          |
| O1    | PO   | Signed   | 17    | I1 - I2 (Device_top.v:2395)              |
==============================================================================

Datapath Report for DP_OP_1250_198_3839
==============================================================================
| Cell                 | Contained Operations                                |
==============================================================================
| DP_OP_1250_198_3839  | BFLOAT16_ALU_5__BFLOAT_ALU/U0_ADD_STAGE/add_2397 (Device_top.v:2397) |
==============================================================================

==============================================================================
|       |      | Data     |       |                                          |
| Var   | Type | Class    | Width | Expression                               |
==============================================================================
| I1    | PI   | Unsigned | 16    |                                          |
| I2    | PI   | Unsigned | 16    |                                          |
| DG_ctrl | PI | Unsigned | 1     |                                          |
| O1    | PO   | Unsigned | 17    | I1 + I2 (Device_top.v:2397)              |
==============================================================================

Datapath Report for DP_OP_1239_199_3601
==============================================================================
| Cell                 | Contained Operations                                |
==============================================================================
| DP_OP_1239_199_3601  | BFLOAT16_ALU_0__BFLOAT_ALU/U0_ADD_STAGE/sub_2394_S2 (Device_top.v:2394) |
==============================================================================

==============================================================================
|       |      | Data     |       |                                          |
| Var   | Type | Class    | Width | Expression                               |
==============================================================================
| I1    | PI   | Unsigned | 16    |                                          |
| I2    | PI   | Unsigned | 16    |                                          |
| DG_ctrl | PI | Unsigned | 1     |                                          |
| O1    | PO   | Signed   | 17    | I1 - I2 (Device_top.v:2394)              |
==============================================================================

Datapath Report for DP_OP_1240_200_3601
==============================================================================
| Cell                 | Contained Operations                                |
==============================================================================
| DP_OP_1240_200_3601  | BFLOAT16_ALU_0__BFLOAT_ALU/U0_ADD_STAGE/sub_2395 (Device_top.v:2395) |
      | BFLOAT16_ALU_0__BFLOAT_ALU/U0_ADD_STAGE/add_2395 (Device_top.v:2395) |
==============================================================================

==============================================================================
|       |      | Data     |       |                                          |
| Var   | Type | Class    | Width | Expression                               |
==============================================================================
| I1    | PI   | Unsigned | 16    |                                          |
| I2    | PI   | Unsigned | 16    |                                          |
| DG_ctrl | PI | Unsigned | 1     |                                          |
| O1    | PO   | Signed   | 17    | I1 - I2 (Device_top.v:2395)              |
==============================================================================

Datapath Report for DP_OP_1241_201_3601
==============================================================================
| Cell                 | Contained Operations                                |
==============================================================================
| DP_OP_1241_201_3601  | BFLOAT16_ALU_0__BFLOAT_ALU/U0_ADD_STAGE/add_2397 (Device_top.v:2397) |
==============================================================================

==============================================================================
|       |      | Data     |       |                                          |
| Var   | Type | Class    | Width | Expression                               |
==============================================================================
| I1    | PI   | Unsigned | 16    |                                          |
| I2    | PI   | Unsigned | 16    |                                          |
| DG_ctrl | PI | Unsigned | 1     |                                          |
| O1    | PO   | Unsigned | 17    | I1 + I2 (Device_top.v:2397)              |
==============================================================================


Resource Report for Ungrouped Hierarchy U0_BANK_TOP in file
        /home/kch/work/TDRAM/run_app_platform/Device_top_sim_MAC_paper_work/rtl/Device_top.v
=============================================================================
| Cell           | Module         | Parameters | Contained Operations       |
=============================================================================
| add_x_102      | DW01_inc_DG    | width=7    | U0_LUT_CNT/add_2638 (Device_top.v:2638) |
| add_x_107      | DW01_inc_DG    | width=5    | ACC_GEN_0__NORM_LOGIC/add_2706 (Device_top.v:2706) |
| add_x_136      | DW01_inc_DG    | width=5    | ACC_GEN_7__NORM_LOGIC/add_2706 (Device_top.v:2706) |
| add_x_141      | DW01_inc_DG    | width=5    | ACC_GEN_6__NORM_LOGIC/add_2706 (Device_top.v:2706) |
| add_x_146      | DW01_inc_DG    | width=5    | ACC_GEN_5__NORM_LOGIC/add_2706 (Device_top.v:2706) |
| add_x_151      | DW01_inc_DG    | width=5    | ACC_GEN_4__NORM_LOGIC/add_2706 (Device_top.v:2706) |
| add_x_156      | DW01_inc_DG    | width=5    | ACC_GEN_3__NORM_LOGIC/add_2706 (Device_top.v:2706) |
| add_x_161      | DW01_inc_DG    | width=5    | ACC_GEN_2__NORM_LOGIC/add_2706 (Device_top.v:2706) |
| add_x_166      | DW01_inc_DG    | width=5    | ACC_GEN_1__NORM_LOGIC/add_2706 (Device_top.v:2706) |
| sub_x_200      | DW01_sub_DG    | width=6    | BFLOAT16_ALU_0__BFLOAT_ALU/U_MUL0/sub_2226 (Device_top.v:2226) |
| gt_x_202       | DW_cmp_DG      | width=5    | BFLOAT16_ALU_0__BFLOAT_ALU/U_MUL0/gt_2253 (Device_top.v:2253) |
| eq_x_203       | DW_cmp_DG      | width=6    | BFLOAT16_ALU_0__BFLOAT_ALU/U_MUL0/eq_2254 (Device_top.v:2254) |
| eq_x_204       | DW_cmp_DG      | width=6    | BFLOAT16_ALU_0__BFLOAT_ALU/U_MUL0/eq_2255 (Device_top.v:2255) |
| eq_x_205       | DW_cmp_DG      | width=6    | BFLOAT16_ALU_0__BFLOAT_ALU/U_MUL0/eq_2256 (Device_top.v:2256) |
| lt_x_206       | DW_cmp_DG      | width=5    | BFLOAT16_ALU_0__BFLOAT_ALU/U_MUL0/lt_2257 (Device_top.v:2257) |
| add_x_212      | DW01_inc_DG    | width=5    | BFLOAT16_ALU_0__BFLOAT_ALU/U0_ADD_STAGE/add_2414 (Device_top.v:2414) |
| sub_x_224      | DW01_sub_DG    | width=6    | BFLOAT16_ALU_7__BFLOAT_ALU/U_MUL0/sub_2226 (Device_top.v:2226) |
| gt_x_226       | DW_cmp_DG      | width=5    | BFLOAT16_ALU_7__BFLOAT_ALU/U_MUL0/gt_2253 (Device_top.v:2253) |
| eq_x_227       | DW_cmp_DG      | width=6    | BFLOAT16_ALU_7__BFLOAT_ALU/U_MUL0/eq_2254 (Device_top.v:2254) |
| eq_x_228       | DW_cmp_DG      | width=6    | BFLOAT16_ALU_7__BFLOAT_ALU/U_MUL0/eq_2255 (Device_top.v:2255) |
| eq_x_229       | DW_cmp_DG      | width=6    | BFLOAT16_ALU_7__BFLOAT_ALU/U_MUL0/eq_2256 (Device_top.v:2256) |
| lt_x_230       | DW_cmp_DG      | width=5    | BFLOAT16_ALU_7__BFLOAT_ALU/U_MUL0/lt_2257 (Device_top.v:2257) |
| sub_x_240      | DW01_sub_DG    | width=6    | BFLOAT16_ALU_6__BFLOAT_ALU/U_MUL0/sub_2226 (Device_top.v:2226) |
| gt_x_242       | DW_cmp_DG      | width=5    | BFLOAT16_ALU_6__BFLOAT_ALU/U_MUL0/gt_2253 (Device_top.v:2253) |
| eq_x_243       | DW_cmp_DG      | width=6    | BFLOAT16_ALU_6__BFLOAT_ALU/U_MUL0/eq_2254 (Device_top.v:2254) |
| eq_x_244       | DW_cmp_DG      | width=6    | BFLOAT16_ALU_6__BFLOAT_ALU/U_MUL0/eq_2255 (Device_top.v:2255) |
| eq_x_245       | DW_cmp_DG      | width=6    | BFLOAT16_ALU_6__BFLOAT_ALU/U_MUL0/eq_2256 (Device_top.v:2256) |
| lt_x_246       | DW_cmp_DG      | width=5    | BFLOAT16_ALU_6__BFLOAT_ALU/U_MUL0/lt_2257 (Device_top.v:2257) |
| sub_x_256      | DW01_sub_DG    | width=6    | BFLOAT16_ALU_5__BFLOAT_ALU/U_MUL0/sub_2226 (Device_top.v:2226) |
| gt_x_258       | DW_cmp_DG      | width=5    | BFLOAT16_ALU_5__BFLOAT_ALU/U_MUL0/gt_2253 (Device_top.v:2253) |
| eq_x_259       | DW_cmp_DG      | width=6    | BFLOAT16_ALU_5__BFLOAT_ALU/U_MUL0/eq_2254 (Device_top.v:2254) |
| eq_x_260       | DW_cmp_DG      | width=6    | BFLOAT16_ALU_5__BFLOAT_ALU/U_MUL0/eq_2255 (Device_top.v:2255) |
| eq_x_261       | DW_cmp_DG      | width=6    | BFLOAT16_ALU_5__BFLOAT_ALU/U_MUL0/eq_2256 (Device_top.v:2256) |
| lt_x_262       | DW_cmp_DG      | width=5    | BFLOAT16_ALU_5__BFLOAT_ALU/U_MUL0/lt_2257 (Device_top.v:2257) |
| sub_x_272      | DW01_sub_DG    | width=6    | BFLOAT16_ALU_4__BFLOAT_ALU/U_MUL0/sub_2226 (Device_top.v:2226) |
| gt_x_274       | DW_cmp_DG      | width=5    | BFLOAT16_ALU_4__BFLOAT_ALU/U_MUL0/gt_2253 (Device_top.v:2253) |
| eq_x_275       | DW_cmp_DG      | width=6    | BFLOAT16_ALU_4__BFLOAT_ALU/U_MUL0/eq_2254 (Device_top.v:2254) |
| eq_x_276       | DW_cmp_DG      | width=6    | BFLOAT16_ALU_4__BFLOAT_ALU/U_MUL0/eq_2255 (Device_top.v:2255) |
| eq_x_277       | DW_cmp_DG      | width=6    | BFLOAT16_ALU_4__BFLOAT_ALU/U_MUL0/eq_2256 (Device_top.v:2256) |
| lt_x_278       | DW_cmp_DG      | width=5    | BFLOAT16_ALU_4__BFLOAT_ALU/U_MUL0/lt_2257 (Device_top.v:2257) |
| sub_x_288      | DW01_sub_DG    | width=6    | BFLOAT16_ALU_3__BFLOAT_ALU/U_MUL0/sub_2226 (Device_top.v:2226) |
| gt_x_290       | DW_cmp_DG      | width=5    | BFLOAT16_ALU_3__BFLOAT_ALU/U_MUL0/gt_2253 (Device_top.v:2253) |
| eq_x_291       | DW_cmp_DG      | width=6    | BFLOAT16_ALU_3__BFLOAT_ALU/U_MUL0/eq_2254 (Device_top.v:2254) |
| eq_x_292       | DW_cmp_DG      | width=6    | BFLOAT16_ALU_3__BFLOAT_ALU/U_MUL0/eq_2255 (Device_top.v:2255) |
| eq_x_293       | DW_cmp_DG      | width=6    | BFLOAT16_ALU_3__BFLOAT_ALU/U_MUL0/eq_2256 (Device_top.v:2256) |
| lt_x_294       | DW_cmp_DG      | width=5    | BFLOAT16_ALU_3__BFLOAT_ALU/U_MUL0/lt_2257 (Device_top.v:2257) |
| sub_x_304      | DW01_sub_DG    | width=6    | BFLOAT16_ALU_2__BFLOAT_ALU/U_MUL0/sub_2226 (Device_top.v:2226) |
| gt_x_306       | DW_cmp_DG      | width=5    | BFLOAT16_ALU_2__BFLOAT_ALU/U_MUL0/gt_2253 (Device_top.v:2253) |
| eq_x_307       | DW_cmp_DG      | width=6    | BFLOAT16_ALU_2__BFLOAT_ALU/U_MUL0/eq_2254 (Device_top.v:2254) |
| eq_x_308       | DW_cmp_DG      | width=6    | BFLOAT16_ALU_2__BFLOAT_ALU/U_MUL0/eq_2255 (Device_top.v:2255) |
| eq_x_309       | DW_cmp_DG      | width=6    | BFLOAT16_ALU_2__BFLOAT_ALU/U_MUL0/eq_2256 (Device_top.v:2256) |
| lt_x_310       | DW_cmp_DG      | width=5    | BFLOAT16_ALU_2__BFLOAT_ALU/U_MUL0/lt_2257 (Device_top.v:2257) |
| sub_x_320      | DW01_sub_DG    | width=6    | BFLOAT16_ALU_1__BFLOAT_ALU/U_MUL0/sub_2226 (Device_top.v:2226) |
| gt_x_322       | DW_cmp_DG      | width=5    | BFLOAT16_ALU_1__BFLOAT_ALU/U_MUL0/gt_2253 (Device_top.v:2253) |
| eq_x_323       | DW_cmp_DG      | width=6    | BFLOAT16_ALU_1__BFLOAT_ALU/U_MUL0/eq_2254 (Device_top.v:2254) |
| eq_x_324       | DW_cmp_DG      | width=6    | BFLOAT16_ALU_1__BFLOAT_ALU/U_MUL0/eq_2255 (Device_top.v:2255) |
| eq_x_325       | DW_cmp_DG      | width=6    | BFLOAT16_ALU_1__BFLOAT_ALU/U_MUL0/eq_2256 (Device_top.v:2256) |
| lt_x_326       | DW_cmp_DG      | width=5    | BFLOAT16_ALU_1__BFLOAT_ALU/U_MUL0/lt_2257 (Device_top.v:2257) |
| add_x_332      | DW01_inc_DG    | width=5    | BFLOAT16_ALU_7__BFLOAT_ALU/U0_ADD_STAGE/add_2414 (Device_top.v:2414) |
| add_x_340      | DW01_inc_DG    | width=5    | BFLOAT16_ALU_6__BFLOAT_ALU/U0_ADD_STAGE/add_2414 (Device_top.v:2414) |
| add_x_348      | DW01_inc_DG    | width=5    | BFLOAT16_ALU_5__BFLOAT_ALU/U0_ADD_STAGE/add_2414 (Device_top.v:2414) |
| add_x_356      | DW01_inc_DG    | width=5    | BFLOAT16_ALU_4__BFLOAT_ALU/U0_ADD_STAGE/add_2414 (Device_top.v:2414) |
| add_x_364      | DW01_inc_DG    | width=5    | BFLOAT16_ALU_3__BFLOAT_ALU/U0_ADD_STAGE/add_2414 (Device_top.v:2414) |
| add_x_372      | DW01_inc_DG    | width=5    | BFLOAT16_ALU_2__BFLOAT_ALU/U0_ADD_STAGE/add_2414 (Device_top.v:2414) |
| add_x_380      | DW01_inc_DG    | width=5    | BFLOAT16_ALU_1__BFLOAT_ALU/U0_ADD_STAGE/add_2414 (Device_top.v:2414) |
| sub_x_108      | DW01_dec_DG    | width=5    | ACC_GEN_0__NORM_LOGIC/sub_2751 (Device_top.v:2751) |
          |            | ACC_GEN_0__NORM_LOGIC/sub_2756 (Device_top.v:2756) |
          |            | ACC_GEN_0__NORM_LOGIC/sub_2761 (Device_top.v:2761) |
          |            | ACC_GEN_0__NORM_LOGIC/sub_2766 (Device_top.v:2766) |
          |            | ACC_GEN_0__NORM_LOGIC/sub_2771 (Device_top.v:2771) |
          |            | ACC_GEN_0__NORM_LOGIC/sub_2776 (Device_top.v:2776) |
          |            | ACC_GEN_0__NORM_LOGIC/sub_2781 (Device_top.v:2781) |
| sub_x_137      | DW01_dec_DG    | width=5    | ACC_GEN_7__NORM_LOGIC/sub_2751 (Device_top.v:2751) |
          |            | ACC_GEN_7__NORM_LOGIC/sub_2756 (Device_top.v:2756) |
          |            | ACC_GEN_7__NORM_LOGIC/sub_2761 (Device_top.v:2761) |
          |            | ACC_GEN_7__NORM_LOGIC/sub_2766 (Device_top.v:2766) |
          |            | ACC_GEN_7__NORM_LOGIC/sub_2771 (Device_top.v:2771) |
          |            | ACC_GEN_7__NORM_LOGIC/sub_2776 (Device_top.v:2776) |
          |            | ACC_GEN_7__NORM_LOGIC/sub_2781 (Device_top.v:2781) |
| sub_x_142      | DW01_dec_DG    | width=5    | ACC_GEN_6__NORM_LOGIC/sub_2751 (Device_top.v:2751) |
          |            | ACC_GEN_6__NORM_LOGIC/sub_2756 (Device_top.v:2756) |
          |            | ACC_GEN_6__NORM_LOGIC/sub_2761 (Device_top.v:2761) |
          |            | ACC_GEN_6__NORM_LOGIC/sub_2766 (Device_top.v:2766) |
          |            | ACC_GEN_6__NORM_LOGIC/sub_2771 (Device_top.v:2771) |
          |            | ACC_GEN_6__NORM_LOGIC/sub_2776 (Device_top.v:2776) |
          |            | ACC_GEN_6__NORM_LOGIC/sub_2781 (Device_top.v:2781) |
| sub_x_147      | DW01_dec_DG    | width=5    | ACC_GEN_5__NORM_LOGIC/sub_2751 (Device_top.v:2751) |
          |            | ACC_GEN_5__NORM_LOGIC/sub_2756 (Device_top.v:2756) |
          |            | ACC_GEN_5__NORM_LOGIC/sub_2761 (Device_top.v:2761) |
          |            | ACC_GEN_5__NORM_LOGIC/sub_2766 (Device_top.v:2766) |
          |            | ACC_GEN_5__NORM_LOGIC/sub_2771 (Device_top.v:2771) |
          |            | ACC_GEN_5__NORM_LOGIC/sub_2776 (Device_top.v:2776) |
          |            | ACC_GEN_5__NORM_LOGIC/sub_2781 (Device_top.v:2781) |
| sub_x_152      | DW01_dec_DG    | width=5    | ACC_GEN_4__NORM_LOGIC/sub_2751 (Device_top.v:2751) |
          |            | ACC_GEN_4__NORM_LOGIC/sub_2756 (Device_top.v:2756) |
          |            | ACC_GEN_4__NORM_LOGIC/sub_2761 (Device_top.v:2761) |
          |            | ACC_GEN_4__NORM_LOGIC/sub_2766 (Device_top.v:2766) |
          |            | ACC_GEN_4__NORM_LOGIC/sub_2771 (Device_top.v:2771) |
          |            | ACC_GEN_4__NORM_LOGIC/sub_2776 (Device_top.v:2776) |
          |            | ACC_GEN_4__NORM_LOGIC/sub_2781 (Device_top.v:2781) |
| sub_x_157      | DW01_dec_DG    | width=5    | ACC_GEN_3__NORM_LOGIC/sub_2751 (Device_top.v:2751) |
          |            | ACC_GEN_3__NORM_LOGIC/sub_2756 (Device_top.v:2756) |
          |            | ACC_GEN_3__NORM_LOGIC/sub_2761 (Device_top.v:2761) |
          |            | ACC_GEN_3__NORM_LOGIC/sub_2766 (Device_top.v:2766) |
          |            | ACC_GEN_3__NORM_LOGIC/sub_2771 (Device_top.v:2771) |
          |            | ACC_GEN_3__NORM_LOGIC/sub_2776 (Device_top.v:2776) |
          |            | ACC_GEN_3__NORM_LOGIC/sub_2781 (Device_top.v:2781) |
| sub_x_162      | DW01_dec_DG    | width=5    | ACC_GEN_2__NORM_LOGIC/sub_2751 (Device_top.v:2751) |
          |            | ACC_GEN_2__NORM_LOGIC/sub_2756 (Device_top.v:2756) |
          |            | ACC_GEN_2__NORM_LOGIC/sub_2761 (Device_top.v:2761) |
          |            | ACC_GEN_2__NORM_LOGIC/sub_2766 (Device_top.v:2766) |
          |            | ACC_GEN_2__NORM_LOGIC/sub_2771 (Device_top.v:2771) |
          |            | ACC_GEN_2__NORM_LOGIC/sub_2776 (Device_top.v:2776) |
          |            | ACC_GEN_2__NORM_LOGIC/sub_2781 (Device_top.v:2781) |
| sub_x_167      | DW01_dec_DG    | width=5    | ACC_GEN_1__NORM_LOGIC/sub_2751 (Device_top.v:2751) |
          |            | ACC_GEN_1__NORM_LOGIC/sub_2756 (Device_top.v:2756) |
          |            | ACC_GEN_1__NORM_LOGIC/sub_2761 (Device_top.v:2761) |
          |            | ACC_GEN_1__NORM_LOGIC/sub_2766 (Device_top.v:2766) |
          |            | ACC_GEN_1__NORM_LOGIC/sub_2771 (Device_top.v:2771) |
          |            | ACC_GEN_1__NORM_LOGIC/sub_2776 (Device_top.v:2776) |
          |            | ACC_GEN_1__NORM_LOGIC/sub_2781 (Device_top.v:2781) |
| add_x_8        | DW01_inc_DG    | width=5    | add_1071_S2 (Device_top.v:1071) |
            |                |            | add_1074 (Device_top.v:1074) |
| add_x_3        | DW01_inc_DG    | width=2    | add_1061_S2 (Device_top.v:1061) |
            |                |            | add_1063 (Device_top.v:1063) |
| DP_OP_1269J1_122_4319           |            |                            |
|                | DP_OP_1269J1_122_4319 |     |                            |
| DP_OP_1270J1_123_7004           |            |                            |
|                | DP_OP_1270J1_123_7004 |     |                            |
| DP_OP_1271J1_124_4319           |            |                            |
|                | DP_OP_1271J1_124_4319 |     |                            |
| DP_OP_1272J1_125_7004           |            |                            |
|                | DP_OP_1272J1_125_7004 |     |                            |
| DP_OP_1273J1_126_4319           |            |                            |
|                | DP_OP_1273J1_126_4319 |     |                            |
| DP_OP_1274J1_127_7004           |            |                            |
|                | DP_OP_1274J1_127_7004 |     |                            |
| DP_OP_1275J1_128_4319           |            |                            |
|                | DP_OP_1275J1_128_4319 |     |                            |
| DP_OP_1276J1_129_7004           |            |                            |
|                | DP_OP_1276J1_129_7004 |     |                            |
| DP_OP_1277J1_130_4319           |            |                            |
|                | DP_OP_1277J1_130_4319 |     |                            |
| DP_OP_1278J1_131_7004           |            |                            |
|                | DP_OP_1278J1_131_7004 |     |                            |
| DP_OP_1279J1_132_4319           |            |                            |
|                | DP_OP_1279J1_132_4319 |     |                            |
| DP_OP_1280J1_133_7004           |            |                            |
|                | DP_OP_1280J1_133_7004 |     |                            |
| DP_OP_1281J1_134_4319           |            |                            |
|                | DP_OP_1281J1_134_4319 |     |                            |
| DP_OP_1282J1_135_7004           |            |                            |
|                | DP_OP_1282J1_135_7004 |     |                            |
| DP_OP_1283J1_136_4319           |            |                            |
|                | DP_OP_1283J1_136_4319 |     |                            |
| DP_OP_1284J1_137_7004           |            |                            |
|                | DP_OP_1284J1_137_7004 |     |                            |
=============================================================================

Datapath Report for DP_OP_1269J1_122_4319
==============================================================================
| Cell                 | Contained Operations                                |
==============================================================================
| DP_OP_1269J1_122_4319 | BFLOAT16_ALU_0__BFLOAT_ALU/U_MUL0/add_2221 (Device_top.v:2221) |
           | BFLOAT16_ALU_0__BFLOAT_ALU/U_MUL0/sub_2221 (Device_top.v:2221) |
==============================================================================

==============================================================================
|       |      | Data     |       |                                          |
| Var   | Type | Class    | Width | Expression                               |
==============================================================================
| I1    | PI   | Signed   | 8     |                                          |
| I2    | PI   | Signed   | 8     |                                          |
| DG_ctrl | PI | Unsigned | 1     |                                          |
| O1    | PO   | Signed   | 8     | I1 + I2 - $unsigned(7'b1111111) (Device_top.v:2221) |
==============================================================================

Datapath Report for DP_OP_1270J1_123_7004
==============================================================================
| Cell                 | Contained Operations                                |
==============================================================================
| DP_OP_1270J1_123_7004 | BFLOAT16_ALU_0__BFLOAT_ALU/U_MUL0/mult_2233 (Device_top.v:2233) |
          | BFLOAT16_ALU_0__BFLOAT_ALU/U_MUL0/add_2236 (Device_top.v:2236) |
            | BFLOAT16_ALU_0__BFLOAT_ALU/U_MUL0/mult_2234 (Device_top.v:2234) |
==============================================================================

==============================================================================
|       |      | Data     |       |                                          |
| Var   | Type | Class    | Width | Expression                               |
==============================================================================
| I1    | PI   | Unsigned | 8     |                                          |
| I2    | PI   | Unsigned | 4     |                                          |
| I3    | PI   | Unsigned | 4     |                                          |
| I4    | PI   | Unsigned | 4     |                                          |
| DG_ctrl | PI | Unsigned | 1     |                                          |
| T252  | IFO  | Unsigned | 12    | I1 * I2 (Device_top.v:2233)              |
| T253  | IFO  | Unsigned | 8     | I3 * I4 (Device_top.v:2234)              |
| O1    | PO   | Unsigned | 12    | T252 + T253 (Device_top.v:2236)          |
==============================================================================

Datapath Report for DP_OP_1271J1_124_4319
==============================================================================
| Cell                 | Contained Operations                                |
==============================================================================
| DP_OP_1271J1_124_4319 | BFLOAT16_ALU_7__BFLOAT_ALU/U_MUL0/add_2221 (Device_top.v:2221) |
           | BFLOAT16_ALU_7__BFLOAT_ALU/U_MUL0/sub_2221 (Device_top.v:2221) |
==============================================================================

==============================================================================
|       |      | Data     |       |                                          |
| Var   | Type | Class    | Width | Expression                               |
==============================================================================
| I1    | PI   | Signed   | 8     |                                          |
| I2    | PI   | Signed   | 8     |                                          |
| DG_ctrl | PI | Unsigned | 1     |                                          |
| O1    | PO   | Signed   | 8     | I1 + I2 - $unsigned(7'b1111111) (Device_top.v:2221) |
==============================================================================

Datapath Report for DP_OP_1272J1_125_7004
==============================================================================
| Cell                 | Contained Operations                                |
==============================================================================
| DP_OP_1272J1_125_7004 | BFLOAT16_ALU_7__BFLOAT_ALU/U_MUL0/mult_2233 (Device_top.v:2233) |
          | BFLOAT16_ALU_7__BFLOAT_ALU/U_MUL0/add_2236 (Device_top.v:2236) |
            | BFLOAT16_ALU_7__BFLOAT_ALU/U_MUL0/mult_2234 (Device_top.v:2234) |
==============================================================================

==============================================================================
|       |      | Data     |       |                                          |
| Var   | Type | Class    | Width | Expression                               |
==============================================================================
| I1    | PI   | Unsigned | 8     |                                          |
| I2    | PI   | Unsigned | 4     |                                          |
| I3    | PI   | Unsigned | 4     |                                          |
| I4    | PI   | Unsigned | 4     |                                          |
| DG_ctrl | PI | Unsigned | 1     |                                          |
| T287  | IFO  | Unsigned | 12    | I1 * I2 (Device_top.v:2233)              |
| T288  | IFO  | Unsigned | 8     | I3 * I4 (Device_top.v:2234)              |
| O1    | PO   | Unsigned | 12    | T287 + T288 (Device_top.v:2236)          |
==============================================================================

Datapath Report for DP_OP_1273J1_126_4319
==============================================================================
| Cell                 | Contained Operations                                |
==============================================================================
| DP_OP_1273J1_126_4319 | BFLOAT16_ALU_6__BFLOAT_ALU/U_MUL0/add_2221 (Device_top.v:2221) |
           | BFLOAT16_ALU_6__BFLOAT_ALU/U_MUL0/sub_2221 (Device_top.v:2221) |
==============================================================================

==============================================================================
|       |      | Data     |       |                                          |
| Var   | Type | Class    | Width | Expression                               |
==============================================================================
| I1    | PI   | Signed   | 8     |                                          |
| I2    | PI   | Signed   | 8     |                                          |
| DG_ctrl | PI | Unsigned | 1     |                                          |
| O1    | PO   | Signed   | 8     | I1 + I2 - $unsigned(7'b1111111) (Device_top.v:2221) |
==============================================================================

Datapath Report for DP_OP_1274J1_127_7004
==============================================================================
| Cell                 | Contained Operations                                |
==============================================================================
| DP_OP_1274J1_127_7004 | BFLOAT16_ALU_6__BFLOAT_ALU/U_MUL0/mult_2233 (Device_top.v:2233) |
          | BFLOAT16_ALU_6__BFLOAT_ALU/U_MUL0/add_2236 (Device_top.v:2236) |
            | BFLOAT16_ALU_6__BFLOAT_ALU/U_MUL0/mult_2234 (Device_top.v:2234) |
==============================================================================

==============================================================================
|       |      | Data     |       |                                          |
| Var   | Type | Class    | Width | Expression                               |
==============================================================================
| I1    | PI   | Unsigned | 8     |                                          |
| I2    | PI   | Unsigned | 4     |                                          |
| I3    | PI   | Unsigned | 4     |                                          |
| I4    | PI   | Unsigned | 4     |                                          |
| DG_ctrl | PI | Unsigned | 1     |                                          |
| T308  | IFO  | Unsigned | 12    | I1 * I2 (Device_top.v:2233)              |
| T309  | IFO  | Unsigned | 8     | I3 * I4 (Device_top.v:2234)              |
| O1    | PO   | Unsigned | 12    | T308 + T309 (Device_top.v:2236)          |
==============================================================================

Datapath Report for DP_OP_1275J1_128_4319
==============================================================================
| Cell                 | Contained Operations                                |
==============================================================================
| DP_OP_1275J1_128_4319 | BFLOAT16_ALU_5__BFLOAT_ALU/U_MUL0/add_2221 (Device_top.v:2221) |
           | BFLOAT16_ALU_5__BFLOAT_ALU/U_MUL0/sub_2221 (Device_top.v:2221) |
==============================================================================

==============================================================================
|       |      | Data     |       |                                          |
| Var   | Type | Class    | Width | Expression                               |
==============================================================================
| I1    | PI   | Signed   | 8     |                                          |
| I2    | PI   | Signed   | 8     |                                          |
| DG_ctrl | PI | Unsigned | 1     |                                          |
| O1    | PO   | Signed   | 8     | I1 + I2 - $unsigned(7'b1111111) (Device_top.v:2221) |
==============================================================================

Datapath Report for DP_OP_1276J1_129_7004
==============================================================================
| Cell                 | Contained Operations                                |
==============================================================================
| DP_OP_1276J1_129_7004 | BFLOAT16_ALU_5__BFLOAT_ALU/U_MUL0/mult_2233 (Device_top.v:2233) |
          | BFLOAT16_ALU_5__BFLOAT_ALU/U_MUL0/add_2236 (Device_top.v:2236) |
            | BFLOAT16_ALU_5__BFLOAT_ALU/U_MUL0/mult_2234 (Device_top.v:2234) |
==============================================================================

==============================================================================
|       |      | Data     |       |                                          |
| Var   | Type | Class    | Width | Expression                               |
==============================================================================
| I1    | PI   | Unsigned | 8     |                                          |
| I2    | PI   | Unsigned | 4     |                                          |
| I3    | PI   | Unsigned | 4     |                                          |
| I4    | PI   | Unsigned | 4     |                                          |
| DG_ctrl | PI | Unsigned | 1     |                                          |
| T329  | IFO  | Unsigned | 12    | I1 * I2 (Device_top.v:2233)              |
| T330  | IFO  | Unsigned | 8     | I3 * I4 (Device_top.v:2234)              |
| O1    | PO   | Unsigned | 12    | T329 + T330 (Device_top.v:2236)          |
==============================================================================

Datapath Report for DP_OP_1277J1_130_4319
==============================================================================
| Cell                 | Contained Operations                                |
==============================================================================
| DP_OP_1277J1_130_4319 | BFLOAT16_ALU_4__BFLOAT_ALU/U_MUL0/add_2221 (Device_top.v:2221) |
           | BFLOAT16_ALU_4__BFLOAT_ALU/U_MUL0/sub_2221 (Device_top.v:2221) |
==============================================================================

==============================================================================
|       |      | Data     |       |                                          |
| Var   | Type | Class    | Width | Expression                               |
==============================================================================
| I1    | PI   | Signed   | 8     |                                          |
| I2    | PI   | Signed   | 8     |                                          |
| DG_ctrl | PI | Unsigned | 1     |                                          |
| O1    | PO   | Signed   | 8     | I1 + I2 - $unsigned(7'b1111111) (Device_top.v:2221) |
==============================================================================

Datapath Report for DP_OP_1278J1_131_7004
==============================================================================
| Cell                 | Contained Operations                                |
==============================================================================
| DP_OP_1278J1_131_7004 | BFLOAT16_ALU_4__BFLOAT_ALU/U_MUL0/mult_2233 (Device_top.v:2233) |
          | BFLOAT16_ALU_4__BFLOAT_ALU/U_MUL0/add_2236 (Device_top.v:2236) |
            | BFLOAT16_ALU_4__BFLOAT_ALU/U_MUL0/mult_2234 (Device_top.v:2234) |
==============================================================================

==============================================================================
|       |      | Data     |       |                                          |
| Var   | Type | Class    | Width | Expression                               |
==============================================================================
| I1    | PI   | Unsigned | 8     |                                          |
| I2    | PI   | Unsigned | 4     |                                          |
| I3    | PI   | Unsigned | 4     |                                          |
| I4    | PI   | Unsigned | 4     |                                          |
| DG_ctrl | PI | Unsigned | 1     |                                          |
| T350  | IFO  | Unsigned | 12    | I1 * I2 (Device_top.v:2233)              |
| T351  | IFO  | Unsigned | 8     | I3 * I4 (Device_top.v:2234)              |
| O1    | PO   | Unsigned | 12    | T350 + T351 (Device_top.v:2236)          |
==============================================================================

Datapath Report for DP_OP_1279J1_132_4319
==============================================================================
| Cell                 | Contained Operations                                |
==============================================================================
| DP_OP_1279J1_132_4319 | BFLOAT16_ALU_3__BFLOAT_ALU/U_MUL0/add_2221 (Device_top.v:2221) |
           | BFLOAT16_ALU_3__BFLOAT_ALU/U_MUL0/sub_2221 (Device_top.v:2221) |
==============================================================================

==============================================================================
|       |      | Data     |       |                                          |
| Var   | Type | Class    | Width | Expression                               |
==============================================================================
| I1    | PI   | Signed   | 8     |                                          |
| I2    | PI   | Signed   | 8     |                                          |
| DG_ctrl | PI | Unsigned | 1     |                                          |
| O1    | PO   | Signed   | 8     | I1 + I2 - $unsigned(7'b1111111) (Device_top.v:2221) |
==============================================================================

Datapath Report for DP_OP_1280J1_133_7004
==============================================================================
| Cell                 | Contained Operations                                |
==============================================================================
| DP_OP_1280J1_133_7004 | BFLOAT16_ALU_3__BFLOAT_ALU/U_MUL0/mult_2233 (Device_top.v:2233) |
          | BFLOAT16_ALU_3__BFLOAT_ALU/U_MUL0/add_2236 (Device_top.v:2236) |
            | BFLOAT16_ALU_3__BFLOAT_ALU/U_MUL0/mult_2234 (Device_top.v:2234) |
==============================================================================

==============================================================================
|       |      | Data     |       |                                          |
| Var   | Type | Class    | Width | Expression                               |
==============================================================================
| I1    | PI   | Unsigned | 8     |                                          |
| I2    | PI   | Unsigned | 4     |                                          |
| I3    | PI   | Unsigned | 4     |                                          |
| I4    | PI   | Unsigned | 4     |                                          |
| DG_ctrl | PI | Unsigned | 1     |                                          |
| T371  | IFO  | Unsigned | 12    | I1 * I2 (Device_top.v:2233)              |
| T372  | IFO  | Unsigned | 8     | I3 * I4 (Device_top.v:2234)              |
| O1    | PO   | Unsigned | 12    | T371 + T372 (Device_top.v:2236)          |
==============================================================================

Datapath Report for DP_OP_1281J1_134_4319
==============================================================================
| Cell                 | Contained Operations                                |
==============================================================================
| DP_OP_1281J1_134_4319 | BFLOAT16_ALU_2__BFLOAT_ALU/U_MUL0/add_2221 (Device_top.v:2221) |
           | BFLOAT16_ALU_2__BFLOAT_ALU/U_MUL0/sub_2221 (Device_top.v:2221) |
==============================================================================

==============================================================================
|       |      | Data     |       |                                          |
| Var   | Type | Class    | Width | Expression                               |
==============================================================================
| I1    | PI   | Signed   | 8     |                                          |
| I2    | PI   | Signed   | 8     |                                          |
| DG_ctrl | PI | Unsigned | 1     |                                          |
| O1    | PO   | Signed   | 8     | I1 + I2 - $unsigned(7'b1111111) (Device_top.v:2221) |
==============================================================================

Datapath Report for DP_OP_1282J1_135_7004
==============================================================================
| Cell                 | Contained Operations                                |
==============================================================================
| DP_OP_1282J1_135_7004 | BFLOAT16_ALU_2__BFLOAT_ALU/U_MUL0/mult_2233 (Device_top.v:2233) |
          | BFLOAT16_ALU_2__BFLOAT_ALU/U_MUL0/add_2236 (Device_top.v:2236) |
            | BFLOAT16_ALU_2__BFLOAT_ALU/U_MUL0/mult_2234 (Device_top.v:2234) |
==============================================================================

==============================================================================
|       |      | Data     |       |                                          |
| Var   | Type | Class    | Width | Expression                               |
==============================================================================
| I1    | PI   | Unsigned | 8     |                                          |
| I2    | PI   | Unsigned | 4     |                                          |
| I3    | PI   | Unsigned | 4     |                                          |
| I4    | PI   | Unsigned | 4     |                                          |
| DG_ctrl | PI | Unsigned | 1     |                                          |
| T392  | IFO  | Unsigned | 12    | I1 * I2 (Device_top.v:2233)              |
| T393  | IFO  | Unsigned | 8     | I3 * I4 (Device_top.v:2234)              |
| O1    | PO   | Unsigned | 12    | T392 + T393 (Device_top.v:2236)          |
==============================================================================

Datapath Report for DP_OP_1283J1_136_4319
==============================================================================
| Cell                 | Contained Operations                                |
==============================================================================
| DP_OP_1283J1_136_4319 | BFLOAT16_ALU_1__BFLOAT_ALU/U_MUL0/add_2221 (Device_top.v:2221) |
           | BFLOAT16_ALU_1__BFLOAT_ALU/U_MUL0/sub_2221 (Device_top.v:2221) |
==============================================================================

==============================================================================
|       |      | Data     |       |                                          |
| Var   | Type | Class    | Width | Expression                               |
==============================================================================
| I1    | PI   | Signed   | 8     |                                          |
| I2    | PI   | Signed   | 8     |                                          |
| DG_ctrl | PI | Unsigned | 1     |                                          |
| O1    | PO   | Signed   | 8     | I1 + I2 - $unsigned(7'b1111111) (Device_top.v:2221) |
==============================================================================

Datapath Report for DP_OP_1284J1_137_7004
==============================================================================
| Cell                 | Contained Operations                                |
==============================================================================
| DP_OP_1284J1_137_7004 | BFLOAT16_ALU_1__BFLOAT_ALU/U_MUL0/mult_2233 (Device_top.v:2233) |
          | BFLOAT16_ALU_1__BFLOAT_ALU/U_MUL0/add_2236 (Device_top.v:2236) |
            | BFLOAT16_ALU_1__BFLOAT_ALU/U_MUL0/mult_2234 (Device_top.v:2234) |
==============================================================================

==============================================================================
|       |      | Data     |       |                                          |
| Var   | Type | Class    | Width | Expression                               |
==============================================================================
| I1    | PI   | Unsigned | 8     |                                          |
| I2    | PI   | Unsigned | 4     |                                          |
| I3    | PI   | Unsigned | 4     |                                          |
| I4    | PI   | Unsigned | 4     |                                          |
| DG_ctrl | PI | Unsigned | 1     |                                          |
| T413  | IFO  | Unsigned | 12    | I1 * I2 (Device_top.v:2233)              |
| T414  | IFO  | Unsigned | 8     | I3 * I4 (Device_top.v:2234)              |
| O1    | PO   | Unsigned | 12    | T413 + T414 (Device_top.v:2236)          |
==============================================================================


Implementation Report
===============================================================================
|                    |                  | Current            | Set            |
| Cell               | Module           | Implementation     | Implementation |
===============================================================================
| add_x_102          | DW01_inc_DG      | apparch (area)     |                |
| add_x_107          | DW01_inc_DG      | apparch (area)     |                |
| add_x_136          | DW01_inc_DG      | apparch (area)     |                |
| add_x_141          | DW01_inc_DG      | apparch (area)     |                |
| add_x_146          | DW01_inc_DG      | apparch (area)     |                |
| add_x_151          | DW01_inc_DG      | apparch (area)     |                |
| add_x_156          | DW01_inc_DG      | apparch (area)     |                |
| add_x_161          | DW01_inc_DG      | apparch (area)     |                |
| add_x_166          | DW01_inc_DG      | apparch (area)     |                |
| sub_x_200          | DW01_sub_DG      | apparch (area)     |                |
| gt_x_202           | DW_cmp_DG        | apparch (area)     |                |
| eq_x_203           | DW_cmp_DG        | apparch (area)     |                |
| eq_x_204           | DW_cmp_DG        | apparch (area)     |                |
| eq_x_205           | DW_cmp_DG        | apparch (area)     |                |
| lt_x_206           | DW_cmp_DG        | apparch (area)     |                |
| add_x_212          | DW01_inc_DG      | apparch (area)     |                |
| sub_x_224          | DW01_sub_DG      | apparch (area)     |                |
| gt_x_226           | DW_cmp_DG        | apparch (area)     |                |
| eq_x_227           | DW_cmp_DG        | apparch (area)     |                |
| eq_x_228           | DW_cmp_DG        | apparch (area)     |                |
| eq_x_229           | DW_cmp_DG        | apparch (area)     |                |
| lt_x_230           | DW_cmp_DG        | apparch (area)     |                |
| sub_x_240          | DW01_sub_DG      | apparch (area)     |                |
| gt_x_242           | DW_cmp_DG        | apparch (area)     |                |
| eq_x_243           | DW_cmp_DG        | apparch (area)     |                |
| eq_x_244           | DW_cmp_DG        | apparch (area)     |                |
| eq_x_245           | DW_cmp_DG        | apparch (area)     |                |
| lt_x_246           | DW_cmp_DG        | apparch (area)     |                |
| sub_x_256          | DW01_sub_DG      | apparch (area)     |                |
| gt_x_258           | DW_cmp_DG        | apparch (area)     |                |
| eq_x_259           | DW_cmp_DG        | apparch (area)     |                |
| eq_x_260           | DW_cmp_DG        | apparch (area)     |                |
| eq_x_261           | DW_cmp_DG        | apparch (area)     |                |
| lt_x_262           | DW_cmp_DG        | apparch (area)     |                |
| sub_x_272          | DW01_sub_DG      | apparch (area)     |                |
| gt_x_274           | DW_cmp_DG        | apparch (area)     |                |
| eq_x_275           | DW_cmp_DG        | apparch (area)     |                |
| eq_x_276           | DW_cmp_DG        | apparch (area)     |                |
| eq_x_277           | DW_cmp_DG        | apparch (area)     |                |
| lt_x_278           | DW_cmp_DG        | apparch (area)     |                |
| sub_x_288          | DW01_sub_DG      | apparch (area)     |                |
| gt_x_290           | DW_cmp_DG        | apparch (area)     |                |
| eq_x_291           | DW_cmp_DG        | apparch (area)     |                |
| eq_x_292           | DW_cmp_DG        | apparch (area)     |                |
| eq_x_293           | DW_cmp_DG        | apparch (area)     |                |
| lt_x_294           | DW_cmp_DG        | apparch (area)     |                |
| sub_x_304          | DW01_sub_DG      | apparch (area)     |                |
| gt_x_306           | DW_cmp_DG        | apparch (area)     |                |
| eq_x_307           | DW_cmp_DG        | apparch (area)     |                |
| eq_x_308           | DW_cmp_DG        | apparch (area)     |                |
| eq_x_309           | DW_cmp_DG        | apparch (area)     |                |
| lt_x_310           | DW_cmp_DG        | apparch (area)     |                |
| sub_x_320          | DW01_sub_DG      | apparch (area)     |                |
| gt_x_322           | DW_cmp_DG        | apparch (area)     |                |
| eq_x_323           | DW_cmp_DG        | apparch (area)     |                |
| eq_x_324           | DW_cmp_DG        | apparch (area)     |                |
| eq_x_325           | DW_cmp_DG        | apparch (area)     |                |
| lt_x_326           | DW_cmp_DG        | apparch (area)     |                |
| add_x_332          | DW01_inc_DG      | apparch (area)     |                |
| add_x_340          | DW01_inc_DG      | apparch (area)     |                |
| add_x_348          | DW01_inc_DG      | apparch (area)     |                |
| add_x_356          | DW01_inc_DG      | apparch (area)     |                |
| add_x_364          | DW01_inc_DG      | apparch (area)     |                |
| add_x_372          | DW01_inc_DG      | apparch (area)     |                |
| add_x_380          | DW01_inc_DG      | apparch (area)     |                |
| sub_x_108          | DW01_dec_DG      | apparch (area)     |                |
| sub_x_137          | DW01_dec_DG      | apparch (area)     |                |
| sub_x_142          | DW01_dec_DG      | apparch (area)     |                |
| sub_x_147          | DW01_dec_DG      | apparch (area)     |                |
| sub_x_152          | DW01_dec_DG      | apparch (area)     |                |
| sub_x_157          | DW01_dec_DG      | apparch (area)     |                |
| sub_x_162          | DW01_dec_DG      | apparch (area)     |                |
| sub_x_167          | DW01_dec_DG      | apparch (area)     |                |
| add_x_8            | DW01_inc_DG      | apparch (area)     |                |
| add_x_3            | DW01_inc_DG      | apparch (area)     |                |
| DP_OP_1242_193_8522                   |                    |                |
|                    | DP_OP_1242_193_8522 | str (area,speed)                 |
| DP_OP_1243_194_8522                   |                    |                |
|                    | DP_OP_1243_194_8522 | str (area,speed)                 |
| DP_OP_1244_195_8522                   |                    |                |
|                    | DP_OP_1244_195_8522 | str (speed)     |                |
| DP_OP_1257_184_4077                   |                    |                |
|                    | DP_OP_1257_184_4077 | str (area,speed)                 |
| DP_OP_1258_185_4077                   |                    |                |
|                    | DP_OP_1258_185_4077 | str (area,speed)                 |
| DP_OP_1259_186_4077                   |                    |                |
|                    | DP_OP_1259_186_4077 | str (speed)     |                |
| DP_OP_1254_178_6118                   |                    |                |
|                    | DP_OP_1254_178_6118 | str (area,speed)                 |
| DP_OP_1255_179_6118                   |                    |                |
|                    | DP_OP_1255_179_6118 | str (area,speed)                 |
| DP_OP_1256_180_6118                   |                    |                |
|                    | DP_OP_1256_180_6118 | str (speed)     |                |
| DP_OP_1245_181_5880                   |                    |                |
|                    | DP_OP_1245_181_5880 | str (area,speed)                 |
| DP_OP_1246_182_5880                   |                    |                |
|                    | DP_OP_1246_182_5880 | str (area,speed)                 |
| DP_OP_1247_183_5880                   |                    |                |
|                    | DP_OP_1247_183_5880 | str (speed)     |                |
| DP_OP_1260_187_2036                   |                    |                |
|                    | DP_OP_1260_187_2036 | str (area,speed)                 |
| DP_OP_1261_188_2036                   |                    |                |
|                    | DP_OP_1261_188_2036 | str (area,speed)                 |
| DP_OP_1262_189_2036                   |                    |                |
|                    | DP_OP_1262_189_2036 | str (speed)     |                |
| DP_OP_1251_190_1798                   |                    |                |
|                    | DP_OP_1251_190_1798 | str (area,speed)                 |
| DP_OP_1252_191_1798                   |                    |                |
|                    | DP_OP_1252_191_1798 | str (area,speed)                 |
| DP_OP_1253_192_1798                   |                    |                |
|                    | DP_OP_1253_192_1798 | str (speed)     |                |
| DP_OP_1248_196_3839                   |                    |                |
|                    | DP_OP_1248_196_3839 | str (area,speed)                 |
| DP_OP_1249_197_3839                   |                    |                |
|                    | DP_OP_1249_197_3839 | str (area,speed)                 |
| DP_OP_1250_198_3839                   |                    |                |
|                    | DP_OP_1250_198_3839 | str (speed)     |                |
| DP_OP_1239_199_3601                   |                    |                |
|                    | DP_OP_1239_199_3601 | str (area,speed)                 |
| DP_OP_1240_200_3601                   |                    |                |
|                    | DP_OP_1240_200_3601 | str (area,speed)                 |
| DP_OP_1241_201_3601                   |                    |                |
|                    | DP_OP_1241_201_3601 | str (speed)     |                |
| DP_OP_1269J1_122_4319                 |                    |                |
|                    | DP_OP_1269J1_122_4319 | str (area,speed)               |
| DP_OP_1270J1_123_7004                 |                    |                |
|                    | DP_OP_1270J1_123_7004 | str (area,speed)               |
|                    |                  | mult_arch: and     |                |
| DP_OP_1271J1_124_4319                 |                    |                |
|                    | DP_OP_1271J1_124_4319 | str (area,speed)               |
| DP_OP_1272J1_125_7004                 |                    |                |
|                    | DP_OP_1272J1_125_7004 | str (area,speed)               |
|                    |                  | mult_arch: and     |                |
| DP_OP_1273J1_126_4319                 |                    |                |
|                    | DP_OP_1273J1_126_4319 | str (area,speed)               |
| DP_OP_1274J1_127_7004                 |                    |                |
|                    | DP_OP_1274J1_127_7004 | str (area,speed)               |
|                    |                  | mult_arch: and     |                |
| DP_OP_1275J1_128_4319                 |                    |                |
|                    | DP_OP_1275J1_128_4319 | str (area,speed)               |
| DP_OP_1276J1_129_7004                 |                    |                |
|                    | DP_OP_1276J1_129_7004 | str (area,speed)               |
|                    |                  | mult_arch: and     |                |
| DP_OP_1277J1_130_4319                 |                    |                |
|                    | DP_OP_1277J1_130_4319 | str (area,speed)               |
| DP_OP_1278J1_131_7004                 |                    |                |
|                    | DP_OP_1278J1_131_7004 | str (area,speed)               |
|                    |                  | mult_arch: and     |                |
| DP_OP_1279J1_132_4319                 |                    |                |
|                    | DP_OP_1279J1_132_4319 | str (area,speed)               |
| DP_OP_1280J1_133_7004                 |                    |                |
|                    | DP_OP_1280J1_133_7004 | str (area,speed)               |
|                    |                  | mult_arch: and     |                |
| DP_OP_1281J1_134_4319                 |                    |                |
|                    | DP_OP_1281J1_134_4319 | str (area,speed)               |
| DP_OP_1282J1_135_7004                 |                    |                |
|                    | DP_OP_1282J1_135_7004 | str (area,speed)               |
|                    |                  | mult_arch: and     |                |
| DP_OP_1283J1_136_4319                 |                    |                |
|                    | DP_OP_1283J1_136_4319 | str (area,speed)               |
| DP_OP_1284J1_137_7004                 |                    |                |
|                    | DP_OP_1284J1_137_7004 | str (area,speed)               |
|                    |                  | mult_arch: and     |                |
===============================================================================

1
