 
****************************************
Report : area
Design : PIM_ALU_SYN_top
Version: M-2016.12-SP5-3
Date   : Fri Jul 10 06:09:21 2020
****************************************

Library(s) Used:

    scmetro_cmos10lp_rvt_ss_1p08v_125c_sadhm (File: /usr/syn_lib/samsung/CB_121st_tt/PRIMITIVE/sec100226_0042_SS65LP_Normal_RVT_Normal_FE_Common_N/synopsys/scmetro_cmos10lp_rvt_ss_1p08v_125c_sadhm.db)

Number of ports:                         1617
Number of nets:                         24038
Number of cells:                        22897
Number of combinational cells:          19525
Number of sequential cells:              3372
Number of macros/black boxes:               0
Number of buf/inv:                       4936
Number of references:                     210

Combinational area:              35612.479676
Buf/Inv area:                     5229.759892
Noncombinational area:           30989.120996
Macro/Black Box area:                0.000000
Net Interconnect area:      undefined  (No wire load specified)

Total cell area:                 66601.600671
Total area:                 undefined

Hierarchical area distribution
------------------------------

                                  Global cell area            Local cell area
                                  -------------------  ------------------------------ 
Hierarchical cell                 Absolute    Percent  Combi-      Noncombi-   Black-
                                  Total       Total    national    national    boxes   Design
--------------------------------  ----------  -------  ----------  ----------  ------  ---------
PIM_ALU_SYN_top                   66601.6007    100.0  35612.4797  30989.1210  0.0000  PIM_ALU_SYN_top
--------------------------------  ----------  -------  ----------  ----------  ------  ---------
Total                                                  35612.4797  30989.1210  0.0000

1
