 
****************************************
Report : hierarchy
Design : PIM_ALU_SYN_top
Version: M-2016.12-SP5-3
Date   : Wed Jul  8 21:21:47 2020
****************************************

Attributes:
    r - licensed design

PIM_ALU_SYN_top
    DFFRQX1MTR                        scmetro_cmos10lp_rvt_ss_1p08v_125c_sadhm
    DFFRQX2MTR                        scmetro_cmos10lp_rvt_ss_1p08v_125c_sadhm
    bank_top                                    r
        AND2X1MTR                     scmetro_cmos10lp_rvt_ss_1p08v_125c_sadhm
        AO2B2BX1MTR                   scmetro_cmos10lp_rvt_ss_1p08v_125c_sadhm
        AOI2BB1X1MTR                  scmetro_cmos10lp_rvt_ss_1p08v_125c_sadhm
        AOI21X1MTR                    scmetro_cmos10lp_rvt_ss_1p08v_125c_sadhm
        AOI22X1MTR                    scmetro_cmos10lp_rvt_ss_1p08v_125c_sadhm
        AOI32X1MTR                    scmetro_cmos10lp_rvt_ss_1p08v_125c_sadhm
        AOI211X1MTR                   scmetro_cmos10lp_rvt_ss_1p08v_125c_sadhm
        AOI222X1MTR                   scmetro_cmos10lp_rvt_ss_1p08v_125c_sadhm
        BUFX2MTR                      scmetro_cmos10lp_rvt_ss_1p08v_125c_sadhm
        CLKOR2X1MTR                   scmetro_cmos10lp_rvt_ss_1p08v_125c_sadhm
        DFFRQX1MTR                    scmetro_cmos10lp_rvt_ss_1p08v_125c_sadhm
        DFFRQX2MTR                    scmetro_cmos10lp_rvt_ss_1p08v_125c_sadhm
        DFFSQX1MTR                    scmetro_cmos10lp_rvt_ss_1p08v_125c_sadhm
        INVX1MTR                      scmetro_cmos10lp_rvt_ss_1p08v_125c_sadhm
        NAND2BX1MTR                   scmetro_cmos10lp_rvt_ss_1p08v_125c_sadhm
        NAND2X1MTR                    scmetro_cmos10lp_rvt_ss_1p08v_125c_sadhm
        NAND3BX1MTR                   scmetro_cmos10lp_rvt_ss_1p08v_125c_sadhm
        NAND3X1MTR                    scmetro_cmos10lp_rvt_ss_1p08v_125c_sadhm
        NAND4X1MTR                    scmetro_cmos10lp_rvt_ss_1p08v_125c_sadhm
        NOR2BX1MTR                    scmetro_cmos10lp_rvt_ss_1p08v_125c_sadhm
        NOR2X1MTR                     scmetro_cmos10lp_rvt_ss_1p08v_125c_sadhm
        NOR3X1MTR                     scmetro_cmos10lp_rvt_ss_1p08v_125c_sadhm
        NORM_stage_0                            r
            AND2X1MTR                 scmetro_cmos10lp_rvt_ss_1p08v_125c_sadhm
            AO22X1MTR                 scmetro_cmos10lp_rvt_ss_1p08v_125c_sadhm
            AOI21X1MTR                scmetro_cmos10lp_rvt_ss_1p08v_125c_sadhm
            AOI22X1MTR                scmetro_cmos10lp_rvt_ss_1p08v_125c_sadhm
            AOI31X1MTR                scmetro_cmos10lp_rvt_ss_1p08v_125c_sadhm
            AOI32X1MTR                scmetro_cmos10lp_rvt_ss_1p08v_125c_sadhm
            AOI211X1MTR               scmetro_cmos10lp_rvt_ss_1p08v_125c_sadhm
            AOI221X1MTR               scmetro_cmos10lp_rvt_ss_1p08v_125c_sadhm
            AOI222X1MTR               scmetro_cmos10lp_rvt_ss_1p08v_125c_sadhm
            BUFX2MTR                  scmetro_cmos10lp_rvt_ss_1p08v_125c_sadhm
            CLKOR2X1MTR               scmetro_cmos10lp_rvt_ss_1p08v_125c_sadhm
            INVX1MTR                  scmetro_cmos10lp_rvt_ss_1p08v_125c_sadhm
            NAND2X1MTR                scmetro_cmos10lp_rvt_ss_1p08v_125c_sadhm
            NAND3BX1MTR               scmetro_cmos10lp_rvt_ss_1p08v_125c_sadhm
            NAND3X1MTR                scmetro_cmos10lp_rvt_ss_1p08v_125c_sadhm
            NAND4X1MTR                scmetro_cmos10lp_rvt_ss_1p08v_125c_sadhm
            NOR2BX1MTR                scmetro_cmos10lp_rvt_ss_1p08v_125c_sadhm
            NOR2X1MTR                 scmetro_cmos10lp_rvt_ss_1p08v_125c_sadhm
            NOR3BX1MTR                scmetro_cmos10lp_rvt_ss_1p08v_125c_sadhm
            NOR3X1MTR                 scmetro_cmos10lp_rvt_ss_1p08v_125c_sadhm
            NOR4X1MTR                 scmetro_cmos10lp_rvt_ss_1p08v_125c_sadhm
            OAI21X1MTR                scmetro_cmos10lp_rvt_ss_1p08v_125c_sadhm
            OAI22X1MTR                scmetro_cmos10lp_rvt_ss_1p08v_125c_sadhm
            OAI31X1MTR                scmetro_cmos10lp_rvt_ss_1p08v_125c_sadhm
            OAI32X1MTR                scmetro_cmos10lp_rvt_ss_1p08v_125c_sadhm
            OAI211X1MTR               scmetro_cmos10lp_rvt_ss_1p08v_125c_sadhm
            OAI221X1MTR               scmetro_cmos10lp_rvt_ss_1p08v_125c_sadhm
        NORM_stage_1                            r
            AND2X1MTR                 scmetro_cmos10lp_rvt_ss_1p08v_125c_sadhm
            AO22X1MTR                 scmetro_cmos10lp_rvt_ss_1p08v_125c_sadhm
            AOI21X1MTR                scmetro_cmos10lp_rvt_ss_1p08v_125c_sadhm
            AOI22X1MTR                scmetro_cmos10lp_rvt_ss_1p08v_125c_sadhm
            AOI31X1MTR                scmetro_cmos10lp_rvt_ss_1p08v_125c_sadhm
            AOI32X1MTR                scmetro_cmos10lp_rvt_ss_1p08v_125c_sadhm
            AOI211X1MTR               scmetro_cmos10lp_rvt_ss_1p08v_125c_sadhm
            AOI221X1MTR               scmetro_cmos10lp_rvt_ss_1p08v_125c_sadhm
            AOI222X1MTR               scmetro_cmos10lp_rvt_ss_1p08v_125c_sadhm
            BUFX2MTR                  scmetro_cmos10lp_rvt_ss_1p08v_125c_sadhm
            CLKOR2X1MTR               scmetro_cmos10lp_rvt_ss_1p08v_125c_sadhm
            INVX1MTR                  scmetro_cmos10lp_rvt_ss_1p08v_125c_sadhm
            NAND2X1MTR                scmetro_cmos10lp_rvt_ss_1p08v_125c_sadhm
            NAND3BX1MTR               scmetro_cmos10lp_rvt_ss_1p08v_125c_sadhm
            NAND3X1MTR                scmetro_cmos10lp_rvt_ss_1p08v_125c_sadhm
            NAND4X1MTR                scmetro_cmos10lp_rvt_ss_1p08v_125c_sadhm
            NOR2BX1MTR                scmetro_cmos10lp_rvt_ss_1p08v_125c_sadhm
            NOR2X1MTR                 scmetro_cmos10lp_rvt_ss_1p08v_125c_sadhm
            NOR3BX1MTR                scmetro_cmos10lp_rvt_ss_1p08v_125c_sadhm
            NOR3X1MTR                 scmetro_cmos10lp_rvt_ss_1p08v_125c_sadhm
            NOR4X1MTR                 scmetro_cmos10lp_rvt_ss_1p08v_125c_sadhm
            OAI21X1MTR                scmetro_cmos10lp_rvt_ss_1p08v_125c_sadhm
            OAI22X1MTR                scmetro_cmos10lp_rvt_ss_1p08v_125c_sadhm
            OAI31X1MTR                scmetro_cmos10lp_rvt_ss_1p08v_125c_sadhm
            OAI32X1MTR                scmetro_cmos10lp_rvt_ss_1p08v_125c_sadhm
            OAI211X1MTR               scmetro_cmos10lp_rvt_ss_1p08v_125c_sadhm
            OAI221X1MTR               scmetro_cmos10lp_rvt_ss_1p08v_125c_sadhm
        NORM_stage_2                            r
            AND2X1MTR                 scmetro_cmos10lp_rvt_ss_1p08v_125c_sadhm
            AO22X1MTR                 scmetro_cmos10lp_rvt_ss_1p08v_125c_sadhm
            AOI21X1MTR                scmetro_cmos10lp_rvt_ss_1p08v_125c_sadhm
            AOI22X1MTR                scmetro_cmos10lp_rvt_ss_1p08v_125c_sadhm
            AOI31X1MTR                scmetro_cmos10lp_rvt_ss_1p08v_125c_sadhm
            AOI32X1MTR                scmetro_cmos10lp_rvt_ss_1p08v_125c_sadhm
            AOI211X1MTR               scmetro_cmos10lp_rvt_ss_1p08v_125c_sadhm
            AOI221X1MTR               scmetro_cmos10lp_rvt_ss_1p08v_125c_sadhm
            AOI222X1MTR               scmetro_cmos10lp_rvt_ss_1p08v_125c_sadhm
            BUFX2MTR                  scmetro_cmos10lp_rvt_ss_1p08v_125c_sadhm
            CLKOR2X1MTR               scmetro_cmos10lp_rvt_ss_1p08v_125c_sadhm
            INVX1MTR                  scmetro_cmos10lp_rvt_ss_1p08v_125c_sadhm
            NAND2X1MTR                scmetro_cmos10lp_rvt_ss_1p08v_125c_sadhm
            NAND3BX1MTR               scmetro_cmos10lp_rvt_ss_1p08v_125c_sadhm
            NAND3X1MTR                scmetro_cmos10lp_rvt_ss_1p08v_125c_sadhm
            NAND4X1MTR                scmetro_cmos10lp_rvt_ss_1p08v_125c_sadhm
            NOR2BX1MTR                scmetro_cmos10lp_rvt_ss_1p08v_125c_sadhm
            NOR2X1MTR                 scmetro_cmos10lp_rvt_ss_1p08v_125c_sadhm
            NOR3BX1MTR                scmetro_cmos10lp_rvt_ss_1p08v_125c_sadhm
            NOR3X1MTR                 scmetro_cmos10lp_rvt_ss_1p08v_125c_sadhm
            NOR4X1MTR                 scmetro_cmos10lp_rvt_ss_1p08v_125c_sadhm
            OAI21X1MTR                scmetro_cmos10lp_rvt_ss_1p08v_125c_sadhm
            OAI22X1MTR                scmetro_cmos10lp_rvt_ss_1p08v_125c_sadhm
            OAI31X1MTR                scmetro_cmos10lp_rvt_ss_1p08v_125c_sadhm
            OAI32X1MTR                scmetro_cmos10lp_rvt_ss_1p08v_125c_sadhm
            OAI211X1MTR               scmetro_cmos10lp_rvt_ss_1p08v_125c_sadhm
            OAI221X1MTR               scmetro_cmos10lp_rvt_ss_1p08v_125c_sadhm
        NORM_stage_3                            r
            AND2X1MTR                 scmetro_cmos10lp_rvt_ss_1p08v_125c_sadhm
            AO22X1MTR                 scmetro_cmos10lp_rvt_ss_1p08v_125c_sadhm
            AOI21X1MTR                scmetro_cmos10lp_rvt_ss_1p08v_125c_sadhm
            AOI22X1MTR                scmetro_cmos10lp_rvt_ss_1p08v_125c_sadhm
            AOI31X1MTR                scmetro_cmos10lp_rvt_ss_1p08v_125c_sadhm
            AOI32X1MTR                scmetro_cmos10lp_rvt_ss_1p08v_125c_sadhm
            AOI211X1MTR               scmetro_cmos10lp_rvt_ss_1p08v_125c_sadhm
            AOI221X1MTR               scmetro_cmos10lp_rvt_ss_1p08v_125c_sadhm
            AOI222X1MTR               scmetro_cmos10lp_rvt_ss_1p08v_125c_sadhm
            BUFX2MTR                  scmetro_cmos10lp_rvt_ss_1p08v_125c_sadhm
            CLKOR2X1MTR               scmetro_cmos10lp_rvt_ss_1p08v_125c_sadhm
            INVX1MTR                  scmetro_cmos10lp_rvt_ss_1p08v_125c_sadhm
            NAND2X1MTR                scmetro_cmos10lp_rvt_ss_1p08v_125c_sadhm
            NAND3BX1MTR               scmetro_cmos10lp_rvt_ss_1p08v_125c_sadhm
            NAND3X1MTR                scmetro_cmos10lp_rvt_ss_1p08v_125c_sadhm
            NAND4X1MTR                scmetro_cmos10lp_rvt_ss_1p08v_125c_sadhm
            NOR2BX1MTR                scmetro_cmos10lp_rvt_ss_1p08v_125c_sadhm
            NOR2X1MTR                 scmetro_cmos10lp_rvt_ss_1p08v_125c_sadhm
            NOR3BX1MTR                scmetro_cmos10lp_rvt_ss_1p08v_125c_sadhm
            NOR3X1MTR                 scmetro_cmos10lp_rvt_ss_1p08v_125c_sadhm
            NOR4X1MTR                 scmetro_cmos10lp_rvt_ss_1p08v_125c_sadhm
            OAI21X1MTR                scmetro_cmos10lp_rvt_ss_1p08v_125c_sadhm
            OAI22X1MTR                scmetro_cmos10lp_rvt_ss_1p08v_125c_sadhm
            OAI31X1MTR                scmetro_cmos10lp_rvt_ss_1p08v_125c_sadhm
            OAI32X1MTR                scmetro_cmos10lp_rvt_ss_1p08v_125c_sadhm
            OAI211X1MTR               scmetro_cmos10lp_rvt_ss_1p08v_125c_sadhm
            OAI221X1MTR               scmetro_cmos10lp_rvt_ss_1p08v_125c_sadhm
        NORM_stage_4                            r
            AND2X1MTR                 scmetro_cmos10lp_rvt_ss_1p08v_125c_sadhm
            AO22X1MTR                 scmetro_cmos10lp_rvt_ss_1p08v_125c_sadhm
            AOI21X1MTR                scmetro_cmos10lp_rvt_ss_1p08v_125c_sadhm
            AOI22X1MTR                scmetro_cmos10lp_rvt_ss_1p08v_125c_sadhm
            AOI31X1MTR                scmetro_cmos10lp_rvt_ss_1p08v_125c_sadhm
            AOI32X1MTR                scmetro_cmos10lp_rvt_ss_1p08v_125c_sadhm
            AOI211X1MTR               scmetro_cmos10lp_rvt_ss_1p08v_125c_sadhm
            AOI221X1MTR               scmetro_cmos10lp_rvt_ss_1p08v_125c_sadhm
            AOI222X1MTR               scmetro_cmos10lp_rvt_ss_1p08v_125c_sadhm
            BUFX2MTR                  scmetro_cmos10lp_rvt_ss_1p08v_125c_sadhm
            CLKOR2X1MTR               scmetro_cmos10lp_rvt_ss_1p08v_125c_sadhm
            INVX1MTR                  scmetro_cmos10lp_rvt_ss_1p08v_125c_sadhm
            NAND2X1MTR                scmetro_cmos10lp_rvt_ss_1p08v_125c_sadhm
            NAND3BX1MTR               scmetro_cmos10lp_rvt_ss_1p08v_125c_sadhm
            NAND3X1MTR                scmetro_cmos10lp_rvt_ss_1p08v_125c_sadhm
            NAND4X1MTR                scmetro_cmos10lp_rvt_ss_1p08v_125c_sadhm
            NOR2BX1MTR                scmetro_cmos10lp_rvt_ss_1p08v_125c_sadhm
            NOR2X1MTR                 scmetro_cmos10lp_rvt_ss_1p08v_125c_sadhm
            NOR3BX1MTR                scmetro_cmos10lp_rvt_ss_1p08v_125c_sadhm
            NOR3X1MTR                 scmetro_cmos10lp_rvt_ss_1p08v_125c_sadhm
            NOR4X1MTR                 scmetro_cmos10lp_rvt_ss_1p08v_125c_sadhm
            OAI21X1MTR                scmetro_cmos10lp_rvt_ss_1p08v_125c_sadhm
            OAI22X1MTR                scmetro_cmos10lp_rvt_ss_1p08v_125c_sadhm
            OAI31X1MTR                scmetro_cmos10lp_rvt_ss_1p08v_125c_sadhm
            OAI32X1MTR                scmetro_cmos10lp_rvt_ss_1p08v_125c_sadhm
            OAI211X1MTR               scmetro_cmos10lp_rvt_ss_1p08v_125c_sadhm
            OAI221X1MTR               scmetro_cmos10lp_rvt_ss_1p08v_125c_sadhm
        NORM_stage_5                            r
            AND2X1MTR                 scmetro_cmos10lp_rvt_ss_1p08v_125c_sadhm
            AO22X1MTR                 scmetro_cmos10lp_rvt_ss_1p08v_125c_sadhm
            AOI21X1MTR                scmetro_cmos10lp_rvt_ss_1p08v_125c_sadhm
            AOI22X1MTR                scmetro_cmos10lp_rvt_ss_1p08v_125c_sadhm
            AOI31X1MTR                scmetro_cmos10lp_rvt_ss_1p08v_125c_sadhm
            AOI32X1MTR                scmetro_cmos10lp_rvt_ss_1p08v_125c_sadhm
            AOI211X1MTR               scmetro_cmos10lp_rvt_ss_1p08v_125c_sadhm
            AOI221X1MTR               scmetro_cmos10lp_rvt_ss_1p08v_125c_sadhm
            AOI222X1MTR               scmetro_cmos10lp_rvt_ss_1p08v_125c_sadhm
            BUFX2MTR                  scmetro_cmos10lp_rvt_ss_1p08v_125c_sadhm
            CLKOR2X1MTR               scmetro_cmos10lp_rvt_ss_1p08v_125c_sadhm
            INVX1MTR                  scmetro_cmos10lp_rvt_ss_1p08v_125c_sadhm
            NAND2X1MTR                scmetro_cmos10lp_rvt_ss_1p08v_125c_sadhm
            NAND3BX1MTR               scmetro_cmos10lp_rvt_ss_1p08v_125c_sadhm
            NAND3X1MTR                scmetro_cmos10lp_rvt_ss_1p08v_125c_sadhm
            NAND4X1MTR                scmetro_cmos10lp_rvt_ss_1p08v_125c_sadhm
            NOR2BX1MTR                scmetro_cmos10lp_rvt_ss_1p08v_125c_sadhm
            NOR2X1MTR                 scmetro_cmos10lp_rvt_ss_1p08v_125c_sadhm
            NOR3BX1MTR                scmetro_cmos10lp_rvt_ss_1p08v_125c_sadhm
            NOR3X1MTR                 scmetro_cmos10lp_rvt_ss_1p08v_125c_sadhm
            NOR4X1MTR                 scmetro_cmos10lp_rvt_ss_1p08v_125c_sadhm
            OAI21X1MTR                scmetro_cmos10lp_rvt_ss_1p08v_125c_sadhm
            OAI22X1MTR                scmetro_cmos10lp_rvt_ss_1p08v_125c_sadhm
            OAI31X1MTR                scmetro_cmos10lp_rvt_ss_1p08v_125c_sadhm
            OAI32X1MTR                scmetro_cmos10lp_rvt_ss_1p08v_125c_sadhm
            OAI211X1MTR               scmetro_cmos10lp_rvt_ss_1p08v_125c_sadhm
            OAI221X1MTR               scmetro_cmos10lp_rvt_ss_1p08v_125c_sadhm
        NORM_stage_6                            r
            AND2X1MTR                 scmetro_cmos10lp_rvt_ss_1p08v_125c_sadhm
            AO22X1MTR                 scmetro_cmos10lp_rvt_ss_1p08v_125c_sadhm
            AOI21X1MTR                scmetro_cmos10lp_rvt_ss_1p08v_125c_sadhm
            AOI22X1MTR                scmetro_cmos10lp_rvt_ss_1p08v_125c_sadhm
            AOI31X1MTR                scmetro_cmos10lp_rvt_ss_1p08v_125c_sadhm
            AOI32X1MTR                scmetro_cmos10lp_rvt_ss_1p08v_125c_sadhm
            AOI211X1MTR               scmetro_cmos10lp_rvt_ss_1p08v_125c_sadhm
            AOI221X1MTR               scmetro_cmos10lp_rvt_ss_1p08v_125c_sadhm
            AOI222X1MTR               scmetro_cmos10lp_rvt_ss_1p08v_125c_sadhm
            BUFX2MTR                  scmetro_cmos10lp_rvt_ss_1p08v_125c_sadhm
            CLKOR2X1MTR               scmetro_cmos10lp_rvt_ss_1p08v_125c_sadhm
            INVX1MTR                  scmetro_cmos10lp_rvt_ss_1p08v_125c_sadhm
            NAND2X1MTR                scmetro_cmos10lp_rvt_ss_1p08v_125c_sadhm
            NAND3BX1MTR               scmetro_cmos10lp_rvt_ss_1p08v_125c_sadhm
            NAND3X1MTR                scmetro_cmos10lp_rvt_ss_1p08v_125c_sadhm
            NAND4X1MTR                scmetro_cmos10lp_rvt_ss_1p08v_125c_sadhm
            NOR2BX1MTR                scmetro_cmos10lp_rvt_ss_1p08v_125c_sadhm
            NOR2X1MTR                 scmetro_cmos10lp_rvt_ss_1p08v_125c_sadhm
            NOR3BX1MTR                scmetro_cmos10lp_rvt_ss_1p08v_125c_sadhm
            NOR3X1MTR                 scmetro_cmos10lp_rvt_ss_1p08v_125c_sadhm
            NOR4X1MTR                 scmetro_cmos10lp_rvt_ss_1p08v_125c_sadhm
            OAI21X1MTR                scmetro_cmos10lp_rvt_ss_1p08v_125c_sadhm
            OAI22X1MTR                scmetro_cmos10lp_rvt_ss_1p08v_125c_sadhm
            OAI31X1MTR                scmetro_cmos10lp_rvt_ss_1p08v_125c_sadhm
            OAI32X1MTR                scmetro_cmos10lp_rvt_ss_1p08v_125c_sadhm
            OAI211X1MTR               scmetro_cmos10lp_rvt_ss_1p08v_125c_sadhm
            OAI221X1MTR               scmetro_cmos10lp_rvt_ss_1p08v_125c_sadhm
        NORM_stage_7                            r
            AND2X1MTR                 scmetro_cmos10lp_rvt_ss_1p08v_125c_sadhm
            AO22X1MTR                 scmetro_cmos10lp_rvt_ss_1p08v_125c_sadhm
            AOI21X1MTR                scmetro_cmos10lp_rvt_ss_1p08v_125c_sadhm
            AOI22X1MTR                scmetro_cmos10lp_rvt_ss_1p08v_125c_sadhm
            AOI31X1MTR                scmetro_cmos10lp_rvt_ss_1p08v_125c_sadhm
            AOI32X1MTR                scmetro_cmos10lp_rvt_ss_1p08v_125c_sadhm
            AOI211X1MTR               scmetro_cmos10lp_rvt_ss_1p08v_125c_sadhm
            AOI221X1MTR               scmetro_cmos10lp_rvt_ss_1p08v_125c_sadhm
            AOI222X1MTR               scmetro_cmos10lp_rvt_ss_1p08v_125c_sadhm
            BUFX2MTR                  scmetro_cmos10lp_rvt_ss_1p08v_125c_sadhm
            CLKOR2X1MTR               scmetro_cmos10lp_rvt_ss_1p08v_125c_sadhm
            INVX1MTR                  scmetro_cmos10lp_rvt_ss_1p08v_125c_sadhm
            NAND2X1MTR                scmetro_cmos10lp_rvt_ss_1p08v_125c_sadhm
            NAND3BX1MTR               scmetro_cmos10lp_rvt_ss_1p08v_125c_sadhm
            NAND3X1MTR                scmetro_cmos10lp_rvt_ss_1p08v_125c_sadhm
            NAND4X1MTR                scmetro_cmos10lp_rvt_ss_1p08v_125c_sadhm
            NOR2BX1MTR                scmetro_cmos10lp_rvt_ss_1p08v_125c_sadhm
            NOR2X1MTR                 scmetro_cmos10lp_rvt_ss_1p08v_125c_sadhm
            NOR3BX1MTR                scmetro_cmos10lp_rvt_ss_1p08v_125c_sadhm
            NOR3X1MTR                 scmetro_cmos10lp_rvt_ss_1p08v_125c_sadhm
            NOR4X1MTR                 scmetro_cmos10lp_rvt_ss_1p08v_125c_sadhm
            OAI21X1MTR                scmetro_cmos10lp_rvt_ss_1p08v_125c_sadhm
            OAI22X1MTR                scmetro_cmos10lp_rvt_ss_1p08v_125c_sadhm
            OAI31X1MTR                scmetro_cmos10lp_rvt_ss_1p08v_125c_sadhm
            OAI32X1MTR                scmetro_cmos10lp_rvt_ss_1p08v_125c_sadhm
            OAI211X1MTR               scmetro_cmos10lp_rvt_ss_1p08v_125c_sadhm
            OAI221X1MTR               scmetro_cmos10lp_rvt_ss_1p08v_125c_sadhm
        OA21X1MTR                     scmetro_cmos10lp_rvt_ss_1p08v_125c_sadhm
        OA22X1MTR                     scmetro_cmos10lp_rvt_ss_1p08v_125c_sadhm
        OAI2B2X1MTR                   scmetro_cmos10lp_rvt_ss_1p08v_125c_sadhm
        OAI2BB2X1MTR                  scmetro_cmos10lp_rvt_ss_1p08v_125c_sadhm
        OAI21X1MTR                    scmetro_cmos10lp_rvt_ss_1p08v_125c_sadhm
        OAI22X1MTR                    scmetro_cmos10lp_rvt_ss_1p08v_125c_sadhm
        OAI31X1MTR                    scmetro_cmos10lp_rvt_ss_1p08v_125c_sadhm
        OAI32X1MTR                    scmetro_cmos10lp_rvt_ss_1p08v_125c_sadhm
        OAI211X1MTR                   scmetro_cmos10lp_rvt_ss_1p08v_125c_sadhm
        OR4X1MTR                      scmetro_cmos10lp_rvt_ss_1p08v_125c_sadhm
        bfloat_MAC_pipe_OPT_0
            ADD_module_OPT_0                    r
                ADDFX1MTR             scmetro_cmos10lp_rvt_ss_1p08v_125c_sadhm
                AND2X1MTR             scmetro_cmos10lp_rvt_ss_1p08v_125c_sadhm
                AO22X1MTR             scmetro_cmos10lp_rvt_ss_1p08v_125c_sadhm
                AOI2BB1X1MTR          scmetro_cmos10lp_rvt_ss_1p08v_125c_sadhm
                AOI21X1MTR            scmetro_cmos10lp_rvt_ss_1p08v_125c_sadhm
                AOI22X1MTR            scmetro_cmos10lp_rvt_ss_1p08v_125c_sadhm
                AOI32X1MTR            scmetro_cmos10lp_rvt_ss_1p08v_125c_sadhm
                AOI211X1MTR           scmetro_cmos10lp_rvt_ss_1p08v_125c_sadhm
                AOI222X1MTR           scmetro_cmos10lp_rvt_ss_1p08v_125c_sadhm
                BUFX2MTR              scmetro_cmos10lp_rvt_ss_1p08v_125c_sadhm
                INVX1MTR              scmetro_cmos10lp_rvt_ss_1p08v_125c_sadhm
                NAND2BX1MTR           scmetro_cmos10lp_rvt_ss_1p08v_125c_sadhm
                NAND2X1MTR            scmetro_cmos10lp_rvt_ss_1p08v_125c_sadhm
                NAND3BX1MTR           scmetro_cmos10lp_rvt_ss_1p08v_125c_sadhm
                NAND3X1MTR            scmetro_cmos10lp_rvt_ss_1p08v_125c_sadhm
                NAND4BX1MTR           scmetro_cmos10lp_rvt_ss_1p08v_125c_sadhm
                NAND4X1MTR            scmetro_cmos10lp_rvt_ss_1p08v_125c_sadhm
                NOR2BX1MTR            scmetro_cmos10lp_rvt_ss_1p08v_125c_sadhm
                NOR2X1MTR             scmetro_cmos10lp_rvt_ss_1p08v_125c_sadhm
                NOR3BX1MTR            scmetro_cmos10lp_rvt_ss_1p08v_125c_sadhm
                NOR3X1MTR             scmetro_cmos10lp_rvt_ss_1p08v_125c_sadhm
                NOR4X1MTR             scmetro_cmos10lp_rvt_ss_1p08v_125c_sadhm
                OAI2BB1X1MTR          scmetro_cmos10lp_rvt_ss_1p08v_125c_sadhm
                OAI21X1MTR            scmetro_cmos10lp_rvt_ss_1p08v_125c_sadhm
                OAI22X1MTR            scmetro_cmos10lp_rvt_ss_1p08v_125c_sadhm
                OAI31X1MTR            scmetro_cmos10lp_rvt_ss_1p08v_125c_sadhm
                OAI211X1MTR           scmetro_cmos10lp_rvt_ss_1p08v_125c_sadhm
                OR3X1MTR              scmetro_cmos10lp_rvt_ss_1p08v_125c_sadhm
                XNOR2X1MTR            scmetro_cmos10lp_rvt_ss_1p08v_125c_sadhm
                XOR2X1MTR             scmetro_cmos10lp_rvt_ss_1p08v_125c_sadhm
            AOI21X1MTR                scmetro_cmos10lp_rvt_ss_1p08v_125c_sadhm
            AOI22X1MTR                scmetro_cmos10lp_rvt_ss_1p08v_125c_sadhm
            DFFRQX1MTR                scmetro_cmos10lp_rvt_ss_1p08v_125c_sadhm
            DFFRQX2MTR                scmetro_cmos10lp_rvt_ss_1p08v_125c_sadhm
            MUL_OPT_0                           r
                ADDFX1MTR             scmetro_cmos10lp_rvt_ss_1p08v_125c_sadhm
                ADDHX1MTR             scmetro_cmos10lp_rvt_ss_1p08v_125c_sadhm
                AND2X1MTR             scmetro_cmos10lp_rvt_ss_1p08v_125c_sadhm
                AO22X1MTR             scmetro_cmos10lp_rvt_ss_1p08v_125c_sadhm
                AOI21X1MTR            scmetro_cmos10lp_rvt_ss_1p08v_125c_sadhm
                AOI22X1MTR            scmetro_cmos10lp_rvt_ss_1p08v_125c_sadhm
                AOI32X1MTR            scmetro_cmos10lp_rvt_ss_1p08v_125c_sadhm
                AOI211X1MTR           scmetro_cmos10lp_rvt_ss_1p08v_125c_sadhm
                BUFX2MTR              scmetro_cmos10lp_rvt_ss_1p08v_125c_sadhm
                CLKOR2X1MTR           scmetro_cmos10lp_rvt_ss_1p08v_125c_sadhm
                INVX1MTR              scmetro_cmos10lp_rvt_ss_1p08v_125c_sadhm
                NAND2BX1MTR           scmetro_cmos10lp_rvt_ss_1p08v_125c_sadhm
                NAND2X1MTR            scmetro_cmos10lp_rvt_ss_1p08v_125c_sadhm
                NAND4X1MTR            scmetro_cmos10lp_rvt_ss_1p08v_125c_sadhm
                NOR2BX1MTR            scmetro_cmos10lp_rvt_ss_1p08v_125c_sadhm
                NOR2X1MTR             scmetro_cmos10lp_rvt_ss_1p08v_125c_sadhm
                NOR3X1MTR             scmetro_cmos10lp_rvt_ss_1p08v_125c_sadhm
                NOR4X1MTR             scmetro_cmos10lp_rvt_ss_1p08v_125c_sadhm
                OA21X1MTR             scmetro_cmos10lp_rvt_ss_1p08v_125c_sadhm
                OAI21X1MTR            scmetro_cmos10lp_rvt_ss_1p08v_125c_sadhm
                OAI31X1MTR            scmetro_cmos10lp_rvt_ss_1p08v_125c_sadhm
                OAI32X1MTR            scmetro_cmos10lp_rvt_ss_1p08v_125c_sadhm
                XOR2X1MTR             scmetro_cmos10lp_rvt_ss_1p08v_125c_sadhm
            NOR2BX1MTR                scmetro_cmos10lp_rvt_ss_1p08v_125c_sadhm
            OAI22X1MTR                scmetro_cmos10lp_rvt_ss_1p08v_125c_sadhm
            OR4X1MTR                  scmetro_cmos10lp_rvt_ss_1p08v_125c_sadhm
        bfloat_MAC_pipe_OPT_1
            ADD_module_OPT_1                    r
                ADDFX1MTR             scmetro_cmos10lp_rvt_ss_1p08v_125c_sadhm
                AND2X1MTR             scmetro_cmos10lp_rvt_ss_1p08v_125c_sadhm
                AO22X1MTR             scmetro_cmos10lp_rvt_ss_1p08v_125c_sadhm
                AOI2BB1X1MTR          scmetro_cmos10lp_rvt_ss_1p08v_125c_sadhm
                AOI21X1MTR            scmetro_cmos10lp_rvt_ss_1p08v_125c_sadhm
                AOI22X1MTR            scmetro_cmos10lp_rvt_ss_1p08v_125c_sadhm
                AOI32X1MTR            scmetro_cmos10lp_rvt_ss_1p08v_125c_sadhm
                AOI211X1MTR           scmetro_cmos10lp_rvt_ss_1p08v_125c_sadhm
                AOI222X1MTR           scmetro_cmos10lp_rvt_ss_1p08v_125c_sadhm
                BUFX2MTR              scmetro_cmos10lp_rvt_ss_1p08v_125c_sadhm
                INVX1MTR              scmetro_cmos10lp_rvt_ss_1p08v_125c_sadhm
                NAND2BX1MTR           scmetro_cmos10lp_rvt_ss_1p08v_125c_sadhm
                NAND2X1MTR            scmetro_cmos10lp_rvt_ss_1p08v_125c_sadhm
                NAND3BX1MTR           scmetro_cmos10lp_rvt_ss_1p08v_125c_sadhm
                NAND3X1MTR            scmetro_cmos10lp_rvt_ss_1p08v_125c_sadhm
                NAND4BX1MTR           scmetro_cmos10lp_rvt_ss_1p08v_125c_sadhm
                NAND4X1MTR            scmetro_cmos10lp_rvt_ss_1p08v_125c_sadhm
                NOR2BX1MTR            scmetro_cmos10lp_rvt_ss_1p08v_125c_sadhm
                NOR2X1MTR             scmetro_cmos10lp_rvt_ss_1p08v_125c_sadhm
                NOR3BX1MTR            scmetro_cmos10lp_rvt_ss_1p08v_125c_sadhm
                NOR3X1MTR             scmetro_cmos10lp_rvt_ss_1p08v_125c_sadhm
                NOR4X1MTR             scmetro_cmos10lp_rvt_ss_1p08v_125c_sadhm
                OAI2BB1X1MTR          scmetro_cmos10lp_rvt_ss_1p08v_125c_sadhm
                OAI21X1MTR            scmetro_cmos10lp_rvt_ss_1p08v_125c_sadhm
                OAI22X1MTR            scmetro_cmos10lp_rvt_ss_1p08v_125c_sadhm
                OAI31X1MTR            scmetro_cmos10lp_rvt_ss_1p08v_125c_sadhm
                OAI211X1MTR           scmetro_cmos10lp_rvt_ss_1p08v_125c_sadhm
                OR3X1MTR              scmetro_cmos10lp_rvt_ss_1p08v_125c_sadhm
                XNOR2X1MTR            scmetro_cmos10lp_rvt_ss_1p08v_125c_sadhm
                XOR2X1MTR             scmetro_cmos10lp_rvt_ss_1p08v_125c_sadhm
            AOI21X1MTR                scmetro_cmos10lp_rvt_ss_1p08v_125c_sadhm
            AOI22X1MTR                scmetro_cmos10lp_rvt_ss_1p08v_125c_sadhm
            DFFRQX1MTR                scmetro_cmos10lp_rvt_ss_1p08v_125c_sadhm
            DFFRQX2MTR                scmetro_cmos10lp_rvt_ss_1p08v_125c_sadhm
            MUL_OPT_1                           r
                ADDFX1MTR             scmetro_cmos10lp_rvt_ss_1p08v_125c_sadhm
                ADDHX1MTR             scmetro_cmos10lp_rvt_ss_1p08v_125c_sadhm
                AND2X1MTR             scmetro_cmos10lp_rvt_ss_1p08v_125c_sadhm
                AO22X1MTR             scmetro_cmos10lp_rvt_ss_1p08v_125c_sadhm
                AOI21X1MTR            scmetro_cmos10lp_rvt_ss_1p08v_125c_sadhm
                AOI22X1MTR            scmetro_cmos10lp_rvt_ss_1p08v_125c_sadhm
                AOI32X1MTR            scmetro_cmos10lp_rvt_ss_1p08v_125c_sadhm
                AOI211X1MTR           scmetro_cmos10lp_rvt_ss_1p08v_125c_sadhm
                BUFX2MTR              scmetro_cmos10lp_rvt_ss_1p08v_125c_sadhm
                CLKOR2X1MTR           scmetro_cmos10lp_rvt_ss_1p08v_125c_sadhm
                INVX1MTR              scmetro_cmos10lp_rvt_ss_1p08v_125c_sadhm
                NAND2BX1MTR           scmetro_cmos10lp_rvt_ss_1p08v_125c_sadhm
                NAND2X1MTR            scmetro_cmos10lp_rvt_ss_1p08v_125c_sadhm
                NAND4X1MTR            scmetro_cmos10lp_rvt_ss_1p08v_125c_sadhm
                NOR2BX1MTR            scmetro_cmos10lp_rvt_ss_1p08v_125c_sadhm
                NOR2X1MTR             scmetro_cmos10lp_rvt_ss_1p08v_125c_sadhm
                NOR3X1MTR             scmetro_cmos10lp_rvt_ss_1p08v_125c_sadhm
                NOR4X1MTR             scmetro_cmos10lp_rvt_ss_1p08v_125c_sadhm
                OA21X1MTR             scmetro_cmos10lp_rvt_ss_1p08v_125c_sadhm
                OAI21X1MTR            scmetro_cmos10lp_rvt_ss_1p08v_125c_sadhm
                OAI31X1MTR            scmetro_cmos10lp_rvt_ss_1p08v_125c_sadhm
                OAI32X1MTR            scmetro_cmos10lp_rvt_ss_1p08v_125c_sadhm
                XOR2X1MTR             scmetro_cmos10lp_rvt_ss_1p08v_125c_sadhm
            NOR2BX1MTR                scmetro_cmos10lp_rvt_ss_1p08v_125c_sadhm
            OAI22X1MTR                scmetro_cmos10lp_rvt_ss_1p08v_125c_sadhm
            OR4X1MTR                  scmetro_cmos10lp_rvt_ss_1p08v_125c_sadhm
        bfloat_MAC_pipe_OPT_2
            ADD_module_OPT_2                    r
                ADDFX1MTR             scmetro_cmos10lp_rvt_ss_1p08v_125c_sadhm
                AND2X1MTR             scmetro_cmos10lp_rvt_ss_1p08v_125c_sadhm
                AO22X1MTR             scmetro_cmos10lp_rvt_ss_1p08v_125c_sadhm
                AOI2BB1X1MTR          scmetro_cmos10lp_rvt_ss_1p08v_125c_sadhm
                AOI21X1MTR            scmetro_cmos10lp_rvt_ss_1p08v_125c_sadhm
                AOI22X1MTR            scmetro_cmos10lp_rvt_ss_1p08v_125c_sadhm
                AOI32X1MTR            scmetro_cmos10lp_rvt_ss_1p08v_125c_sadhm
                AOI211X1MTR           scmetro_cmos10lp_rvt_ss_1p08v_125c_sadhm
                AOI222X1MTR           scmetro_cmos10lp_rvt_ss_1p08v_125c_sadhm
                BUFX2MTR              scmetro_cmos10lp_rvt_ss_1p08v_125c_sadhm
                INVX1MTR              scmetro_cmos10lp_rvt_ss_1p08v_125c_sadhm
                NAND2BX1MTR           scmetro_cmos10lp_rvt_ss_1p08v_125c_sadhm
                NAND2X1MTR            scmetro_cmos10lp_rvt_ss_1p08v_125c_sadhm
                NAND3BX1MTR           scmetro_cmos10lp_rvt_ss_1p08v_125c_sadhm
                NAND3X1MTR            scmetro_cmos10lp_rvt_ss_1p08v_125c_sadhm
                NAND4BX1MTR           scmetro_cmos10lp_rvt_ss_1p08v_125c_sadhm
                NAND4X1MTR            scmetro_cmos10lp_rvt_ss_1p08v_125c_sadhm
                NOR2BX1MTR            scmetro_cmos10lp_rvt_ss_1p08v_125c_sadhm
                NOR2X1MTR             scmetro_cmos10lp_rvt_ss_1p08v_125c_sadhm
                NOR3BX1MTR            scmetro_cmos10lp_rvt_ss_1p08v_125c_sadhm
                NOR3X1MTR             scmetro_cmos10lp_rvt_ss_1p08v_125c_sadhm
                NOR4X1MTR             scmetro_cmos10lp_rvt_ss_1p08v_125c_sadhm
                OAI2BB1X1MTR          scmetro_cmos10lp_rvt_ss_1p08v_125c_sadhm
                OAI21X1MTR            scmetro_cmos10lp_rvt_ss_1p08v_125c_sadhm
                OAI22X1MTR            scmetro_cmos10lp_rvt_ss_1p08v_125c_sadhm
                OAI31X1MTR            scmetro_cmos10lp_rvt_ss_1p08v_125c_sadhm
                OAI211X1MTR           scmetro_cmos10lp_rvt_ss_1p08v_125c_sadhm
                OR3X1MTR              scmetro_cmos10lp_rvt_ss_1p08v_125c_sadhm
                XNOR2X1MTR            scmetro_cmos10lp_rvt_ss_1p08v_125c_sadhm
                XOR2X1MTR             scmetro_cmos10lp_rvt_ss_1p08v_125c_sadhm
            AOI21X1MTR                scmetro_cmos10lp_rvt_ss_1p08v_125c_sadhm
            AOI22X1MTR                scmetro_cmos10lp_rvt_ss_1p08v_125c_sadhm
            DFFRQX1MTR                scmetro_cmos10lp_rvt_ss_1p08v_125c_sadhm
            DFFRQX2MTR                scmetro_cmos10lp_rvt_ss_1p08v_125c_sadhm
            MUL_OPT_2                           r
                ADDFX1MTR             scmetro_cmos10lp_rvt_ss_1p08v_125c_sadhm
                ADDHX1MTR             scmetro_cmos10lp_rvt_ss_1p08v_125c_sadhm
                AND2X1MTR             scmetro_cmos10lp_rvt_ss_1p08v_125c_sadhm
                AO22X1MTR             scmetro_cmos10lp_rvt_ss_1p08v_125c_sadhm
                AOI21X1MTR            scmetro_cmos10lp_rvt_ss_1p08v_125c_sadhm
                AOI22X1MTR            scmetro_cmos10lp_rvt_ss_1p08v_125c_sadhm
                AOI32X1MTR            scmetro_cmos10lp_rvt_ss_1p08v_125c_sadhm
                AOI211X1MTR           scmetro_cmos10lp_rvt_ss_1p08v_125c_sadhm
                BUFX2MTR              scmetro_cmos10lp_rvt_ss_1p08v_125c_sadhm
                CLKOR2X1MTR           scmetro_cmos10lp_rvt_ss_1p08v_125c_sadhm
                INVX1MTR              scmetro_cmos10lp_rvt_ss_1p08v_125c_sadhm
                NAND2BX1MTR           scmetro_cmos10lp_rvt_ss_1p08v_125c_sadhm
                NAND2X1MTR            scmetro_cmos10lp_rvt_ss_1p08v_125c_sadhm
                NAND4X1MTR            scmetro_cmos10lp_rvt_ss_1p08v_125c_sadhm
                NOR2BX1MTR            scmetro_cmos10lp_rvt_ss_1p08v_125c_sadhm
                NOR2X1MTR             scmetro_cmos10lp_rvt_ss_1p08v_125c_sadhm
                NOR3X1MTR             scmetro_cmos10lp_rvt_ss_1p08v_125c_sadhm
                NOR4X1MTR             scmetro_cmos10lp_rvt_ss_1p08v_125c_sadhm
                OA21X1MTR             scmetro_cmos10lp_rvt_ss_1p08v_125c_sadhm
                OAI21X1MTR            scmetro_cmos10lp_rvt_ss_1p08v_125c_sadhm
                OAI31X1MTR            scmetro_cmos10lp_rvt_ss_1p08v_125c_sadhm
                OAI32X1MTR            scmetro_cmos10lp_rvt_ss_1p08v_125c_sadhm
                XOR2X1MTR             scmetro_cmos10lp_rvt_ss_1p08v_125c_sadhm
            NOR2BX1MTR                scmetro_cmos10lp_rvt_ss_1p08v_125c_sadhm
            OAI22X1MTR                scmetro_cmos10lp_rvt_ss_1p08v_125c_sadhm
            OR4X1MTR                  scmetro_cmos10lp_rvt_ss_1p08v_125c_sadhm
        bfloat_MAC_pipe_OPT_3
            ADD_module_OPT_3                    r
                ADDFX1MTR             scmetro_cmos10lp_rvt_ss_1p08v_125c_sadhm
                AND2X1MTR             scmetro_cmos10lp_rvt_ss_1p08v_125c_sadhm
                AO22X1MTR             scmetro_cmos10lp_rvt_ss_1p08v_125c_sadhm
                AOI2BB1X1MTR          scmetro_cmos10lp_rvt_ss_1p08v_125c_sadhm
                AOI21X1MTR            scmetro_cmos10lp_rvt_ss_1p08v_125c_sadhm
                AOI22X1MTR            scmetro_cmos10lp_rvt_ss_1p08v_125c_sadhm
                AOI32X1MTR            scmetro_cmos10lp_rvt_ss_1p08v_125c_sadhm
                AOI211X1MTR           scmetro_cmos10lp_rvt_ss_1p08v_125c_sadhm
                AOI222X1MTR           scmetro_cmos10lp_rvt_ss_1p08v_125c_sadhm
                BUFX2MTR              scmetro_cmos10lp_rvt_ss_1p08v_125c_sadhm
                INVX1MTR              scmetro_cmos10lp_rvt_ss_1p08v_125c_sadhm
                NAND2BX1MTR           scmetro_cmos10lp_rvt_ss_1p08v_125c_sadhm
                NAND2X1MTR            scmetro_cmos10lp_rvt_ss_1p08v_125c_sadhm
                NAND3BX1MTR           scmetro_cmos10lp_rvt_ss_1p08v_125c_sadhm
                NAND3X1MTR            scmetro_cmos10lp_rvt_ss_1p08v_125c_sadhm
                NAND4BX1MTR           scmetro_cmos10lp_rvt_ss_1p08v_125c_sadhm
                NAND4X1MTR            scmetro_cmos10lp_rvt_ss_1p08v_125c_sadhm
                NOR2BX1MTR            scmetro_cmos10lp_rvt_ss_1p08v_125c_sadhm
                NOR2X1MTR             scmetro_cmos10lp_rvt_ss_1p08v_125c_sadhm
                NOR3BX1MTR            scmetro_cmos10lp_rvt_ss_1p08v_125c_sadhm
                NOR3X1MTR             scmetro_cmos10lp_rvt_ss_1p08v_125c_sadhm
                NOR4X1MTR             scmetro_cmos10lp_rvt_ss_1p08v_125c_sadhm
                OAI2BB1X1MTR          scmetro_cmos10lp_rvt_ss_1p08v_125c_sadhm
                OAI21X1MTR            scmetro_cmos10lp_rvt_ss_1p08v_125c_sadhm
                OAI22X1MTR            scmetro_cmos10lp_rvt_ss_1p08v_125c_sadhm
                OAI31X1MTR            scmetro_cmos10lp_rvt_ss_1p08v_125c_sadhm
                OAI211X1MTR           scmetro_cmos10lp_rvt_ss_1p08v_125c_sadhm
                OR3X1MTR              scmetro_cmos10lp_rvt_ss_1p08v_125c_sadhm
                XNOR2X1MTR            scmetro_cmos10lp_rvt_ss_1p08v_125c_sadhm
                XOR2X1MTR             scmetro_cmos10lp_rvt_ss_1p08v_125c_sadhm
            AOI21X1MTR                scmetro_cmos10lp_rvt_ss_1p08v_125c_sadhm
            AOI22X1MTR                scmetro_cmos10lp_rvt_ss_1p08v_125c_sadhm
            DFFRQX1MTR                scmetro_cmos10lp_rvt_ss_1p08v_125c_sadhm
            DFFRQX2MTR                scmetro_cmos10lp_rvt_ss_1p08v_125c_sadhm
            MUL_OPT_3                           r
                ADDFX1MTR             scmetro_cmos10lp_rvt_ss_1p08v_125c_sadhm
                ADDHX1MTR             scmetro_cmos10lp_rvt_ss_1p08v_125c_sadhm
                AND2X1MTR             scmetro_cmos10lp_rvt_ss_1p08v_125c_sadhm
                AO22X1MTR             scmetro_cmos10lp_rvt_ss_1p08v_125c_sadhm
                AOI21X1MTR            scmetro_cmos10lp_rvt_ss_1p08v_125c_sadhm
                AOI22X1MTR            scmetro_cmos10lp_rvt_ss_1p08v_125c_sadhm
                AOI32X1MTR            scmetro_cmos10lp_rvt_ss_1p08v_125c_sadhm
                AOI211X1MTR           scmetro_cmos10lp_rvt_ss_1p08v_125c_sadhm
                BUFX2MTR              scmetro_cmos10lp_rvt_ss_1p08v_125c_sadhm
                CLKOR2X1MTR           scmetro_cmos10lp_rvt_ss_1p08v_125c_sadhm
                INVX1MTR              scmetro_cmos10lp_rvt_ss_1p08v_125c_sadhm
                NAND2BX1MTR           scmetro_cmos10lp_rvt_ss_1p08v_125c_sadhm
                NAND2X1MTR            scmetro_cmos10lp_rvt_ss_1p08v_125c_sadhm
                NAND4X1MTR            scmetro_cmos10lp_rvt_ss_1p08v_125c_sadhm
                NOR2BX1MTR            scmetro_cmos10lp_rvt_ss_1p08v_125c_sadhm
                NOR2X1MTR             scmetro_cmos10lp_rvt_ss_1p08v_125c_sadhm
                NOR3X1MTR             scmetro_cmos10lp_rvt_ss_1p08v_125c_sadhm
                NOR4X1MTR             scmetro_cmos10lp_rvt_ss_1p08v_125c_sadhm
                OA21X1MTR             scmetro_cmos10lp_rvt_ss_1p08v_125c_sadhm
                OAI21X1MTR            scmetro_cmos10lp_rvt_ss_1p08v_125c_sadhm
                OAI31X1MTR            scmetro_cmos10lp_rvt_ss_1p08v_125c_sadhm
                OAI32X1MTR            scmetro_cmos10lp_rvt_ss_1p08v_125c_sadhm
                XOR2X1MTR             scmetro_cmos10lp_rvt_ss_1p08v_125c_sadhm
            NOR2BX1MTR                scmetro_cmos10lp_rvt_ss_1p08v_125c_sadhm
            OAI22X1MTR                scmetro_cmos10lp_rvt_ss_1p08v_125c_sadhm
            OR4X1MTR                  scmetro_cmos10lp_rvt_ss_1p08v_125c_sadhm
        bfloat_MAC_pipe_OPT_4
            ADD_module_OPT_4                    r
                ADDFX1MTR             scmetro_cmos10lp_rvt_ss_1p08v_125c_sadhm
                AND2X1MTR             scmetro_cmos10lp_rvt_ss_1p08v_125c_sadhm
                AO22X1MTR             scmetro_cmos10lp_rvt_ss_1p08v_125c_sadhm
                AOI2BB1X1MTR          scmetro_cmos10lp_rvt_ss_1p08v_125c_sadhm
                AOI21X1MTR            scmetro_cmos10lp_rvt_ss_1p08v_125c_sadhm
                AOI22X1MTR            scmetro_cmos10lp_rvt_ss_1p08v_125c_sadhm
                AOI32X1MTR            scmetro_cmos10lp_rvt_ss_1p08v_125c_sadhm
                AOI211X1MTR           scmetro_cmos10lp_rvt_ss_1p08v_125c_sadhm
                AOI222X1MTR           scmetro_cmos10lp_rvt_ss_1p08v_125c_sadhm
                BUFX2MTR              scmetro_cmos10lp_rvt_ss_1p08v_125c_sadhm
                INVX1MTR              scmetro_cmos10lp_rvt_ss_1p08v_125c_sadhm
                NAND2BX1MTR           scmetro_cmos10lp_rvt_ss_1p08v_125c_sadhm
                NAND2X1MTR            scmetro_cmos10lp_rvt_ss_1p08v_125c_sadhm
                NAND3BX1MTR           scmetro_cmos10lp_rvt_ss_1p08v_125c_sadhm
                NAND3X1MTR            scmetro_cmos10lp_rvt_ss_1p08v_125c_sadhm
                NAND4X1MTR            scmetro_cmos10lp_rvt_ss_1p08v_125c_sadhm
                NOR2BX1MTR            scmetro_cmos10lp_rvt_ss_1p08v_125c_sadhm
                NOR2X1MTR             scmetro_cmos10lp_rvt_ss_1p08v_125c_sadhm
                NOR3BX1MTR            scmetro_cmos10lp_rvt_ss_1p08v_125c_sadhm
                NOR3X1MTR             scmetro_cmos10lp_rvt_ss_1p08v_125c_sadhm
                NOR4X1MTR             scmetro_cmos10lp_rvt_ss_1p08v_125c_sadhm
                OAI2BB1X1MTR          scmetro_cmos10lp_rvt_ss_1p08v_125c_sadhm
                OAI21X1MTR            scmetro_cmos10lp_rvt_ss_1p08v_125c_sadhm
                OAI22X1MTR            scmetro_cmos10lp_rvt_ss_1p08v_125c_sadhm
                OAI31X1MTR            scmetro_cmos10lp_rvt_ss_1p08v_125c_sadhm
                OAI211X1MTR           scmetro_cmos10lp_rvt_ss_1p08v_125c_sadhm
                OR3X1MTR              scmetro_cmos10lp_rvt_ss_1p08v_125c_sadhm
                XNOR2X1MTR            scmetro_cmos10lp_rvt_ss_1p08v_125c_sadhm
                XOR2X1MTR             scmetro_cmos10lp_rvt_ss_1p08v_125c_sadhm
            AOI21X1MTR                scmetro_cmos10lp_rvt_ss_1p08v_125c_sadhm
            AOI22X1MTR                scmetro_cmos10lp_rvt_ss_1p08v_125c_sadhm
            DFFRQX1MTR                scmetro_cmos10lp_rvt_ss_1p08v_125c_sadhm
            DFFRQX2MTR                scmetro_cmos10lp_rvt_ss_1p08v_125c_sadhm
            MUL_OPT_4                           r
                ADDFX1MTR             scmetro_cmos10lp_rvt_ss_1p08v_125c_sadhm
                ADDHX1MTR             scmetro_cmos10lp_rvt_ss_1p08v_125c_sadhm
                AND2X1MTR             scmetro_cmos10lp_rvt_ss_1p08v_125c_sadhm
                AO22X1MTR             scmetro_cmos10lp_rvt_ss_1p08v_125c_sadhm
                AOI21X1MTR            scmetro_cmos10lp_rvt_ss_1p08v_125c_sadhm
                AOI22X1MTR            scmetro_cmos10lp_rvt_ss_1p08v_125c_sadhm
                AOI32X1MTR            scmetro_cmos10lp_rvt_ss_1p08v_125c_sadhm
                AOI211X1MTR           scmetro_cmos10lp_rvt_ss_1p08v_125c_sadhm
                BUFX2MTR              scmetro_cmos10lp_rvt_ss_1p08v_125c_sadhm
                CLKOR2X1MTR           scmetro_cmos10lp_rvt_ss_1p08v_125c_sadhm
                INVX1MTR              scmetro_cmos10lp_rvt_ss_1p08v_125c_sadhm
                NAND2BX1MTR           scmetro_cmos10lp_rvt_ss_1p08v_125c_sadhm
                NAND2X1MTR            scmetro_cmos10lp_rvt_ss_1p08v_125c_sadhm
                NAND4X1MTR            scmetro_cmos10lp_rvt_ss_1p08v_125c_sadhm
                NOR2BX1MTR            scmetro_cmos10lp_rvt_ss_1p08v_125c_sadhm
                NOR2X1MTR             scmetro_cmos10lp_rvt_ss_1p08v_125c_sadhm
                NOR3X1MTR             scmetro_cmos10lp_rvt_ss_1p08v_125c_sadhm
                NOR4X1MTR             scmetro_cmos10lp_rvt_ss_1p08v_125c_sadhm
                OA21X1MTR             scmetro_cmos10lp_rvt_ss_1p08v_125c_sadhm
                OAI21X1MTR            scmetro_cmos10lp_rvt_ss_1p08v_125c_sadhm
                OAI31X1MTR            scmetro_cmos10lp_rvt_ss_1p08v_125c_sadhm
                OAI32X1MTR            scmetro_cmos10lp_rvt_ss_1p08v_125c_sadhm
                XOR2X1MTR             scmetro_cmos10lp_rvt_ss_1p08v_125c_sadhm
            NOR2BX1MTR                scmetro_cmos10lp_rvt_ss_1p08v_125c_sadhm
            OAI22X1MTR                scmetro_cmos10lp_rvt_ss_1p08v_125c_sadhm
            OR4X1MTR                  scmetro_cmos10lp_rvt_ss_1p08v_125c_sadhm
        bfloat_MAC_pipe_OPT_5
            ADD_module_OPT_5                    r
                ADDFX1MTR             scmetro_cmos10lp_rvt_ss_1p08v_125c_sadhm
                AND2X1MTR             scmetro_cmos10lp_rvt_ss_1p08v_125c_sadhm
                AO22X1MTR             scmetro_cmos10lp_rvt_ss_1p08v_125c_sadhm
                AOI2BB1X1MTR          scmetro_cmos10lp_rvt_ss_1p08v_125c_sadhm
                AOI21X1MTR            scmetro_cmos10lp_rvt_ss_1p08v_125c_sadhm
                AOI22X1MTR            scmetro_cmos10lp_rvt_ss_1p08v_125c_sadhm
                AOI32X1MTR            scmetro_cmos10lp_rvt_ss_1p08v_125c_sadhm
                AOI211X1MTR           scmetro_cmos10lp_rvt_ss_1p08v_125c_sadhm
                AOI222X1MTR           scmetro_cmos10lp_rvt_ss_1p08v_125c_sadhm
                BUFX2MTR              scmetro_cmos10lp_rvt_ss_1p08v_125c_sadhm
                INVX1MTR              scmetro_cmos10lp_rvt_ss_1p08v_125c_sadhm
                NAND2BX1MTR           scmetro_cmos10lp_rvt_ss_1p08v_125c_sadhm
                NAND2X1MTR            scmetro_cmos10lp_rvt_ss_1p08v_125c_sadhm
                NAND3BX1MTR           scmetro_cmos10lp_rvt_ss_1p08v_125c_sadhm
                NAND3X1MTR            scmetro_cmos10lp_rvt_ss_1p08v_125c_sadhm
                NAND4BX1MTR           scmetro_cmos10lp_rvt_ss_1p08v_125c_sadhm
                NAND4X1MTR            scmetro_cmos10lp_rvt_ss_1p08v_125c_sadhm
                NOR2BX1MTR            scmetro_cmos10lp_rvt_ss_1p08v_125c_sadhm
                NOR2X1MTR             scmetro_cmos10lp_rvt_ss_1p08v_125c_sadhm
                NOR3BX1MTR            scmetro_cmos10lp_rvt_ss_1p08v_125c_sadhm
                NOR3X1MTR             scmetro_cmos10lp_rvt_ss_1p08v_125c_sadhm
                NOR4X1MTR             scmetro_cmos10lp_rvt_ss_1p08v_125c_sadhm
                OAI2BB1X1MTR          scmetro_cmos10lp_rvt_ss_1p08v_125c_sadhm
                OAI21X1MTR            scmetro_cmos10lp_rvt_ss_1p08v_125c_sadhm
                OAI22X1MTR            scmetro_cmos10lp_rvt_ss_1p08v_125c_sadhm
                OAI31X1MTR            scmetro_cmos10lp_rvt_ss_1p08v_125c_sadhm
                OAI211X1MTR           scmetro_cmos10lp_rvt_ss_1p08v_125c_sadhm
                OR3X1MTR              scmetro_cmos10lp_rvt_ss_1p08v_125c_sadhm
                XNOR2X1MTR            scmetro_cmos10lp_rvt_ss_1p08v_125c_sadhm
                XOR2X1MTR             scmetro_cmos10lp_rvt_ss_1p08v_125c_sadhm
            AOI21X1MTR                scmetro_cmos10lp_rvt_ss_1p08v_125c_sadhm
            AOI22X1MTR                scmetro_cmos10lp_rvt_ss_1p08v_125c_sadhm
            DFFRQX1MTR                scmetro_cmos10lp_rvt_ss_1p08v_125c_sadhm
            DFFRQX2MTR                scmetro_cmos10lp_rvt_ss_1p08v_125c_sadhm
            MUL_OPT_5                           r
                ADDFX1MTR             scmetro_cmos10lp_rvt_ss_1p08v_125c_sadhm
                ADDHX1MTR             scmetro_cmos10lp_rvt_ss_1p08v_125c_sadhm
                AND2X1MTR             scmetro_cmos10lp_rvt_ss_1p08v_125c_sadhm
                AO22X1MTR             scmetro_cmos10lp_rvt_ss_1p08v_125c_sadhm
                AOI21X1MTR            scmetro_cmos10lp_rvt_ss_1p08v_125c_sadhm
                AOI22X1MTR            scmetro_cmos10lp_rvt_ss_1p08v_125c_sadhm
                AOI32X1MTR            scmetro_cmos10lp_rvt_ss_1p08v_125c_sadhm
                AOI211X1MTR           scmetro_cmos10lp_rvt_ss_1p08v_125c_sadhm
                BUFX2MTR              scmetro_cmos10lp_rvt_ss_1p08v_125c_sadhm
                CLKOR2X1MTR           scmetro_cmos10lp_rvt_ss_1p08v_125c_sadhm
                INVX1MTR              scmetro_cmos10lp_rvt_ss_1p08v_125c_sadhm
                NAND2BX1MTR           scmetro_cmos10lp_rvt_ss_1p08v_125c_sadhm
                NAND2X1MTR            scmetro_cmos10lp_rvt_ss_1p08v_125c_sadhm
                NAND4X1MTR            scmetro_cmos10lp_rvt_ss_1p08v_125c_sadhm
                NOR2BX1MTR            scmetro_cmos10lp_rvt_ss_1p08v_125c_sadhm
                NOR2X1MTR             scmetro_cmos10lp_rvt_ss_1p08v_125c_sadhm
                NOR3X1MTR             scmetro_cmos10lp_rvt_ss_1p08v_125c_sadhm
                NOR4X1MTR             scmetro_cmos10lp_rvt_ss_1p08v_125c_sadhm
                OA21X1MTR             scmetro_cmos10lp_rvt_ss_1p08v_125c_sadhm
                OAI21X1MTR            scmetro_cmos10lp_rvt_ss_1p08v_125c_sadhm
                OAI31X1MTR            scmetro_cmos10lp_rvt_ss_1p08v_125c_sadhm
                OAI32X1MTR            scmetro_cmos10lp_rvt_ss_1p08v_125c_sadhm
                XOR2X1MTR             scmetro_cmos10lp_rvt_ss_1p08v_125c_sadhm
            NOR2BX1MTR                scmetro_cmos10lp_rvt_ss_1p08v_125c_sadhm
            OAI22X1MTR                scmetro_cmos10lp_rvt_ss_1p08v_125c_sadhm
            OR4X1MTR                  scmetro_cmos10lp_rvt_ss_1p08v_125c_sadhm
        bfloat_MAC_pipe_OPT_6
            ADD_module_OPT_6                    r
                ADDFX1MTR             scmetro_cmos10lp_rvt_ss_1p08v_125c_sadhm
                AND2X1MTR             scmetro_cmos10lp_rvt_ss_1p08v_125c_sadhm
                AO22X1MTR             scmetro_cmos10lp_rvt_ss_1p08v_125c_sadhm
                AOI2BB1X1MTR          scmetro_cmos10lp_rvt_ss_1p08v_125c_sadhm
                AOI21X1MTR            scmetro_cmos10lp_rvt_ss_1p08v_125c_sadhm
                AOI22X1MTR            scmetro_cmos10lp_rvt_ss_1p08v_125c_sadhm
                AOI32X1MTR            scmetro_cmos10lp_rvt_ss_1p08v_125c_sadhm
                AOI211X1MTR           scmetro_cmos10lp_rvt_ss_1p08v_125c_sadhm
                AOI222X1MTR           scmetro_cmos10lp_rvt_ss_1p08v_125c_sadhm
                BUFX2MTR              scmetro_cmos10lp_rvt_ss_1p08v_125c_sadhm
                INVX1MTR              scmetro_cmos10lp_rvt_ss_1p08v_125c_sadhm
                NAND2BX1MTR           scmetro_cmos10lp_rvt_ss_1p08v_125c_sadhm
                NAND2X1MTR            scmetro_cmos10lp_rvt_ss_1p08v_125c_sadhm
                NAND3BX1MTR           scmetro_cmos10lp_rvt_ss_1p08v_125c_sadhm
                NAND3X1MTR            scmetro_cmos10lp_rvt_ss_1p08v_125c_sadhm
                NAND4BX1MTR           scmetro_cmos10lp_rvt_ss_1p08v_125c_sadhm
                NAND4X1MTR            scmetro_cmos10lp_rvt_ss_1p08v_125c_sadhm
                NOR2BX1MTR            scmetro_cmos10lp_rvt_ss_1p08v_125c_sadhm
                NOR2X1MTR             scmetro_cmos10lp_rvt_ss_1p08v_125c_sadhm
                NOR3BX1MTR            scmetro_cmos10lp_rvt_ss_1p08v_125c_sadhm
                NOR3X1MTR             scmetro_cmos10lp_rvt_ss_1p08v_125c_sadhm
                NOR4X1MTR             scmetro_cmos10lp_rvt_ss_1p08v_125c_sadhm
                OAI2BB1X1MTR          scmetro_cmos10lp_rvt_ss_1p08v_125c_sadhm
                OAI21X1MTR            scmetro_cmos10lp_rvt_ss_1p08v_125c_sadhm
                OAI22X1MTR            scmetro_cmos10lp_rvt_ss_1p08v_125c_sadhm
                OAI31X1MTR            scmetro_cmos10lp_rvt_ss_1p08v_125c_sadhm
                OAI211X1MTR           scmetro_cmos10lp_rvt_ss_1p08v_125c_sadhm
                OR3X1MTR              scmetro_cmos10lp_rvt_ss_1p08v_125c_sadhm
                XNOR2X1MTR            scmetro_cmos10lp_rvt_ss_1p08v_125c_sadhm
                XOR2X1MTR             scmetro_cmos10lp_rvt_ss_1p08v_125c_sadhm
            AOI21X1MTR                scmetro_cmos10lp_rvt_ss_1p08v_125c_sadhm
            AOI22X1MTR                scmetro_cmos10lp_rvt_ss_1p08v_125c_sadhm
            DFFRQX1MTR                scmetro_cmos10lp_rvt_ss_1p08v_125c_sadhm
            DFFRQX2MTR                scmetro_cmos10lp_rvt_ss_1p08v_125c_sadhm
            MUL_OPT_6                           r
                ADDFX1MTR             scmetro_cmos10lp_rvt_ss_1p08v_125c_sadhm
                ADDHX1MTR             scmetro_cmos10lp_rvt_ss_1p08v_125c_sadhm
                AOI21X1MTR            scmetro_cmos10lp_rvt_ss_1p08v_125c_sadhm
                AOI22X1MTR            scmetro_cmos10lp_rvt_ss_1p08v_125c_sadhm
                AOI32X1MTR            scmetro_cmos10lp_rvt_ss_1p08v_125c_sadhm
                AOI211X1MTR           scmetro_cmos10lp_rvt_ss_1p08v_125c_sadhm
                BUFX2MTR              scmetro_cmos10lp_rvt_ss_1p08v_125c_sadhm
                CLKOR2X1MTR           scmetro_cmos10lp_rvt_ss_1p08v_125c_sadhm
                INVX1MTR              scmetro_cmos10lp_rvt_ss_1p08v_125c_sadhm
                NAND2X1MTR            scmetro_cmos10lp_rvt_ss_1p08v_125c_sadhm
                NAND3X1MTR            scmetro_cmos10lp_rvt_ss_1p08v_125c_sadhm
                NAND4X1MTR            scmetro_cmos10lp_rvt_ss_1p08v_125c_sadhm
                NOR2BX1MTR            scmetro_cmos10lp_rvt_ss_1p08v_125c_sadhm
                NOR2X1MTR             scmetro_cmos10lp_rvt_ss_1p08v_125c_sadhm
                NOR3X1MTR             scmetro_cmos10lp_rvt_ss_1p08v_125c_sadhm
                NOR4X1MTR             scmetro_cmos10lp_rvt_ss_1p08v_125c_sadhm
                OAI21X1MTR            scmetro_cmos10lp_rvt_ss_1p08v_125c_sadhm
                OAI31X1MTR            scmetro_cmos10lp_rvt_ss_1p08v_125c_sadhm
                OAI32X1MTR            scmetro_cmos10lp_rvt_ss_1p08v_125c_sadhm
                OR4X1MTR              scmetro_cmos10lp_rvt_ss_1p08v_125c_sadhm
                XOR2X1MTR             scmetro_cmos10lp_rvt_ss_1p08v_125c_sadhm
            NOR2BX1MTR                scmetro_cmos10lp_rvt_ss_1p08v_125c_sadhm
            OAI22X1MTR                scmetro_cmos10lp_rvt_ss_1p08v_125c_sadhm
            OR4X1MTR                  scmetro_cmos10lp_rvt_ss_1p08v_125c_sadhm
        bfloat_MAC_pipe_OPT_7
            ADD_module_OPT_7                    r
                ADDFX1MTR             scmetro_cmos10lp_rvt_ss_1p08v_125c_sadhm
                AND2X1MTR             scmetro_cmos10lp_rvt_ss_1p08v_125c_sadhm
                AO22X1MTR             scmetro_cmos10lp_rvt_ss_1p08v_125c_sadhm
                AOI2BB1X1MTR          scmetro_cmos10lp_rvt_ss_1p08v_125c_sadhm
                AOI21X1MTR            scmetro_cmos10lp_rvt_ss_1p08v_125c_sadhm
                AOI22X1MTR            scmetro_cmos10lp_rvt_ss_1p08v_125c_sadhm
                AOI32X1MTR            scmetro_cmos10lp_rvt_ss_1p08v_125c_sadhm
                AOI211X1MTR           scmetro_cmos10lp_rvt_ss_1p08v_125c_sadhm
                AOI222X1MTR           scmetro_cmos10lp_rvt_ss_1p08v_125c_sadhm
                BUFX2MTR              scmetro_cmos10lp_rvt_ss_1p08v_125c_sadhm
                INVX1MTR              scmetro_cmos10lp_rvt_ss_1p08v_125c_sadhm
                NAND2BX1MTR           scmetro_cmos10lp_rvt_ss_1p08v_125c_sadhm
                NAND2X1MTR            scmetro_cmos10lp_rvt_ss_1p08v_125c_sadhm
                NAND3BX1MTR           scmetro_cmos10lp_rvt_ss_1p08v_125c_sadhm
                NAND3X1MTR            scmetro_cmos10lp_rvt_ss_1p08v_125c_sadhm
                NAND4X1MTR            scmetro_cmos10lp_rvt_ss_1p08v_125c_sadhm
                NOR2BX1MTR            scmetro_cmos10lp_rvt_ss_1p08v_125c_sadhm
                NOR2X1MTR             scmetro_cmos10lp_rvt_ss_1p08v_125c_sadhm
                NOR3BX1MTR            scmetro_cmos10lp_rvt_ss_1p08v_125c_sadhm
                NOR3X1MTR             scmetro_cmos10lp_rvt_ss_1p08v_125c_sadhm
                NOR4X1MTR             scmetro_cmos10lp_rvt_ss_1p08v_125c_sadhm
                OAI2BB1X1MTR          scmetro_cmos10lp_rvt_ss_1p08v_125c_sadhm
                OAI21X1MTR            scmetro_cmos10lp_rvt_ss_1p08v_125c_sadhm
                OAI22X1MTR            scmetro_cmos10lp_rvt_ss_1p08v_125c_sadhm
                OAI31X1MTR            scmetro_cmos10lp_rvt_ss_1p08v_125c_sadhm
                OAI211X1MTR           scmetro_cmos10lp_rvt_ss_1p08v_125c_sadhm
                OR3X1MTR              scmetro_cmos10lp_rvt_ss_1p08v_125c_sadhm
                XNOR2X1MTR            scmetro_cmos10lp_rvt_ss_1p08v_125c_sadhm
                XOR2X1MTR             scmetro_cmos10lp_rvt_ss_1p08v_125c_sadhm
            AOI21X1MTR                scmetro_cmos10lp_rvt_ss_1p08v_125c_sadhm
            AOI22X1MTR                scmetro_cmos10lp_rvt_ss_1p08v_125c_sadhm
            DFFRQX1MTR                scmetro_cmos10lp_rvt_ss_1p08v_125c_sadhm
            DFFRQX2MTR                scmetro_cmos10lp_rvt_ss_1p08v_125c_sadhm
            MUL_OPT_7                           r
                ADDFX1MTR             scmetro_cmos10lp_rvt_ss_1p08v_125c_sadhm
                ADDHX1MTR             scmetro_cmos10lp_rvt_ss_1p08v_125c_sadhm
                AND2X1MTR             scmetro_cmos10lp_rvt_ss_1p08v_125c_sadhm
                AO22X1MTR             scmetro_cmos10lp_rvt_ss_1p08v_125c_sadhm
                AOI21X1MTR            scmetro_cmos10lp_rvt_ss_1p08v_125c_sadhm
                AOI22X1MTR            scmetro_cmos10lp_rvt_ss_1p08v_125c_sadhm
                AOI32X1MTR            scmetro_cmos10lp_rvt_ss_1p08v_125c_sadhm
                AOI211X1MTR           scmetro_cmos10lp_rvt_ss_1p08v_125c_sadhm
                CLKOR2X1MTR           scmetro_cmos10lp_rvt_ss_1p08v_125c_sadhm
                INVX1MTR              scmetro_cmos10lp_rvt_ss_1p08v_125c_sadhm
                NAND2BX1MTR           scmetro_cmos10lp_rvt_ss_1p08v_125c_sadhm
                NAND2X1MTR            scmetro_cmos10lp_rvt_ss_1p08v_125c_sadhm
                NAND4X1MTR            scmetro_cmos10lp_rvt_ss_1p08v_125c_sadhm
                NOR2BX1MTR            scmetro_cmos10lp_rvt_ss_1p08v_125c_sadhm
                NOR2X1MTR             scmetro_cmos10lp_rvt_ss_1p08v_125c_sadhm
                NOR3X1MTR             scmetro_cmos10lp_rvt_ss_1p08v_125c_sadhm
                NOR4X1MTR             scmetro_cmos10lp_rvt_ss_1p08v_125c_sadhm
                OA21X1MTR             scmetro_cmos10lp_rvt_ss_1p08v_125c_sadhm
                OAI21X1MTR            scmetro_cmos10lp_rvt_ss_1p08v_125c_sadhm
                OAI31X1MTR            scmetro_cmos10lp_rvt_ss_1p08v_125c_sadhm
                OAI32X1MTR            scmetro_cmos10lp_rvt_ss_1p08v_125c_sadhm
                XOR2X1MTR             scmetro_cmos10lp_rvt_ss_1p08v_125c_sadhm
            NOR2BX1MTR                scmetro_cmos10lp_rvt_ss_1p08v_125c_sadhm
            OAI22X1MTR                scmetro_cmos10lp_rvt_ss_1p08v_125c_sadhm
            OR4X1MTR                  scmetro_cmos10lp_rvt_ss_1p08v_125c_sadhm
1
