 
****************************************
Report : area
Design : PIM_ALU_SYN_top
Version: M-2016.12-SP5-3
Date   : Wed Jul  8 21:21:47 2020
****************************************

Library(s) Used:

    scmetro_cmos10lp_rvt_ss_1p08v_125c_sadhm (File: /usr/syn_lib/samsung/CB_121st_tt/PRIMITIVE/sec100226_0042_SS65LP_Normal_RVT_Normal_FE_Common_N/synopsys/scmetro_cmos10lp_rvt_ss_1p08v_125c_sadhm.db)

Number of ports:                         5522
Number of nets:                         20668
Number of cells:                        15387
Number of combinational cells:          12089
Number of sequential cells:              3265
Number of macros/black boxes:               0
Number of buf/inv:                       2907
Number of references:                       3

Combinational area:              25506.559950
Buf/Inv area:                     3060.479932
Noncombinational area:           27540.481092
Macro/Black Box area:                0.000000
Net Interconnect area:      undefined  (No wire load specified)

Total cell area:                 53047.041042
Total area:                 undefined

Hierarchical area distribution
------------------------------

                                  Global cell area            Local cell area
                                  -------------------  ------------------------------ 
Hierarchical cell                 Absolute    Percent  Combi-      Noncombi-   Black-
                                  Total       Total    national    national    boxes   Design
--------------------------------  ----------  -------  ----------  ----------  ------  ---------------------
PIM_ALU_SYN_top                   53047.0410    100.0      0.0000  13400.6405  0.0000  PIM_ALU_SYN_top
U0_BANK_TOP                       39646.4005     74.7  11730.8800  11997.1205  0.0000  bank_top
U0_BANK_TOP/ACC_GEN_0__NORM_LOGIC   256.3200      0.5    256.3200      0.0000  0.0000  NORM_stage_7
U0_BANK_TOP/ACC_GEN_1__NORM_LOGIC   256.3200      0.5    256.3200      0.0000  0.0000  NORM_stage_6
U0_BANK_TOP/ACC_GEN_2__NORM_LOGIC   256.3200      0.5    256.3200      0.0000  0.0000  NORM_stage_5
U0_BANK_TOP/ACC_GEN_3__NORM_LOGIC   256.3200      0.5    256.3200      0.0000  0.0000  NORM_stage_4
U0_BANK_TOP/ACC_GEN_4__NORM_LOGIC   256.3200      0.5    256.3200      0.0000  0.0000  NORM_stage_3
U0_BANK_TOP/ACC_GEN_5__NORM_LOGIC   256.3200      0.5    256.3200      0.0000  0.0000  NORM_stage_2
U0_BANK_TOP/ACC_GEN_6__NORM_LOGIC   256.3200      0.5    256.3200      0.0000  0.0000  NORM_stage_1
U0_BANK_TOP/ACC_GEN_7__NORM_LOGIC   256.3200      0.5    256.3200      0.0000  0.0000  NORM_stage_0
U0_BANK_TOP/BFLOAT16_ALU_0__BFLOAT_ALU
                                   1735.3600      3.3     12.8000    267.8400  0.0000  bfloat_MAC_pipe_OPT_7
U0_BANK_TOP/BFLOAT16_ALU_0__BFLOAT_ALU/U0_ADD_STAGE
                                    772.4800      1.5    772.4800      0.0000  0.0000  ADD_module_OPT_7
U0_BANK_TOP/BFLOAT16_ALU_0__BFLOAT_ALU/U_MUL0
                                    682.2400      1.3    682.2400      0.0000  0.0000  MUL_OPT_7
U0_BANK_TOP/BFLOAT16_ALU_1__BFLOAT_ALU
                                   1718.0800      3.2     12.8000    267.8400  0.0000  bfloat_MAC_pipe_OPT_6
U0_BANK_TOP/BFLOAT16_ALU_1__BFLOAT_ALU/U0_ADD_STAGE
                                    772.8000      1.5    772.8000      0.0000  0.0000  ADD_module_OPT_6
U0_BANK_TOP/BFLOAT16_ALU_1__BFLOAT_ALU/U_MUL0
                                    664.6400      1.3    664.6400      0.0000  0.0000  MUL_OPT_6
U0_BANK_TOP/BFLOAT16_ALU_2__BFLOAT_ALU
                                   1734.0800      3.3     12.8000    267.8400  0.0000  bfloat_MAC_pipe_OPT_5
U0_BANK_TOP/BFLOAT16_ALU_2__BFLOAT_ALU/U0_ADD_STAGE
                                    772.8000      1.5    772.8000      0.0000  0.0000  ADD_module_OPT_5
U0_BANK_TOP/BFLOAT16_ALU_2__BFLOAT_ALU/U_MUL0
                                    680.6400      1.3    680.6400      0.0000  0.0000  MUL_OPT_5
U0_BANK_TOP/BFLOAT16_ALU_3__BFLOAT_ALU
                                   1736.9600      3.3     12.8000    267.8400  0.0000  bfloat_MAC_pipe_OPT_4
U0_BANK_TOP/BFLOAT16_ALU_3__BFLOAT_ALU/U0_ADD_STAGE
                                    772.4800      1.5    772.4800      0.0000  0.0000  ADD_module_OPT_4
U0_BANK_TOP/BFLOAT16_ALU_3__BFLOAT_ALU/U_MUL0
                                    683.8400      1.3    683.8400      0.0000  0.0000  MUL_OPT_4
U0_BANK_TOP/BFLOAT16_ALU_4__BFLOAT_ALU
                                   1737.9200      3.3     12.8000    267.8400  0.0000  bfloat_MAC_pipe_OPT_3
U0_BANK_TOP/BFLOAT16_ALU_4__BFLOAT_ALU/U0_ADD_STAGE
                                    773.4400      1.5    773.4400      0.0000  0.0000  ADD_module_OPT_3
U0_BANK_TOP/BFLOAT16_ALU_4__BFLOAT_ALU/U_MUL0
                                    683.8400      1.3    683.8400      0.0000  0.0000  MUL_OPT_3
U0_BANK_TOP/BFLOAT16_ALU_5__BFLOAT_ALU
                                   1734.0800      3.3     12.8000    267.8400  0.0000  bfloat_MAC_pipe_OPT_2
U0_BANK_TOP/BFLOAT16_ALU_5__BFLOAT_ALU/U0_ADD_STAGE
                                    772.8000      1.5    772.8000      0.0000  0.0000  ADD_module_OPT_2
U0_BANK_TOP/BFLOAT16_ALU_5__BFLOAT_ALU/U_MUL0
                                    680.6400      1.3    680.6400      0.0000  0.0000  MUL_OPT_2
U0_BANK_TOP/BFLOAT16_ALU_6__BFLOAT_ALU
                                   1734.0800      3.3     12.8000    267.8400  0.0000  bfloat_MAC_pipe_OPT_1
U0_BANK_TOP/BFLOAT16_ALU_6__BFLOAT_ALU/U0_ADD_STAGE
                                    772.8000      1.5    772.8000      0.0000  0.0000  ADD_module_OPT_1
U0_BANK_TOP/BFLOAT16_ALU_6__BFLOAT_ALU/U_MUL0
                                    680.6400      1.3    680.6400      0.0000  0.0000  MUL_OPT_1
U0_BANK_TOP/BFLOAT16_ALU_7__BFLOAT_ALU
                                   1737.2800      3.3     12.8000    267.8400  0.0000  bfloat_MAC_pipe_OPT_0
U0_BANK_TOP/BFLOAT16_ALU_7__BFLOAT_ALU/U0_ADD_STAGE
                                    772.8000      1.5    772.8000      0.0000  0.0000  ADD_module_OPT_0
U0_BANK_TOP/BFLOAT16_ALU_7__BFLOAT_ALU/U_MUL0
                                    683.8400      1.3    683.8400      0.0000  0.0000  MUL_OPT_0
--------------------------------  ----------  -------  ----------  ----------  ------  ---------------------
Total                                                  25506.5599  27540.4811  0.0000

1
