 
****************************************
Report : resources
Design : PIM_ALU_SYN_top
Version: M-2016.12-SP5-3
Date   : Wed Jul  8 21:21:47 2020
****************************************


No resource sharing information to report.

No implementations to report
 
****************************************
Design : bank_top
****************************************

Resource Report for this hierarchy in file
        /home/kch/work/TDRAM/run_app_platform/Device_top_sim_MAC_paper_work/rtl/Device_top.v
=============================================================================
| Cell           | Module         | Parameters | Contained Operations       |
=============================================================================
| add_x_8        | DW01_inc_DG    | width=5    | add_1060_S2 (Device_top.v:1060) |
            |                |            | add_1063 (Device_top.v:1063) |
| add_x_3        | DW01_inc_DG    | width=2    | add_1050_S2 (Device_top.v:1050) |
            |                |            | add_1052 (Device_top.v:1052) |
=============================================================================


Implementation Report
===============================================================================
|                    |                  | Current            | Set            |
| Cell               | Module           | Implementation     | Implementation |
===============================================================================
| add_x_8            | DW01_inc_DG      | apparch (area)     |                |
| add_x_3            | DW01_inc_DG      | apparch (area)     |                |
===============================================================================


No resource sharing information to report.
 
****************************************
Design : bfloat_MAC_pipe_OPT_0
****************************************

No implementations to report
 
****************************************
Design : ADD_module_OPT_0
****************************************

Resource Report for this hierarchy in file
        /home/kch/work/TDRAM/run_app_platform/Device_top_sim_MAC_paper_work/rtl/Device_top.v
=============================================================================
| Cell           | Module         | Parameters | Contained Operations       |
=============================================================================
| sub_x_5        | DW01_sub_DG    | width=17   | sub_2289 (Device_top.v:2289) |
| add_x_7        | DW01_inc_DG    | width=5    | add_2300 (Device_top.v:2300) |
| DP_OP_53J2_122_897              |            |                            |
|                | DP_OP_53J2_122_897 |        |                            |
=============================================================================

Datapath Report for DP_OP_53J2_122_897
==============================================================================
| Cell                 | Contained Operations                                |
==============================================================================
| DP_OP_53J2_122_897   | sub_2281_S2 (Device_top.v:2281)                     |
|                      | sub_2282 (Device_top.v:2282)                        |
|                      | add_2282 (Device_top.v:2282)                        |
|                      | add_2284 (Device_top.v:2284)                        |
==============================================================================

==============================================================================
|       |      | Data     |       |                                          |
| Var   | Type | Class    | Width | Expression                               |
==============================================================================
| I1    | PI   | Unsigned | 16    |                                          |
| I2    | PI   | Unsigned | 16    |                                          |
| I3    | PI   | Unsigned | 1     |                                          |
| DG_ctrl | PI | Unsigned | 1     |                                          |
| O1    | PO   | Signed   | 17    | addsub(I1,I2,I3) ( Device_top.v:2281 Device_top.v:2282 Device_top.v:2284 ) |
==============================================================================


Implementation Report
===============================================================================
|                    |                  | Current            | Set            |
| Cell               | Module           | Implementation     | Implementation |
===============================================================================
| sub_x_5            | DW01_sub_DG      | apparch (area)     |                |
| add_x_7            | DW01_inc_DG      | apparch (area)     |                |
| DP_OP_53J2_122_897 | DP_OP_53J2_122_897 | str (area)       |                |
===============================================================================

 
****************************************
Design : MUL_OPT_0
****************************************

Resource Report for this hierarchy in file
        /home/kch/work/TDRAM/run_app_platform/Device_top_sim_MAC_paper_work/rtl/Device_top.v
=============================================================================
| Cell           | Module         | Parameters | Contained Operations       |
=============================================================================
| sub_x_9        | DW01_sub_DG    | width=6    | sub_2113 (Device_top.v:2113) |
| gt_x_11        | DW_cmp_DG      | width=5    | gt_2140 (Device_top.v:2140) |
| eq_x_12        | DW_cmp_DG      | width=6    | eq_2141 (Device_top.v:2141) |
| eq_x_13        | DW_cmp_DG      | width=6    | eq_2142 (Device_top.v:2142) |
| eq_x_14        | DW_cmp_DG      | width=6    | eq_2143 (Device_top.v:2143) |
| lt_x_15        | DW_cmp_DG      | width=5    | lt_2144 (Device_top.v:2144) |
| DP_OP_36J2_126_2677             |            |                            |
|                | DP_OP_36J2_126_2677 |       |                            |
| DP_OP_37J2_127_6293             |            |                            |
|                | DP_OP_37J2_127_6293 |       |                            |
=============================================================================

Datapath Report for DP_OP_36J2_126_2677
==============================================================================
| Cell                 | Contained Operations                                |
==============================================================================
| DP_OP_36J2_126_2677  | add_2108 (Device_top.v:2108)                        |
|                      | sub_2108 (Device_top.v:2108)                        |
==============================================================================

==============================================================================
|       |      | Data     |       |                                          |
| Var   | Type | Class    | Width | Expression                               |
==============================================================================
| I1    | PI   | Signed   | 8     |                                          |
| I2    | PI   | Signed   | 8     |                                          |
| DG_ctrl | PI | Unsigned | 1     |                                          |
| O1    | PO   | Signed   | 8     | I1 + I2 - $unsigned(7'b1111111) (Device_top.v:2108) |
==============================================================================

Datapath Report for DP_OP_37J2_127_6293
==============================================================================
| Cell                 | Contained Operations                                |
==============================================================================
| DP_OP_37J2_127_6293  | mult_2120 (Device_top.v:2120)                       |
|                      | add_2123 (Device_top.v:2123)                        |
|                      | mult_2121 (Device_top.v:2121)                       |
==============================================================================

==============================================================================
|       |      | Data     |       |                                          |
| Var   | Type | Class    | Width | Expression                               |
==============================================================================
| I1    | PI   | Unsigned | 8     |                                          |
| I2    | PI   | Unsigned | 4     |                                          |
| I3    | PI   | Unsigned | 4     |                                          |
| I4    | PI   | Unsigned | 4     |                                          |
| DG_ctrl | PI | Unsigned | 1     |                                          |
| T11   | IFO  | Unsigned | 12    | I1 * I2 (Device_top.v:2120)              |
| T12   | IFO  | Unsigned | 8     | I3 * I4 (Device_top.v:2121)              |
| O1    | PO   | Unsigned | 12    | T11 + T12 (Device_top.v:2123)            |
==============================================================================


Datapath Extraction Report

Information: Operator associated with resources 'add_2108 (Device_top.v:2108) sub_2108 (Device_top.v:2108)' in design 'MUL_OPT_0' breaks the datapath extraction because there is leakage due to truncation on its fanout to operator of resources 'C168 (Device_top.v:2108)'.  (HDL-120)


Implementation Report
===============================================================================
|                    |                  | Current            | Set            |
| Cell               | Module           | Implementation     | Implementation |
===============================================================================
| sub_x_9            | DW01_sub_DG      | apparch (area)     |                |
| gt_x_11            | DW_cmp_DG        | apparch (area)     |                |
| eq_x_12            | DW_cmp_DG        | apparch (area)     |                |
| eq_x_13            | DW_cmp_DG        | apparch (area)     |                |
| eq_x_14            | DW_cmp_DG        | apparch (area)     |                |
| lt_x_15            | DW_cmp_DG        | apparch (area)     |                |
| DP_OP_36J2_126_2677                   |                    |                |
|                    | DP_OP_36J2_126_2677 | str (area)      |                |
| DP_OP_37J2_127_6293                   |                    |                |
|                    | DP_OP_37J2_127_6293 | str (power)     |                |
|                    |                  | mult_arch: and     |                |
===============================================================================


No resource sharing information to report.
 
****************************************
Design : bfloat_MAC_pipe_OPT_1
****************************************

No implementations to report
 
****************************************
Design : ADD_module_OPT_1
****************************************

Resource Report for this hierarchy in file
        /home/kch/work/TDRAM/run_app_platform/Device_top_sim_MAC_paper_work/rtl/Device_top.v
=============================================================================
| Cell           | Module         | Parameters | Contained Operations       |
=============================================================================
| sub_x_5        | DW01_sub_DG    | width=17   | sub_2289 (Device_top.v:2289) |
| add_x_7        | DW01_inc_DG    | width=5    | add_2300 (Device_top.v:2300) |
| DP_OP_53J2_122_897              |            |                            |
|                | DP_OP_53J2_122_897 |        |                            |
=============================================================================

Datapath Report for DP_OP_53J2_122_897
==============================================================================
| Cell                 | Contained Operations                                |
==============================================================================
| DP_OP_53J2_122_897   | sub_2281_S2 (Device_top.v:2281)                     |
|                      | sub_2282 (Device_top.v:2282)                        |
|                      | add_2282 (Device_top.v:2282)                        |
|                      | add_2284 (Device_top.v:2284)                        |
==============================================================================

==============================================================================
|       |      | Data     |       |                                          |
| Var   | Type | Class    | Width | Expression                               |
==============================================================================
| I1    | PI   | Unsigned | 16    |                                          |
| I2    | PI   | Unsigned | 16    |                                          |
| I3    | PI   | Unsigned | 1     |                                          |
| DG_ctrl | PI | Unsigned | 1     |                                          |
| O1    | PO   | Signed   | 17    | addsub(I1,I2,I3) ( Device_top.v:2281 Device_top.v:2282 Device_top.v:2284 ) |
==============================================================================


Implementation Report
===============================================================================
|                    |                  | Current            | Set            |
| Cell               | Module           | Implementation     | Implementation |
===============================================================================
| sub_x_5            | DW01_sub_DG      | apparch (area)     |                |
| add_x_7            | DW01_inc_DG      | apparch (area)     |                |
| DP_OP_53J2_122_897 | DP_OP_53J2_122_897 | str (area)       |                |
===============================================================================

 
****************************************
Design : MUL_OPT_1
****************************************

Resource Report for this hierarchy in file
        /home/kch/work/TDRAM/run_app_platform/Device_top_sim_MAC_paper_work/rtl/Device_top.v
=============================================================================
| Cell           | Module         | Parameters | Contained Operations       |
=============================================================================
| sub_x_9        | DW01_sub_DG    | width=6    | sub_2113 (Device_top.v:2113) |
| gt_x_11        | DW_cmp_DG      | width=5    | gt_2140 (Device_top.v:2140) |
| eq_x_12        | DW_cmp_DG      | width=6    | eq_2141 (Device_top.v:2141) |
| eq_x_13        | DW_cmp_DG      | width=6    | eq_2142 (Device_top.v:2142) |
| eq_x_14        | DW_cmp_DG      | width=6    | eq_2143 (Device_top.v:2143) |
| lt_x_15        | DW_cmp_DG      | width=5    | lt_2144 (Device_top.v:2144) |
| DP_OP_36J2_126_2677             |            |                            |
|                | DP_OP_36J2_126_2677 |       |                            |
| DP_OP_37J2_127_6293             |            |                            |
|                | DP_OP_37J2_127_6293 |       |                            |
=============================================================================

Datapath Report for DP_OP_36J2_126_2677
==============================================================================
| Cell                 | Contained Operations                                |
==============================================================================
| DP_OP_36J2_126_2677  | add_2108 (Device_top.v:2108)                        |
|                      | sub_2108 (Device_top.v:2108)                        |
==============================================================================

==============================================================================
|       |      | Data     |       |                                          |
| Var   | Type | Class    | Width | Expression                               |
==============================================================================
| I1    | PI   | Signed   | 8     |                                          |
| I2    | PI   | Signed   | 8     |                                          |
| DG_ctrl | PI | Unsigned | 1     |                                          |
| O1    | PO   | Signed   | 8     | I1 + I2 - $unsigned(7'b1111111) (Device_top.v:2108) |
==============================================================================

Datapath Report for DP_OP_37J2_127_6293
==============================================================================
| Cell                 | Contained Operations                                |
==============================================================================
| DP_OP_37J2_127_6293  | mult_2120 (Device_top.v:2120)                       |
|                      | add_2123 (Device_top.v:2123)                        |
|                      | mult_2121 (Device_top.v:2121)                       |
==============================================================================

==============================================================================
|       |      | Data     |       |                                          |
| Var   | Type | Class    | Width | Expression                               |
==============================================================================
| I1    | PI   | Unsigned | 8     |                                          |
| I2    | PI   | Unsigned | 4     |                                          |
| I3    | PI   | Unsigned | 4     |                                          |
| I4    | PI   | Unsigned | 4     |                                          |
| DG_ctrl | PI | Unsigned | 1     |                                          |
| T11   | IFO  | Unsigned | 12    | I1 * I2 (Device_top.v:2120)              |
| T12   | IFO  | Unsigned | 8     | I3 * I4 (Device_top.v:2121)              |
| O1    | PO   | Unsigned | 12    | T11 + T12 (Device_top.v:2123)            |
==============================================================================


Datapath Extraction Report

Information: Operator associated with resources 'add_2108 (Device_top.v:2108) sub_2108 (Device_top.v:2108)' in design 'MUL_OPT_0' breaks the datapath extraction because there is leakage due to truncation on its fanout to operator of resources 'C168 (Device_top.v:2108)'.  (HDL-120)


Implementation Report
===============================================================================
|                    |                  | Current            | Set            |
| Cell               | Module           | Implementation     | Implementation |
===============================================================================
| sub_x_9            | DW01_sub_DG      | apparch (area)     |                |
| gt_x_11            | DW_cmp_DG        | apparch (area)     |                |
| eq_x_12            | DW_cmp_DG        | apparch (area)     |                |
| eq_x_13            | DW_cmp_DG        | apparch (area)     |                |
| eq_x_14            | DW_cmp_DG        | apparch (area)     |                |
| lt_x_15            | DW_cmp_DG        | apparch (area)     |                |
| DP_OP_36J2_126_2677                   |                    |                |
|                    | DP_OP_36J2_126_2677 | str (area)      |                |
| DP_OP_37J2_127_6293                   |                    |                |
|                    | DP_OP_37J2_127_6293 | str (power)     |                |
|                    |                  | mult_arch: and     |                |
===============================================================================


No resource sharing information to report.
 
****************************************
Design : bfloat_MAC_pipe_OPT_2
****************************************

No implementations to report
 
****************************************
Design : ADD_module_OPT_2
****************************************

Resource Report for this hierarchy in file
        /home/kch/work/TDRAM/run_app_platform/Device_top_sim_MAC_paper_work/rtl/Device_top.v
=============================================================================
| Cell           | Module         | Parameters | Contained Operations       |
=============================================================================
| sub_x_5        | DW01_sub_DG    | width=17   | sub_2289 (Device_top.v:2289) |
| add_x_7        | DW01_inc_DG    | width=5    | add_2300 (Device_top.v:2300) |
| DP_OP_53J2_122_897              |            |                            |
|                | DP_OP_53J2_122_897 |        |                            |
=============================================================================

Datapath Report for DP_OP_53J2_122_897
==============================================================================
| Cell                 | Contained Operations                                |
==============================================================================
| DP_OP_53J2_122_897   | sub_2281_S2 (Device_top.v:2281)                     |
|                      | sub_2282 (Device_top.v:2282)                        |
|                      | add_2282 (Device_top.v:2282)                        |
|                      | add_2284 (Device_top.v:2284)                        |
==============================================================================

==============================================================================
|       |      | Data     |       |                                          |
| Var   | Type | Class    | Width | Expression                               |
==============================================================================
| I1    | PI   | Unsigned | 16    |                                          |
| I2    | PI   | Unsigned | 16    |                                          |
| I3    | PI   | Unsigned | 1     |                                          |
| DG_ctrl | PI | Unsigned | 1     |                                          |
| O1    | PO   | Signed   | 17    | addsub(I1,I2,I3) ( Device_top.v:2281 Device_top.v:2282 Device_top.v:2284 ) |
==============================================================================


Implementation Report
===============================================================================
|                    |                  | Current            | Set            |
| Cell               | Module           | Implementation     | Implementation |
===============================================================================
| sub_x_5            | DW01_sub_DG      | apparch (area)     |                |
| add_x_7            | DW01_inc_DG      | apparch (area)     |                |
| DP_OP_53J2_122_897 | DP_OP_53J2_122_897 | str (area)       |                |
===============================================================================

 
****************************************
Design : MUL_OPT_2
****************************************

Resource Report for this hierarchy in file
        /home/kch/work/TDRAM/run_app_platform/Device_top_sim_MAC_paper_work/rtl/Device_top.v
=============================================================================
| Cell           | Module         | Parameters | Contained Operations       |
=============================================================================
| sub_x_9        | DW01_sub_DG    | width=6    | sub_2113 (Device_top.v:2113) |
| gt_x_11        | DW_cmp_DG      | width=5    | gt_2140 (Device_top.v:2140) |
| eq_x_12        | DW_cmp_DG      | width=6    | eq_2141 (Device_top.v:2141) |
| eq_x_13        | DW_cmp_DG      | width=6    | eq_2142 (Device_top.v:2142) |
| eq_x_14        | DW_cmp_DG      | width=6    | eq_2143 (Device_top.v:2143) |
| lt_x_15        | DW_cmp_DG      | width=5    | lt_2144 (Device_top.v:2144) |
| DP_OP_36J2_126_2677             |            |                            |
|                | DP_OP_36J2_126_2677 |       |                            |
| DP_OP_37J2_127_6293             |            |                            |
|                | DP_OP_37J2_127_6293 |       |                            |
=============================================================================

Datapath Report for DP_OP_36J2_126_2677
==============================================================================
| Cell                 | Contained Operations                                |
==============================================================================
| DP_OP_36J2_126_2677  | add_2108 (Device_top.v:2108)                        |
|                      | sub_2108 (Device_top.v:2108)                        |
==============================================================================

==============================================================================
|       |      | Data     |       |                                          |
| Var   | Type | Class    | Width | Expression                               |
==============================================================================
| I1    | PI   | Signed   | 8     |                                          |
| I2    | PI   | Signed   | 8     |                                          |
| DG_ctrl | PI | Unsigned | 1     |                                          |
| O1    | PO   | Signed   | 8     | I1 + I2 - $unsigned(7'b1111111) (Device_top.v:2108) |
==============================================================================

Datapath Report for DP_OP_37J2_127_6293
==============================================================================
| Cell                 | Contained Operations                                |
==============================================================================
| DP_OP_37J2_127_6293  | mult_2120 (Device_top.v:2120)                       |
|                      | add_2123 (Device_top.v:2123)                        |
|                      | mult_2121 (Device_top.v:2121)                       |
==============================================================================

==============================================================================
|       |      | Data     |       |                                          |
| Var   | Type | Class    | Width | Expression                               |
==============================================================================
| I1    | PI   | Unsigned | 8     |                                          |
| I2    | PI   | Unsigned | 4     |                                          |
| I3    | PI   | Unsigned | 4     |                                          |
| I4    | PI   | Unsigned | 4     |                                          |
| DG_ctrl | PI | Unsigned | 1     |                                          |
| T11   | IFO  | Unsigned | 12    | I1 * I2 (Device_top.v:2120)              |
| T12   | IFO  | Unsigned | 8     | I3 * I4 (Device_top.v:2121)              |
| O1    | PO   | Unsigned | 12    | T11 + T12 (Device_top.v:2123)            |
==============================================================================


Datapath Extraction Report

Information: Operator associated with resources 'add_2108 (Device_top.v:2108) sub_2108 (Device_top.v:2108)' in design 'MUL_OPT_0' breaks the datapath extraction because there is leakage due to truncation on its fanout to operator of resources 'C168 (Device_top.v:2108)'.  (HDL-120)


Implementation Report
===============================================================================
|                    |                  | Current            | Set            |
| Cell               | Module           | Implementation     | Implementation |
===============================================================================
| sub_x_9            | DW01_sub_DG      | apparch (area)     |                |
| gt_x_11            | DW_cmp_DG        | apparch (area)     |                |
| eq_x_12            | DW_cmp_DG        | apparch (area)     |                |
| eq_x_13            | DW_cmp_DG        | apparch (area)     |                |
| eq_x_14            | DW_cmp_DG        | apparch (area)     |                |
| lt_x_15            | DW_cmp_DG        | apparch (area)     |                |
| DP_OP_36J2_126_2677                   |                    |                |
|                    | DP_OP_36J2_126_2677 | str (area)      |                |
| DP_OP_37J2_127_6293                   |                    |                |
|                    | DP_OP_37J2_127_6293 | str (power)     |                |
|                    |                  | mult_arch: and     |                |
===============================================================================


No resource sharing information to report.
 
****************************************
Design : bfloat_MAC_pipe_OPT_3
****************************************

No implementations to report
 
****************************************
Design : ADD_module_OPT_3
****************************************

Resource Report for this hierarchy in file
        /home/kch/work/TDRAM/run_app_platform/Device_top_sim_MAC_paper_work/rtl/Device_top.v
=============================================================================
| Cell           | Module         | Parameters | Contained Operations       |
=============================================================================
| sub_x_5        | DW01_sub_DG    | width=17   | sub_2289 (Device_top.v:2289) |
| add_x_7        | DW01_inc_DG    | width=5    | add_2300 (Device_top.v:2300) |
| DP_OP_53J2_122_897              |            |                            |
|                | DP_OP_53J2_122_897 |        |                            |
=============================================================================

Datapath Report for DP_OP_53J2_122_897
==============================================================================
| Cell                 | Contained Operations                                |
==============================================================================
| DP_OP_53J2_122_897   | sub_2281_S2 (Device_top.v:2281)                     |
|                      | sub_2282 (Device_top.v:2282)                        |
|                      | add_2282 (Device_top.v:2282)                        |
|                      | add_2284 (Device_top.v:2284)                        |
==============================================================================

==============================================================================
|       |      | Data     |       |                                          |
| Var   | Type | Class    | Width | Expression                               |
==============================================================================
| I1    | PI   | Unsigned | 16    |                                          |
| I2    | PI   | Unsigned | 16    |                                          |
| I3    | PI   | Unsigned | 1     |                                          |
| DG_ctrl | PI | Unsigned | 1     |                                          |
| O1    | PO   | Signed   | 17    | addsub(I1,I2,I3) ( Device_top.v:2281 Device_top.v:2282 Device_top.v:2284 ) |
==============================================================================


Implementation Report
===============================================================================
|                    |                  | Current            | Set            |
| Cell               | Module           | Implementation     | Implementation |
===============================================================================
| sub_x_5            | DW01_sub_DG      | apparch (area)     |                |
| add_x_7            | DW01_inc_DG      | apparch (area)     |                |
| DP_OP_53J2_122_897 | DP_OP_53J2_122_897 | str (area)       |                |
===============================================================================

 
****************************************
Design : MUL_OPT_3
****************************************

Resource Report for this hierarchy in file
        /home/kch/work/TDRAM/run_app_platform/Device_top_sim_MAC_paper_work/rtl/Device_top.v
=============================================================================
| Cell           | Module         | Parameters | Contained Operations       |
=============================================================================
| sub_x_9        | DW01_sub_DG    | width=6    | sub_2113 (Device_top.v:2113) |
| gt_x_11        | DW_cmp_DG      | width=5    | gt_2140 (Device_top.v:2140) |
| eq_x_12        | DW_cmp_DG      | width=6    | eq_2141 (Device_top.v:2141) |
| eq_x_13        | DW_cmp_DG      | width=6    | eq_2142 (Device_top.v:2142) |
| eq_x_14        | DW_cmp_DG      | width=6    | eq_2143 (Device_top.v:2143) |
| lt_x_15        | DW_cmp_DG      | width=5    | lt_2144 (Device_top.v:2144) |
| DP_OP_36J2_126_2677             |            |                            |
|                | DP_OP_36J2_126_2677 |       |                            |
| DP_OP_37J2_127_6293             |            |                            |
|                | DP_OP_37J2_127_6293 |       |                            |
=============================================================================

Datapath Report for DP_OP_36J2_126_2677
==============================================================================
| Cell                 | Contained Operations                                |
==============================================================================
| DP_OP_36J2_126_2677  | add_2108 (Device_top.v:2108)                        |
|                      | sub_2108 (Device_top.v:2108)                        |
==============================================================================

==============================================================================
|       |      | Data     |       |                                          |
| Var   | Type | Class    | Width | Expression                               |
==============================================================================
| I1    | PI   | Signed   | 8     |                                          |
| I2    | PI   | Signed   | 8     |                                          |
| DG_ctrl | PI | Unsigned | 1     |                                          |
| O1    | PO   | Signed   | 8     | I1 + I2 - $unsigned(7'b1111111) (Device_top.v:2108) |
==============================================================================

Datapath Report for DP_OP_37J2_127_6293
==============================================================================
| Cell                 | Contained Operations                                |
==============================================================================
| DP_OP_37J2_127_6293  | mult_2120 (Device_top.v:2120)                       |
|                      | add_2123 (Device_top.v:2123)                        |
|                      | mult_2121 (Device_top.v:2121)                       |
==============================================================================

==============================================================================
|       |      | Data     |       |                                          |
| Var   | Type | Class    | Width | Expression                               |
==============================================================================
| I1    | PI   | Unsigned | 8     |                                          |
| I2    | PI   | Unsigned | 4     |                                          |
| I3    | PI   | Unsigned | 4     |                                          |
| I4    | PI   | Unsigned | 4     |                                          |
| DG_ctrl | PI | Unsigned | 1     |                                          |
| T11   | IFO  | Unsigned | 12    | I1 * I2 (Device_top.v:2120)              |
| T12   | IFO  | Unsigned | 8     | I3 * I4 (Device_top.v:2121)              |
| O1    | PO   | Unsigned | 12    | T11 + T12 (Device_top.v:2123)            |
==============================================================================


Datapath Extraction Report

Information: Operator associated with resources 'add_2108 (Device_top.v:2108) sub_2108 (Device_top.v:2108)' in design 'MUL_OPT_0' breaks the datapath extraction because there is leakage due to truncation on its fanout to operator of resources 'C168 (Device_top.v:2108)'.  (HDL-120)


Implementation Report
===============================================================================
|                    |                  | Current            | Set            |
| Cell               | Module           | Implementation     | Implementation |
===============================================================================
| sub_x_9            | DW01_sub_DG      | apparch (area)     |                |
| gt_x_11            | DW_cmp_DG        | apparch (area)     |                |
| eq_x_12            | DW_cmp_DG        | apparch (area)     |                |
| eq_x_13            | DW_cmp_DG        | apparch (area)     |                |
| eq_x_14            | DW_cmp_DG        | apparch (area)     |                |
| lt_x_15            | DW_cmp_DG        | apparch (area)     |                |
| DP_OP_36J2_126_2677                   |                    |                |
|                    | DP_OP_36J2_126_2677 | str (area)      |                |
| DP_OP_37J2_127_6293                   |                    |                |
|                    | DP_OP_37J2_127_6293 | str (power)     |                |
|                    |                  | mult_arch: and     |                |
===============================================================================


No resource sharing information to report.
 
****************************************
Design : bfloat_MAC_pipe_OPT_4
****************************************

No implementations to report
 
****************************************
Design : ADD_module_OPT_4
****************************************

Resource Report for this hierarchy in file
        /home/kch/work/TDRAM/run_app_platform/Device_top_sim_MAC_paper_work/rtl/Device_top.v
=============================================================================
| Cell           | Module         | Parameters | Contained Operations       |
=============================================================================
| sub_x_5        | DW01_sub_DG    | width=17   | sub_2289 (Device_top.v:2289) |
| add_x_7        | DW01_inc_DG    | width=5    | add_2300 (Device_top.v:2300) |
| DP_OP_53J2_122_897              |            |                            |
|                | DP_OP_53J2_122_897 |        |                            |
=============================================================================

Datapath Report for DP_OP_53J2_122_897
==============================================================================
| Cell                 | Contained Operations                                |
==============================================================================
| DP_OP_53J2_122_897   | sub_2281_S2 (Device_top.v:2281)                     |
|                      | sub_2282 (Device_top.v:2282)                        |
|                      | add_2282 (Device_top.v:2282)                        |
|                      | add_2284 (Device_top.v:2284)                        |
==============================================================================

==============================================================================
|       |      | Data     |       |                                          |
| Var   | Type | Class    | Width | Expression                               |
==============================================================================
| I1    | PI   | Unsigned | 16    |                                          |
| I2    | PI   | Unsigned | 16    |                                          |
| I3    | PI   | Unsigned | 1     |                                          |
| DG_ctrl | PI | Unsigned | 1     |                                          |
| O1    | PO   | Signed   | 17    | addsub(I1,I2,I3) ( Device_top.v:2281 Device_top.v:2282 Device_top.v:2284 ) |
==============================================================================


Implementation Report
===============================================================================
|                    |                  | Current            | Set            |
| Cell               | Module           | Implementation     | Implementation |
===============================================================================
| sub_x_5            | DW01_sub_DG      | apparch (area)     |                |
| add_x_7            | DW01_inc_DG      | apparch (area)     |                |
| DP_OP_53J2_122_897 | DP_OP_53J2_122_897 | str (area)       |                |
===============================================================================

 
****************************************
Design : MUL_OPT_4
****************************************

Resource Report for this hierarchy in file
        /home/kch/work/TDRAM/run_app_platform/Device_top_sim_MAC_paper_work/rtl/Device_top.v
=============================================================================
| Cell           | Module         | Parameters | Contained Operations       |
=============================================================================
| sub_x_9        | DW01_sub_DG    | width=6    | sub_2113 (Device_top.v:2113) |
| gt_x_11        | DW_cmp_DG      | width=5    | gt_2140 (Device_top.v:2140) |
| eq_x_12        | DW_cmp_DG      | width=6    | eq_2141 (Device_top.v:2141) |
| eq_x_13        | DW_cmp_DG      | width=6    | eq_2142 (Device_top.v:2142) |
| eq_x_14        | DW_cmp_DG      | width=6    | eq_2143 (Device_top.v:2143) |
| lt_x_15        | DW_cmp_DG      | width=5    | lt_2144 (Device_top.v:2144) |
| DP_OP_36J2_126_2677             |            |                            |
|                | DP_OP_36J2_126_2677 |       |                            |
| DP_OP_37J2_127_6293             |            |                            |
|                | DP_OP_37J2_127_6293 |       |                            |
=============================================================================

Datapath Report for DP_OP_36J2_126_2677
==============================================================================
| Cell                 | Contained Operations                                |
==============================================================================
| DP_OP_36J2_126_2677  | add_2108 (Device_top.v:2108)                        |
|                      | sub_2108 (Device_top.v:2108)                        |
==============================================================================

==============================================================================
|       |      | Data     |       |                                          |
| Var   | Type | Class    | Width | Expression                               |
==============================================================================
| I1    | PI   | Signed   | 8     |                                          |
| I2    | PI   | Signed   | 8     |                                          |
| DG_ctrl | PI | Unsigned | 1     |                                          |
| O1    | PO   | Signed   | 8     | I1 + I2 - $unsigned(7'b1111111) (Device_top.v:2108) |
==============================================================================

Datapath Report for DP_OP_37J2_127_6293
==============================================================================
| Cell                 | Contained Operations                                |
==============================================================================
| DP_OP_37J2_127_6293  | mult_2120 (Device_top.v:2120)                       |
|                      | add_2123 (Device_top.v:2123)                        |
|                      | mult_2121 (Device_top.v:2121)                       |
==============================================================================

==============================================================================
|       |      | Data     |       |                                          |
| Var   | Type | Class    | Width | Expression                               |
==============================================================================
| I1    | PI   | Unsigned | 8     |                                          |
| I2    | PI   | Unsigned | 4     |                                          |
| I3    | PI   | Unsigned | 4     |                                          |
| I4    | PI   | Unsigned | 4     |                                          |
| DG_ctrl | PI | Unsigned | 1     |                                          |
| T11   | IFO  | Unsigned | 12    | I1 * I2 (Device_top.v:2120)              |
| T12   | IFO  | Unsigned | 8     | I3 * I4 (Device_top.v:2121)              |
| O1    | PO   | Unsigned | 12    | T11 + T12 (Device_top.v:2123)            |
==============================================================================


Datapath Extraction Report

Information: Operator associated with resources 'add_2108 (Device_top.v:2108) sub_2108 (Device_top.v:2108)' in design 'MUL_OPT_0' breaks the datapath extraction because there is leakage due to truncation on its fanout to operator of resources 'C168 (Device_top.v:2108)'.  (HDL-120)


Implementation Report
===============================================================================
|                    |                  | Current            | Set            |
| Cell               | Module           | Implementation     | Implementation |
===============================================================================
| sub_x_9            | DW01_sub_DG      | apparch (area)     |                |
| gt_x_11            | DW_cmp_DG        | apparch (area)     |                |
| eq_x_12            | DW_cmp_DG        | apparch (area)     |                |
| eq_x_13            | DW_cmp_DG        | apparch (area)     |                |
| eq_x_14            | DW_cmp_DG        | apparch (area)     |                |
| lt_x_15            | DW_cmp_DG        | apparch (area)     |                |
| DP_OP_36J2_126_2677                   |                    |                |
|                    | DP_OP_36J2_126_2677 | str (area)      |                |
| DP_OP_37J2_127_6293                   |                    |                |
|                    | DP_OP_37J2_127_6293 | str (power)     |                |
|                    |                  | mult_arch: and     |                |
===============================================================================


No resource sharing information to report.
 
****************************************
Design : bfloat_MAC_pipe_OPT_5
****************************************

No implementations to report
 
****************************************
Design : ADD_module_OPT_5
****************************************

Resource Report for this hierarchy in file
        /home/kch/work/TDRAM/run_app_platform/Device_top_sim_MAC_paper_work/rtl/Device_top.v
=============================================================================
| Cell           | Module         | Parameters | Contained Operations       |
=============================================================================
| sub_x_5        | DW01_sub_DG    | width=17   | sub_2289 (Device_top.v:2289) |
| add_x_7        | DW01_inc_DG    | width=5    | add_2300 (Device_top.v:2300) |
| DP_OP_53J2_122_897              |            |                            |
|                | DP_OP_53J2_122_897 |        |                            |
=============================================================================

Datapath Report for DP_OP_53J2_122_897
==============================================================================
| Cell                 | Contained Operations                                |
==============================================================================
| DP_OP_53J2_122_897   | sub_2281_S2 (Device_top.v:2281)                     |
|                      | sub_2282 (Device_top.v:2282)                        |
|                      | add_2282 (Device_top.v:2282)                        |
|                      | add_2284 (Device_top.v:2284)                        |
==============================================================================

==============================================================================
|       |      | Data     |       |                                          |
| Var   | Type | Class    | Width | Expression                               |
==============================================================================
| I1    | PI   | Unsigned | 16    |                                          |
| I2    | PI   | Unsigned | 16    |                                          |
| I3    | PI   | Unsigned | 1     |                                          |
| DG_ctrl | PI | Unsigned | 1     |                                          |
| O1    | PO   | Signed   | 17    | addsub(I1,I2,I3) ( Device_top.v:2281 Device_top.v:2282 Device_top.v:2284 ) |
==============================================================================


Implementation Report
===============================================================================
|                    |                  | Current            | Set            |
| Cell               | Module           | Implementation     | Implementation |
===============================================================================
| sub_x_5            | DW01_sub_DG      | apparch (area)     |                |
| add_x_7            | DW01_inc_DG      | apparch (area)     |                |
| DP_OP_53J2_122_897 | DP_OP_53J2_122_897 | str (area)       |                |
===============================================================================

 
****************************************
Design : MUL_OPT_5
****************************************

Resource Report for this hierarchy in file
        /home/kch/work/TDRAM/run_app_platform/Device_top_sim_MAC_paper_work/rtl/Device_top.v
=============================================================================
| Cell           | Module         | Parameters | Contained Operations       |
=============================================================================
| sub_x_9        | DW01_sub_DG    | width=6    | sub_2113 (Device_top.v:2113) |
| gt_x_11        | DW_cmp_DG      | width=5    | gt_2140 (Device_top.v:2140) |
| eq_x_12        | DW_cmp_DG      | width=6    | eq_2141 (Device_top.v:2141) |
| eq_x_13        | DW_cmp_DG      | width=6    | eq_2142 (Device_top.v:2142) |
| eq_x_14        | DW_cmp_DG      | width=6    | eq_2143 (Device_top.v:2143) |
| lt_x_15        | DW_cmp_DG      | width=5    | lt_2144 (Device_top.v:2144) |
| DP_OP_36J2_126_2677             |            |                            |
|                | DP_OP_36J2_126_2677 |       |                            |
| DP_OP_37J2_127_6293             |            |                            |
|                | DP_OP_37J2_127_6293 |       |                            |
=============================================================================

Datapath Report for DP_OP_36J2_126_2677
==============================================================================
| Cell                 | Contained Operations                                |
==============================================================================
| DP_OP_36J2_126_2677  | add_2108 (Device_top.v:2108)                        |
|                      | sub_2108 (Device_top.v:2108)                        |
==============================================================================

==============================================================================
|       |      | Data     |       |                                          |
| Var   | Type | Class    | Width | Expression                               |
==============================================================================
| I1    | PI   | Signed   | 8     |                                          |
| I2    | PI   | Signed   | 8     |                                          |
| DG_ctrl | PI | Unsigned | 1     |                                          |
| O1    | PO   | Signed   | 8     | I1 + I2 - $unsigned(7'b1111111) (Device_top.v:2108) |
==============================================================================

Datapath Report for DP_OP_37J2_127_6293
==============================================================================
| Cell                 | Contained Operations                                |
==============================================================================
| DP_OP_37J2_127_6293  | mult_2120 (Device_top.v:2120)                       |
|                      | add_2123 (Device_top.v:2123)                        |
|                      | mult_2121 (Device_top.v:2121)                       |
==============================================================================

==============================================================================
|       |      | Data     |       |                                          |
| Var   | Type | Class    | Width | Expression                               |
==============================================================================
| I1    | PI   | Unsigned | 8     |                                          |
| I2    | PI   | Unsigned | 4     |                                          |
| I3    | PI   | Unsigned | 4     |                                          |
| I4    | PI   | Unsigned | 4     |                                          |
| DG_ctrl | PI | Unsigned | 1     |                                          |
| T11   | IFO  | Unsigned | 12    | I1 * I2 (Device_top.v:2120)              |
| T12   | IFO  | Unsigned | 8     | I3 * I4 (Device_top.v:2121)              |
| O1    | PO   | Unsigned | 12    | T11 + T12 (Device_top.v:2123)            |
==============================================================================


Datapath Extraction Report

Information: Operator associated with resources 'add_2108 (Device_top.v:2108) sub_2108 (Device_top.v:2108)' in design 'MUL_OPT_0' breaks the datapath extraction because there is leakage due to truncation on its fanout to operator of resources 'C168 (Device_top.v:2108)'.  (HDL-120)


Implementation Report
===============================================================================
|                    |                  | Current            | Set            |
| Cell               | Module           | Implementation     | Implementation |
===============================================================================
| sub_x_9            | DW01_sub_DG      | apparch (area)     |                |
| gt_x_11            | DW_cmp_DG        | apparch (area)     |                |
| eq_x_12            | DW_cmp_DG        | apparch (area)     |                |
| eq_x_13            | DW_cmp_DG        | apparch (area)     |                |
| eq_x_14            | DW_cmp_DG        | apparch (area)     |                |
| lt_x_15            | DW_cmp_DG        | apparch (area)     |                |
| DP_OP_36J2_126_2677                   |                    |                |
|                    | DP_OP_36J2_126_2677 | str (area)      |                |
| DP_OP_37J2_127_6293                   |                    |                |
|                    | DP_OP_37J2_127_6293 | str (power)     |                |
|                    |                  | mult_arch: and     |                |
===============================================================================


No resource sharing information to report.
 
****************************************
Design : bfloat_MAC_pipe_OPT_6
****************************************

No implementations to report
 
****************************************
Design : ADD_module_OPT_6
****************************************

Resource Report for this hierarchy in file
        /home/kch/work/TDRAM/run_app_platform/Device_top_sim_MAC_paper_work/rtl/Device_top.v
=============================================================================
| Cell           | Module         | Parameters | Contained Operations       |
=============================================================================
| sub_x_5        | DW01_sub_DG    | width=17   | sub_2289 (Device_top.v:2289) |
| add_x_7        | DW01_inc_DG    | width=5    | add_2300 (Device_top.v:2300) |
| DP_OP_53J2_122_897              |            |                            |
|                | DP_OP_53J2_122_897 |        |                            |
=============================================================================

Datapath Report for DP_OP_53J2_122_897
==============================================================================
| Cell                 | Contained Operations                                |
==============================================================================
| DP_OP_53J2_122_897   | sub_2281_S2 (Device_top.v:2281)                     |
|                      | sub_2282 (Device_top.v:2282)                        |
|                      | add_2282 (Device_top.v:2282)                        |
|                      | add_2284 (Device_top.v:2284)                        |
==============================================================================

==============================================================================
|       |      | Data     |       |                                          |
| Var   | Type | Class    | Width | Expression                               |
==============================================================================
| I1    | PI   | Unsigned | 16    |                                          |
| I2    | PI   | Unsigned | 16    |                                          |
| I3    | PI   | Unsigned | 1     |                                          |
| DG_ctrl | PI | Unsigned | 1     |                                          |
| O1    | PO   | Signed   | 17    | addsub(I1,I2,I3) ( Device_top.v:2281 Device_top.v:2282 Device_top.v:2284 ) |
==============================================================================


Implementation Report
===============================================================================
|                    |                  | Current            | Set            |
| Cell               | Module           | Implementation     | Implementation |
===============================================================================
| sub_x_5            | DW01_sub_DG      | apparch (area)     |                |
| add_x_7            | DW01_inc_DG      | apparch (area)     |                |
| DP_OP_53J2_122_897 | DP_OP_53J2_122_897 | str (area)       |                |
===============================================================================

 
****************************************
Design : MUL_OPT_6
****************************************

Resource Report for this hierarchy in file
        /home/kch/work/TDRAM/run_app_platform/Device_top_sim_MAC_paper_work/rtl/Device_top.v
=============================================================================
| Cell           | Module         | Parameters | Contained Operations       |
=============================================================================
| sub_x_9        | DW01_sub_DG    | width=6    | sub_2113 (Device_top.v:2113) |
| gt_x_11        | DW_cmp_DG      | width=5    | gt_2140 (Device_top.v:2140) |
| eq_x_12        | DW_cmp_DG      | width=6    | eq_2141 (Device_top.v:2141) |
| eq_x_13        | DW_cmp_DG      | width=6    | eq_2142 (Device_top.v:2142) |
| eq_x_14        | DW_cmp_DG      | width=6    | eq_2143 (Device_top.v:2143) |
| lt_x_15        | DW_cmp_DG      | width=5    | lt_2144 (Device_top.v:2144) |
| DP_OP_36J2_126_2677             |            |                            |
|                | DP_OP_36J2_126_2677 |       |                            |
| DP_OP_37J2_127_6293             |            |                            |
|                | DP_OP_37J2_127_6293 |       |                            |
=============================================================================

Datapath Report for DP_OP_36J2_126_2677
==============================================================================
| Cell                 | Contained Operations                                |
==============================================================================
| DP_OP_36J2_126_2677  | add_2108 (Device_top.v:2108)                        |
|                      | sub_2108 (Device_top.v:2108)                        |
==============================================================================

==============================================================================
|       |      | Data     |       |                                          |
| Var   | Type | Class    | Width | Expression                               |
==============================================================================
| I1    | PI   | Signed   | 8     |                                          |
| I2    | PI   | Signed   | 8     |                                          |
| DG_ctrl | PI | Unsigned | 1     |                                          |
| O1    | PO   | Signed   | 8     | I1 + I2 - $unsigned(7'b1111111) (Device_top.v:2108) |
==============================================================================

Datapath Report for DP_OP_37J2_127_6293
==============================================================================
| Cell                 | Contained Operations                                |
==============================================================================
| DP_OP_37J2_127_6293  | mult_2120 (Device_top.v:2120)                       |
|                      | add_2123 (Device_top.v:2123)                        |
|                      | mult_2121 (Device_top.v:2121)                       |
==============================================================================

==============================================================================
|       |      | Data     |       |                                          |
| Var   | Type | Class    | Width | Expression                               |
==============================================================================
| I1    | PI   | Unsigned | 8     |                                          |
| I2    | PI   | Unsigned | 4     |                                          |
| I3    | PI   | Unsigned | 4     |                                          |
| I4    | PI   | Unsigned | 4     |                                          |
| DG_ctrl | PI | Unsigned | 1     |                                          |
| T11   | IFO  | Unsigned | 12    | I1 * I2 (Device_top.v:2120)              |
| T12   | IFO  | Unsigned | 8     | I3 * I4 (Device_top.v:2121)              |
| O1    | PO   | Unsigned | 12    | T11 + T12 (Device_top.v:2123)            |
==============================================================================


Datapath Extraction Report

Information: Operator associated with resources 'add_2108 (Device_top.v:2108) sub_2108 (Device_top.v:2108)' in design 'MUL_OPT_0' breaks the datapath extraction because there is leakage due to truncation on its fanout to operator of resources 'C168 (Device_top.v:2108)'.  (HDL-120)


Implementation Report
===============================================================================
|                    |                  | Current            | Set            |
| Cell               | Module           | Implementation     | Implementation |
===============================================================================
| sub_x_9            | DW01_sub_DG      | apparch (area)     |                |
| gt_x_11            | DW_cmp_DG        | apparch (area)     |                |
| eq_x_12            | DW_cmp_DG        | apparch (area)     |                |
| eq_x_13            | DW_cmp_DG        | apparch (area)     |                |
| eq_x_14            | DW_cmp_DG        | apparch (area)     |                |
| lt_x_15            | DW_cmp_DG        | apparch (area)     |                |
| DP_OP_36J2_126_2677                   |                    |                |
|                    | DP_OP_36J2_126_2677 | str (area)      |                |
| DP_OP_37J2_127_6293                   |                    |                |
|                    | DP_OP_37J2_127_6293 | str (power)     |                |
|                    |                  | mult_arch: and     |                |
===============================================================================


No resource sharing information to report.
 
****************************************
Design : bfloat_MAC_pipe_OPT_7
****************************************

No implementations to report
 
****************************************
Design : ADD_module_OPT_7
****************************************

Resource Report for this hierarchy in file
        /home/kch/work/TDRAM/run_app_platform/Device_top_sim_MAC_paper_work/rtl/Device_top.v
=============================================================================
| Cell           | Module         | Parameters | Contained Operations       |
=============================================================================
| sub_x_5        | DW01_sub_DG    | width=17   | sub_2289 (Device_top.v:2289) |
| add_x_7        | DW01_inc_DG    | width=5    | add_2300 (Device_top.v:2300) |
| DP_OP_53J2_122_897              |            |                            |
|                | DP_OP_53J2_122_897 |        |                            |
=============================================================================

Datapath Report for DP_OP_53J2_122_897
==============================================================================
| Cell                 | Contained Operations                                |
==============================================================================
| DP_OP_53J2_122_897   | sub_2281_S2 (Device_top.v:2281)                     |
|                      | sub_2282 (Device_top.v:2282)                        |
|                      | add_2282 (Device_top.v:2282)                        |
|                      | add_2284 (Device_top.v:2284)                        |
==============================================================================

==============================================================================
|       |      | Data     |       |                                          |
| Var   | Type | Class    | Width | Expression                               |
==============================================================================
| I1    | PI   | Unsigned | 16    |                                          |
| I2    | PI   | Unsigned | 16    |                                          |
| I3    | PI   | Unsigned | 1     |                                          |
| DG_ctrl | PI | Unsigned | 1     |                                          |
| O1    | PO   | Signed   | 17    | addsub(I1,I2,I3) ( Device_top.v:2281 Device_top.v:2282 Device_top.v:2284 ) |
==============================================================================


Implementation Report
===============================================================================
|                    |                  | Current            | Set            |
| Cell               | Module           | Implementation     | Implementation |
===============================================================================
| sub_x_5            | DW01_sub_DG      | apparch (area)     |                |
| add_x_7            | DW01_inc_DG      | apparch (area)     |                |
| DP_OP_53J2_122_897 | DP_OP_53J2_122_897 | str (area)       |                |
===============================================================================

 
****************************************
Design : MUL_OPT_7
****************************************

Resource Report for this hierarchy in file
        /home/kch/work/TDRAM/run_app_platform/Device_top_sim_MAC_paper_work/rtl/Device_top.v
=============================================================================
| Cell           | Module         | Parameters | Contained Operations       |
=============================================================================
| sub_x_9        | DW01_sub_DG    | width=6    | sub_2113 (Device_top.v:2113) |
| gt_x_11        | DW_cmp_DG      | width=5    | gt_2140 (Device_top.v:2140) |
| eq_x_12        | DW_cmp_DG      | width=6    | eq_2141 (Device_top.v:2141) |
| eq_x_13        | DW_cmp_DG      | width=6    | eq_2142 (Device_top.v:2142) |
| eq_x_14        | DW_cmp_DG      | width=6    | eq_2143 (Device_top.v:2143) |
| lt_x_15        | DW_cmp_DG      | width=5    | lt_2144 (Device_top.v:2144) |
| DP_OP_36J2_126_2677             |            |                            |
|                | DP_OP_36J2_126_2677 |       |                            |
| DP_OP_37J2_127_6293             |            |                            |
|                | DP_OP_37J2_127_6293 |       |                            |
=============================================================================

Datapath Report for DP_OP_36J2_126_2677
==============================================================================
| Cell                 | Contained Operations                                |
==============================================================================
| DP_OP_36J2_126_2677  | add_2108 (Device_top.v:2108)                        |
|                      | sub_2108 (Device_top.v:2108)                        |
==============================================================================

==============================================================================
|       |      | Data     |       |                                          |
| Var   | Type | Class    | Width | Expression                               |
==============================================================================
| I1    | PI   | Signed   | 8     |                                          |
| I2    | PI   | Signed   | 8     |                                          |
| DG_ctrl | PI | Unsigned | 1     |                                          |
| O1    | PO   | Signed   | 8     | I1 + I2 - $unsigned(7'b1111111) (Device_top.v:2108) |
==============================================================================

Datapath Report for DP_OP_37J2_127_6293
==============================================================================
| Cell                 | Contained Operations                                |
==============================================================================
| DP_OP_37J2_127_6293  | mult_2120 (Device_top.v:2120)                       |
|                      | add_2123 (Device_top.v:2123)                        |
|                      | mult_2121 (Device_top.v:2121)                       |
==============================================================================

==============================================================================
|       |      | Data     |       |                                          |
| Var   | Type | Class    | Width | Expression                               |
==============================================================================
| I1    | PI   | Unsigned | 8     |                                          |
| I2    | PI   | Unsigned | 4     |                                          |
| I3    | PI   | Unsigned | 4     |                                          |
| I4    | PI   | Unsigned | 4     |                                          |
| DG_ctrl | PI | Unsigned | 1     |                                          |
| T11   | IFO  | Unsigned | 12    | I1 * I2 (Device_top.v:2120)              |
| T12   | IFO  | Unsigned | 8     | I3 * I4 (Device_top.v:2121)              |
| O1    | PO   | Unsigned | 12    | T11 + T12 (Device_top.v:2123)            |
==============================================================================


Datapath Extraction Report

Information: Operator associated with resources 'add_2108 (Device_top.v:2108) sub_2108 (Device_top.v:2108)' in design 'MUL_OPT_0' breaks the datapath extraction because there is leakage due to truncation on its fanout to operator of resources 'C168 (Device_top.v:2108)'.  (HDL-120)


Implementation Report
===============================================================================
|                    |                  | Current            | Set            |
| Cell               | Module           | Implementation     | Implementation |
===============================================================================
| sub_x_9            | DW01_sub_DG      | apparch (area)     |                |
| gt_x_11            | DW_cmp_DG        | apparch (area)     |                |
| eq_x_12            | DW_cmp_DG        | apparch (area)     |                |
| eq_x_13            | DW_cmp_DG        | apparch (area)     |                |
| eq_x_14            | DW_cmp_DG        | apparch (area)     |                |
| lt_x_15            | DW_cmp_DG        | apparch (area)     |                |
| DP_OP_36J2_126_2677                   |                    |                |
|                    | DP_OP_36J2_126_2677 | str (area)      |                |
| DP_OP_37J2_127_6293                   |                    |                |
|                    | DP_OP_37J2_127_6293 | str (power)     |                |
|                    |                  | mult_arch: and     |                |
===============================================================================

 
****************************************
Design : NORM_stage_0
****************************************

Resource Report for this hierarchy in file
        /home/kch/work/TDRAM/run_app_platform/Device_top_sim_MAC_paper_work/rtl/Device_top.v
=============================================================================
| Cell           | Module         | Parameters | Contained Operations       |
=============================================================================
| add_x_1        | DW01_inc_DG    | width=5    | add_2412 (Device_top.v:2412) |
| sub_x_2        | DW01_dec_DG    | width=5    | sub_2457 (Device_top.v:2457) |
               |                |            | sub_2462 (Device_top.v:2462) |
               |                |            | sub_2467 (Device_top.v:2467) |
               |                |            | sub_2472 (Device_top.v:2472) |
               |                |            | sub_2477 (Device_top.v:2477) |
               |                |            | sub_2482 (Device_top.v:2482) |
               |                |            | sub_2487 (Device_top.v:2487) |
=============================================================================


Implementation Report
===============================================================================
|                    |                  | Current            | Set            |
| Cell               | Module           | Implementation     | Implementation |
===============================================================================
| add_x_1            | DW01_inc_DG      | apparch (area)     |                |
| sub_x_2            | DW01_dec_DG      | apparch (area)     |                |
===============================================================================

 
****************************************
Design : NORM_stage_1
****************************************

Resource Report for this hierarchy in file
        /home/kch/work/TDRAM/run_app_platform/Device_top_sim_MAC_paper_work/rtl/Device_top.v
=============================================================================
| Cell           | Module         | Parameters | Contained Operations       |
=============================================================================
| add_x_1        | DW01_inc_DG    | width=5    | add_2412 (Device_top.v:2412) |
| sub_x_2        | DW01_dec_DG    | width=5    | sub_2457 (Device_top.v:2457) |
               |                |            | sub_2462 (Device_top.v:2462) |
               |                |            | sub_2467 (Device_top.v:2467) |
               |                |            | sub_2472 (Device_top.v:2472) |
               |                |            | sub_2477 (Device_top.v:2477) |
               |                |            | sub_2482 (Device_top.v:2482) |
               |                |            | sub_2487 (Device_top.v:2487) |
=============================================================================


Implementation Report
===============================================================================
|                    |                  | Current            | Set            |
| Cell               | Module           | Implementation     | Implementation |
===============================================================================
| add_x_1            | DW01_inc_DG      | apparch (area)     |                |
| sub_x_2            | DW01_dec_DG      | apparch (area)     |                |
===============================================================================

 
****************************************
Design : NORM_stage_2
****************************************

Resource Report for this hierarchy in file
        /home/kch/work/TDRAM/run_app_platform/Device_top_sim_MAC_paper_work/rtl/Device_top.v
=============================================================================
| Cell           | Module         | Parameters | Contained Operations       |
=============================================================================
| add_x_1        | DW01_inc_DG    | width=5    | add_2412 (Device_top.v:2412) |
| sub_x_2        | DW01_dec_DG    | width=5    | sub_2457 (Device_top.v:2457) |
               |                |            | sub_2462 (Device_top.v:2462) |
               |                |            | sub_2467 (Device_top.v:2467) |
               |                |            | sub_2472 (Device_top.v:2472) |
               |                |            | sub_2477 (Device_top.v:2477) |
               |                |            | sub_2482 (Device_top.v:2482) |
               |                |            | sub_2487 (Device_top.v:2487) |
=============================================================================


Implementation Report
===============================================================================
|                    |                  | Current            | Set            |
| Cell               | Module           | Implementation     | Implementation |
===============================================================================
| add_x_1            | DW01_inc_DG      | apparch (area)     |                |
| sub_x_2            | DW01_dec_DG      | apparch (area)     |                |
===============================================================================

 
****************************************
Design : NORM_stage_3
****************************************

Resource Report for this hierarchy in file
        /home/kch/work/TDRAM/run_app_platform/Device_top_sim_MAC_paper_work/rtl/Device_top.v
=============================================================================
| Cell           | Module         | Parameters | Contained Operations       |
=============================================================================
| add_x_1        | DW01_inc_DG    | width=5    | add_2412 (Device_top.v:2412) |
| sub_x_2        | DW01_dec_DG    | width=5    | sub_2457 (Device_top.v:2457) |
               |                |            | sub_2462 (Device_top.v:2462) |
               |                |            | sub_2467 (Device_top.v:2467) |
               |                |            | sub_2472 (Device_top.v:2472) |
               |                |            | sub_2477 (Device_top.v:2477) |
               |                |            | sub_2482 (Device_top.v:2482) |
               |                |            | sub_2487 (Device_top.v:2487) |
=============================================================================


Implementation Report
===============================================================================
|                    |                  | Current            | Set            |
| Cell               | Module           | Implementation     | Implementation |
===============================================================================
| add_x_1            | DW01_inc_DG      | apparch (area)     |                |
| sub_x_2            | DW01_dec_DG      | apparch (area)     |                |
===============================================================================

 
****************************************
Design : NORM_stage_4
****************************************

Resource Report for this hierarchy in file
        /home/kch/work/TDRAM/run_app_platform/Device_top_sim_MAC_paper_work/rtl/Device_top.v
=============================================================================
| Cell           | Module         | Parameters | Contained Operations       |
=============================================================================
| add_x_1        | DW01_inc_DG    | width=5    | add_2412 (Device_top.v:2412) |
| sub_x_2        | DW01_dec_DG    | width=5    | sub_2457 (Device_top.v:2457) |
               |                |            | sub_2462 (Device_top.v:2462) |
               |                |            | sub_2467 (Device_top.v:2467) |
               |                |            | sub_2472 (Device_top.v:2472) |
               |                |            | sub_2477 (Device_top.v:2477) |
               |                |            | sub_2482 (Device_top.v:2482) |
               |                |            | sub_2487 (Device_top.v:2487) |
=============================================================================


Implementation Report
===============================================================================
|                    |                  | Current            | Set            |
| Cell               | Module           | Implementation     | Implementation |
===============================================================================
| add_x_1            | DW01_inc_DG      | apparch (area)     |                |
| sub_x_2            | DW01_dec_DG      | apparch (area)     |                |
===============================================================================

 
****************************************
Design : NORM_stage_5
****************************************

Resource Report for this hierarchy in file
        /home/kch/work/TDRAM/run_app_platform/Device_top_sim_MAC_paper_work/rtl/Device_top.v
=============================================================================
| Cell           | Module         | Parameters | Contained Operations       |
=============================================================================
| add_x_1        | DW01_inc_DG    | width=5    | add_2412 (Device_top.v:2412) |
| sub_x_2        | DW01_dec_DG    | width=5    | sub_2457 (Device_top.v:2457) |
               |                |            | sub_2462 (Device_top.v:2462) |
               |                |            | sub_2467 (Device_top.v:2467) |
               |                |            | sub_2472 (Device_top.v:2472) |
               |                |            | sub_2477 (Device_top.v:2477) |
               |                |            | sub_2482 (Device_top.v:2482) |
               |                |            | sub_2487 (Device_top.v:2487) |
=============================================================================


Implementation Report
===============================================================================
|                    |                  | Current            | Set            |
| Cell               | Module           | Implementation     | Implementation |
===============================================================================
| add_x_1            | DW01_inc_DG      | apparch (area)     |                |
| sub_x_2            | DW01_dec_DG      | apparch (area)     |                |
===============================================================================

 
****************************************
Design : NORM_stage_6
****************************************

Resource Report for this hierarchy in file
        /home/kch/work/TDRAM/run_app_platform/Device_top_sim_MAC_paper_work/rtl/Device_top.v
=============================================================================
| Cell           | Module         | Parameters | Contained Operations       |
=============================================================================
| add_x_1        | DW01_inc_DG    | width=5    | add_2412 (Device_top.v:2412) |
| sub_x_2        | DW01_dec_DG    | width=5    | sub_2457 (Device_top.v:2457) |
               |                |            | sub_2462 (Device_top.v:2462) |
               |                |            | sub_2467 (Device_top.v:2467) |
               |                |            | sub_2472 (Device_top.v:2472) |
               |                |            | sub_2477 (Device_top.v:2477) |
               |                |            | sub_2482 (Device_top.v:2482) |
               |                |            | sub_2487 (Device_top.v:2487) |
=============================================================================


Implementation Report
===============================================================================
|                    |                  | Current            | Set            |
| Cell               | Module           | Implementation     | Implementation |
===============================================================================
| add_x_1            | DW01_inc_DG      | apparch (area)     |                |
| sub_x_2            | DW01_dec_DG      | apparch (area)     |                |
===============================================================================

 
****************************************
Design : NORM_stage_7
****************************************

Resource Report for this hierarchy in file
        /home/kch/work/TDRAM/run_app_platform/Device_top_sim_MAC_paper_work/rtl/Device_top.v
=============================================================================
| Cell           | Module         | Parameters | Contained Operations       |
=============================================================================
| add_x_1        | DW01_inc_DG    | width=5    | add_2412 (Device_top.v:2412) |
| sub_x_2        | DW01_dec_DG    | width=5    | sub_2457 (Device_top.v:2457) |
               |                |            | sub_2462 (Device_top.v:2462) |
               |                |            | sub_2467 (Device_top.v:2467) |
               |                |            | sub_2472 (Device_top.v:2472) |
               |                |            | sub_2477 (Device_top.v:2477) |
               |                |            | sub_2482 (Device_top.v:2482) |
               |                |            | sub_2487 (Device_top.v:2487) |
=============================================================================


Implementation Report
===============================================================================
|                    |                  | Current            | Set            |
| Cell               | Module           | Implementation     | Implementation |
===============================================================================
| add_x_1            | DW01_inc_DG      | apparch (area)     |                |
| sub_x_2            | DW01_dec_DG      | apparch (area)     |                |
===============================================================================

1
