 
****************************************
Report : qor
Design : PIM_ALU_SYN_top
Version: M-2016.12-SP5-3
Date   : Fri Jul 10 00:45:18 2020
****************************************


  Timing Path Group 'clk_ext'
  -----------------------------------
  Levels of Logic:             49.000
  Critical Path Length:         7.117
  Critical Path Slack:         12.702
  Critical Path Clk Period:    20.000
  Total Negative Slack:         0.000
  No. of Violating Paths:       0.000
  Worst Hold Violation:        -0.010
  Total Hold Violation:       -10.301
  No. of Hold Violations:    1044.000
  -----------------------------------


  Cell Count
  -----------------------------------
  Hierarchical Cell Count:          1
  Hierarchical Port Count:       1617
  Leaf Cell Count:              15729
  Buf/Inv Cell Count:            3323
  Buf Cell Count:                 503
  Inv Cell Count:                2820
  CT Buf/Inv Cell Count:            0
  Combinational Cell Count:     12501
  Sequential Cell Count:         3228
  Macro Count:                      0
  -----------------------------------


  Area
  -----------------------------------
  Combinational Area:       25849.280
  Noncombinational Area:    27889.921
  Buf/Inv Area:              3351.040
  Total Buffer Area:          643.840
  Total Inverter Area:       2707.200
  Macro/Black Box Area:         0.000
  Net Area:                     0.000
  -----------------------------------
  Cell Area:                53739.201
  Design Area:              53739.201


  Design Rules
  -----------------------------------
  Total Number of Nets:         17360
  Nets With Violations:             0
  Max Trans Violations:             0
  Max Cap Violations:               0
  -----------------------------------


  Hostname: hades

  Compile CPU Statistics
  -----------------------------------------
  Resource Sharing:                   0.011
  Logic Optimization:                 1.137
  Mapping Optimization:               9.608
  -----------------------------------------
  Overall Compile Time:              26.108
  Overall Compile Wall Clock Time:   21.065

  --------------------------------------------------------------------

  Design  WNS: 0.000  TNS: 0.000  Number of Violating Paths: 0


  Design (Hold)  WNS: 0.010  TNS: 10.301  Number of Violating Paths: 1044

  --------------------------------------------------------------------


1
