# Preference setting overrides
gui_create_pref_key -category {Globals} -key {load_detail_for_funcov} -value_type {bool} -value {false}

# State setting overrides
gui_state_default_create -off -ini
gui_set_state_value -category Globals -key recent_databases -value {{gui_open_db -file /home/kch/work/TDRAM/run_app_platform/Device_top_sim_MAC/sim/dump/Dev_top_test.vpd -design V1} {gui_open_db -file /home/kch/work/TDRAM/run_app_platform/Device_top_sim_MAC/sim/dump/Dev_top_test.vpd -design V2} {gui_open_db -file /home/kch/work/TDRAM/KEIT_LUT/sim/dump/LUT.vpd -design V1} {gui_open_db -file /home/kch/work/TDRAM/KEIT_LUT/sim/dump/LUT.vpd -design V2} {gui_open_db -file /home/kch/work/TDRAM/LUT_test/sim/dump/LUT.vpd -design V1}}
gui_set_state_value -category Globals -key recent_sessions -value {{gui_load_session -ignore_errors -file /home/kch/work/TDRAM/run_app_platform/Device_top_sim_MAC/sim/DVEfiles//crash_06.26-17.43/dve_session06.26-17.43.tcl} {gui_load_session -ignore_errors -file /home/kch/work/TDRAM/run_app_platform/Device_top_sim_MAC/sim/dump/DVEfiles//crash_06.22-14.58/dve_session06.22-14.58.tcl} {gui_load_session -ignore_errors -file /home/kch/work/TDRAM/run_app_platform/Device_top_sim_MAC/sim/dump/DVEfiles//crash_06.22-00.14/dve_session06.22-00.14.tcl} {gui_load_session -ignore_errors -file /home/kch/work/TDRAM/run_app_platform/Device_top_sim_MAC/sim/dump/DVEfiles//crash_06.22-00.07/dve_session06.22-00.07.tcl} {gui_load_session -ignore_errors -file /home/kch/work/TDRAM/run_app_platform/Device_top_sim_MAC/sim/dump/DVEfiles//crash_06.21-22.29/dve_session06.21-22.29.tcl}}
gui_set_state_value -category Layout -key child_console_size_x -value 1849
gui_set_state_value -category Layout -key child_console_size_y -value 145
gui_set_state_value -category Layout -key child_data_coltype -value 390
gui_set_state_value -category Layout -key child_data_colvalue -value 412
gui_set_state_value -category Layout -key child_data_colvariable -value 565
gui_set_state_value -category Layout -key child_data_dockstate -value right
gui_set_state_value -category Layout -key child_data_size_x -value 1324
gui_set_state_value -category Layout -key child_data_size_y -value 826
gui_set_state_value -category Layout -key child_driver_size_x -value 1623
gui_set_state_value -category Layout -key child_driver_size_y -value 179
gui_set_state_value -category Layout -key child_hier_col3 -value {-1}
gui_set_state_value -category Layout -key child_hier_colhier -value 465
gui_set_state_value -category Layout -key child_hier_colpd -value 0
gui_set_state_value -category Layout -key child_hier_coltype -value 56
gui_set_state_value -category Layout -key child_hier_docknewline -value false
gui_set_state_value -category Layout -key child_hier_dockstate -value undocked
gui_set_state_value -category Layout -key child_hier_pos_x -value {-2}
gui_set_state_value -category Layout -key child_hier_pos_y -value {-15}
gui_set_state_value -category Layout -key child_hier_showstate -value maximized
gui_set_state_value -category Layout -key child_hier_size_x -value 529
gui_set_state_value -category Layout -key child_hier_size_y -value 821
gui_set_state_value -category Layout -key child_hier_sort_order -value 1
gui_set_state_value -category Layout -key child_list_down -value 190
gui_set_state_value -category Layout -key child_list_right -value 441
gui_set_state_value -category Layout -key child_source_docknewline -value false
gui_set_state_value -category Layout -key child_source_pos_x -value {-2}
gui_set_state_value -category Layout -key child_source_pos_y -value {-15}
gui_set_state_value -category Layout -key child_source_size_x -value 529
gui_set_state_value -category Layout -key child_source_size_y -value 821
gui_set_state_value -category Layout -key child_watch_size_x -value 1919
gui_set_state_value -category Layout -key child_watch_size_y -value 105
gui_set_state_value -category Layout -key child_wave_colname -value 246
gui_set_state_value -category Layout -key child_wave_colvalue -value 307
gui_set_state_value -category Layout -key child_wave_docknewline -value false
gui_set_state_value -category Layout -key child_wave_left -value 557
gui_set_state_value -category Layout -key child_wave_pos_x -value {-2}
gui_set_state_value -category Layout -key child_wave_pos_y -value {-15}
gui_set_state_value -category Layout -key child_wave_right -value 1357
gui_set_state_value -category Layout -key child_wave_size_x -value 1923
gui_set_state_value -category Layout -key child_wave_size_y -value 134
gui_set_state_value -category Layout -key main_pos_x -value 832
gui_set_state_value -category Layout -key main_pos_y -value 283
gui_set_state_value -category Layout -key main_size_x -value 2681
gui_set_state_value -category Layout -key main_size_y -value 1335
gui_set_state_value -category Layout -key stand_list_child_docknewline -value false
gui_set_state_value -category Layout -key stand_list_child_pos_x -value {-2}
gui_set_state_value -category Layout -key stand_list_child_pos_y -value {-15}
gui_set_state_value -category Layout -key stand_list_child_size_x -value 601
gui_set_state_value -category Layout -key stand_list_child_size_y -value 335
gui_set_state_value -category Layout -key stand_list_top_pos_x -value 552
gui_set_state_value -category Layout -key stand_list_top_pos_y -value 144
gui_set_state_value -category Layout -key stand_list_top_size_x -value 1148
gui_set_state_value -category Layout -key stand_list_top_size_y -value 640
gui_set_state_value -category Layout -key stand_wave_child_docknewline -value false
gui_set_state_value -category Layout -key stand_wave_child_pos_x -value {-2}
gui_set_state_value -category Layout -key stand_wave_child_pos_y -value {-15}
gui_set_state_value -category Layout -key stand_wave_child_size_x -value 1924
gui_set_state_value -category Layout -key stand_wave_child_size_y -value 970
gui_set_state_value -category Layout -key stand_wave_top_pos_x -value 1920
gui_set_state_value -category Layout -key stand_wave_top_pos_y -value 23
gui_set_state_value -category Layout -key stand_wave_top_size_x -value 3839
gui_set_state_value -category Layout -key stand_wave_top_size_y -value 1079
gui_create_state_key -category FindDialog -key m_pMatchCase -value_type bool -value false
gui_create_state_key -category FindDialog -key m_pMatchWord -value_type bool -value false
gui_create_state_key -category FindDialog -key m_pUseCombo -value_type string -value {}
gui_create_state_key -category FindDialog -key m_pWrapAround -value_type bool -value true
gui_create_state_key -category Widget_History -key TopLevel.1|qt_left_dock|DockWnd2|DLPane.1|pages|Data.1|hbox|textfilter -value_type string -value {*debug *replace* *debug* *_r*}
gui_create_state_key -category Widget_History -key TopLevel.1|qt_right_dock|DockWnd1|DLPane.1|pages|Data.1|hbox|textfilter -value_type string -value {*alu* *vec* *burst* *cnt*}
gui_create_state_key -category Widget_History -key dlgSearchValue|m_ValueComboBox -value_type string -value {1458 7 3 25}
gui_state_default_create -off

# Begin command logging
gui_open_db -file /home/kch/work/TDRAM/run_app_platform/Device_top_sim_MAC/sim/dump/Dev_top_test.vpd -design V1
gui_list_expand -id  Hier.1   testbench
gui_list_expand -id  Hier.1   testbench.U0_DEVICE
gui_list_select -id Hier.1 -current_item_name testbench.U0_DEVICE -current_item_type Scope  -selected  { testbench.U0_DEVICE   }
gui_list_select -id Hier.1 -current_item_name testbench.U0_DEVICE.U0_CHIP_TOP -current_item_type Scope  -selected  { testbench.U0_DEVICE.U0_CHIP_TOP   }
gui_list_expand -id  Hier.1   testbench.U0_DEVICE.U0_CHIP_TOP
gui_list_select -id Hier.1 -current_item_name {testbench.U0_DEVICE.U0_CHIP_TOP.BANK[0].U0_BANK_TOP} -current_item_type Scope  -selected  { {testbench.U0_DEVICE.U0_CHIP_TOP.BANK[0].U0_BANK_TOP}   }
gui_list_set_filter -id Data.1 -text {*vec*}
gui_list_select -id Data.1 -selected  { {testbench.U0_DEVICE.U0_CHIP_TOP.BANK[0].U0_BANK_TOP.vecA_0[127:0]}   }
gui_list_select -id Data.1 -selected  { {testbench.U0_DEVICE.U0_CHIP_TOP.BANK[0].U0_BANK_TOP.vecA_0[127:0]}  {testbench.U0_DEVICE.U0_CHIP_TOP.BANK[0].U0_BANK_TOP.vecA_1[127:0]}  {testbench.U0_DEVICE.U0_CHIP_TOP.BANK[0].U0_BANK_TOP.vecA_2[127:0]}  {testbench.U0_DEVICE.U0_CHIP_TOP.BANK[0].U0_BANK_TOP.vecA_3[127:0]}  {testbench.U0_DEVICE.U0_CHIP_TOP.BANK[0].U0_BANK_TOP.vecB_0[127:0]}  {testbench.U0_DEVICE.U0_CHIP_TOP.BANK[0].U0_BANK_TOP.vecB_1[127:0]}  {testbench.U0_DEVICE.U0_CHIP_TOP.BANK[0].U0_BANK_TOP.vecB_2[127:0]}  {testbench.U0_DEVICE.U0_CHIP_TOP.BANK[0].U0_BANK_TOP.vecB_3[127:0]}   }
gui_open_window Wave
gui_list_add -id Wave.1 -from Data.1 { {testbench.U0_DEVICE.U0_CHIP_TOP.BANK[0].U0_BANK_TOP.vecA_0[127:0]} {testbench.U0_DEVICE.U0_CHIP_TOP.BANK[0].U0_BANK_TOP.vecA_1[127:0]} {testbench.U0_DEVICE.U0_CHIP_TOP.BANK[0].U0_BANK_TOP.vecA_2[127:0]} {testbench.U0_DEVICE.U0_CHIP_TOP.BANK[0].U0_BANK_TOP.vecA_3[127:0]} {testbench.U0_DEVICE.U0_CHIP_TOP.BANK[0].U0_BANK_TOP.vecB_0[127:0]} {testbench.U0_DEVICE.U0_CHIP_TOP.BANK[0].U0_BANK_TOP.vecB_1[127:0]} {testbench.U0_DEVICE.U0_CHIP_TOP.BANK[0].U0_BANK_TOP.vecB_2[127:0]} {testbench.U0_DEVICE.U0_CHIP_TOP.BANK[0].U0_BANK_TOP.vecB_3[127:0]} } -insertionbar
gui_zoom -window Wave.1 -full
gui_marker_move -id  Wave.1 C1 137000
gui_zoom -window Wave.1 -factor 2
gui_zoom -window Wave.1 -factor 2
gui_zoom -window Wave.1 -factor 2
gui_zoom -window Wave.1 -factor 2
gui_zoom -window Wave.1 -factor 2
gui_zoom -window Wave.1 -factor 2
gui_zoom -window Wave.1 -factor 2
gui_zoom -window Wave.1 -factor 0.5
gui_marker_move -id  Wave.1 C1 159000
gui_zoom -window Wave.1 -factor 2
gui_zoom -window Wave.1 -factor 2
gui_zoom -window Wave.1 -factor 2
gui_zoom -window Wave.1 -factor 0.5
gui_zoom -window Wave.1 -factor 0.5
gui_zoom -window Wave.1 -factor 0.5
gui_zoom -window Wave.1 -factor 0.5
gui_zoom -window Wave.1 -factor 0.5
gui_zoom -window Wave.1 -factor 0.5
gui_zoom -window Wave.1 -factor 0.5
gui_zoom -window Wave.1 -factor 0.5
gui_marker_move -id  Wave.1 C1 3504182
gui_zoom -window Wave.1 -factor 2
gui_zoom -window Wave.1 -factor 2
gui_zoom -window Wave.1 -factor 2
gui_marker_move -id  Wave.1 C1 3417000
gui_zoom -window Wave.1 -factor 2
gui_zoom -window Wave.1 -factor 2
gui_zoom -window Wave.1 -factor 2
gui_zoom -window Wave.1 -factor 0.5
gui_zoom -window Wave.1 -factor 0.5
gui_zoom -window Wave.1 -factor 0.5
gui_zoom -window Wave.1 -factor 0.5
gui_zoom -window Wave.1 -factor 0.5
gui_zoom -window Wave.1 -factor 0.5
gui_zoom -window Wave.1 -factor 0.5
gui_zoom -window Wave.1 -factor 0.5
gui_marker_move -id  Wave.1 C1 6491000
gui_zoom -window Wave.1 -factor 2
gui_zoom -window Wave.1 -factor 2
gui_marker_move -id  Wave.1 C1 6695000
gui_zoom -window Wave.1 -factor 2
gui_zoom -window Wave.1 -factor 2
gui_zoom -window Wave.1 -factor 2
gui_zoom -window Wave.1 -factor 2
gui_zoom -window Wave.1 -factor 0.5
gui_marker_move -id  Wave.1 C1 6628009
gui_close_window -window TopLevel.2
gui_open_window Wave
gui_list_add -id Wave.1 -from Data.1 { {testbench.U0_DEVICE.U0_CHIP_TOP.BANK[0].U0_BANK_TOP.vecA_0[127:0]} {testbench.U0_DEVICE.U0_CHIP_TOP.BANK[0].U0_BANK_TOP.vecA_1[127:0]} {testbench.U0_DEVICE.U0_CHIP_TOP.BANK[0].U0_BANK_TOP.vecA_2[127:0]} {testbench.U0_DEVICE.U0_CHIP_TOP.BANK[0].U0_BANK_TOP.vecA_3[127:0]} {testbench.U0_DEVICE.U0_CHIP_TOP.BANK[0].U0_BANK_TOP.vecB_0[127:0]} {testbench.U0_DEVICE.U0_CHIP_TOP.BANK[0].U0_BANK_TOP.vecB_1[127:0]} {testbench.U0_DEVICE.U0_CHIP_TOP.BANK[0].U0_BANK_TOP.vecB_2[127:0]} {testbench.U0_DEVICE.U0_CHIP_TOP.BANK[0].U0_BANK_TOP.vecB_3[127:0]} } -insertionbar
gui_open_db -file /home/kch/work/TDRAM/run_app_platform/Device_top_sim_MAC/sim/dump/Dev_top_test.vpd -design V2
gui_save_session -reload -default_file
gui_wv_zoom_timerange -id  Wave.1 0 445
gui_wv_zoom_timerange -id  Wave.1 0 445
gui_zoom -window Wave.1 -full
gui_marker_move -id  Wave.1 C1 144000
gui_zoom -window Wave.1 -factor 2
gui_zoom -window Wave.1 -factor 2
gui_marker_move -id  Wave.1 C1 179855
gui_zoom -window Wave.1 -factor 2
gui_marker_move -id  Wave.1 C1 171771
gui_zoom -window Wave.1 -factor 2
gui_marker_move -id  Wave.1 C1 167000
gui_zoom -window Wave.1 -factor 2
gui_zoom -window Wave.1 -factor 2
gui_zoom -window Wave.1 -factor 2
gui_zoom -window Wave.1 -factor 2
gui_zoom -window Wave.1 -factor 0.5
gui_zoom -window Wave.1 -factor 0.5
gui_zoom -window Wave.1 -factor 0.5
gui_marker_move -id  Wave.1 C1 160000
gui_zoom -window Wave.1 -factor 2
gui_zoom -window Wave.1 -factor 2
gui_zoom -window Wave.1 -factor 0.5
gui_open_db -file /home/kch/work/TDRAM/run_app_platform/Device_top_sim_MAC/sim/dump/Dev_top_test.vpd -design V2
gui_save_session -reload -default_file
gui_wv_zoom_timerange -id  Wave.1 150503 174192
gui_wv_zoom_timerange -id  Wave.1 150503 174192
gui_wv_zoom_timerange -id  Wave.1 150503 174210
gui_marker_move -id  Wave.1 C1 151478
gui_zoom -window Wave.1 -factor 0.5
gui_zoom -window Wave.1 -factor 0.5
gui_zoom -window Wave.1 -factor 2
gui_zoom -window Wave.1 -factor 2
gui_zoom -window Wave.1 -factor 0.5
gui_marker_move -id  Wave.1 C1 135430
gui_marker_move -id  Wave.1 C1 137000
gui_zoom -window Wave.1 -factor 0.5
gui_zoom -window Wave.1 -factor 0.5
gui_zoom -window Wave.1 -full
gui_zoom -window Wave.1 -factor 2
gui_zoom -window Wave.1 -factor 2
gui_zoom -window Wave.1 -factor 2
gui_zoom -window Wave.1 -factor 2
gui_zoom -window Wave.1 -factor 0.5
gui_zoom -window Wave.1 -factor 0.5
gui_zoom -window Wave.1 -factor 0.5
gui_marker_move -id  Wave.1 C1 444000
gui_zoom -window Wave.1 -factor 2
gui_zoom -window Wave.1 -factor 2
gui_zoom -window Wave.1 -factor 2
gui_zoom -window Wave.1 -factor 2
gui_marker_move -id  Wave.1 C1 448488
gui_marker_move -id  Wave.1 C1 446000
gui_zoom -window Wave.1 -factor 0.5
gui_list_set_filter -id Data.1 -text {*cnt*}
gui_list_select -id Data.1 -selected  { {testbench.U0_DEVICE.U0_CHIP_TOP.BANK[0].U0_BANK_TOP.global_burst_cnt[7:0]}   }
gui_list_select -id Data.1 -selected  { {testbench.U0_DEVICE.U0_CHIP_TOP.BANK[0].U0_BANK_TOP.global_burst_cnt[7:0]}  {testbench.U0_DEVICE.U0_CHIP_TOP.BANK[0].U0_BANK_TOP.global_burst_cnt_rst}   }
gui_copy_selected -id Data.1
gui_copy_selected -id Data.1
gui_copy_selected -id Data.1
gui_copy_selected -id Data.1
gui_copy_selected -id Data.1
gui_paste_clipboard -id Wave.1
gui_marker_move -id  Wave.1 C1 443000
gui_marker_move -id  Wave.1 C1 450754
gui_zoom -window Wave.1 -factor 2
gui_zoom -window Wave.1 -factor 2
gui_marker_move -id  Wave.1 C1 443000
gui_marker_select -id  Wave.1 { C1 }
gui_marker_move -id  Wave.1 C1 443000
gui_zoom -window Wave.1 -factor 2
gui_zoom -window Wave.1 -factor 0.5
gui_list_set_filter -id Data.1 -text {*src*}
gui_list_select -id Data.1 -selected  { {testbench.U0_DEVICE.U0_CHIP_TOP.BANK[0].U0_BANK_TOP.srcA_temp[127:0]}   }
gui_list_select -id Data.1 -selected  { {testbench.U0_DEVICE.U0_CHIP_TOP.BANK[0].U0_BANK_TOP.alu_src1[0:7][15:0]}   }
gui_list_select -id Data.1 -selected  { {testbench.U0_DEVICE.U0_CHIP_TOP.BANK[0].U0_BANK_TOP.alu_src0[0:7][15:0]}  {testbench.U0_DEVICE.U0_CHIP_TOP.BANK[0].U0_BANK_TOP.alu_src1[0:7][15:0]}   }
gui_copy_selected -id Data.1
gui_copy_selected -id Data.1
gui_copy_selected -id Data.1
gui_paste_clipboard -id Wave.1
gui_list_expand -id  Wave.1   {testbench.U0_DEVICE.U0_CHIP_TOP.BANK[0].U0_BANK_TOP.alu_src1[0:7][15:0]}
gui_list_expand -id  Wave.1   {testbench.U0_DEVICE.U0_CHIP_TOP.BANK[0].U0_BANK_TOP.alu_src0[0:7][15:0]}
gui_marker_move -id  Wave.1 C1 444000
gui_marker_move -id  Wave.1 C1 445000
gui_zoom -window Wave.1 -factor 2
gui_zoom -window Wave.1 -factor 2
gui_zoom -window Wave.1 -factor 0.5
gui_list_set_filter -id Data.1 -text {*cnt*}
gui_list_select -id Data.1 -selected  { {testbench.U0_DEVICE.U0_CHIP_TOP.BANK[0].U0_BANK_TOP.vecB_layout_cnt[1:0]}   }
gui_list_select -id Data.1 -selected  { {testbench.U0_DEVICE.U0_CHIP_TOP.BANK[0].U0_BANK_TOP.acc_move_burst_cnt[1:0]}   }
gui_list_select -id Data.1 -selected  { {testbench.U0_DEVICE.U0_CHIP_TOP.BANK[0].U0_BANK_TOP.vecB_layout_cnt[1:0]}   }
gui_list_select -id Data.1 -selected  { {testbench.U0_DEVICE.U0_CHIP_TOP.BANK[0].U0_BANK_TOP.vecA_layout_cnt[4:0]}  {testbench.U0_DEVICE.U0_CHIP_TOP.BANK[0].U0_BANK_TOP.vecB_layout_cnt[1:0]}   }
gui_copy_selected -id Data.1
gui_copy_selected -id Data.1
gui_copy_selected -id Data.1
gui_copy_selected -id Data.1
gui_copy_selected -id Data.1
gui_copy_selected -id Data.1
gui_copy_selected -id Data.1
gui_copy_selected -id Data.1
gui_paste_clipboard -id Wave.1
gui_list_select -id Wave.1 -selected  { {testbench.U0_DEVICE.U0_CHIP_TOP.BANK[0].U0_BANK_TOP.vecB_layout_cnt[1:0]}   }
gui_zoom -window Wave.1 -factor 0.5
gui_zoom -window Wave.1 -factor 0.5
gui_list_select -id Wave.1 -selected  { {testbench.U0_DEVICE.U0_CHIP_TOP.BANK[0].U0_BANK_TOP.vecA_layout_cnt[4:0]}  {testbench.U0_DEVICE.U0_CHIP_TOP.BANK[0].U0_BANK_TOP.vecB_layout_cnt[1:0]}   }
gui_list_set_selected_property -id Wave.1 -radix decimal
gui_marker_move -id  Wave.1 C1 457000
gui_zoom -window Wave.1 -factor 0.5
gui_marker_move -id  Wave.1 C1 475000
gui_zoom -window Wave.1 -factor 2
gui_marker_move -id  Wave.1 C1 443000
gui_marker_create -id  Wave.1 M1 443000
gui_marker_move -id  Wave.1 C1 475000
gui_marker_create -id  Wave.1 M2 475000
gui_marker_move -id  Wave.1 C1 482185
gui_marker_move -id  Wave.1 C1 458000
gui_marker_move -id  Wave.1 C1 450000
gui_zoom -window Wave.1 -factor 2
gui_marker_move -id  Wave.1 C1 445000
gui_zoom -window Wave.1 -factor 0.5
gui_marker_move -id  Wave.1 C1 473000
gui_zoom -window Wave.1 -factor 2
gui_zoom -window Wave.1 -factor 0.5
gui_list_select -id Wave.1 -selected  { {testbench.U0_DEVICE.U0_CHIP_TOP.BANK[0].U0_BANK_TOP.vecA_layout_cnt[4:0]}   }
gui_list_select -id Wave.1 -selected  { {testbench.U0_DEVICE.U0_CHIP_TOP.BANK[0].U0_BANK_TOP.vecB_layout_cnt[1:0]}   }
gui_list_select -id Data.1 -selected  {  }
gui_list_set_filter -id Data.1 -text {*pos*}
gui_list_select -id Data.1 -selected  { {testbench.U0_DEVICE.U0_CHIP_TOP.BANK[0].U0_BANK_TOP.cnt_for_LUT_pos[6:0]}   }
gui_copy_selected -id Data.1
gui_copy_selected -id Data.1
gui_copy_selected -id Data.1
gui_list_select -id Wave.1 -selected  {  }
gui_paste_clipboard -id Wave.1
gui_list_select -id Wave.1 -selected  { {testbench.U0_DEVICE.U0_CHIP_TOP.BANK[0].U0_BANK_TOP.cnt_for_LUT_pos[6:0]}   }
gui_marker_move -id  Wave.1 C1 444870
gui_marker_move -id  Wave.1 C1 446000
gui_list_sort -id  Data.1   {Variable}
gui_list_expand -id  Hier.1   {testbench.U0_DEVICE.U0_CHIP_TOP.BANK[0].U0_BANK_TOP}
gui_list_select -id Hier.1 -current_item_name {testbench.U0_DEVICE.U0_CHIP_TOP.BANK[0].U0_BANK_TOP.BFLOAT16_ALU[0].NORM_LOGIC} -current_item_type Scope  -selected  { {testbench.U0_DEVICE.U0_CHIP_TOP.BANK[0].U0_BANK_TOP.BFLOAT16_ALU[0].NORM_LOGIC}   }
gui_list_select -id Hier.1 -current_item_name {testbench.U0_DEVICE.U0_CHIP_TOP.BANK[0].U0_BANK_TOP.BFLOAT16_ALU[0].BFLOAT_ALU} -current_item_type Scope  -selected  { {testbench.U0_DEVICE.U0_CHIP_TOP.BANK[0].U0_BANK_TOP.BFLOAT16_ALU[0].BFLOAT_ALU}   }
gui_list_set_filter -id Data.1 -text {*norm*}
gui_list_select -id Data.1 -selected  { {testbench.U0_DEVICE.U0_CHIP_TOP.BANK[0].U0_BANK_TOP.BFLOAT16_ALU[0].BFLOAT_ALU.deNorm_acc_move_sign}   }
gui_list_select -id Data.1 -selected  { {testbench.U0_DEVICE.U0_CHIP_TOP.BANK[0].U0_BANK_TOP.BFLOAT16_ALU[0].BFLOAT_ALU.debug_ADD0_in_result_norm[15:0]}   }
gui_list_select -id Data.1 -selected  { {testbench.U0_DEVICE.U0_CHIP_TOP.BANK[0].U0_BANK_TOP.BFLOAT16_ALU[0].BFLOAT_ALU.debug_ADD0_in_result_norm[15:0]}  {testbench.U0_DEVICE.U0_CHIP_TOP.BANK[0].U0_BANK_TOP.BFLOAT16_ALU[0].BFLOAT_ALU.debug_accO_r_norm[15:0]}   }
gui_copy_selected -id Data.1
gui_copy_selected -id Data.1
gui_copy_selected -id Data.1
gui_copy_selected -id Data.1
gui_copy_selected -id Data.1
gui_copy_selected -id Data.1
gui_list_select -id Wave.1 -selected  { {New Group}   }
gui_list_select -id Wave.1 -selected  { {testbench.U0_DEVICE.U0_CHIP_TOP.BANK[0].U0_BANK_TOP.cnt_for_LUT_pos[6:0]}   }
gui_paste_clipboard -id Wave.1
gui_list_select -id Wave.1 -selected  { {testbench.U0_DEVICE.U0_CHIP_TOP.BANK[0].U0_BANK_TOP.BFLOAT16_ALU[0].BFLOAT_ALU.debug_accO_r_norm[15:0]}   }
gui_marker_move -id  Wave.1 C1 446000
gui_marker_move -id  Wave.1 C1 445000
gui_zoom -window Wave.1 -factor 2
gui_list_select -id Wave.1 -selected  { {testbench.U0_DEVICE.U0_CHIP_TOP.BANK[0].U0_BANK_TOP.BFLOAT16_ALU[0].BFLOAT_ALU.debug_ADD0_in_result_norm[15:0]}   }
gui_marker_move -id  Wave.1 C1 445000
gui_marker_create -id  Wave.1 M3 445000
gui_list_select -id Wave.1 -selected  { {testbench.U0_DEVICE.U0_CHIP_TOP.BANK[0].U0_BANK_TOP.cnt_for_LUT_pos[6:0]}   }
gui_marker_move -id  Wave.1 C1 446000
gui_marker_move -id  Wave.1 C1 447000
gui_list_select -id Wave.1 -selected  { {testbench.U0_DEVICE.U0_CHIP_TOP.BANK[0].U0_BANK_TOP.BFLOAT16_ALU[0].BFLOAT_ALU.debug_accO_r_norm[15:0]}   }
gui_list_set_filter -id Data.1 -text {*alu*}
gui_list_select -id Hier.1 -current_item_name {testbench.U0_DEVICE.U0_CHIP_TOP.BANK[1].U0_BANK_TOP} -current_item_type Scope  -selected  { {testbench.U0_DEVICE.U0_CHIP_TOP.BANK[1].U0_BANK_TOP}   }
gui_list_select -id Hier.1 -current_item_name {testbench.U0_DEVICE.U0_CHIP_TOP.BANK[0].U0_BANK_TOP} -current_item_type Scope  -selected  { {testbench.U0_DEVICE.U0_CHIP_TOP.BANK[0].U0_BANK_TOP}   }
gui_list_select -id Data.1 -selected  { {testbench.U0_DEVICE.U0_CHIP_TOP.BANK[0].U0_BANK_TOP.alu_result_sign[7:0]}   }
gui_list_select -id Data.1 -selected  { {testbench.U0_DEVICE.U0_CHIP_TOP.BANK[0].U0_BANK_TOP.alu_result_mant[0:7][15:0]}   }
gui_list_select -id Data.1 -selected  { {testbench.U0_DEVICE.U0_CHIP_TOP.BANK[0].U0_BANK_TOP.alu_result_sign[7:0]}   }
gui_copy_selected -id Data.1
gui_copy_selected -id Data.1
gui_copy_selected -id Data.1
gui_paste_clipboard -id Wave.1
gui_list_expand -id  Wave.1   {testbench.U0_DEVICE.U0_CHIP_TOP.BANK[0].U0_BANK_TOP.alu_result_sign[7:0]}
gui_marker_move -id  Wave.1 C1 446000
gui_list_set_filter -id Data.1 -text {*norm*}
gui_list_select -id Data.1 -selected  { {testbench.U0_DEVICE.U0_CHIP_TOP.BANK[0].U0_BANK_TOP.norm_in_r[0:7][21:0]}   }
gui_copy_selected -id Data.1
gui_copy_selected -id Data.1
gui_copy_selected -id Data.1
gui_copy_selected -id Data.1
gui_copy_selected -id Data.1
gui_copy_selected -id Data.1
gui_copy_selected -id Data.1
gui_copy_selected -id Data.1
gui_copy_selected -id Data.1
gui_copy_selected -id Data.1
gui_copy_selected -id Data.1
gui_list_select -id Wave.1 -selected  { {testbench.U0_DEVICE.U0_CHIP_TOP.BANK[0].U0_BANK_TOP.alu_result_sign[7:0]}   }
gui_paste_clipboard -id Wave.1
gui_list_select -id Wave.1 -selected  { {testbench.U0_DEVICE.U0_CHIP_TOP.BANK[0].U0_BANK_TOP.norm_in_r[0:7][21:0]}   }
gui_list_expand -id  Wave.1   {testbench.U0_DEVICE.U0_CHIP_TOP.BANK[0].U0_BANK_TOP.norm_in_r[0:7][21:0]}
gui_marker_move -id  Wave.1 C1 447000
gui_zoom -window Wave.1 -factor 2
gui_marker_move -id  Wave.1 C1 446000
gui_marker_move -id  Wave.1 C1 453000
gui_zoom -window Wave.1 -factor 0.5
gui_zoom -window Wave.1 -factor 0.5
gui_zoom -window Wave.1 -factor 2
gui_zoom -window Wave.1 -factor 2
gui_zoom -window Wave.1 -factor 0.5
gui_copy_selected -id Wave.1
gui_delete_selected -id  Wave.1
gui_open_db -file /home/kch/work/TDRAM/run_app_platform/Device_top_sim_MAC/sim/dump/Dev_top_test.vpd -design V2
gui_save_session -reload -default_file
gui_wv_zoom_timerange -id  Wave.1 438643 466244
gui_wv_zoom_timerange -id  Wave.1 438643 466244
gui_copy_selected -id Data.1
gui_copy_selected -id Data.1
gui_copy_selected -id Data.1
gui_paste_clipboard -id Wave.1
gui_list_expand -id  Wave.1   {testbench.U0_DEVICE.U0_CHIP_TOP.BANK[0].U0_BANK_TOP.norm_in_r[0:7][21:0]}
gui_list_select -id Wave.1 -selected  { {testbench.U0_DEVICE.U0_CHIP_TOP.BANK[0].U0_BANK_TOP.norm_in_r[0][21:0]}   }
gui_marker_move -id  Wave.1 C1 447000
gui_marker_move -id  Wave.1 C1 446000
gui_marker_move -id  Wave.1 C1 447000
gui_marker_move -id  Wave.1 C1 447000
gui_zoom -window Wave.1 -factor 2
gui_zoom -window Wave.1 -factor 2
gui_zoom -window Wave.1 -factor 0.5
gui_list_select -id Wave.1 -selected  { {testbench.U0_DEVICE.U0_CHIP_TOP.BANK[0].U0_BANK_TOP.norm_in_r[1][21:0]}   }
gui_list_select -id Wave.1 -selected  { {testbench.U0_DEVICE.U0_CHIP_TOP.BANK[0].U0_BANK_TOP.norm_in_r[0][21:0]}   }
gui_marker_move -id  Wave.1 C1 446000
gui_list_select -id Wave.1 -selected  { {testbench.U0_DEVICE.U0_CHIP_TOP.BANK[0].U0_BANK_TOP.alu_result_sign[0]}   }
gui_list_set_filter -id Data.1 -text {*PIM*}
gui_list_select -id Data.1 -selected  { {testbench.U0_DEVICE.U0_CHIP_TOP.BANK[0].U0_BANK_TOP.PIM_vecB_read_burst_rr}   }
gui_list_select -id Data.1 -selected  { {testbench.U0_DEVICE.U0_CHIP_TOP.BANK[0].U0_BANK_TOP.PIM_vecB_read_burst_rrr}   }
gui_copy_selected -id Data.1
gui_copy_selected -id Data.1
gui_copy_selected -id Data.1
gui_copy_selected -id Data.1
gui_list_select -id Wave.1 -selected  { {testbench.U0_DEVICE.U0_CHIP_TOP.BANK[0].U0_BANK_TOP.norm_in_r[0:7][21:0]}   }
gui_paste_clipboard -id Wave.1
gui_list_select -id Wave.1 -selected  { {testbench.U0_DEVICE.U0_CHIP_TOP.BANK[0].U0_BANK_TOP.PIM_vecB_read_burst_rrr}   }
gui_marker_move -id  Wave.1 C1 445327
gui_marker_move -id  Wave.1 C1 445000
gui_list_select -id Wave.1 -selected  { {testbench.U0_DEVICE.U0_CHIP_TOP.BANK[0].U0_BANK_TOP.norm_in_r[0:7][21:0]}   }
gui_list_select -id Wave.1 -selected  { {testbench.U0_DEVICE.U0_CHIP_TOP.BANK[0].U0_BANK_TOP.norm_in_r[0][21:0]}   }
gui_marker_move -id  Wave.1 C1 447505
gui_marker_move -id  Wave.1 C1 447000
gui_list_select -id Wave.1 -selected  { {testbench.U0_DEVICE.U0_CHIP_TOP.BANK[0].U0_BANK_TOP.norm_in_r[0][21:0]}  {testbench.U0_DEVICE.U0_CHIP_TOP.BANK[0].U0_BANK_TOP.alu_result_sign[0]}   }
gui_marker_move -id  Wave.1 C1 448000
gui_marker_move -id  Wave.1 C1 449000
gui_marker_move -id  Wave.1 C1 450000
gui_marker_move -id  Wave.1 C1 451000
gui_marker_move -id  Wave.1 C1 452000
gui_marker_move -id  Wave.1 C1 447000
gui_zoom -window Wave.1 -factor 0.5
gui_zoom -window Wave.1 -factor 0.5
gui_zoom -window Wave.1 -factor 0.5
gui_marker_move -id  Wave.1 C1 476000
gui_zoom -window Wave.1 -factor 2
gui_zoom -window Wave.1 -factor 2
gui_zoom -window Wave.1 -factor 2
gui_zoom -window Wave.1 -factor 0.5
gui_open_db -file /home/kch/work/TDRAM/run_app_platform/Device_top_sim_MAC/sim/dump/Dev_top_test.vpd -design V2
gui_save_session -reload -default_file
gui_wv_zoom_timerange -id  Wave.1 458751 486352
gui_wv_zoom_timerange -id  Wave.1 458751 486352
gui_marker_move -id  Wave.1 C1 479498
gui_marker_move -id  Wave.1 C1 478000
gui_zoom -window Wave.1 -factor 0.5
gui_zoom -window Wave.1 -factor 0.5
gui_zoom -window Wave.1 -factor 0.5
gui_marker_unselect -id  Wave.1 { C1 }
gui_marker_select -id  Wave.1 { M1 }
gui_marker_move -id  Wave.1 C1 447000
gui_zoom -window Wave.1 -factor 2
gui_zoom -window Wave.1 -factor 2
gui_zoom -window Wave.1 -factor 2
gui_zoom -window Wave.1 -factor 2
gui_zoom -window Wave.1 -factor 0.5
gui_zoom -window Wave.1 -factor 0.5
gui_zoom -window Wave.1 -factor 0.5
gui_marker_move -id  Wave.1 C1 478000
gui_zoom -window Wave.1 -factor 2
gui_zoom -window Wave.1 -factor 2
gui_zoom -window Wave.1 -factor 2
gui_zoom -window Wave.1 -factor 0.5
gui_marker_move -id  Wave.1 C1 480000
gui_marker_move -id  Wave.1 C1 479000
gui_marker_move -id  Wave.1 C1 479000
gui_zoom -window Wave.1 -factor 2
gui_zoom -window Wave.1 -factor 2
gui_zoom -window Wave.1 -factor 0.5
gui_marker_move -id  Wave.1 C1 478000
gui_marker_move -id  Wave.1 C1 477000
gui_marker_move -id  Wave.1 C1 477791
gui_list_select -id Wave.1 -selected  { {testbench.U0_DEVICE.U0_CHIP_TOP.BANK[0].U0_BANK_TOP.cnt_for_LUT_pos[6:0]}   }
gui_list_set_selected_property -id Wave.1 -radix decimal
gui_marker_move -id  Wave.1 C1 478349
gui_marker_move -id  Wave.1 C1 478000
gui_marker_move -id  Wave.1 C1 477000
gui_marker_move -id  Wave.1 C1 477000
gui_list_select -id Wave.1 -selected  { {testbench.U0_DEVICE.U0_CHIP_TOP.BANK[0].U0_BANK_TOP.BFLOAT16_ALU[0].BFLOAT_ALU.debug_ADD0_in_result_norm[15:0]}   }
gui_list_select -id Wave.1 -selected  { {testbench.U0_DEVICE.U0_CHIP_TOP.BANK[0].U0_BANK_TOP.cnt_for_LUT_pos[6:0]}   }
gui_list_select -id Wave.1 -selected  { {testbench.U0_DEVICE.U0_CHIP_TOP.BANK[0].U0_BANK_TOP.PIM_vecB_read_burst_rrr}   }
gui_list_set_filter -id Data.1 -text {*cnt*}
gui_list_select -id Data.1 -selected  { {testbench.U0_DEVICE.U0_CHIP_TOP.BANK[0].U0_BANK_TOP.global_burst_cnt_r[7:0]}   }
gui_list_select -id Data.1 -selected  { {testbench.U0_DEVICE.U0_CHIP_TOP.BANK[0].U0_BANK_TOP.global_burst_cnt[7:0]}   }
gui_list_select -id Data.1 -selected  { {testbench.U0_DEVICE.U0_CHIP_TOP.BANK[0].U0_BANK_TOP.global_burst_cnt[7:0]}  {testbench.U0_DEVICE.U0_CHIP_TOP.BANK[0].U0_BANK_TOP.global_burst_cnt_r[7:0]}  {testbench.U0_DEVICE.U0_CHIP_TOP.BANK[0].U0_BANK_TOP.global_burst_cnt_rr[7:0]}  {testbench.U0_DEVICE.U0_CHIP_TOP.BANK[0].U0_BANK_TOP.global_burst_cnt_rrr[7:0]}  {testbench.U0_DEVICE.U0_CHIP_TOP.BANK[0].U0_BANK_TOP.global_burst_cnt_rrrr[7:0]}  {testbench.U0_DEVICE.U0_CHIP_TOP.BANK[0].U0_BANK_TOP.global_burst_cnt_rrrrr[7:0]}   }
gui_list_select -id Data.1 -selected  { {testbench.U0_DEVICE.U0_CHIP_TOP.BANK[0].U0_BANK_TOP.global_burst_cnt_rrr[7:0]}   }
gui_copy_selected -id Data.1
gui_copy_selected -id Data.1
gui_copy_selected -id Data.1
gui_copy_selected -id Data.1
gui_paste_clipboard -id Wave.1
gui_list_select -id Wave.1 -selected  { {testbench.U0_DEVICE.U0_CHIP_TOP.BANK[0].U0_BANK_TOP.global_burst_cnt_rrr[7:0]}   }
gui_list_set_selected_property -id Wave.1 -radix decimal
gui_zoom -window Wave.1 -factor 0.5
gui_zoom -window Wave.1 -factor 0.5
gui_zoom -window Wave.1 -factor 0.5
gui_zoom -window Wave.1 -factor 2
gui_zoom -window Wave.1 -factor 2
gui_zoom -window Wave.1 -factor 2
gui_zoom -window Wave.1 -factor 2
gui_zoom -window Wave.1 -factor 0.5
gui_list_select -id Wave.1 -selected  { {testbench.U0_DEVICE.U0_CHIP_TOP.BANK[0].U0_BANK_TOP.norm_in_r[0][21:0]}   }
gui_list_select -id Wave.1 -selected  { {testbench.U0_DEVICE.U0_CHIP_TOP.BANK[0].U0_BANK_TOP.PIM_vecB_read_burst_rrr}   }
gui_marker_move -id  Wave.1 C1 477327
gui_marker_move -id  Wave.1 C1 476264
gui_marker_move -id  Wave.1 C1 477000
gui_list_select -id Wave.1 -selected  { {testbench.U0_DEVICE.U0_CHIP_TOP.BANK[0].U0_BANK_TOP.cnt_for_LUT_pos[6:0]}   }
gui_marker_move -id  Wave.1 C1 476511
gui_marker_move -id  Wave.1 C1 477533
gui_list_select -id Wave.1 -selected  { {testbench.U0_DEVICE.U0_CHIP_TOP.BANK[0].U0_BANK_TOP.global_burst_cnt_rrr[7:0]}   }
gui_list_set_selected_property -id Wave.1 -radix binary
gui_marker_move -id  Wave.1 C1 477254
gui_marker_move -id  Wave.1 C1 477007
gui_zoom -window Wave.1 -factor 0.5
gui_zoom -window Wave.1 -factor 0.5
gui_zoom -window Wave.1 -factor 0.5
gui_marker_move -id  Wave.1 C1 509000
gui_zoom -window Wave.1 -factor 2
gui_zoom -window Wave.1 -factor 2
gui_zoom -window Wave.1 -factor 2
gui_zoom -window Wave.1 -factor 2
gui_marker_move -id  Wave.1 C1 508527
gui_marker_move -id  Wave.1 C1 508496
gui_marker_move -id  Wave.1 C1 508460
gui_open_db -file /home/kch/work/TDRAM/run_app_platform/Device_top_sim_MAC/sim/dump/Dev_top_test.vpd -design V2
gui_save_session -reload -default_file
gui_wv_zoom_timerange -id  Wave.1 503551 510452
gui_wv_zoom_timerange -id  Wave.1 503551 510452
gui_marker_move -id  Wave.1 C1 506793
gui_list_select -id Wave.1 -selected  { {testbench.U0_DEVICE.U0_CHIP_TOP.BANK[0].U0_BANK_TOP.cnt_for_LUT_pos[6:0]}   }
gui_marker_move -id  Wave.1 C1 509000
gui_zoom -window Wave.1 -factor 0.5
gui_zoom -window Wave.1 -factor 0.5
gui_zoom -window Wave.1 -factor 0.5
gui_zoom -window Wave.1 -factor 2
gui_zoom -window Wave.1 -factor 2
gui_zoom -window Wave.1 -factor 0.5
gui_zoom -window Wave.1 -factor 0.5
gui_marker_move -id  Wave.1 C1 526000
gui_zoom -window Wave.1 -factor 2
gui_zoom -window Wave.1 -factor 2
gui_zoom -window Wave.1 -factor 0.5
gui_zoom -window Wave.1 -factor 0.5
gui_zoom -window Wave.1 -factor 0.5
gui_zoom -window Wave.1 -factor 0.5
gui_list_select -id Wave.1 -selected  { {testbench.U0_DEVICE.U0_CHIP_TOP.BANK[0].U0_BANK_TOP.norm_in_r[1][21:0]}   }
gui_list_select -id Wave.1 -selected  { {testbench.U0_DEVICE.U0_CHIP_TOP.BANK[0].U0_BANK_TOP.norm_in_r[0][21:0]}   }
gui_list_select -id Wave.1 -selected  { {testbench.U0_DEVICE.U0_CHIP_TOP.BANK[0].U0_BANK_TOP.norm_in_r[0][21:0]}  {testbench.U0_DEVICE.U0_CHIP_TOP.BANK[0].U0_BANK_TOP.norm_in_r[1][21:0]}  {testbench.U0_DEVICE.U0_CHIP_TOP.BANK[0].U0_BANK_TOP.norm_in_r[2][21:0]}  {testbench.U0_DEVICE.U0_CHIP_TOP.BANK[0].U0_BANK_TOP.norm_in_r[3][21:0]}  {testbench.U0_DEVICE.U0_CHIP_TOP.BANK[0].U0_BANK_TOP.norm_in_r[4][21:0]}  {testbench.U0_DEVICE.U0_CHIP_TOP.BANK[0].U0_BANK_TOP.norm_in_r[5][21:0]}  {testbench.U0_DEVICE.U0_CHIP_TOP.BANK[0].U0_BANK_TOP.norm_in_r[6][21:0]}  {testbench.U0_DEVICE.U0_CHIP_TOP.BANK[0].U0_BANK_TOP.norm_in_r[7][21:0]}   }
gui_list_set_selected_property -id Wave.1 -radix decimal
gui_zoom -window Wave.1 -factor 2
gui_zoom -window Wave.1 -factor 2
gui_zoom -window Wave.1 -factor 2
gui_zoom -window Wave.1 -factor 0.5
gui_zoom -window Wave.1 -factor 0.5
gui_marker_move -id  Wave.1 C1 542000
gui_zoom -window Wave.1 -factor 0.5
gui_marker_move -id  Wave.1 C1 566000
gui_marker_move -id  Wave.1 C1 575206
gui_marker_move -id  Wave.1 C1 573000
gui_list_select -id Wave.1 -selected  { {testbench.U0_DEVICE.U0_CHIP_TOP.BANK[0].U0_BANK_TOP.global_burst_cnt[7:0]}   }
gui_list_select -id Wave.1 -selected  { {testbench.U0_DEVICE.U0_CHIP_TOP.BANK[0].U0_BANK_TOP.global_burst_cnt_rst}   }
gui_list_select -id Wave.1 -selected  { {testbench.U0_DEVICE.U0_CHIP_TOP.BANK[0].U0_BANK_TOP.vecA_3[127:0]}   }
gui_list_select -id Wave.1 -selected  { {testbench.U0_DEVICE.U0_CHIP_TOP.BANK[0].U0_BANK_TOP.vecB_0[127:0]}   }
gui_zoom -window Wave.1 -factor 2
gui_zoom -window Wave.1 -factor 2
gui_zoom -window Wave.1 -factor 0.5
gui_zoom -window Wave.1 -factor 0.5
gui_zoom -window Wave.1 -factor 0.5
gui_marker_move -id  Wave.1 C1 443000
gui_marker_move -id  Wave.1 C1 465712
gui_zoom -window Wave.1 -factor 2
gui_zoom -window Wave.1 -factor 2
gui_zoom -window Wave.1 -factor 2
gui_marker_move -id  Wave.1 C1 473688
gui_zoom -window Wave.1 -factor 2
gui_zoom -window Wave.1 -factor 0.5
gui_zoom -window Wave.1 -factor 0.5
gui_list_select -id Wave.1 -selected  { {testbench.U0_DEVICE.U0_CHIP_TOP.BANK[0].U0_BANK_TOP.global_burst_cnt[7:0]}   }
gui_list_set_selected_property -id Wave.1 -radix decimal
gui_zoom -window Wave.1 -factor 2
gui_zoom -window Wave.1 -factor 2
gui_marker_move -id  Wave.1 C1 476000
gui_marker_move -id  Wave.1 C1 481000
gui_marker_move -id  Wave.1 C1 479498
gui_marker_move -id  Wave.1 C1 480000
gui_list_select -id Data.1 -selected  { {testbench.U0_DEVICE.U0_CHIP_TOP.BANK[0].U0_BANK_TOP.global_burst_cnt_rrrrr[7:0]}   }
gui_copy_selected -id Data.1
gui_copy_selected -id Data.1
gui_copy_selected -id Data.1
gui_list_action -id  Wave.1 {testbench.U0_DEVICE.U0_CHIP_TOP.BANK[0].U0_BANK_TOP.global_burst_cnt[7:0]}
gui_get_drivers -id Wave.1 -signal {testbench.U0_DEVICE.U0_CHIP_TOP.BANK[0].U0_BANK_TOP.global_burst_cnt[7:0]}
gui_list_select -id Wave.1 -selected  {  }
gui_paste_clipboard -id Wave.1
gui_list_select -id Wave.1 -selected  { {testbench.U0_DEVICE.U0_CHIP_TOP.BANK[0].U0_BANK_TOP.global_burst_cnt_rrrrr[7:0]}   }
gui_list_move  -id  Wave.1    -sid  Wave.1   -after {testbench.U0_DEVICE.U0_CHIP_TOP.BANK[0].U0_BANK_TOP.vecB_3[127:0]} {{testbench.U0_DEVICE.U0_CHIP_TOP.BANK[0].U0_BANK_TOP.global_burst_cnt_rrrrr[7:0]}} 
gui_list_select -id Wave.1 -selected  { {testbench.U0_DEVICE.U0_CHIP_TOP.BANK[0].U0_BANK_TOP.vecB_3[127:0]}   }
gui_list_set_selected_property -id Wave.1 -radix decimal
gui_list_set_selected_property -id Wave.1 -radix hex
gui_list_select -id Wave.1 -selected  { {testbench.U0_DEVICE.U0_CHIP_TOP.BANK[0].U0_BANK_TOP.global_burst_cnt_rrrrr[7:0]}   }
gui_list_set_selected_property -id Wave.1 -radix decimal
gui_list_select -id Wave.1 -selected  { {testbench.U0_DEVICE.U0_CHIP_TOP.BANK[0].U0_BANK_TOP.norm_in_r[0:7][21:0]}   }
gui_copy_selected -id Wave.1
gui_copy_selected -id Wave.1
gui_list_select -id Wave.1 -selected  { {testbench.U0_DEVICE.U0_CHIP_TOP.BANK[0].U0_BANK_TOP.global_burst_cnt_rrrrr[7:0]}   }
gui_paste_clipboard -id Wave.1
gui_list_expand -id  Wave.1   {testbench.U0_DEVICE.U0_CHIP_TOP.BANK[0].U0_BANK_TOP.norm_in_r[0:7][21:0]}
gui_marker_move -id  Wave.1 C1 478000
gui_marker_move -id  Wave.1 C1 477516
gui_marker_move -id  Wave.1 C1 478000
gui_marker_move -id  Wave.1 C1 479000
gui_marker_move -id  Wave.1 C1 478000
gui_marker_unselect -id  Wave.1 { M1 }
gui_marker_select -id  Wave.1 { C1 }
gui_zoom -window Wave.1 -factor 0.5
gui_zoom -window Wave.1 -factor 0.5
gui_zoom -window Wave.1 -factor 0.5
gui_marker_move -id  Wave.1 C1 447000
gui_zoom -window Wave.1 -factor 2
gui_zoom -window Wave.1 -factor 2
gui_zoom -window Wave.1 -factor 2
gui_zoom -window Wave.1 -factor 0.5
gui_zoom -window Wave.1 -factor 0.5
gui_marker_move -id  Wave.1 C1 478000
gui_zoom -window Wave.1 -factor 2
gui_zoom -window Wave.1 -factor 2
gui_zoom -window Wave.1 -factor 0.5
gui_zoom -window Wave.1 -factor 2
gui_list_select -id Wave.1 -selected  { {testbench.U0_DEVICE.U0_CHIP_TOP.BANK[0].U0_BANK_TOP.vecB_0[127:0]}   }
gui_list_set_filter -id Data.1 -text {*write*}
gui_list_select -id Data.1 -selected  { {testbench.U0_DEVICE.U0_CHIP_TOP.BANK[0].U0_BANK_TOP.vecB1_write}   }
gui_list_select -id Data.1 -selected  { {testbench.U0_DEVICE.U0_CHIP_TOP.BANK[0].U0_BANK_TOP.vecB0_write}   }
gui_list_select -id Data.1 -selected  { {testbench.U0_DEVICE.U0_CHIP_TOP.BANK[0].U0_BANK_TOP.vecB0_write}  {testbench.U0_DEVICE.U0_CHIP_TOP.BANK[0].U0_BANK_TOP.vecB1_write}  {testbench.U0_DEVICE.U0_CHIP_TOP.BANK[0].U0_BANK_TOP.vecB2_write}  {testbench.U0_DEVICE.U0_CHIP_TOP.BANK[0].U0_BANK_TOP.vecB3_write}   }
gui_copy_selected -id Data.1
gui_copy_selected -id Data.1
gui_copy_selected -id Data.1
gui_list_select -id Wave.1 -selected  { {testbench.U0_DEVICE.U0_CHIP_TOP.BANK[0].U0_BANK_TOP.norm_in_r[7][21:0]}   }
gui_paste_clipboard -id Wave.1
gui_list_select -id Wave.1 -selected  { {testbench.U0_DEVICE.U0_CHIP_TOP.BANK[0].U0_BANK_TOP.vecB1_write}   }
gui_list_select -id Wave.1 -selected  { {testbench.U0_DEVICE.U0_CHIP_TOP.BANK[0].U0_BANK_TOP.vecB0_write}   }
gui_zoom -window Wave.1 -factor 0.5
gui_zoom -window Wave.1 -factor 0.5
gui_zoom -window Wave.1 -factor 0.5
gui_zoom -window Wave.1 -factor 2
gui_zoom -window Wave.1 -factor 2
gui_zoom -window Wave.1 -factor 0.5
gui_list_select -id Wave.1 -selected  { {testbench.U0_DEVICE.U0_CHIP_TOP.BANK[0].U0_BANK_TOP.norm_in_r[0][21:0]}   }
gui_zoom -window Wave.1 -factor 2
gui_zoom -window Wave.1 -factor 2
gui_list_select -id Wave.1 -selected  { {testbench.U0_DEVICE.U0_CHIP_TOP.BANK[0].U0_BANK_TOP.global_burst_cnt_rrrrr[7:0]}   }
gui_list_set_selected_property -id Wave.1 -radix binary
gui_zoom -window Wave.1 -factor 2
gui_marker_move -id  Wave.1 C1 477000
gui_list_select -id Wave.1 -selected  { {testbench.U0_DEVICE.U0_CHIP_TOP.BANK[0].U0_BANK_TOP.BFLOAT16_ALU[0].BFLOAT_ALU.debug_ADD0_in_result_norm[15:0]}   }
gui_list_select -id Wave.1 -selected  { {testbench.U0_DEVICE.U0_CHIP_TOP.BANK[0].U0_BANK_TOP.cnt_for_LUT_pos[6:0]}  {testbench.U0_DEVICE.U0_CHIP_TOP.BANK[0].U0_BANK_TOP.BFLOAT16_ALU[0].BFLOAT_ALU.debug_ADD0_in_result_norm[15:0]}   }
gui_copy_selected -id Wave.1
gui_copy_selected -id Wave.1
gui_list_select -id Wave.1 -selected  { {testbench.U0_DEVICE.U0_CHIP_TOP.BANK[0].U0_BANK_TOP.BFLOAT16_ALU[0].BFLOAT_ALU.debug_ADD0_in_result_norm[15:0]}   }
gui_list_select -id Wave.1 -selected  { {testbench.U0_DEVICE.U0_CHIP_TOP.BANK[0].U0_BANK_TOP.BFLOAT16_ALU[0].BFLOAT_ALU.debug_ADD0_in_result_norm[15:0]}  {testbench.U0_DEVICE.U0_CHIP_TOP.BANK[0].U0_BANK_TOP.BFLOAT16_ALU[0].BFLOAT_ALU.debug_accO_r_norm[15:0]}   }
gui_copy_selected -id Wave.1
gui_copy_selected -id Wave.1
gui_copy_selected -id Wave.1
gui_list_select -id Wave.1 -selected  { {testbench.U0_DEVICE.U0_CHIP_TOP.BANK[0].U0_BANK_TOP.vecB3_write}   }
gui_paste_clipboard -id Wave.1
gui_list_select -id Wave.1 -selected  { {testbench.U0_DEVICE.U0_CHIP_TOP.BANK[0].U0_BANK_TOP.BFLOAT16_ALU[0].BFLOAT_ALU.debug_ADD0_in_result_norm[15:0]}   }
gui_list_select -id Wave.1 -selected  { {testbench.U0_DEVICE.U0_CHIP_TOP.BANK[0].U0_BANK_TOP.BFLOAT16_ALU[0].BFLOAT_ALU.debug_ADD0_in_result_norm[15:0]}  {testbench.U0_DEVICE.U0_CHIP_TOP.BANK[0].U0_BANK_TOP.BFLOAT16_ALU[0].BFLOAT_ALU.debug_accO_r_norm[15:0]}   }
gui_list_move  -id  Wave.1    -sid  Wave.1   -after {testbench.U0_DEVICE.U0_CHIP_TOP.BANK[0].U0_BANK_TOP.global_burst_cnt_rrrrr[7:0]} {{testbench.U0_DEVICE.U0_CHIP_TOP.BANK[0].U0_BANK_TOP.BFLOAT16_ALU[0].BFLOAT_ALU.debug_ADD0_in_result_norm[15:0]} {testbench.U0_DEVICE.U0_CHIP_TOP.BANK[0].U0_BANK_TOP.BFLOAT16_ALU[0].BFLOAT_ALU.debug_accO_r_norm[15:0]}} 
gui_marker_move -id  Wave.1 C1 476460
gui_list_select -id Wave.1 -selected  { {testbench.U0_DEVICE.U0_CHIP_TOP.BANK[0].U0_BANK_TOP.BFLOAT16_ALU[0].BFLOAT_ALU.debug_ADD0_in_result_norm[15:0]}   }
gui_list_select -id Wave.1 -selected  { {testbench.U0_DEVICE.U0_CHIP_TOP.BANK[0].U0_BANK_TOP.norm_in_r[7][21:0]}   }
gui_marker_move -id  Wave.1 C1 477461
gui_list_select -id Wave.1 -selected  { {testbench.U0_DEVICE.U0_CHIP_TOP.BANK[0].U0_BANK_TOP.global_burst_cnt_rrrrr[7:0]}   }
gui_delete_selected -id  Wave.1
gui_list_select -id Wave.1 -selected  { {testbench.U0_DEVICE.U0_CHIP_TOP.BANK[0].U0_BANK_TOP.BFLOAT16_ALU[0].BFLOAT_ALU.debug_ADD0_in_result_norm[15:0]}   }
gui_list_set_filter -id Data.1 -text {*burst*}
gui_list_select -id Data.1 -selected  { {testbench.U0_DEVICE.U0_CHIP_TOP.BANK[0].U0_BANK_TOP.PIM_vecB_read_burst_rrrr}   }
gui_copy_selected -id Data.1
gui_copy_selected -id Data.1
gui_copy_selected -id Data.1
gui_copy_selected -id Data.1
gui_copy_selected -id Data.1
gui_copy_selected -id Data.1
gui_list_select -id Wave.1 -selected  { {testbench.U0_DEVICE.U0_CHIP_TOP.BANK[0].U0_BANK_TOP.BFLOAT16_ALU[0].BFLOAT_ALU.debug_accO_r_norm[15:0]}   }
gui_paste_clipboard -id Wave.1
gui_list_select -id Wave.1 -selected  { {testbench.U0_DEVICE.U0_CHIP_TOP.BANK[0].U0_BANK_TOP.PIM_vecB_read_burst_rrrr}   }
gui_list_select -id Data.1 -selected  { {testbench.U0_DEVICE.U0_CHIP_TOP.BANK[0].U0_BANK_TOP.global_burst_cnt_rrrr[7:0]}   }
gui_copy_selected -id Data.1
gui_copy_selected -id Data.1
gui_paste_clipboard -id Wave.1
gui_list_select -id Wave.1 -selected  { {testbench.U0_DEVICE.U0_CHIP_TOP.BANK[0].U0_BANK_TOP.global_burst_cnt_rrrr[7:0]}   }
gui_list_set_selected_property -id Wave.1 -radix binary
gui_marker_move -id  Wave.1 C1 477719
gui_marker_move -id  Wave.1 C1 478000
gui_marker_move -id  Wave.1 C1 477605
gui_list_select -id Wave.1 -selected  { {testbench.U0_DEVICE.U0_CHIP_TOP.BANK[0].U0_BANK_TOP.vecB0_write}   }
gui_marker_move -id  Wave.1 C1 478000
gui_list_select -id Data.1 -selected  { {testbench.U0_DEVICE.U0_CHIP_TOP.BANK[0].U0_BANK_TOP.global_burst_cnt_rrrrr[7:0]}   }
gui_copy_selected -id Data.1
gui_copy_selected -id Data.1
gui_list_select -id Wave.1 -selected  { {testbench.U0_DEVICE.U0_CHIP_TOP.BANK[0].U0_BANK_TOP.global_burst_cnt_rrrr[7:0]}   }
gui_paste_clipboard -id Wave.1
gui_list_select -id Wave.1 -selected  { {testbench.U0_DEVICE.U0_CHIP_TOP.BANK[0].U0_BANK_TOP.global_burst_cnt_rrrrr[7:0]}   }
gui_list_select -id Wave.1 -selected  { {testbench.U0_DEVICE.U0_CHIP_TOP.BANK[0].U0_BANK_TOP.global_burst_cnt_rrrr[7:0]}   }
gui_open_db -file /home/kch/work/TDRAM/run_app_platform/Device_top_sim_MAC/sim/dump/Dev_top_test.vpd -design V2
gui_save_session -reload -default_file
