Information: Propagating switching activity (low effort zero delay simulation). (PWR-6)
Warning: Design has unannotated primary inputs. (PWR-414)
Warning: Design has unannotated sequential cell outputs. (PWR-415)
 
****************************************
Report : power
        -analysis_effort low
Design : PIM_ALU_SYN_top
Version: M-2016.12-SP5-3
Date   : Thu Jul  9 21:17:48 2020
****************************************


Library(s) Used:

    scmetro_cmos10lp_rvt_ss_1p08v_125c_sadhm (File: /usr/syn_lib/samsung/CB_121st_tt/PRIMITIVE/sec100226_0042_SS65LP_Normal_RVT_Normal_FE_Common_N/synopsys/scmetro_cmos10lp_rvt_ss_1p08v_125c_sadhm.db)


Operating Conditions: ss_1p08v_125c   Library: scmetro_cmos10lp_rvt_ss_1p08v_125c_sadhm
Wire Load Model Mode: top


Global Operating Voltage = 1.08 
Power-specific unit information :
    Voltage Units = 1V
    Capacitance Units = 1.000000pf
    Time Units = 1ns
    Dynamic Power Units = 1mW    (derived from V,C,T units)
    Leakage Power Units = 1mW


  Cell Internal Power  =   1.4029 mW   (98%)
  Net Switching Power  =  26.8992 uW    (2%)
                         ---------
Total Dynamic Power    =   1.4298 mW  (100%)

Cell Leakage Power     =  28.9569 uW


                 Internal         Switching           Leakage            Total
Power Group      Power            Power               Power              Power   (   %    )  Attrs
--------------------------------------------------------------------------------------------------
io_pad             0.0000            0.0000            0.0000            0.0000  (   0.00%)
memory             0.0000            0.0000            0.0000            0.0000  (   0.00%)
black_box          0.0000            0.0000            0.0000            0.0000  (   0.00%)
clock_network      0.0000            0.0000            0.0000            0.0000  (   0.00%)
register           1.3627        6.5004e-03        1.2386e-02            1.3816  (  94.71%)
sequential         0.0000            0.0000            0.0000            0.0000  (   0.00%)
combinational  4.0256e-02        2.0399e-02        1.6571e-02        7.7225e-02  (   5.29%)
--------------------------------------------------------------------------------------------------
Total              1.4029 mW     2.6899e-02 mW     2.8957e-02 mW         1.4588 mW
1
