Information: Propagating switching activity (low effort zero delay simulation). (PWR-6)
Warning: Design has unannotated primary inputs. (PWR-414)
Warning: Design has unannotated sequential cell outputs. (PWR-415)
 
****************************************
Report : power
        -analysis_effort low
Design : PIM_ALU_SYN_top
Version: M-2016.12-SP5-3
Date   : Thu Dec  1 15:11:47 2022
****************************************


Library(s) Used:

    scmetro_cmos10lp_rvt_ss_1p08v_125c_sadhm (File: /usr/syn_lib/samsung/CB_121st_tt/PRIMITIVE/sec100226_0042_SS65LP_Normal_RVT_Normal_FE_Common_N/synopsys/scmetro_cmos10lp_rvt_ss_1p08v_125c_sadhm.db)


Operating Conditions: ss_1p08v_125c   Library: scmetro_cmos10lp_rvt_ss_1p08v_125c_sadhm
Wire Load Model Mode: top


Global Operating Voltage = 1.08 
Power-specific unit information :
    Voltage Units = 1V
    Capacitance Units = 1.000000pf
    Time Units = 1ns
    Dynamic Power Units = 1mW    (derived from V,C,T units)
    Leakage Power Units = 1mW


  Cell Internal Power  =   1.4412 mW   (98%)
  Net Switching Power  =  33.8350 uW    (2%)
                         ---------
Total Dynamic Power    =   1.4750 mW  (100%)

Cell Leakage Power     =  30.0106 uW


                 Internal         Switching           Leakage            Total
Power Group      Power            Power               Power              Power   (   %    )  Attrs
--------------------------------------------------------------------------------------------------
io_pad             0.0000            0.0000            0.0000            0.0000  (   0.00%)
memory             0.0000            0.0000            0.0000            0.0000  (   0.00%)
black_box          0.0000            0.0000            0.0000            0.0000  (   0.00%)
clock_network      0.0000            0.0000            0.0000            0.0000  (   0.00%)
register           1.3907        6.9825e-03        1.2606e-02            1.4103  (  93.71%)
sequential         0.0000            0.0000            0.0000            0.0000  (   0.00%)
combinational  5.0478e-02        2.6852e-02        1.7404e-02        9.4734e-02  (   6.29%)
--------------------------------------------------------------------------------------------------
Total              1.4412 mW     3.3835e-02 mW     3.0011e-02 mW         1.5050 mW
1
