# Preference setting overrides
gui_create_pref_key -category {Globals} -key {load_detail_for_funcov} -value_type {bool} -value {false}

# State setting overrides
gui_state_default_create -off -ini
gui_set_state_value -category Globals -key recent_databases -value {{gui_open_db -file /home/kch/work/TDRAM/run_app_platform/Device_top_sim_MAC/sim/dump/Dev_top_test.vpd -design V1} {gui_open_db -file /home/kch/work/TDRAM/run_app_platform/Device_top_sim_MAC/sim/dump/Dev_top_test.vpd -design V2} {gui_open_db -file /home/kch/work/TDRAM/run_app_platform/Device_top_sim_SY_paper/sim/dump/Dev_top_test.vpd -design V1} {gui_open_db -file /home/kch/work/TDRAM/LUT_test/sim/dump/LUT.vpd -design V1} {gui_open_db -file /home/kch/work/TDRAM/run_app_platform/Device_top_sim/sim/dump/Dev_top_test.vpd -design V1}}
gui_set_state_value -category Globals -key recent_sessions -value {{gui_load_session -ignore_errors -file /home/kch/work/TDRAM/run_app_platform/Device_top_sim_MAC/sim/dump/DVEfiles//crash_06.22-00.14/dve_session06.22-00.14.tcl} {gui_load_session -ignore_errors -file /home/kch/work/TDRAM/run_app_platform/Device_top_sim_MAC/sim/dump/DVEfiles//crash_06.22-00.07/dve_session06.22-00.07.tcl} {gui_load_session -ignore_errors -file /home/kch/work/TDRAM/run_app_platform/Device_top_sim_MAC/sim/dump/DVEfiles//crash_06.21-22.29/dve_session06.21-22.29.tcl} {gui_load_session -ignore_errors -file /home/kch/work/TDRAM/run_app_platform/Device_top_sim_MAC/sim/dump/DVEfiles//crash_06.21-21.54/dve_session06.21-21.54.tcl} {gui_load_session -ignore_errors -file /home/kch/work/TDRAM/run_app_platform/Device_top_sim_MAC/sim/dump/DVEfiles//crash_06.21-17.15/dve_session06.21-17.15.tcl}}
gui_set_state_value -category Layout -key child_console_size_x -value 1855
gui_set_state_value -category Layout -key child_console_size_y -value 153
gui_set_state_value -category Layout -key child_data_coltype -value 390
gui_set_state_value -category Layout -key child_data_colvalue -value 412
gui_set_state_value -category Layout -key child_data_colvariable -value 565
gui_set_state_value -category Layout -key child_data_dockstate -value right
gui_set_state_value -category Layout -key child_data_size_x -value 1332
gui_set_state_value -category Layout -key child_data_size_y -value 820
gui_set_state_value -category Layout -key child_driver_size_x -value 1623
gui_set_state_value -category Layout -key child_driver_size_y -value 179
gui_set_state_value -category Layout -key child_hier_col3 -value {-1}
gui_set_state_value -category Layout -key child_hier_colhier -value 452
gui_set_state_value -category Layout -key child_hier_colpd -value 0
gui_set_state_value -category Layout -key child_hier_coltype -value 67
gui_set_state_value -category Layout -key child_hier_docknewline -value false
gui_set_state_value -category Layout -key child_hier_dockstate -value undocked
gui_set_state_value -category Layout -key child_hier_pos_x -value {-2}
gui_set_state_value -category Layout -key child_hier_pos_y -value {-15}
gui_set_state_value -category Layout -key child_hier_showstate -value maximized
gui_set_state_value -category Layout -key child_hier_size_x -value 527
gui_set_state_value -category Layout -key child_hier_size_y -value 815
gui_set_state_value -category Layout -key child_hier_sort_order -value 1
gui_set_state_value -category Layout -key child_list_down -value 190
gui_set_state_value -category Layout -key child_list_right -value 441
gui_set_state_value -category Layout -key child_source_docknewline -value false
gui_set_state_value -category Layout -key child_source_pos_x -value {-2}
gui_set_state_value -category Layout -key child_source_pos_y -value {-15}
gui_set_state_value -category Layout -key child_source_size_x -value 529
gui_set_state_value -category Layout -key child_source_size_y -value 817
gui_set_state_value -category Layout -key child_watch_size_x -value 1919
gui_set_state_value -category Layout -key child_watch_size_y -value 105
gui_set_state_value -category Layout -key child_wave_colname -value 267
gui_set_state_value -category Layout -key child_wave_colvalue -value 286
gui_set_state_value -category Layout -key child_wave_docknewline -value false
gui_set_state_value -category Layout -key child_wave_left -value 557
gui_set_state_value -category Layout -key child_wave_pos_x -value {-2}
gui_set_state_value -category Layout -key child_wave_pos_y -value {-15}
gui_set_state_value -category Layout -key child_wave_right -value 1357
gui_set_state_value -category Layout -key child_wave_size_x -value 1923
gui_set_state_value -category Layout -key child_wave_size_y -value 134
gui_set_state_value -category Layout -key main_pos_x -value 1927
gui_set_state_value -category Layout -key main_pos_y -value 135
gui_set_state_value -category Layout -key main_size_x -value 3782
gui_set_state_value -category Layout -key main_size_y -value 1189
gui_set_state_value -category Layout -key stand_list_child_docknewline -value false
gui_set_state_value -category Layout -key stand_list_child_pos_x -value {-2}
gui_set_state_value -category Layout -key stand_list_child_pos_y -value {-15}
gui_set_state_value -category Layout -key stand_list_child_size_x -value 601
gui_set_state_value -category Layout -key stand_list_child_size_y -value 335
gui_set_state_value -category Layout -key stand_list_top_pos_x -value 552
gui_set_state_value -category Layout -key stand_list_top_pos_y -value 144
gui_set_state_value -category Layout -key stand_list_top_size_x -value 1148
gui_set_state_value -category Layout -key stand_list_top_size_y -value 640
gui_set_state_value -category Layout -key stand_wave_child_docknewline -value false
gui_set_state_value -category Layout -key stand_wave_child_pos_x -value {-2}
gui_set_state_value -category Layout -key stand_wave_child_pos_y -value {-15}
gui_set_state_value -category Layout -key stand_wave_child_size_x -value 1924
gui_set_state_value -category Layout -key stand_wave_child_size_y -value 970
gui_set_state_value -category Layout -key stand_wave_top_pos_x -value 1920
gui_set_state_value -category Layout -key stand_wave_top_pos_y -value 23
gui_set_state_value -category Layout -key stand_wave_top_size_x -value 3839
gui_set_state_value -category Layout -key stand_wave_top_size_y -value 1079
gui_create_state_key -category FindDialog -key m_pMatchCase -value_type bool -value false
gui_create_state_key -category FindDialog -key m_pMatchWord -value_type bool -value false
gui_create_state_key -category FindDialog -key m_pUseCombo -value_type string -value {}
gui_create_state_key -category FindDialog -key m_pWrapAround -value_type bool -value true
gui_create_state_key -category Widget_History -key TopLevel.1|qt_left_dock|DockWnd2|DLPane.1|pages|Data.1|hbox|textfilter -value_type string -value {*debug *replace* *debug* *_r*}
gui_create_state_key -category Widget_History -key TopLevel.1|qt_right_dock|DockWnd1|DLPane.1|pages|Data.1|hbox|textfilter -value_type string -value {*alu* *vec* *burst* *cnt*}
gui_create_state_key -category Widget_History -key dlgSearchValue|m_ValueComboBox -value_type string -value {1458 7 3 25}
gui_state_default_create -off

# Begin command logging
gui_open_db -file /home/kch/work/TDRAM/run_app_platform/Device_top_sim_MAC/sim/dump/Dev_top_test.vpd -design V1
gui_list_expand -id  Hier.1   testbench
gui_list_expand -id  Hier.1   testbench.U0_DEVICE
gui_list_select -id Hier.1 -current_item_name testbench.U0_DEVICE.U0_CHIP_TOP -current_item_type Scope  -selected  { testbench.U0_DEVICE.U0_CHIP_TOP   }
gui_list_expand -id  Hier.1   testbench.U0_DEVICE.U0_CHIP_TOP
gui_list_select -id Hier.1 -current_item_name {testbench.U0_DEVICE.U0_CHIP_TOP.BANK[0].U0_BANK_TOP} -current_item_type Scope  -selected  { {testbench.U0_DEVICE.U0_CHIP_TOP.BANK[0].U0_BANK_TOP}   }
gui_list_set_filter -id Data.1 -text {*vec*}
gui_list_select -id Data.1 -selected  { {testbench.U0_DEVICE.U0_CHIP_TOP.BANK[0].U0_BANK_TOP.vecA_0[127:0]}   }
gui_list_select -id Data.1 -selected  { {testbench.U0_DEVICE.U0_CHIP_TOP.BANK[0].U0_BANK_TOP.vecA_0[127:0]}  {testbench.U0_DEVICE.U0_CHIP_TOP.BANK[0].U0_BANK_TOP.vecA_1[127:0]}  {testbench.U0_DEVICE.U0_CHIP_TOP.BANK[0].U0_BANK_TOP.vecA_2[127:0]}  {testbench.U0_DEVICE.U0_CHIP_TOP.BANK[0].U0_BANK_TOP.vecA_3[127:0]}  {testbench.U0_DEVICE.U0_CHIP_TOP.BANK[0].U0_BANK_TOP.vecB_0[127:0]}  {testbench.U0_DEVICE.U0_CHIP_TOP.BANK[0].U0_BANK_TOP.vecB_1[127:0]}  {testbench.U0_DEVICE.U0_CHIP_TOP.BANK[0].U0_BANK_TOP.vecB_2[127:0]}  {testbench.U0_DEVICE.U0_CHIP_TOP.BANK[0].U0_BANK_TOP.vecB_3[127:0]}   }
gui_open_window Wave
gui_list_add -id Wave.1 -from Data.1 { {testbench.U0_DEVICE.U0_CHIP_TOP.BANK[0].U0_BANK_TOP.vecA_0[127:0]} {testbench.U0_DEVICE.U0_CHIP_TOP.BANK[0].U0_BANK_TOP.vecA_1[127:0]} {testbench.U0_DEVICE.U0_CHIP_TOP.BANK[0].U0_BANK_TOP.vecA_2[127:0]} {testbench.U0_DEVICE.U0_CHIP_TOP.BANK[0].U0_BANK_TOP.vecA_3[127:0]} {testbench.U0_DEVICE.U0_CHIP_TOP.BANK[0].U0_BANK_TOP.vecB_0[127:0]} {testbench.U0_DEVICE.U0_CHIP_TOP.BANK[0].U0_BANK_TOP.vecB_1[127:0]} {testbench.U0_DEVICE.U0_CHIP_TOP.BANK[0].U0_BANK_TOP.vecB_2[127:0]} {testbench.U0_DEVICE.U0_CHIP_TOP.BANK[0].U0_BANK_TOP.vecB_3[127:0]} } -insertionbar
gui_zoom -window Wave.1 -full
gui_zoom -window Wave.1 -full
gui_marker_move -id  Wave.1 C1 417394
gui_marker_move -id  Wave.1 C1 455000
gui_marker_select -id  Wave.1 { C1 }
gui_zoom -window Wave.1 -factor 2
gui_zoom -window Wave.1 -factor 2
gui_zoom -window Wave.1 -factor 2
gui_zoom -window Wave.1 -factor 0.5
gui_zoom -window Wave.1 -factor 2
gui_zoom -window Wave.1 -factor 2
gui_zoom -window Wave.1 -factor 2
gui_zoom -window Wave.1 -factor 2
gui_zoom -window Wave.1 -factor 0.5
gui_list_set_filter -id Data.1 -text {*LUT_load*}
gui_list_select -id Data.1 -selected  { {testbench.U0_DEVICE.U0_CHIP_TOP.BANK[0].U0_BANK_TOP.vecB1_LUT_load}   }
gui_list_sort -id  Data.1   {Variable}
gui_list_set_filter -id Data.1 -text {*LUT_*load*}
gui_list_select -id Data.1 -selected  { {testbench.U0_DEVICE.U0_CHIP_TOP.BANK[0].U0_BANK_TOP.LUT_start_load3}   }
gui_list_select -id Data.1 -selected  { {testbench.U0_DEVICE.U0_CHIP_TOP.BANK[0].U0_BANK_TOP.LUT_start_load1}  {testbench.U0_DEVICE.U0_CHIP_TOP.BANK[0].U0_BANK_TOP.LUT_start_load2}  {testbench.U0_DEVICE.U0_CHIP_TOP.BANK[0].U0_BANK_TOP.LUT_start_load3}   }
gui_list_select -id Data.1 -selected  { {testbench.U0_DEVICE.U0_CHIP_TOP.BANK[0].U0_BANK_TOP.LUT_start_load1}  {testbench.U0_DEVICE.U0_CHIP_TOP.BANK[0].U0_BANK_TOP.LUT_start_load2}  {testbench.U0_DEVICE.U0_CHIP_TOP.BANK[0].U0_BANK_TOP.LUT_start_load3}  {testbench.U0_DEVICE.U0_CHIP_TOP.BANK[0].U0_BANK_TOP.LUT_start_load0}   }
gui_copy_selected -id Data.1
gui_copy_selected -id Data.1
gui_paste_clipboard -id Wave.1
gui_marker_move -id  Wave.1 C1 442000
gui_marker_move -id  Wave.1 C1 442000
gui_marker_create -id  Wave.1 M1 442000
gui_open_db -file /home/kch/work/TDRAM/run_app_platform/Device_top_sim_MAC/sim/dump/Dev_top_test.vpd -design V2
gui_save_session -reload -default_file
gui_wv_zoom_timerange -id  Wave.1 430731 485919
gui_wv_zoom_timerange -id  Wave.1 430731 485919
gui_marker_move -id  Wave.1 C1 451000
gui_list_sort -id  Data.1   -descending  {Variable}
gui_list_set_filter -id Data.1 -text {*burst*}
gui_list_select -id Data.1 -selected  { {testbench.U0_DEVICE.U0_CHIP_TOP.BANK[0].U0_BANK_TOP.data_burst0[127:0]}   }
gui_list_select -id Data.1 -selected  { {testbench.U0_DEVICE.U0_CHIP_TOP.BANK[0].U0_BANK_TOP.data_burst2[127:0]}  {testbench.U0_DEVICE.U0_CHIP_TOP.BANK[0].U0_BANK_TOP.data_burst1[127:0]}  {testbench.U0_DEVICE.U0_CHIP_TOP.BANK[0].U0_BANK_TOP.data_burst0[127:0]}   }
gui_list_select -id Data.1 -selected  { {testbench.U0_DEVICE.U0_CHIP_TOP.BANK[0].U0_BANK_TOP.data_burst2[127:0]}  {testbench.U0_DEVICE.U0_CHIP_TOP.BANK[0].U0_BANK_TOP.data_burst1[127:0]}  {testbench.U0_DEVICE.U0_CHIP_TOP.BANK[0].U0_BANK_TOP.data_burst0[127:0]}  {testbench.U0_DEVICE.U0_CHIP_TOP.BANK[0].U0_BANK_TOP.data_burst3[127:0]}   }
gui_list_sort -id  Data.1   -by decl
gui_copy_selected -id Data.1
gui_copy_selected -id Data.1
gui_paste_clipboard -id Wave.1
gui_list_set_filter -id Data.1 -text {*acc*}
gui_list_select -id Data.1 -selected  { {testbench.U0_DEVICE.U0_CHIP_TOP.BANK[0].U0_BANK_TOP.accO_r[0:7][21:0]}   }
gui_list_select -id Data.1 -selected  { {testbench.U0_DEVICE.U0_CHIP_TOP.BANK[0].U0_BANK_TOP.accO_r[0:7][21:0]}  {testbench.U0_DEVICE.U0_CHIP_TOP.BANK[0].U0_BANK_TOP.accO_rr[0:7][21:0]}  {testbench.U0_DEVICE.U0_CHIP_TOP.BANK[0].U0_BANK_TOP.accO_rrr[0:7][21:0]}   }
gui_copy_selected -id Data.1
gui_copy_selected -id Data.1
gui_copy_selected -id Data.1
gui_paste_clipboard -id Wave.1
gui_list_select -id Wave.1 -selected  { {testbench.U0_DEVICE.U0_CHIP_TOP.BANK[0].U0_BANK_TOP.accO_rrr[0:7][21:0]}   }
gui_marker_move -id  Wave.1 C1 443000
gui_zoom -window Wave.1 -factor 2
gui_zoom -window Wave.1 -factor 2
gui_zoom -window Wave.1 -factor 2
gui_zoom -window Wave.1 -factor 0.5
gui_list_expand -id  Wave.1   {testbench.U0_DEVICE.U0_CHIP_TOP.BANK[0].U0_BANK_TOP.accO_r[0:7][21:0]}
gui_list_select -id Wave.1 -selected  { {testbench.U0_DEVICE.U0_CHIP_TOP.BANK[0].U0_BANK_TOP.accO_rr[0:7][21:0]}   }
gui_list_expand -id  Wave.1   {testbench.U0_DEVICE.U0_CHIP_TOP.BANK[0].U0_BANK_TOP.accO_rr[0:7][21:0]}
gui_marker_move -id  Wave.1 C1 443485
gui_marker_move -id  Wave.1 C1 444000
gui_marker_move -id  Wave.1 C1 445000
gui_zoom -window Wave.1 -factor 0.5
gui_zoom -window Wave.1 -factor 0.5
gui_zoom -window Wave.1 -factor 0.5
gui_zoom -window Wave.1 -factor 2
gui_zoom -window Wave.1 -factor 2
gui_list_select -id Wave.1 -selected  { {testbench.U0_DEVICE.U0_CHIP_TOP.BANK[0].U0_BANK_TOP.accO_r[0:7][21:0]}   }
gui_list_select -id Wave.1 { {testbench.U0_DEVICE.U0_CHIP_TOP.BANK[0].U0_BANK_TOP.accO_r[0][21:0]}  {testbench.U0_DEVICE.U0_CHIP_TOP.BANK[0].U0_BANK_TOP.accO_r[1][21:0]}  {testbench.U0_DEVICE.U0_CHIP_TOP.BANK[0].U0_BANK_TOP.accO_r[2][21:0]}  {testbench.U0_DEVICE.U0_CHIP_TOP.BANK[0].U0_BANK_TOP.accO_r[3][21:0]}  {testbench.U0_DEVICE.U0_CHIP_TOP.BANK[0].U0_BANK_TOP.accO_r[4][21:0]}  {testbench.U0_DEVICE.U0_CHIP_TOP.BANK[0].U0_BANK_TOP.accO_r[5][21:0]}  {testbench.U0_DEVICE.U0_CHIP_TOP.BANK[0].U0_BANK_TOP.accO_r[6][21:0]}  {testbench.U0_DEVICE.U0_CHIP_TOP.BANK[0].U0_BANK_TOP.accO_r[7][21:0]}  {testbench.U0_DEVICE.U0_CHIP_TOP.BANK[0].U0_BANK_TOP.accO_rr[0:7][21:0]}  {testbench.U0_DEVICE.U0_CHIP_TOP.BANK[0].U0_BANK_TOP.accO_rr[0][21:0]}  {testbench.U0_DEVICE.U0_CHIP_TOP.BANK[0].U0_BANK_TOP.accO_rr[1][21:0]}  {testbench.U0_DEVICE.U0_CHIP_TOP.BANK[0].U0_BANK_TOP.accO_rr[2][21:0]}  {testbench.U0_DEVICE.U0_CHIP_TOP.BANK[0].U0_BANK_TOP.accO_rr[3][21:0]}  {testbench.U0_DEVICE.U0_CHIP_TOP.BANK[0].U0_BANK_TOP.accO_rr[4][21:0]}  {testbench.U0_DEVICE.U0_CHIP_TOP.BANK[0].U0_BANK_TOP.accO_rr[5][21:0]}  {testbench.U0_DEVICE.U0_CHIP_TOP.BANK[0].U0_BANK_TOP.accO_rr[6][21:0]}  {testbench.U0_DEVICE.U0_CHIP_TOP.BANK[0].U0_BANK_TOP.accO_rr[7][21:0]}  {testbench.U0_DEVICE.U0_CHIP_TOP.BANK[0].U0_BANK_TOP.accO_rrr[0:7][21:0]}   }
gui_delete_selected -id  Wave.1
gui_list_select -id Wave.1 -selected  { {testbench.U0_DEVICE.U0_CHIP_TOP.BANK[0].U0_BANK_TOP.data_burst3[127:0]}   }
gui_list_expand -id  Hier.1   {testbench.U0_DEVICE.U0_CHIP_TOP.BANK[0].U0_BANK_TOP}
gui_list_select -id Hier.1 -current_item_name {testbench.U0_DEVICE.U0_CHIP_TOP.BANK[0].U0_BANK_TOP.BFLOAT16_ALU[0].NORM_LOGIC} -current_item_type Scope  -selected  { {testbench.U0_DEVICE.U0_CHIP_TOP.BANK[0].U0_BANK_TOP.BFLOAT16_ALU[0].NORM_LOGIC}   }
gui_list_select -id Hier.1 -current_item_name {testbench.U0_DEVICE.U0_CHIP_TOP.BANK[0].U0_BANK_TOP.BFLOAT16_ALU[0].BFLOAT_ALU} -current_item_type Scope  -selected  { {testbench.U0_DEVICE.U0_CHIP_TOP.BANK[0].U0_BANK_TOP.BFLOAT16_ALU[0].BFLOAT_ALU}   }
gui_list_set_filter -id Data.1 -text {*debug*}
gui_list_select -id Data.1 -selected  { {testbench.U0_DEVICE.U0_CHIP_TOP.BANK[0].U0_BANK_TOP.BFLOAT16_ALU[0].BFLOAT_ALU.debug_accO_norm[15:0]}   }
gui_list_select_all -id Data.1
gui_copy_selected -id Data.1
gui_copy_selected -id Data.1
gui_copy_selected -id Data.1
gui_paste_clipboard -id Wave.1
gui_list_select -id Wave.1 -selected  { {testbench.U0_DEVICE.U0_CHIP_TOP.BANK[0].U0_BANK_TOP.BFLOAT16_ALU[0].BFLOAT_ALU.debug_accO_norm[15:0]}   }
gui_marker_move -id  Wave.1 C1 444000
gui_list_select -id Wave.1 -selected  { {testbench.U0_DEVICE.U0_CHIP_TOP.BANK[0].U0_BANK_TOP.vecB_0[127:0]}   }
gui_list_select -id Wave.1 -selected  { {testbench.U0_DEVICE.U0_CHIP_TOP.BANK[0].U0_BANK_TOP.BFLOAT16_ALU[0].BFLOAT_ALU.debug_accO_norm[15:0]}   }
gui_list_set_filter -id Data.1 -text {*move*}
gui_list_select -id Data.1 -selected  { {testbench.U0_DEVICE.U0_CHIP_TOP.BANK[0].U0_BANK_TOP.BFLOAT16_ALU[0].BFLOAT_ALU.deNorm_acc_move_sign}   }
gui_list_select -id Data.1 -selected  { {testbench.U0_DEVICE.U0_CHIP_TOP.BANK[0].U0_BANK_TOP.BFLOAT16_ALU[0].BFLOAT_ALU.acc_move_input[15:0]}   }
gui_list_select -id Data.1 -selected  { {testbench.U0_DEVICE.U0_CHIP_TOP.BANK[0].U0_BANK_TOP.BFLOAT16_ALU[0].BFLOAT_ALU.acc_move_temp_array[15:0]}   }
gui_list_select -id Data.1 -selected  { {testbench.U0_DEVICE.U0_CHIP_TOP.BANK[0].U0_BANK_TOP.BFLOAT16_ALU[0].BFLOAT_ALU.deNorm_acc_move_mantissa[15:0]}   }
gui_list_select -id Hier.1 -current_item_name {testbench.U0_DEVICE.U0_CHIP_TOP.BANK[0].U0_BANK_TOP} -current_item_type Scope  -selected  { {testbench.U0_DEVICE.U0_CHIP_TOP.BANK[0].U0_BANK_TOP}   }
gui_list_select -id Data.1 -selected  { {testbench.U0_DEVICE.U0_CHIP_TOP.BANK[0].U0_BANK_TOP.acc_move_case[7:0]}   }
gui_copy_selected -id Data.1
gui_copy_selected -id Data.1
gui_copy_selected -id Data.1
gui_copy_selected -id Data.1
gui_copy_selected -id Data.1
gui_list_select -id Data.1 -selected  { {testbench.U0_DEVICE.U0_CHIP_TOP.BANK[0].U0_BANK_TOP.acc_move_case[7:0]}  {testbench.U0_DEVICE.U0_CHIP_TOP.BANK[0].U0_BANK_TOP.acc_move_temp_array_r[0:7][15:0]}   }
gui_copy_selected -id Data.1
gui_copy_selected -id Data.1
gui_copy_selected -id Data.1
gui_paste_clipboard -id Wave.1
gui_list_select -id Wave.1 -selected  { {testbench.U0_DEVICE.U0_CHIP_TOP.BANK[0].U0_BANK_TOP.acc_move_case[7:0]}   }
gui_list_expand -id  Wave.1   {testbench.U0_DEVICE.U0_CHIP_TOP.BANK[0].U0_BANK_TOP.acc_move_temp_array_r[0:7][15:0]}
gui_marker_move -id  Wave.1 C1 444000
gui_marker_move -id  Wave.1 C1 443449
gui_marker_move -id  Wave.1 C1 443000
gui_list_select -id Wave.1 -selected  { {testbench.U0_DEVICE.U0_CHIP_TOP.BANK[0].U0_BANK_TOP.BFLOAT16_ALU[0].BFLOAT_ALU.debug_ADD0_in_result_norm[15:0]}   }
gui_list_select -id Wave.1 -selected  { {testbench.U0_DEVICE.U0_CHIP_TOP.BANK[0].U0_BANK_TOP.acc_move_temp_array_r[0][15:0]}   }
gui_list_select -id Wave.1 -selected  { {testbench.U0_DEVICE.U0_CHIP_TOP.BANK[0].U0_BANK_TOP.BFLOAT16_ALU[0].BFLOAT_ALU.debug_ADD0_in_result_norm[15:0]}   }
gui_list_select -id Wave.1 -selected  { {testbench.U0_DEVICE.U0_CHIP_TOP.BANK[0].U0_BANK_TOP.BFLOAT16_ALU[0].BFLOAT_ALU.debug_accO_r_norm[15:0]}   }
gui_list_select -id Wave.1 -selected  { {testbench.U0_DEVICE.U0_CHIP_TOP.BANK[0].U0_BANK_TOP.BFLOAT16_ALU[0].BFLOAT_ALU.debug_accO_norm[15:0]}   }
gui_marker_move -id  Wave.1 C1 444481
gui_marker_move -id  Wave.1 C1 443000
gui_marker_move -id  Wave.1 C1 443449
gui_list_select -id Wave.1 -selected  { {testbench.U0_DEVICE.U0_CHIP_TOP.BANK[0].U0_BANK_TOP.data_burst0[127:0]}   }
gui_list_select -id Wave.1 -selected  { {testbench.U0_DEVICE.U0_CHIP_TOP.BANK[0].U0_BANK_TOP.acc_move_temp_array_r[0:7][15:0]}   }
gui_marker_move -id  Wave.1 C1 451000
gui_marker_move -id  Wave.1 C1 443036
gui_list_select -id Wave.1 -selected  { {testbench.U0_DEVICE.U0_CHIP_TOP.BANK[0].U0_BANK_TOP.vecB_0[127:0]}   }
gui_marker_move -id  Wave.1 C1 443000
gui_marker_move -id  Wave.1 C1 443552
gui_list_set_filter -id Data.1 -text {*burst*}
gui_list_select -id Data.1 -selected  { {testbench.U0_DEVICE.U0_CHIP_TOP.BANK[0].U0_BANK_TOP.PIM_vecB_read_burst_last}   }
gui_list_select -id Data.1 -selected  { {testbench.U0_DEVICE.U0_CHIP_TOP.BANK[0].U0_BANK_TOP.burst_rd_cnt_r[2:0]}   }
gui_copy_selected -id Data.1
gui_copy_selected -id Data.1
gui_copy_selected -id Data.1
gui_paste_clipboard -id Wave.1
gui_list_select -id Wave.1 -selected  { {testbench.U0_DEVICE.U0_CHIP_TOP.BANK[0].U0_BANK_TOP.burst_rd_cnt_r[2:0]}   }
gui_list_move  -id  Wave.1    -sid  Wave.1   -after {testbench.U0_DEVICE.U0_CHIP_TOP.BANK[0].U0_BANK_TOP.vecB_0[127:0]} {{testbench.U0_DEVICE.U0_CHIP_TOP.BANK[0].U0_BANK_TOP.burst_rd_cnt_r[2:0]}} 
gui_open_db -file /home/kch/work/TDRAM/run_app_platform/Device_top_sim_MAC/sim/dump/Dev_top_test.vpd -design V2
gui_save_session -reload -default_file
gui_wv_zoom_timerange -id  Wave.1 431190 458783
gui_wv_zoom_timerange -id  Wave.1 431190 458783
gui_marker_move -id  Wave.1 C1 443000
gui_list_select -id Wave.1 -selected  { {testbench.U0_DEVICE.U0_CHIP_TOP.BANK[0].U0_BANK_TOP.vecB_0[127:0]}   }
gui_marker_move -id  Wave.1 C1 447000
gui_list_select -id Wave.1 -selected  { {testbench.U0_DEVICE.U0_CHIP_TOP.BANK[0].U0_BANK_TOP.BFLOAT16_ALU[0].BFLOAT_ALU.debug_accO_norm[15:0]}   }
gui_list_select -id Wave.1 -selected  { {testbench.U0_DEVICE.U0_CHIP_TOP.BANK[0].U0_BANK_TOP.vecB_0[127:0]}   }
gui_list_select -id Wave.1 -selected  { {testbench.U0_DEVICE.U0_CHIP_TOP.BANK[0].U0_BANK_TOP.burst_rd_cnt_r[2:0]}   }
gui_marker_move -id  Wave.1 C1 447000
gui_marker_move -id  Wave.1 C1 447000
gui_marker_move -id  Wave.1 C1 447000
gui_marker_move -id  Wave.1 C1 446338
gui_marker_move -id  Wave.1 C1 447721
gui_marker_move -id  Wave.1 C1 447000
gui_list_set_filter -id Data.1 -text {*vecB*case*}
gui_list_select -id Data.1 -selected  { {testbench.U0_DEVICE.U0_CHIP_TOP.BANK[0].U0_BANK_TOP.vecB0_load_case[4:0]}   }
gui_copy_selected -id Data.1
gui_copy_selected -id Data.1
gui_copy_selected -id Data.1
gui_paste_clipboard -id Wave.1
gui_list_expand -id  Wave.1   {testbench.U0_DEVICE.U0_CHIP_TOP.BANK[0].U0_BANK_TOP.vecB0_load_case[4:0]}
gui_list_select -id Wave.1 -selected  { {testbench.U0_DEVICE.U0_CHIP_TOP.BANK[0].U0_BANK_TOP.vecB0_load_case[4]}   }
gui_list_select -id Wave.1 -selected  { {testbench.U0_DEVICE.U0_CHIP_TOP.BANK[0].U0_BANK_TOP.vecB0_load_case[3]}   }
gui_list_select -id Wave.1 -selected  { {testbench.U0_DEVICE.U0_CHIP_TOP.BANK[0].U0_BANK_TOP.vecB_0[127:0]}   }
gui_list_select -id Wave.1 -selected  { {testbench.U0_DEVICE.U0_CHIP_TOP.BANK[0].U0_BANK_TOP.vecB0_load_case[2]}   }
gui_list_set_filter -id Data.1 -text {*mask*}
gui_list_select -id Data.1 -selected  { {testbench.U0_DEVICE.U0_CHIP_TOP.BANK[0].U0_BANK_TOP.vector_mask0[7:0]}   }
gui_copy_selected -id Data.1
gui_copy_selected -id Data.1
gui_copy_selected -id Data.1
gui_paste_clipboard -id Wave.1
gui_list_select -id Wave.1 -selected  { {testbench.U0_DEVICE.U0_CHIP_TOP.BANK[0].U0_BANK_TOP.vector_mask0[7:0]}   }
gui_list_expand -id  Wave.1   {testbench.U0_DEVICE.U0_CHIP_TOP.BANK[0].U0_BANK_TOP.vector_mask0[7:0]}
gui_list_set_filter -id Data.1 -text {*vec0_scalar*}
gui_list_select -id Data.1 -selected  { {testbench.U0_DEVICE.U0_CHIP_TOP.BANK[0].U0_BANK_TOP.ALU_MASK[0].vec0_scalar_case_arithmetic}   }
gui_list_select -id Data.1 -selected  { {testbench.U0_DEVICE.U0_CHIP_TOP.BANK[0].U0_BANK_TOP.ALU_MASK[0].vec0_scalar_case[3:0]}   }
gui_copy_selected -id Data.1
gui_copy_selected -id Data.1
gui_copy_selected -id Data.1
gui_paste_clipboard -id Wave.1
gui_list_expand -id  Wave.1   {testbench.U0_DEVICE.U0_CHIP_TOP.BANK[0].U0_BANK_TOP.ALU_MASK[0].vec0_scalar_case[3:0]}
gui_list_select -id Wave.1 -selected  { {testbench.U0_DEVICE.U0_CHIP_TOP.BANK[0].U0_BANK_TOP.ALU_MASK[0].vec0_scalar_case[0]}   }
gui_list_select -id Wave.1 -selected  { {testbench.U0_DEVICE.U0_CHIP_TOP.BANK[0].U0_BANK_TOP.ALU_MASK[0].vec0_scalar_case[1]}   }
gui_list_sort -id  Wave.1   {Name}
gui_list_sort -id  Wave.1   -descending  {Name}
gui_list_select -id Wave.1 -selected  { {testbench.U0_DEVICE.U0_CHIP_TOP.BANK[0].U0_BANK_TOP.vecA_2[127:0]}   }
gui_list_select -id Wave.1 -selected  { {testbench.U0_DEVICE.U0_CHIP_TOP.BANK[0].U0_BANK_TOP.vecB0_load_case[1]}   }
gui_list_select -id Wave.1 -selected  { {testbench.U0_DEVICE.U0_CHIP_TOP.BANK[0].U0_BANK_TOP.vecB0_load_case[2]}   }
gui_list_select -id Wave.1 -selected  { {testbench.U0_DEVICE.U0_CHIP_TOP.BANK[0].U0_BANK_TOP.vecB0_load_case[4:0]}   }
gui_list_select -id Wave.1 -selected  { {testbench.U0_DEVICE.U0_CHIP_TOP.BANK[0].U0_BANK_TOP.ALU_MASK[0].vec0_scalar_case[3:0]}   }
gui_list_collapse -id  Wave.1   {testbench.U0_DEVICE.U0_CHIP_TOP.BANK[0].U0_BANK_TOP.ALU_MASK[0].vec0_scalar_case[3:0]}
gui_list_move  -id  Wave.1    -sid  Wave.1   -after {testbench.U0_DEVICE.U0_CHIP_TOP.BANK[0].U0_BANK_TOP.vecB0_load_case[0]} {{testbench.U0_DEVICE.U0_CHIP_TOP.BANK[0].U0_BANK_TOP.ALU_MASK[0].vec0_scalar_case[3:0]}} 
gui_list_move  -id  Wave.1    -sid  Wave.1   -after {testbench.U0_DEVICE.U0_CHIP_TOP.BANK[0].U0_BANK_TOP.vector_mask0[0]} {{testbench.U0_DEVICE.U0_CHIP_TOP.BANK[0].U0_BANK_TOP.ALU_MASK[0].vec0_scalar_case[3:0]}} 
gui_list_expand -id  Wave.1   {testbench.U0_DEVICE.U0_CHIP_TOP.BANK[0].U0_BANK_TOP.ALU_MASK[0].vec0_scalar_case[3:0]}
gui_list_select -id Wave.1 -selected  { {testbench.U0_DEVICE.U0_CHIP_TOP.BANK[0].U0_BANK_TOP.ALU_MASK[0].vec0_scalar_case[0]}   }
gui_list_select -id Wave.1 -selected  { {testbench.U0_DEVICE.U0_CHIP_TOP.BANK[0].U0_BANK_TOP.ALU_MASK[0].vec0_scalar_case[1]}   }
gui_list_set_filter -id Data.1 -text {*neg*}
gui_list_select -id Data.1 -selected  { {testbench.U0_DEVICE.U0_CHIP_TOP.BANK[0].U0_BANK_TOP.mask_neg_detect0[7:0]}   }
gui_copy_selected -id Data.1
gui_copy_selected -id Data.1
gui_copy_selected -id Data.1
gui_copy_selected -id Data.1
gui_paste_clipboard -id Wave.1
gui_list_expand -id  Wave.1   {testbench.U0_DEVICE.U0_CHIP_TOP.BANK[0].U0_BANK_TOP.mask_neg_detect0[7:0]}
gui_list_select -id Wave.1 -selected  { {testbench.U0_DEVICE.U0_CHIP_TOP.BANK[0].U0_BANK_TOP.vector_mask0[0]}   }
gui_list_set_filter -id Data.1 -text {*alu*}
gui_list_select -id Data.1 -selected  { {testbench.U0_DEVICE.U0_CHIP_TOP.BANK[0].U0_BANK_TOP.alu_result_sign_r[7:0]}   }
gui_copy_selected -id Data.1
gui_copy_selected -id Data.1
gui_copy_selected -id Data.1
gui_copy_selected -id Data.1
gui_paste_clipboard -id Wave.1
gui_list_select -id Wave.1 -selected  { {testbench.U0_DEVICE.U0_CHIP_TOP.BANK[0].U0_BANK_TOP.alu_result_sign_r[7:0]}   }
gui_delete_selected -id  Wave.1
gui_list_select -id Wave.1 -selected  { {testbench.U0_DEVICE.U0_CHIP_TOP.BANK[0].U0_BANK_TOP.vecB_3[127:0]}   }
gui_copy_selected -id Data.1
gui_list_select -id Data.1 -selected  { {testbench.U0_DEVICE.U0_CHIP_TOP.BANK[0].U0_BANK_TOP.alu_result_sign[7:0]}   }
gui_copy_selected -id Data.1
gui_copy_selected -id Data.1
gui_copy_selected -id Data.1
gui_paste_clipboard -id Wave.1
gui_list_expand -id  Wave.1   {testbench.U0_DEVICE.U0_CHIP_TOP.BANK[0].U0_BANK_TOP.alu_result_sign[7:0]}
gui_list_select -id Wave.1 -selected  { {testbench.U0_DEVICE.U0_CHIP_TOP.BANK[0].U0_BANK_TOP.alu_result_sign[7:0]}   }
gui_delete_selected -id  Wave.1
gui_list_select -id Wave.1 -selected  { {testbench.U0_DEVICE.U0_CHIP_TOP.BANK[0].U0_BANK_TOP.vecB_2[127:0]}   }
gui_list_select -id Wave.1 -selected  { {testbench.U0_DEVICE.U0_CHIP_TOP.BANK[0].U0_BANK_TOP.BFLOAT16_ALU[0].BFLOAT_ALU.debug_accO_norm[15:0]}   }
gui_list_select -id Wave.1 -selected  { {testbench.U0_DEVICE.U0_CHIP_TOP.BANK[0].U0_BANK_TOP.BFLOAT16_ALU[0].BFLOAT_ALU.debug_ADD0_in_result_norm[15:0]}   }
gui_list_set_filter -id Data.1 -text {*burst*}
gui_list_select -id Data.1 -selected  { {testbench.U0_DEVICE.U0_CHIP_TOP.BANK[0].U0_BANK_TOP.PIM_vecA_read_burst}   }
gui_list_select -id Data.1 -selected  { {testbench.U0_DEVICE.U0_CHIP_TOP.BANK[0].U0_BANK_TOP.data_burst0[127:0]}   }
gui_list_select -id Data.1 -selected  { {testbench.U0_DEVICE.U0_CHIP_TOP.BANK[0].U0_BANK_TOP.burst_rd_cnt_r[2:0]}   }
gui_list_select -id Data.1 -selected  { {testbench.U0_DEVICE.U0_CHIP_TOP.BANK[0].U0_BANK_TOP.burst_rd_cnt_r[2:0]}  {testbench.U0_DEVICE.U0_CHIP_TOP.BANK[0].U0_BANK_TOP.burst_rd_cnt_rr[2:0]}   }
gui_list_select -id Data.1 -selected  { {testbench.U0_DEVICE.U0_CHIP_TOP.BANK[0].U0_BANK_TOP.burst_rd_cnt_r[2:0]}  {testbench.U0_DEVICE.U0_CHIP_TOP.BANK[0].U0_BANK_TOP.burst_rd_cnt_rr[2:0]}  {testbench.U0_DEVICE.U0_CHIP_TOP.BANK[0].U0_BANK_TOP.burst_rd_cnt_rrr[2:0]}  {testbench.U0_DEVICE.U0_CHIP_TOP.BANK[0].U0_BANK_TOP.burst_rd_cnt_rrrr[2:0]}  {testbench.U0_DEVICE.U0_CHIP_TOP.BANK[0].U0_BANK_TOP.burst_rd_cnt_rrrrr[2:0]}   }
gui_copy_selected -id Data.1
gui_copy_selected -id Data.1
gui_copy_selected -id Data.1
gui_copy_selected -id Data.1
gui_paste_clipboard -id Wave.1
gui_list_select -id Wave.1 -selected  { {testbench.U0_DEVICE.U0_CHIP_TOP.BANK[0].U0_BANK_TOP.burst_rd_cnt_rrrrr[2:0]}   }
gui_list_select -id Wave.1 -selected  { {testbench.U0_DEVICE.U0_CHIP_TOP.BANK[0].U0_BANK_TOP.burst_rd_cnt_r[2:0]}  {testbench.U0_DEVICE.U0_CHIP_TOP.BANK[0].U0_BANK_TOP.burst_rd_cnt_rr[2:0]}  {testbench.U0_DEVICE.U0_CHIP_TOP.BANK[0].U0_BANK_TOP.burst_rd_cnt_rrr[2:0]}  {testbench.U0_DEVICE.U0_CHIP_TOP.BANK[0].U0_BANK_TOP.burst_rd_cnt_rrrr[2:0]}  {testbench.U0_DEVICE.U0_CHIP_TOP.BANK[0].U0_BANK_TOP.burst_rd_cnt_rrrrr[2:0]}   }
gui_list_move  -id  Wave.1    -sid  Wave.1   -after {testbench.U0_DEVICE.U0_CHIP_TOP.BANK[0].U0_BANK_TOP.BFLOAT16_ALU[0].BFLOAT_ALU.debug_ADD0_in_result_norm[15:0]} {{testbench.U0_DEVICE.U0_CHIP_TOP.BANK[0].U0_BANK_TOP.burst_rd_cnt_r[2:0]} {testbench.U0_DEVICE.U0_CHIP_TOP.BANK[0].U0_BANK_TOP.burst_rd_cnt_rr[2:0]} {testbench.U0_DEVICE.U0_CHIP_TOP.BANK[0].U0_BANK_TOP.burst_rd_cnt_rrr[2:0]} {testbench.U0_DEVICE.U0_CHIP_TOP.BANK[0].U0_BANK_TOP.burst_rd_cnt_rrrr[2:0]} {testbench.U0_DEVICE.U0_CHIP_TOP.BANK[0].U0_BANK_TOP.burst_rd_cnt_rrrrr[2:0]}} 
gui_list_select -id Wave.1 -selected  { {testbench.U0_DEVICE.U0_CHIP_TOP.BANK[0].U0_BANK_TOP.BFLOAT16_ALU[0].BFLOAT_ALU.debug_ADD0_in_result_norm[15:0]}   }
gui_marker_move -id  Wave.1 C1 445000
gui_marker_create -id  Wave.1 M2 445000
gui_list_select -id Wave.1 -selected  { {testbench.U0_DEVICE.U0_CHIP_TOP.BANK[0].U0_BANK_TOP.burst_rd_cnt_rrrrr[2:0]}   }
gui_list_select -id Wave.1 -selected  { {testbench.U0_DEVICE.U0_CHIP_TOP.BANK[0].U0_BANK_TOP.burst_rd_cnt_rrrr[2:0]}   }
gui_list_select -id Wave.1 -selected  { {testbench.U0_DEVICE.U0_CHIP_TOP.BANK[0].U0_BANK_TOP.burst_rd_cnt_rrrrr[2:0]}   }
gui_delete_selected -id  Wave.1
gui_list_select -id Wave.1 -selected  { {testbench.U0_DEVICE.U0_CHIP_TOP.BANK[0].U0_BANK_TOP.data_burst3[127:0]}   }
gui_list_select -id Wave.1 -selected  { {testbench.U0_DEVICE.U0_CHIP_TOP.BANK[0].U0_BANK_TOP.burst_rd_cnt_rrr[2:0]}   }
gui_list_select -id Wave.1 -selected  { {testbench.U0_DEVICE.U0_CHIP_TOP.BANK[0].U0_BANK_TOP.burst_rd_cnt_r[2:0]}  {testbench.U0_DEVICE.U0_CHIP_TOP.BANK[0].U0_BANK_TOP.burst_rd_cnt_rr[2:0]}  {testbench.U0_DEVICE.U0_CHIP_TOP.BANK[0].U0_BANK_TOP.burst_rd_cnt_rrr[2:0]}   }
gui_delete_selected -id  Wave.1
gui_list_select -id Wave.1 -selected  { {testbench.U0_DEVICE.U0_CHIP_TOP.BANK[0].U0_BANK_TOP.burst_rd_cnt_rrrr[2:0]}   }
gui_list_select -id Wave.1 -selected  { {testbench.U0_DEVICE.U0_CHIP_TOP.BANK[0].U0_BANK_TOP.BFLOAT16_ALU[0].BFLOAT_ALU.debug_ADD0_in_result_norm[15:0]}   }
gui_list_select -id Wave.1 -selected  { {testbench.U0_DEVICE.U0_CHIP_TOP.BANK[0].U0_BANK_TOP.burst_rd_cnt_rrrr[2:0]}   }
gui_list_select -id Wave.1 -selected  { {testbench.U0_DEVICE.U0_CHIP_TOP.BANK[0].U0_BANK_TOP.BFLOAT16_ALU[0].BFLOAT_ALU.debug_ADD0_in_result_norm[15:0]}   }
gui_list_select -id Wave.1 -selected  { {testbench.U0_DEVICE.U0_CHIP_TOP.BANK[0].U0_BANK_TOP.burst_rd_cnt_rrrr[2:0]}   }
gui_list_select -id Wave.1 -selected  { {testbench.U0_DEVICE.U0_CHIP_TOP.BANK[0].U0_BANK_TOP.BFLOAT16_ALU[0].BFLOAT_ALU.debug_ADD0_in_result_norm[15:0]}   }
gui_list_select -id Data.1 -selected  { {testbench.U0_DEVICE.U0_CHIP_TOP.BANK[0].U0_BANK_TOP.burst_rd_cnt_rrr[2:0]}   }
gui_copy_selected -id Data.1
gui_copy_selected -id Data.1
gui_copy_selected -id Data.1
gui_marker_move -id  Wave.1 C1 444336
gui_list_select -id Wave.1 -selected  { {testbench.U0_DEVICE.U0_CHIP_TOP.BANK[0].U0_BANK_TOP.burst_rd_cnt_rrrr[2:0]}   }
gui_paste_clipboard -id Wave.1
gui_list_select -id Wave.1 -selected  { {testbench.U0_DEVICE.U0_CHIP_TOP.BANK[0].U0_BANK_TOP.burst_rd_cnt_rrr[2:0]}   }
gui_list_move  -id  Wave.1    -sid  Wave.1   -after {testbench.U0_DEVICE.U0_CHIP_TOP.BANK[0].U0_BANK_TOP.BFLOAT16_ALU[0].BFLOAT_ALU.debug_ADD0_in_result_norm[15:0]} {{testbench.U0_DEVICE.U0_CHIP_TOP.BANK[0].U0_BANK_TOP.burst_rd_cnt_rrr[2:0]}} 
gui_list_select -id Wave.1 -selected  { {testbench.U0_DEVICE.U0_CHIP_TOP.BANK[0].U0_BANK_TOP.burst_rd_cnt_rrrr[2:0]}   }
gui_delete_selected -id  Wave.1
gui_list_select -id Wave.1 -selected  { {testbench.U0_DEVICE.U0_CHIP_TOP.BANK[0].U0_BANK_TOP.data_burst3[127:0]}   }
gui_list_select -id Wave.1 -selected  { {testbench.U0_DEVICE.U0_CHIP_TOP.BANK[0].U0_BANK_TOP.burst_rd_cnt_rrr[2:0]}   }
gui_marker_move -id  Wave.1 C1 449000
gui_marker_create -id  Wave.1 M3 449000
gui_list_set_filter -id Data.1 -text {*result*}
gui_list_select -id Data.1 -selected  { {testbench.U0_DEVICE.U0_CHIP_TOP.BANK[0].U0_BANK_TOP.norm_result[0:7][15:0]}   }
gui_copy_selected -id Data.1
gui_copy_selected -id Data.1
gui_copy_selected -id Data.1
gui_copy_selected -id Data.1
gui_copy_selected -id Data.1
gui_copy_selected -id Data.1
gui_list_select -id Data.1 -selected  { {testbench.U0_DEVICE.U0_CHIP_TOP.BANK[0].U0_BANK_TOP.alu_result_sign[7:0]}   }
gui_list_select -id Data.1 -selected  { {testbench.U0_DEVICE.U0_CHIP_TOP.BANK[0].U0_BANK_TOP.alu_result_sign_r[7:0]}   }
gui_list_select -id Data.1 -selected  { {testbench.U0_DEVICE.U0_CHIP_TOP.BANK[0].U0_BANK_TOP.PIM_result[511:0]}   }
gui_list_select -id Data.1 -selected  { {testbench.U0_DEVICE.U0_CHIP_TOP.BANK[0].U0_BANK_TOP.norm_result[0:7][15:0]}   }
gui_copy_selected -id Data.1
gui_copy_selected -id Data.1
gui_copy_selected -id Data.1
gui_copy_selected -id Data.1
gui_paste_clipboard -id Wave.1
gui_list_select -id Wave.1 -selected  { {testbench.U0_DEVICE.U0_CHIP_TOP.BANK[0].U0_BANK_TOP.norm_result[0:7][15:0]}   }
gui_delete_selected -id  Wave.1
gui_list_select -id Wave.1 -selected  { {testbench.U0_DEVICE.U0_CHIP_TOP.BANK[0].U0_BANK_TOP.data_burst3[127:0]}   }
gui_list_select -id Data.1 -selected  { {testbench.U0_DEVICE.U0_CHIP_TOP.BANK[0].U0_BANK_TOP.alu_result_sign[7:0]}   }
gui_copy_selected -id Data.1
gui_copy_selected -id Data.1
gui_copy_selected -id Data.1
gui_paste_clipboard -id Wave.1
gui_list_select -id Wave.1 -selected  { {testbench.U0_DEVICE.U0_CHIP_TOP.BANK[0].U0_BANK_TOP.alu_result_sign[7:0]}   }
gui_list_move  -id  Wave.1    -sid  Wave.1   -after {testbench.U0_DEVICE.U0_CHIP_TOP.BANK[0].U0_BANK_TOP.BFLOAT16_ALU[0].BFLOAT_ALU.debug_ADD0_in_result_norm[15:0]} {{testbench.U0_DEVICE.U0_CHIP_TOP.BANK[0].U0_BANK_TOP.alu_result_sign[7:0]}} 
gui_list_select -id Wave.1 -selected  { {testbench.U0_DEVICE.U0_CHIP_TOP.BANK[0].U0_BANK_TOP.BFLOAT16_ALU[0].BFLOAT_ALU.debug_result_norm[15:0]}   }
gui_list_move  -id  Wave.1    -sid  Wave.1   -after {testbench.U0_DEVICE.U0_CHIP_TOP.BANK[0].U0_BANK_TOP.BFLOAT16_ALU[0].BFLOAT_ALU.debug_ADD0_in_result_norm[15:0]} {{testbench.U0_DEVICE.U0_CHIP_TOP.BANK[0].U0_BANK_TOP.BFLOAT16_ALU[0].BFLOAT_ALU.debug_result_norm[15:0]}} 
gui_list_select -id Wave.1 -selected  { {testbench.U0_DEVICE.U0_CHIP_TOP.BANK[0].U0_BANK_TOP.BFLOAT16_ALU[0].BFLOAT_ALU.debug_accO_norm[15:0]}   }
gui_list_select -id Wave.1 -selected  { {testbench.U0_DEVICE.U0_CHIP_TOP.BANK[0].U0_BANK_TOP.BFLOAT16_ALU[0].BFLOAT_ALU.debug_accO_r_norm[15:0]}   }
gui_list_move  -id  Wave.1    -sid  Wave.1   -after {testbench.U0_DEVICE.U0_CHIP_TOP.BANK[0].U0_BANK_TOP.BFLOAT16_ALU[0].BFLOAT_ALU.debug_ADD0_in_result_norm[15:0]} {{testbench.U0_DEVICE.U0_CHIP_TOP.BANK[0].U0_BANK_TOP.BFLOAT16_ALU[0].BFLOAT_ALU.debug_accO_r_norm[15:0]}} 
gui_list_select -id Wave.1 -selected  { {testbench.U0_DEVICE.U0_CHIP_TOP.BANK[0].U0_BANK_TOP.BFLOAT16_ALU[0].BFLOAT_ALU.debug_ADD0_in_result_norm[15:0]}   }
gui_list_select -id Wave.1 -selected  { {testbench.U0_DEVICE.U0_CHIP_TOP.BANK[0].U0_BANK_TOP.BFLOAT16_ALU[0].BFLOAT_ALU.debug_accO_r_norm[15:0]}   }
gui_list_select -id Wave.1 -selected  { {testbench.U0_DEVICE.U0_CHIP_TOP.BANK[0].U0_BANK_TOP.BFLOAT16_ALU[0].BFLOAT_ALU.debug_accO_norm[15:0]}   }
gui_list_select -id Wave.1 -selected  { {testbench.U0_DEVICE.U0_CHIP_TOP.BANK[0].U0_BANK_TOP.BFLOAT16_ALU[0].BFLOAT_ALU.debug_ADD0_in_result_norm[15:0]}   }
gui_list_select -id Wave.1 -selected  { {testbench.U0_DEVICE.U0_CHIP_TOP.BANK[0].U0_BANK_TOP.BFLOAT16_ALU[0].BFLOAT_ALU.debug_accO_r_norm[15:0]}   }
gui_list_select -id Wave.1 -selected  { {testbench.U0_DEVICE.U0_CHIP_TOP.BANK[0].U0_BANK_TOP.vecB0_load_case[4:0]}   }
gui_list_select -id Wave.1 -selected  { {testbench.U0_DEVICE.U0_CHIP_TOP.BANK[0].U0_BANK_TOP.vecB_0[127:0]}   }
gui_marker_move -id  Wave.1 C1 443000
gui_marker_move -id  Wave.1 C1 443490
gui_list_select -id Wave.1 -selected  { {testbench.U0_DEVICE.U0_CHIP_TOP.BANK[0].U0_BANK_TOP.BFLOAT16_ALU[0].BFLOAT_ALU.debug_ADD0_in_result_norm[15:0]}   }
gui_list_select -id Wave.1 -selected  { {testbench.U0_DEVICE.U0_CHIP_TOP.BANK[0].U0_BANK_TOP.BFLOAT16_ALU[0].BFLOAT_ALU.debug_accO_r_norm[15:0]}   }
gui_list_select -id Wave.1 -selected  { {testbench.U0_DEVICE.U0_CHIP_TOP.BANK[0].U0_BANK_TOP.BFLOAT16_ALU[0].BFLOAT_ALU.debug_accO_norm[15:0]}   }
gui_save_session -reload -default_file
