Information: Propagating switching activity (low effort zero delay simulation). (PWR-6)
Warning: Design has unannotated primary inputs. (PWR-414)
Warning: Design has unannotated sequential cell outputs. (PWR-415)
 
****************************************
Report : power
        -analysis_effort low
Design : PIM_ALU_SYN_top
Version: M-2016.12-SP5-3
Date   : Mon Jun 22 17:23:41 2020
****************************************


Library(s) Used:

    scmetro_cmos10lp_rvt_ss_1p08v_125c_sadhm (File: /usr/syn_lib/samsung/CB_121st_tt/PRIMITIVE/sec100226_0042_SS65LP_Normal_RVT_Normal_FE_Common_N/synopsys/scmetro_cmos10lp_rvt_ss_1p08v_125c_sadhm.db)


Operating Conditions: ss_1p08v_125c   Library: scmetro_cmos10lp_rvt_ss_1p08v_125c_sadhm
Wire Load Model Mode: top


Global Operating Voltage = 1.08 
Power-specific unit information :
    Voltage Units = 1V
    Capacitance Units = 1.000000pf
    Time Units = 1ns
    Dynamic Power Units = 1mW    (derived from V,C,T units)
    Leakage Power Units = 1mW


  Cell Internal Power  =  17.7365 mW   (98%)
  Net Switching Power  = 325.6076 uW    (2%)
                         ---------
Total Dynamic Power    =  18.0621 mW  (100%)

Cell Leakage Power     =  41.4619 uW


                 Internal         Switching           Leakage            Total
Power Group      Power            Power               Power              Power   (   %    )  Attrs
--------------------------------------------------------------------------------------------------
io_pad             0.0000            0.0000            0.0000            0.0000  (   0.00%)
memory             0.0000            0.0000            0.0000            0.0000  (   0.00%)
black_box          0.0000            0.0000            0.0000            0.0000  (   0.00%)
clock_network  9.1141e-04        1.3373e-02        7.5030e-07        1.4286e-02  (   0.08%)
register          17.3230        7.7831e-02        1.5904e-02           17.4167  (  96.21%)
sequential         0.0000            0.0000            0.0000            0.0000  (   0.00%)
combinational      0.4126            0.2344        2.5557e-02            0.6725  (   3.71%)
--------------------------------------------------------------------------------------------------
Total             17.7365 mW         0.3256 mW     4.1462e-02 mW        18.1035 mW
1
