 
****************************************
Report : port
        -verbose
        -significant_digits  3
Design : PIM_ALU_SYN_top
Version: M-2016.12-SP5-3
Date   : Thu Dec 22 12:14:40 2022
****************************************


                       Pin      Wire     Max     Max     Connection
Port           Dir     Load     Load     Trans   Cap     Class      Attrs
--------------------------------------------------------------------------------
PIM_result[255]
               out      0.000    0.000   --      --      --         
PIM_result[254]
               out      0.000    0.000   --      --      --         
PIM_result[253]
               out      0.000    0.000   --      --      --         
PIM_result[252]
               out      0.000    0.000   --      --      --         
PIM_result[251]
               out      0.000    0.000   --      --      --         
PIM_result[250]
               out      0.000    0.000   --      --      --         
PIM_result[249]
               out      0.000    0.000   --      --      --         
PIM_result[248]
               out      0.000    0.000   --      --      --         
PIM_result[247]
               out      0.000    0.000   --      --      --         
PIM_result[246]
               out      0.000    0.000   --      --      --         
PIM_result[245]
               out      0.000    0.000   --      --      --         
PIM_result[244]
               out      0.000    0.000   --      --      --         
PIM_result[243]
               out      0.000    0.000   --      --      --         
PIM_result[242]
               out      0.000    0.000   --      --      --         
PIM_result[241]
               out      0.000    0.000   --      --      --         
PIM_result[240]
               out      0.000    0.000   --      --      --         
PIM_result[239]
               out      0.000    0.000   --      --      --         
PIM_result[238]
               out      0.000    0.000   --      --      --         
PIM_result[237]
               out      0.000    0.000   --      --      --         
PIM_result[236]
               out      0.000    0.000   --      --      --         
PIM_result[235]
               out      0.000    0.000   --      --      --         
PIM_result[234]
               out      0.000    0.000   --      --      --         
PIM_result[233]
               out      0.000    0.000   --      --      --         
PIM_result[232]
               out      0.000    0.000   --      --      --         
PIM_result[231]
               out      0.000    0.000   --      --      --         
PIM_result[230]
               out      0.000    0.000   --      --      --         
PIM_result[229]
               out      0.000    0.000   --      --      --         
PIM_result[228]
               out      0.000    0.000   --      --      --         
PIM_result[227]
               out      0.000    0.000   --      --      --         
PIM_result[226]
               out      0.000    0.000   --      --      --         
PIM_result[225]
               out      0.000    0.000   --      --      --         
PIM_result[224]
               out      0.000    0.000   --      --      --         
PIM_result[223]
               out      0.000    0.000   --      --      --         
PIM_result[222]
               out      0.000    0.000   --      --      --         
PIM_result[221]
               out      0.000    0.000   --      --      --         
PIM_result[220]
               out      0.000    0.000   --      --      --         
PIM_result[219]
               out      0.000    0.000   --      --      --         
PIM_result[218]
               out      0.000    0.000   --      --      --         
PIM_result[217]
               out      0.000    0.000   --      --      --         
PIM_result[216]
               out      0.000    0.000   --      --      --         
PIM_result[215]
               out      0.000    0.000   --      --      --         
PIM_result[214]
               out      0.000    0.000   --      --      --         
PIM_result[213]
               out      0.000    0.000   --      --      --         
PIM_result[212]
               out      0.000    0.000   --      --      --         
PIM_result[211]
               out      0.000    0.000   --      --      --         
PIM_result[210]
               out      0.000    0.000   --      --      --         
PIM_result[209]
               out      0.000    0.000   --      --      --         
PIM_result[208]
               out      0.000    0.000   --      --      --         
PIM_result[207]
               out      0.000    0.000   --      --      --         
PIM_result[206]
               out      0.000    0.000   --      --      --         
PIM_result[205]
               out      0.000    0.000   --      --      --         
PIM_result[204]
               out      0.000    0.000   --      --      --         
PIM_result[203]
               out      0.000    0.000   --      --      --         
PIM_result[202]
               out      0.000    0.000   --      --      --         
PIM_result[201]
               out      0.000    0.000   --      --      --         
PIM_result[200]
               out      0.000    0.000   --      --      --         
PIM_result[199]
               out      0.000    0.000   --      --      --         
PIM_result[198]
               out      0.000    0.000   --      --      --         
PIM_result[197]
               out      0.000    0.000   --      --      --         
PIM_result[196]
               out      0.000    0.000   --      --      --         
PIM_result[195]
               out      0.000    0.000   --      --      --         
PIM_result[194]
               out      0.000    0.000   --      --      --         
PIM_result[193]
               out      0.000    0.000   --      --      --         
PIM_result[192]
               out      0.000    0.000   --      --      --         
PIM_result[191]
               out      0.000    0.000   --      --      --         
PIM_result[190]
               out      0.000    0.000   --      --      --         
PIM_result[189]
               out      0.000    0.000   --      --      --         
PIM_result[188]
               out      0.000    0.000   --      --      --         
PIM_result[187]
               out      0.000    0.000   --      --      --         
PIM_result[186]
               out      0.000    0.000   --      --      --         
PIM_result[185]
               out      0.000    0.000   --      --      --         
PIM_result[184]
               out      0.000    0.000   --      --      --         
PIM_result[183]
               out      0.000    0.000   --      --      --         
PIM_result[182]
               out      0.000    0.000   --      --      --         
PIM_result[181]
               out      0.000    0.000   --      --      --         
PIM_result[180]
               out      0.000    0.000   --      --      --         
PIM_result[179]
               out      0.000    0.000   --      --      --         
PIM_result[178]
               out      0.000    0.000   --      --      --         
PIM_result[177]
               out      0.000    0.000   --      --      --         
PIM_result[176]
               out      0.000    0.000   --      --      --         
PIM_result[175]
               out      0.000    0.000   --      --      --         
PIM_result[174]
               out      0.000    0.000   --      --      --         
PIM_result[173]
               out      0.000    0.000   --      --      --         
PIM_result[172]
               out      0.000    0.000   --      --      --         
PIM_result[171]
               out      0.000    0.000   --      --      --         
PIM_result[170]
               out      0.000    0.000   --      --      --         
PIM_result[169]
               out      0.000    0.000   --      --      --         
PIM_result[168]
               out      0.000    0.000   --      --      --         
PIM_result[167]
               out      0.000    0.000   --      --      --         
PIM_result[166]
               out      0.000    0.000   --      --      --         
PIM_result[165]
               out      0.000    0.000   --      --      --         
PIM_result[164]
               out      0.000    0.000   --      --      --         
PIM_result[163]
               out      0.000    0.000   --      --      --         
PIM_result[162]
               out      0.000    0.000   --      --      --         
PIM_result[161]
               out      0.000    0.000   --      --      --         
PIM_result[160]
               out      0.000    0.000   --      --      --         
PIM_result[159]
               out      0.000    0.000   --      --      --         
PIM_result[158]
               out      0.000    0.000   --      --      --         
PIM_result[157]
               out      0.000    0.000   --      --      --         
PIM_result[156]
               out      0.000    0.000   --      --      --         
PIM_result[155]
               out      0.000    0.000   --      --      --         
PIM_result[154]
               out      0.000    0.000   --      --      --         
PIM_result[153]
               out      0.000    0.000   --      --      --         
PIM_result[152]
               out      0.000    0.000   --      --      --         
PIM_result[151]
               out      0.000    0.000   --      --      --         
PIM_result[150]
               out      0.000    0.000   --      --      --         
PIM_result[149]
               out      0.000    0.000   --      --      --         
PIM_result[148]
               out      0.000    0.000   --      --      --         
PIM_result[147]
               out      0.000    0.000   --      --      --         
PIM_result[146]
               out      0.000    0.000   --      --      --         
PIM_result[145]
               out      0.000    0.000   --      --      --         
PIM_result[144]
               out      0.000    0.000   --      --      --         
PIM_result[143]
               out      0.000    0.000   --      --      --         
PIM_result[142]
               out      0.000    0.000   --      --      --         
PIM_result[141]
               out      0.000    0.000   --      --      --         
PIM_result[140]
               out      0.000    0.000   --      --      --         
PIM_result[139]
               out      0.000    0.000   --      --      --         
PIM_result[138]
               out      0.000    0.000   --      --      --         
PIM_result[137]
               out      0.000    0.000   --      --      --         
PIM_result[136]
               out      0.000    0.000   --      --      --         
PIM_result[135]
               out      0.000    0.000   --      --      --         
PIM_result[134]
               out      0.000    0.000   --      --      --         
PIM_result[133]
               out      0.000    0.000   --      --      --         
PIM_result[132]
               out      0.000    0.000   --      --      --         
PIM_result[131]
               out      0.000    0.000   --      --      --         
PIM_result[130]
               out      0.000    0.000   --      --      --         
PIM_result[129]
               out      0.000    0.000   --      --      --         
PIM_result[128]
               out      0.000    0.000   --      --      --         
PIM_result[127]
               out      0.000    0.000   --      --      --         
PIM_result[126]
               out      0.000    0.000   --      --      --         
PIM_result[125]
               out      0.000    0.000   --      --      --         
PIM_result[124]
               out      0.000    0.000   --      --      --         
PIM_result[123]
               out      0.000    0.000   --      --      --         
PIM_result[122]
               out      0.000    0.000   --      --      --         
PIM_result[121]
               out      0.000    0.000   --      --      --         
PIM_result[120]
               out      0.000    0.000   --      --      --         
PIM_result[119]
               out      0.000    0.000   --      --      --         
PIM_result[118]
               out      0.000    0.000   --      --      --         
PIM_result[117]
               out      0.000    0.000   --      --      --         
PIM_result[116]
               out      0.000    0.000   --      --      --         
PIM_result[115]
               out      0.000    0.000   --      --      --         
PIM_result[114]
               out      0.000    0.000   --      --      --         
PIM_result[113]
               out      0.000    0.000   --      --      --         
PIM_result[112]
               out      0.000    0.000   --      --      --         
PIM_result[111]
               out      0.000    0.000   --      --      --         
PIM_result[110]
               out      0.000    0.000   --      --      --         
PIM_result[109]
               out      0.000    0.000   --      --      --         
PIM_result[108]
               out      0.000    0.000   --      --      --         
PIM_result[107]
               out      0.000    0.000   --      --      --         
PIM_result[106]
               out      0.000    0.000   --      --      --         
PIM_result[105]
               out      0.000    0.000   --      --      --         
PIM_result[104]
               out      0.000    0.000   --      --      --         
PIM_result[103]
               out      0.000    0.000   --      --      --         
PIM_result[102]
               out      0.000    0.000   --      --      --         
PIM_result[101]
               out      0.000    0.000   --      --      --         
PIM_result[100]
               out      0.000    0.000   --      --      --         
PIM_result[99] out      0.000    0.000   --      --      --         
PIM_result[98] out      0.000    0.000   --      --      --         
PIM_result[97] out      0.000    0.000   --      --      --         
PIM_result[96] out      0.000    0.000   --      --      --         
PIM_result[95] out      0.000    0.000   --      --      --         
PIM_result[94] out      0.000    0.000   --      --      --         
PIM_result[93] out      0.000    0.000   --      --      --         
PIM_result[92] out      0.000    0.000   --      --      --         
PIM_result[91] out      0.000    0.000   --      --      --         
PIM_result[90] out      0.000    0.000   --      --      --         
PIM_result[89] out      0.000    0.000   --      --      --         
PIM_result[88] out      0.000    0.000   --      --      --         
PIM_result[87] out      0.000    0.000   --      --      --         
PIM_result[86] out      0.000    0.000   --      --      --         
PIM_result[85] out      0.000    0.000   --      --      --         
PIM_result[84] out      0.000    0.000   --      --      --         
PIM_result[83] out      0.000    0.000   --      --      --         
PIM_result[82] out      0.000    0.000   --      --      --         
PIM_result[81] out      0.000    0.000   --      --      --         
PIM_result[80] out      0.000    0.000   --      --      --         
PIM_result[79] out      0.000    0.000   --      --      --         
PIM_result[78] out      0.000    0.000   --      --      --         
PIM_result[77] out      0.000    0.000   --      --      --         
PIM_result[76] out      0.000    0.000   --      --      --         
PIM_result[75] out      0.000    0.000   --      --      --         
PIM_result[74] out      0.000    0.000   --      --      --         
PIM_result[73] out      0.000    0.000   --      --      --         
PIM_result[72] out      0.000    0.000   --      --      --         
PIM_result[71] out      0.000    0.000   --      --      --         
PIM_result[70] out      0.000    0.000   --      --      --         
PIM_result[69] out      0.000    0.000   --      --      --         
PIM_result[68] out      0.000    0.000   --      --      --         
PIM_result[67] out      0.000    0.000   --      --      --         
PIM_result[66] out      0.000    0.000   --      --      --         
PIM_result[65] out      0.000    0.000   --      --      --         
PIM_result[64] out      0.000    0.000   --      --      --         
PIM_result[63] out      0.000    0.000   --      --      --         
PIM_result[62] out      0.000    0.000   --      --      --         
PIM_result[61] out      0.000    0.000   --      --      --         
PIM_result[60] out      0.000    0.000   --      --      --         
PIM_result[59] out      0.000    0.000   --      --      --         
PIM_result[58] out      0.000    0.000   --      --      --         
PIM_result[57] out      0.000    0.000   --      --      --         
PIM_result[56] out      0.000    0.000   --      --      --         
PIM_result[55] out      0.000    0.000   --      --      --         
PIM_result[54] out      0.000    0.000   --      --      --         
PIM_result[53] out      0.000    0.000   --      --      --         
PIM_result[52] out      0.000    0.000   --      --      --         
PIM_result[51] out      0.000    0.000   --      --      --         
PIM_result[50] out      0.000    0.000   --      --      --         
PIM_result[49] out      0.000    0.000   --      --      --         
PIM_result[48] out      0.000    0.000   --      --      --         
PIM_result[47] out      0.000    0.000   --      --      --         
PIM_result[46] out      0.000    0.000   --      --      --         
PIM_result[45] out      0.000    0.000   --      --      --         
PIM_result[44] out      0.000    0.000   --      --      --         
PIM_result[43] out      0.000    0.000   --      --      --         
PIM_result[42] out      0.000    0.000   --      --      --         
PIM_result[41] out      0.000    0.000   --      --      --         
PIM_result[40] out      0.000    0.000   --      --      --         
PIM_result[39] out      0.000    0.000   --      --      --         
PIM_result[38] out      0.000    0.000   --      --      --         
PIM_result[37] out      0.000    0.000   --      --      --         
PIM_result[36] out      0.000    0.000   --      --      --         
PIM_result[35] out      0.000    0.000   --      --      --         
PIM_result[34] out      0.000    0.000   --      --      --         
PIM_result[33] out      0.000    0.000   --      --      --         
PIM_result[32] out      0.000    0.000   --      --      --         
PIM_result[31] out      0.000    0.000   --      --      --         
PIM_result[30] out      0.000    0.000   --      --      --         
PIM_result[29] out      0.000    0.000   --      --      --         
PIM_result[28] out      0.000    0.000   --      --      --         
PIM_result[27] out      0.000    0.000   --      --      --         
PIM_result[26] out      0.000    0.000   --      --      --         
PIM_result[25] out      0.000    0.000   --      --      --         
PIM_result[24] out      0.000    0.000   --      --      --         
PIM_result[23] out      0.000    0.000   --      --      --         
PIM_result[22] out      0.000    0.000   --      --      --         
PIM_result[21] out      0.000    0.000   --      --      --         
PIM_result[20] out      0.000    0.000   --      --      --         
PIM_result[19] out      0.000    0.000   --      --      --         
PIM_result[18] out      0.000    0.000   --      --      --         
PIM_result[17] out      0.000    0.000   --      --      --         
PIM_result[16] out      0.000    0.000   --      --      --         
PIM_result[15] out      0.000    0.000   --      --      --         
PIM_result[14] out      0.000    0.000   --      --      --         
PIM_result[13] out      0.000    0.000   --      --      --         
PIM_result[12] out      0.000    0.000   --      --      --         
PIM_result[11] out      0.000    0.000   --      --      --         
PIM_result[10] out      0.000    0.000   --      --      --         
PIM_result[9]  out      0.000    0.000   --      --      --         
PIM_result[8]  out      0.000    0.000   --      --      --         
PIM_result[7]  out      0.000    0.000   --      --      --         
PIM_result[6]  out      0.000    0.000   --      --      --         
PIM_result[5]  out      0.000    0.000   --      --      --         
PIM_result[4]  out      0.000    0.000   --      --      --         
PIM_result[3]  out      0.000    0.000   --      --      --         
PIM_result[2]  out      0.000    0.000   --      --      --         
PIM_result[1]  out      0.000    0.000   --      --      --         
PIM_result[0]  out      0.000    0.000   --      --      --         


              External  Max             Min                Min       Min
              Number    Wireload        Wireload           Pin       Wire
Port          Points    Model           Model              Load      Load
--------------------------------------------------------------------------------
PIM_result[255]
                   1      --              --              --        -- 
PIM_result[254]
                   1      --              --              --        -- 
PIM_result[253]
                   1      --              --              --        -- 
PIM_result[252]
                   1      --              --              --        -- 
PIM_result[251]
                   1      --              --              --        -- 
PIM_result[250]
                   1      --              --              --        -- 
PIM_result[249]
                   1      --              --              --        -- 
PIM_result[248]
                   1      --              --              --        -- 
PIM_result[247]
                   1      --              --              --        -- 
PIM_result[246]
                   1      --              --              --        -- 
PIM_result[245]
                   1      --              --              --        -- 
PIM_result[244]
                   1      --              --              --        -- 
PIM_result[243]
                   1      --              --              --        -- 
PIM_result[242]
                   1      --              --              --        -- 
PIM_result[241]
                   1      --              --              --        -- 
PIM_result[240]
                   1      --              --              --        -- 
PIM_result[239]
                   1      --              --              --        -- 
PIM_result[238]
                   1      --              --              --        -- 
PIM_result[237]
                   1      --              --              --        -- 
PIM_result[236]
                   1      --              --              --        -- 
PIM_result[235]
                   1      --              --              --        -- 
PIM_result[234]
                   1      --              --              --        -- 
PIM_result[233]
                   1      --              --              --        -- 
PIM_result[232]
                   1      --              --              --        -- 
PIM_result[231]
                   1      --              --              --        -- 
PIM_result[230]
                   1      --              --              --        -- 
PIM_result[229]
                   1      --              --              --        -- 
PIM_result[228]
                   1      --              --              --        -- 
PIM_result[227]
                   1      --              --              --        -- 
PIM_result[226]
                   1      --              --              --        -- 
PIM_result[225]
                   1      --              --              --        -- 
PIM_result[224]
                   1      --              --              --        -- 
PIM_result[223]
                   1      --              --              --        -- 
PIM_result[222]
                   1      --              --              --        -- 
PIM_result[221]
                   1      --              --              --        -- 
PIM_result[220]
                   1      --              --              --        -- 
PIM_result[219]
                   1      --              --              --        -- 
PIM_result[218]
                   1      --              --              --        -- 
PIM_result[217]
                   1      --              --              --        -- 
PIM_result[216]
                   1      --              --              --        -- 
PIM_result[215]
                   1      --              --              --        -- 
PIM_result[214]
                   1      --              --              --        -- 
PIM_result[213]
                   1      --              --              --        -- 
PIM_result[212]
                   1      --              --              --        -- 
PIM_result[211]
                   1      --              --              --        -- 
PIM_result[210]
                   1      --              --              --        -- 
PIM_result[209]
                   1      --              --              --        -- 
PIM_result[208]
                   1      --              --              --        -- 
PIM_result[207]
                   1      --              --              --        -- 
PIM_result[206]
                   1      --              --              --        -- 
PIM_result[205]
                   1      --              --              --        -- 
PIM_result[204]
                   1      --              --              --        -- 
PIM_result[203]
                   1      --              --              --        -- 
PIM_result[202]
                   1      --              --              --        -- 
PIM_result[201]
                   1      --              --              --        -- 
PIM_result[200]
                   1      --              --              --        -- 
PIM_result[199]
                   1      --              --              --        -- 
PIM_result[198]
                   1      --              --              --        -- 
PIM_result[197]
                   1      --              --              --        -- 
PIM_result[196]
                   1      --              --              --        -- 
PIM_result[195]
                   1      --              --              --        -- 
PIM_result[194]
                   1      --              --              --        -- 
PIM_result[193]
                   1      --              --              --        -- 
PIM_result[192]
                   1      --              --              --        -- 
PIM_result[191]
                   1      --              --              --        -- 
PIM_result[190]
                   1      --              --              --        -- 
PIM_result[189]
                   1      --              --              --        -- 
PIM_result[188]
                   1      --              --              --        -- 
PIM_result[187]
                   1      --              --              --        -- 
PIM_result[186]
                   1      --              --              --        -- 
PIM_result[185]
                   1      --              --              --        -- 
PIM_result[184]
                   1      --              --              --        -- 
PIM_result[183]
                   1      --              --              --        -- 
PIM_result[182]
                   1      --              --              --        -- 
PIM_result[181]
                   1      --              --              --        -- 
PIM_result[180]
                   1      --              --              --        -- 
PIM_result[179]
                   1      --              --              --        -- 
PIM_result[178]
                   1      --              --              --        -- 
PIM_result[177]
                   1      --              --              --        -- 
PIM_result[176]
                   1      --              --              --        -- 
PIM_result[175]
                   1      --              --              --        -- 
PIM_result[174]
                   1      --              --              --        -- 
PIM_result[173]
                   1      --              --              --        -- 
PIM_result[172]
                   1      --              --              --        -- 
PIM_result[171]
                   1      --              --              --        -- 
PIM_result[170]
                   1      --              --              --        -- 
PIM_result[169]
                   1      --              --              --        -- 
PIM_result[168]
                   1      --              --              --        -- 
PIM_result[167]
                   1      --              --              --        -- 
PIM_result[166]
                   1      --              --              --        -- 
PIM_result[165]
                   1      --              --              --        -- 
PIM_result[164]
                   1      --              --              --        -- 
PIM_result[163]
                   1      --              --              --        -- 
PIM_result[162]
                   1      --              --              --        -- 
PIM_result[161]
                   1      --              --              --        -- 
PIM_result[160]
                   1      --              --              --        -- 
PIM_result[159]
                   1      --              --              --        -- 
PIM_result[158]
                   1      --              --              --        -- 
PIM_result[157]
                   1      --              --              --        -- 
PIM_result[156]
                   1      --              --              --        -- 
PIM_result[155]
                   1      --              --              --        -- 
PIM_result[154]
                   1      --              --              --        -- 
PIM_result[153]
                   1      --              --              --        -- 
PIM_result[152]
                   1      --              --              --        -- 
PIM_result[151]
                   1      --              --              --        -- 
PIM_result[150]
                   1      --              --              --        -- 
PIM_result[149]
                   1      --              --              --        -- 
PIM_result[148]
                   1      --              --              --        -- 
PIM_result[147]
                   1      --              --              --        -- 
PIM_result[146]
                   1      --              --              --        -- 
PIM_result[145]
                   1      --              --              --        -- 
PIM_result[144]
                   1      --              --              --        -- 
PIM_result[143]
                   1      --              --              --        -- 
PIM_result[142]
                   1      --              --              --        -- 
PIM_result[141]
                   1      --              --              --        -- 
PIM_result[140]
                   1      --              --              --        -- 
PIM_result[139]
                   1      --              --              --        -- 
PIM_result[138]
                   1      --              --              --        -- 
PIM_result[137]
                   1      --              --              --        -- 
PIM_result[136]
                   1      --              --              --        -- 
PIM_result[135]
                   1      --              --              --        -- 
PIM_result[134]
                   1      --              --              --        -- 
PIM_result[133]
                   1      --              --              --        -- 
PIM_result[132]
                   1      --              --              --        -- 
PIM_result[131]
                   1      --              --              --        -- 
PIM_result[130]
                   1      --              --              --        -- 
PIM_result[129]
                   1      --              --              --        -- 
PIM_result[128]
                   1      --              --              --        -- 
PIM_result[127]
                   1      --              --              --        -- 
PIM_result[126]
                   1      --              --              --        -- 
PIM_result[125]
                   1      --              --              --        -- 
PIM_result[124]
                   1      --              --              --        -- 
PIM_result[123]
                   1      --              --              --        -- 
PIM_result[122]
                   1      --              --              --        -- 
PIM_result[121]
                   1      --              --              --        -- 
PIM_result[120]
                   1      --              --              --        -- 
PIM_result[119]
                   1      --              --              --        -- 
PIM_result[118]
                   1      --              --              --        -- 
PIM_result[117]
                   1      --              --              --        -- 
PIM_result[116]
                   1      --              --              --        -- 
PIM_result[115]
                   1      --              --              --        -- 
PIM_result[114]
                   1      --              --              --        -- 
PIM_result[113]
                   1      --              --              --        -- 
PIM_result[112]
                   1      --              --              --        -- 
PIM_result[111]
                   1      --              --              --        -- 
PIM_result[110]
                   1      --              --              --        -- 
PIM_result[109]
                   1      --              --              --        -- 
PIM_result[108]
                   1      --              --              --        -- 
PIM_result[107]
                   1      --              --              --        -- 
PIM_result[106]
                   1      --              --              --        -- 
PIM_result[105]
                   1      --              --              --        -- 
PIM_result[104]
                   1      --              --              --        -- 
PIM_result[103]
                   1      --              --              --        -- 
PIM_result[102]
                   1      --              --              --        -- 
PIM_result[101]
                   1      --              --              --        -- 
PIM_result[100]
                   1      --              --              --        -- 
PIM_result[99]
                   1      --              --              --        -- 
PIM_result[98]
                   1      --              --              --        -- 
PIM_result[97]
                   1      --              --              --        -- 
PIM_result[96]
                   1      --              --              --        -- 
PIM_result[95]
                   1      --              --              --        -- 
PIM_result[94]
                   1      --              --              --        -- 
PIM_result[93]
                   1      --              --              --        -- 
PIM_result[92]
                   1      --              --              --        -- 
PIM_result[91]
                   1      --              --              --        -- 
PIM_result[90]
                   1      --              --              --        -- 
PIM_result[89]
                   1      --              --              --        -- 
PIM_result[88]
                   1      --              --              --        -- 
PIM_result[87]
                   1      --              --              --        -- 
PIM_result[86]
                   1      --              --              --        -- 
PIM_result[85]
                   1      --              --              --        -- 
PIM_result[84]
                   1      --              --              --        -- 
PIM_result[83]
                   1      --              --              --        -- 
PIM_result[82]
                   1      --              --              --        -- 
PIM_result[81]
                   1      --              --              --        -- 
PIM_result[80]
                   1      --              --              --        -- 
PIM_result[79]
                   1      --              --              --        -- 
PIM_result[78]
                   1      --              --              --        -- 
PIM_result[77]
                   1      --              --              --        -- 
PIM_result[76]
                   1      --              --              --        -- 
PIM_result[75]
                   1      --              --              --        -- 
PIM_result[74]
                   1      --              --              --        -- 
PIM_result[73]
                   1      --              --              --        -- 
PIM_result[72]
                   1      --              --              --        -- 
PIM_result[71]
                   1      --              --              --        -- 
PIM_result[70]
                   1      --              --              --        -- 
PIM_result[69]
                   1      --              --              --        -- 
PIM_result[68]
                   1      --              --              --        -- 
PIM_result[67]
                   1      --              --              --        -- 
PIM_result[66]
                   1      --              --              --        -- 
PIM_result[65]
                   1      --              --              --        -- 
PIM_result[64]
                   1      --              --              --        -- 
PIM_result[63]
                   1      --              --              --        -- 
PIM_result[62]
                   1      --              --              --        -- 
PIM_result[61]
                   1      --              --              --        -- 
PIM_result[60]
                   1      --              --              --        -- 
PIM_result[59]
                   1      --              --              --        -- 
PIM_result[58]
                   1      --              --              --        -- 
PIM_result[57]
                   1      --              --              --        -- 
PIM_result[56]
                   1      --              --              --        -- 
PIM_result[55]
                   1      --              --              --        -- 
PIM_result[54]
                   1      --              --              --        -- 
PIM_result[53]
                   1      --              --              --        -- 
PIM_result[52]
                   1      --              --              --        -- 
PIM_result[51]
                   1      --              --              --        -- 
PIM_result[50]
                   1      --              --              --        -- 
PIM_result[49]
                   1      --              --              --        -- 
PIM_result[48]
                   1      --              --              --        -- 
PIM_result[47]
                   1      --              --              --        -- 
PIM_result[46]
                   1      --              --              --        -- 
PIM_result[45]
                   1      --              --              --        -- 
PIM_result[44]
                   1      --              --              --        -- 
PIM_result[43]
                   1      --              --              --        -- 
PIM_result[42]
                   1      --              --              --        -- 
PIM_result[41]
                   1      --              --              --        -- 
PIM_result[40]
                   1      --              --              --        -- 
PIM_result[39]
                   1      --              --              --        -- 
PIM_result[38]
                   1      --              --              --        -- 
PIM_result[37]
                   1      --              --              --        -- 
PIM_result[36]
                   1      --              --              --        -- 
PIM_result[35]
                   1      --              --              --        -- 
PIM_result[34]
                   1      --              --              --        -- 
PIM_result[33]
                   1      --              --              --        -- 
PIM_result[32]
                   1      --              --              --        -- 
PIM_result[31]
                   1      --              --              --        -- 
PIM_result[30]
                   1      --              --              --        -- 
PIM_result[29]
                   1      --              --              --        -- 
PIM_result[28]
                   1      --              --              --        -- 
PIM_result[27]
                   1      --              --              --        -- 
PIM_result[26]
                   1      --              --              --        -- 
PIM_result[25]
                   1      --              --              --        -- 
PIM_result[24]
                   1      --              --              --        -- 
PIM_result[23]
                   1      --              --              --        -- 
PIM_result[22]
                   1      --              --              --        -- 
PIM_result[21]
                   1      --              --              --        -- 
PIM_result[20]
                   1      --              --              --        -- 
PIM_result[19]
                   1      --              --              --        -- 
PIM_result[18]
                   1      --              --              --        -- 
PIM_result[17]
                   1      --              --              --        -- 
PIM_result[16]
                   1      --              --              --        -- 
PIM_result[15]
                   1      --              --              --        -- 
PIM_result[14]
                   1      --              --              --        -- 
PIM_result[13]
                   1      --              --              --        -- 
PIM_result[12]
                   1      --              --              --        -- 
PIM_result[11]
                   1      --              --              --        -- 
PIM_result[10]
                   1      --              --              --        -- 
PIM_result[9]      1      --              --              --        -- 
PIM_result[8]      1      --              --              --        -- 
PIM_result[7]      1      --              --              --        -- 
PIM_result[6]      1      --              --              --        -- 
PIM_result[5]      1      --              --              --        -- 
PIM_result[4]      1      --              --              --        -- 
PIM_result[3]      1      --              --              --        -- 
PIM_result[2]      1      --              --              --        -- 
PIM_result[1]      1      --              --              --        -- 
PIM_result[0]      1      --              --              --        -- 


                    Output Delay
                  Min             Max      Related  Fanout
Output Port   Rise    Fall    Rise    Fall  Clock     Load
--------------------------------------------------------------------------------
PIM_result[255]
             0.000   0.000   0.000   0.000  clk_ext  0.000  
PIM_result[254]
             0.000   0.000   0.000   0.000  clk_ext  0.000  
PIM_result[253]
             0.000   0.000   0.000   0.000  clk_ext  0.000  
PIM_result[252]
             0.000   0.000   0.000   0.000  clk_ext  0.000  
PIM_result[251]
             0.000   0.000   0.000   0.000  clk_ext  0.000  
PIM_result[250]
             0.000   0.000   0.000   0.000  clk_ext  0.000  
PIM_result[249]
             0.000   0.000   0.000   0.000  clk_ext  0.000  
PIM_result[248]
             0.000   0.000   0.000   0.000  clk_ext  0.000  
PIM_result[247]
             0.000   0.000   0.000   0.000  clk_ext  0.000  
PIM_result[246]
             0.000   0.000   0.000   0.000  clk_ext  0.000  
PIM_result[245]
             0.000   0.000   0.000   0.000  clk_ext  0.000  
PIM_result[244]
             0.000   0.000   0.000   0.000  clk_ext  0.000  
PIM_result[243]
             0.000   0.000   0.000   0.000  clk_ext  0.000  
PIM_result[242]
             0.000   0.000   0.000   0.000  clk_ext  0.000  
PIM_result[241]
             0.000   0.000   0.000   0.000  clk_ext  0.000  
PIM_result[240]
             0.000   0.000   0.000   0.000  clk_ext  0.000  
PIM_result[239]
             0.000   0.000   0.000   0.000  clk_ext  0.000  
PIM_result[238]
             0.000   0.000   0.000   0.000  clk_ext  0.000  
PIM_result[237]
             0.000   0.000   0.000   0.000  clk_ext  0.000  
PIM_result[236]
             0.000   0.000   0.000   0.000  clk_ext  0.000  
PIM_result[235]
             0.000   0.000   0.000   0.000  clk_ext  0.000  
PIM_result[234]
             0.000   0.000   0.000   0.000  clk_ext  0.000  
PIM_result[233]
             0.000   0.000   0.000   0.000  clk_ext  0.000  
PIM_result[232]
             0.000   0.000   0.000   0.000  clk_ext  0.000  
PIM_result[231]
             0.000   0.000   0.000   0.000  clk_ext  0.000  
PIM_result[230]
             0.000   0.000   0.000   0.000  clk_ext  0.000  
PIM_result[229]
             0.000   0.000   0.000   0.000  clk_ext  0.000  
PIM_result[228]
             0.000   0.000   0.000   0.000  clk_ext  0.000  
PIM_result[227]
             0.000   0.000   0.000   0.000  clk_ext  0.000  
PIM_result[226]
             0.000   0.000   0.000   0.000  clk_ext  0.000  
PIM_result[225]
             0.000   0.000   0.000   0.000  clk_ext  0.000  
PIM_result[224]
             0.000   0.000   0.000   0.000  clk_ext  0.000  
PIM_result[223]
             0.000   0.000   0.000   0.000  clk_ext  0.000  
PIM_result[222]
             0.000   0.000   0.000   0.000  clk_ext  0.000  
PIM_result[221]
             0.000   0.000   0.000   0.000  clk_ext  0.000  
PIM_result[220]
             0.000   0.000   0.000   0.000  clk_ext  0.000  
PIM_result[219]
             0.000   0.000   0.000   0.000  clk_ext  0.000  
PIM_result[218]
             0.000   0.000   0.000   0.000  clk_ext  0.000  
PIM_result[217]
             0.000   0.000   0.000   0.000  clk_ext  0.000  
PIM_result[216]
             0.000   0.000   0.000   0.000  clk_ext  0.000  
PIM_result[215]
             0.000   0.000   0.000   0.000  clk_ext  0.000  
PIM_result[214]
             0.000   0.000   0.000   0.000  clk_ext  0.000  
PIM_result[213]
             0.000   0.000   0.000   0.000  clk_ext  0.000  
PIM_result[212]
             0.000   0.000   0.000   0.000  clk_ext  0.000  
PIM_result[211]
             0.000   0.000   0.000   0.000  clk_ext  0.000  
PIM_result[210]
             0.000   0.000   0.000   0.000  clk_ext  0.000  
PIM_result[209]
             0.000   0.000   0.000   0.000  clk_ext  0.000  
PIM_result[208]
             0.000   0.000   0.000   0.000  clk_ext  0.000  
PIM_result[207]
             0.000   0.000   0.000   0.000  clk_ext  0.000  
PIM_result[206]
             0.000   0.000   0.000   0.000  clk_ext  0.000  
PIM_result[205]
             0.000   0.000   0.000   0.000  clk_ext  0.000  
PIM_result[204]
             0.000   0.000   0.000   0.000  clk_ext  0.000  
PIM_result[203]
             0.000   0.000   0.000   0.000  clk_ext  0.000  
PIM_result[202]
             0.000   0.000   0.000   0.000  clk_ext  0.000  
PIM_result[201]
             0.000   0.000   0.000   0.000  clk_ext  0.000  
PIM_result[200]
             0.000   0.000   0.000   0.000  clk_ext  0.000  
PIM_result[199]
             0.000   0.000   0.000   0.000  clk_ext  0.000  
PIM_result[198]
             0.000   0.000   0.000   0.000  clk_ext  0.000  
PIM_result[197]
             0.000   0.000   0.000   0.000  clk_ext  0.000  
PIM_result[196]
             0.000   0.000   0.000   0.000  clk_ext  0.000  
PIM_result[195]
             0.000   0.000   0.000   0.000  clk_ext  0.000  
PIM_result[194]
             0.000   0.000   0.000   0.000  clk_ext  0.000  
PIM_result[193]
             0.000   0.000   0.000   0.000  clk_ext  0.000  
PIM_result[192]
             0.000   0.000   0.000   0.000  clk_ext  0.000  
PIM_result[191]
             0.000   0.000   0.000   0.000  clk_ext  0.000  
PIM_result[190]
             0.000   0.000   0.000   0.000  clk_ext  0.000  
PIM_result[189]
             0.000   0.000   0.000   0.000  clk_ext  0.000  
PIM_result[188]
             0.000   0.000   0.000   0.000  clk_ext  0.000  
PIM_result[187]
             0.000   0.000   0.000   0.000  clk_ext  0.000  
PIM_result[186]
             0.000   0.000   0.000   0.000  clk_ext  0.000  
PIM_result[185]
             0.000   0.000   0.000   0.000  clk_ext  0.000  
PIM_result[184]
             0.000   0.000   0.000   0.000  clk_ext  0.000  
PIM_result[183]
             0.000   0.000   0.000   0.000  clk_ext  0.000  
PIM_result[182]
             0.000   0.000   0.000   0.000  clk_ext  0.000  
PIM_result[181]
             0.000   0.000   0.000   0.000  clk_ext  0.000  
PIM_result[180]
             0.000   0.000   0.000   0.000  clk_ext  0.000  
PIM_result[179]
             0.000   0.000   0.000   0.000  clk_ext  0.000  
PIM_result[178]
             0.000   0.000   0.000   0.000  clk_ext  0.000  
PIM_result[177]
             0.000   0.000   0.000   0.000  clk_ext  0.000  
PIM_result[176]
             0.000   0.000   0.000   0.000  clk_ext  0.000  
PIM_result[175]
             0.000   0.000   0.000   0.000  clk_ext  0.000  
PIM_result[174]
             0.000   0.000   0.000   0.000  clk_ext  0.000  
PIM_result[173]
             0.000   0.000   0.000   0.000  clk_ext  0.000  
PIM_result[172]
             0.000   0.000   0.000   0.000  clk_ext  0.000  
PIM_result[171]
             0.000   0.000   0.000   0.000  clk_ext  0.000  
PIM_result[170]
             0.000   0.000   0.000   0.000  clk_ext  0.000  
PIM_result[169]
             0.000   0.000   0.000   0.000  clk_ext  0.000  
PIM_result[168]
             0.000   0.000   0.000   0.000  clk_ext  0.000  
PIM_result[167]
             0.000   0.000   0.000   0.000  clk_ext  0.000  
PIM_result[166]
             0.000   0.000   0.000   0.000  clk_ext  0.000  
PIM_result[165]
             0.000   0.000   0.000   0.000  clk_ext  0.000  
PIM_result[164]
             0.000   0.000   0.000   0.000  clk_ext  0.000  
PIM_result[163]
             0.000   0.000   0.000   0.000  clk_ext  0.000  
PIM_result[162]
             0.000   0.000   0.000   0.000  clk_ext  0.000  
PIM_result[161]
             0.000   0.000   0.000   0.000  clk_ext  0.000  
PIM_result[160]
             0.000   0.000   0.000   0.000  clk_ext  0.000  
PIM_result[159]
             0.000   0.000   0.000   0.000  clk_ext  0.000  
PIM_result[158]
             0.000   0.000   0.000   0.000  clk_ext  0.000  
PIM_result[157]
             0.000   0.000   0.000   0.000  clk_ext  0.000  
PIM_result[156]
             0.000   0.000   0.000   0.000  clk_ext  0.000  
PIM_result[155]
             0.000   0.000   0.000   0.000  clk_ext  0.000  
PIM_result[154]
             0.000   0.000   0.000   0.000  clk_ext  0.000  
PIM_result[153]
             0.000   0.000   0.000   0.000  clk_ext  0.000  
PIM_result[152]
             0.000   0.000   0.000   0.000  clk_ext  0.000  
PIM_result[151]
             0.000   0.000   0.000   0.000  clk_ext  0.000  
PIM_result[150]
             0.000   0.000   0.000   0.000  clk_ext  0.000  
PIM_result[149]
             0.000   0.000   0.000   0.000  clk_ext  0.000  
PIM_result[148]
             0.000   0.000   0.000   0.000  clk_ext  0.000  
PIM_result[147]
             0.000   0.000   0.000   0.000  clk_ext  0.000  
PIM_result[146]
             0.000   0.000   0.000   0.000  clk_ext  0.000  
PIM_result[145]
             0.000   0.000   0.000   0.000  clk_ext  0.000  
PIM_result[144]
             0.000   0.000   0.000   0.000  clk_ext  0.000  
PIM_result[143]
             0.000   0.000   0.000   0.000  clk_ext  0.000  
PIM_result[142]
             0.000   0.000   0.000   0.000  clk_ext  0.000  
PIM_result[141]
             0.000   0.000   0.000   0.000  clk_ext  0.000  
PIM_result[140]
             0.000   0.000   0.000   0.000  clk_ext  0.000  
PIM_result[139]
             0.000   0.000   0.000   0.000  clk_ext  0.000  
PIM_result[138]
             0.000   0.000   0.000   0.000  clk_ext  0.000  
PIM_result[137]
             0.000   0.000   0.000   0.000  clk_ext  0.000  
PIM_result[136]
             0.000   0.000   0.000   0.000  clk_ext  0.000  
PIM_result[135]
             0.000   0.000   0.000   0.000  clk_ext  0.000  
PIM_result[134]
             0.000   0.000   0.000   0.000  clk_ext  0.000  
PIM_result[133]
             0.000   0.000   0.000   0.000  clk_ext  0.000  
PIM_result[132]
             0.000   0.000   0.000   0.000  clk_ext  0.000  
PIM_result[131]
             0.000   0.000   0.000   0.000  clk_ext  0.000  
PIM_result[130]
             0.000   0.000   0.000   0.000  clk_ext  0.000  
PIM_result[129]
             0.000   0.000   0.000   0.000  clk_ext  0.000  
PIM_result[128]
             0.000   0.000   0.000   0.000  clk_ext  0.000  
PIM_result[127]
             0.000   0.000   0.000   0.000  clk_ext  0.000  
PIM_result[126]
             0.000   0.000   0.000   0.000  clk_ext  0.000  
PIM_result[125]
             0.000   0.000   0.000   0.000  clk_ext  0.000  
PIM_result[124]
             0.000   0.000   0.000   0.000  clk_ext  0.000  
PIM_result[123]
             0.000   0.000   0.000   0.000  clk_ext  0.000  
PIM_result[122]
             0.000   0.000   0.000   0.000  clk_ext  0.000  
PIM_result[121]
             0.000   0.000   0.000   0.000  clk_ext  0.000  
PIM_result[120]
             0.000   0.000   0.000   0.000  clk_ext  0.000  
PIM_result[119]
             0.000   0.000   0.000   0.000  clk_ext  0.000  
PIM_result[118]
             0.000   0.000   0.000   0.000  clk_ext  0.000  
PIM_result[117]
             0.000   0.000   0.000   0.000  clk_ext  0.000  
PIM_result[116]
             0.000   0.000   0.000   0.000  clk_ext  0.000  
PIM_result[115]
             0.000   0.000   0.000   0.000  clk_ext  0.000  
PIM_result[114]
             0.000   0.000   0.000   0.000  clk_ext  0.000  
PIM_result[113]
             0.000   0.000   0.000   0.000  clk_ext  0.000  
PIM_result[112]
             0.000   0.000   0.000   0.000  clk_ext  0.000  
PIM_result[111]
             0.000   0.000   0.000   0.000  clk_ext  0.000  
PIM_result[110]
             0.000   0.000   0.000   0.000  clk_ext  0.000  
PIM_result[109]
             0.000   0.000   0.000   0.000  clk_ext  0.000  
PIM_result[108]
             0.000   0.000   0.000   0.000  clk_ext  0.000  
PIM_result[107]
             0.000   0.000   0.000   0.000  clk_ext  0.000  
PIM_result[106]
             0.000   0.000   0.000   0.000  clk_ext  0.000  
PIM_result[105]
             0.000   0.000   0.000   0.000  clk_ext  0.000  
PIM_result[104]
             0.000   0.000   0.000   0.000  clk_ext  0.000  
PIM_result[103]
             0.000   0.000   0.000   0.000  clk_ext  0.000  
PIM_result[102]
             0.000   0.000   0.000   0.000  clk_ext  0.000  
PIM_result[101]
             0.000   0.000   0.000   0.000  clk_ext  0.000  
PIM_result[100]
             0.000   0.000   0.000   0.000  clk_ext  0.000  
PIM_result[99]
             0.000   0.000   0.000   0.000  clk_ext  0.000  
PIM_result[98]
             0.000   0.000   0.000   0.000  clk_ext  0.000  
PIM_result[97]
             0.000   0.000   0.000   0.000  clk_ext  0.000  
PIM_result[96]
             0.000   0.000   0.000   0.000  clk_ext  0.000  
PIM_result[95]
             0.000   0.000   0.000   0.000  clk_ext  0.000  
PIM_result[94]
             0.000   0.000   0.000   0.000  clk_ext  0.000  
PIM_result[93]
             0.000   0.000   0.000   0.000  clk_ext  0.000  
PIM_result[92]
             0.000   0.000   0.000   0.000  clk_ext  0.000  
PIM_result[91]
             0.000   0.000   0.000   0.000  clk_ext  0.000  
PIM_result[90]
             0.000   0.000   0.000   0.000  clk_ext  0.000  
PIM_result[89]
             0.000   0.000   0.000   0.000  clk_ext  0.000  
PIM_result[88]
             0.000   0.000   0.000   0.000  clk_ext  0.000  
PIM_result[87]
             0.000   0.000   0.000   0.000  clk_ext  0.000  
PIM_result[86]
             0.000   0.000   0.000   0.000  clk_ext  0.000  
PIM_result[85]
             0.000   0.000   0.000   0.000  clk_ext  0.000  
PIM_result[84]
             0.000   0.000   0.000   0.000  clk_ext  0.000  
PIM_result[83]
             0.000   0.000   0.000   0.000  clk_ext  0.000  
PIM_result[82]
             0.000   0.000   0.000   0.000  clk_ext  0.000  
PIM_result[81]
             0.000   0.000   0.000   0.000  clk_ext  0.000  
PIM_result[80]
             0.000   0.000   0.000   0.000  clk_ext  0.000  
PIM_result[79]
             0.000   0.000   0.000   0.000  clk_ext  0.000  
PIM_result[78]
             0.000   0.000   0.000   0.000  clk_ext  0.000  
PIM_result[77]
             0.000   0.000   0.000   0.000  clk_ext  0.000  
PIM_result[76]
             0.000   0.000   0.000   0.000  clk_ext  0.000  
PIM_result[75]
             0.000   0.000   0.000   0.000  clk_ext  0.000  
PIM_result[74]
             0.000   0.000   0.000   0.000  clk_ext  0.000  
PIM_result[73]
             0.000   0.000   0.000   0.000  clk_ext  0.000  
PIM_result[72]
             0.000   0.000   0.000   0.000  clk_ext  0.000  
PIM_result[71]
             0.000   0.000   0.000   0.000  clk_ext  0.000  
PIM_result[70]
             0.000   0.000   0.000   0.000  clk_ext  0.000  
PIM_result[69]
             0.000   0.000   0.000   0.000  clk_ext  0.000  
PIM_result[68]
             0.000   0.000   0.000   0.000  clk_ext  0.000  
PIM_result[67]
             0.000   0.000   0.000   0.000  clk_ext  0.000  
PIM_result[66]
             0.000   0.000   0.000   0.000  clk_ext  0.000  
PIM_result[65]
             0.000   0.000   0.000   0.000  clk_ext  0.000  
PIM_result[64]
             0.000   0.000   0.000   0.000  clk_ext  0.000  
PIM_result[63]
             0.000   0.000   0.000   0.000  clk_ext  0.000  
PIM_result[62]
             0.000   0.000   0.000   0.000  clk_ext  0.000  
PIM_result[61]
             0.000   0.000   0.000   0.000  clk_ext  0.000  
PIM_result[60]
             0.000   0.000   0.000   0.000  clk_ext  0.000  
PIM_result[59]
             0.000   0.000   0.000   0.000  clk_ext  0.000  
PIM_result[58]
             0.000   0.000   0.000   0.000  clk_ext  0.000  
PIM_result[57]
             0.000   0.000   0.000   0.000  clk_ext  0.000  
PIM_result[56]
             0.000   0.000   0.000   0.000  clk_ext  0.000  
PIM_result[55]
             0.000   0.000   0.000   0.000  clk_ext  0.000  
PIM_result[54]
             0.000   0.000   0.000   0.000  clk_ext  0.000  
PIM_result[53]
             0.000   0.000   0.000   0.000  clk_ext  0.000  
PIM_result[52]
             0.000   0.000   0.000   0.000  clk_ext  0.000  
PIM_result[51]
             0.000   0.000   0.000   0.000  clk_ext  0.000  
PIM_result[50]
             0.000   0.000   0.000   0.000  clk_ext  0.000  
PIM_result[49]
             0.000   0.000   0.000   0.000  clk_ext  0.000  
PIM_result[48]
             0.000   0.000   0.000   0.000  clk_ext  0.000  
PIM_result[47]
             0.000   0.000   0.000   0.000  clk_ext  0.000  
PIM_result[46]
             0.000   0.000   0.000   0.000  clk_ext  0.000  
PIM_result[45]
             0.000   0.000   0.000   0.000  clk_ext  0.000  
PIM_result[44]
             0.000   0.000   0.000   0.000  clk_ext  0.000  
PIM_result[43]
             0.000   0.000   0.000   0.000  clk_ext  0.000  
PIM_result[42]
             0.000   0.000   0.000   0.000  clk_ext  0.000  
PIM_result[41]
             0.000   0.000   0.000   0.000  clk_ext  0.000  
PIM_result[40]
             0.000   0.000   0.000   0.000  clk_ext  0.000  
PIM_result[39]
             0.000   0.000   0.000   0.000  clk_ext  0.000  
PIM_result[38]
             0.000   0.000   0.000   0.000  clk_ext  0.000  
PIM_result[37]
             0.000   0.000   0.000   0.000  clk_ext  0.000  
PIM_result[36]
             0.000   0.000   0.000   0.000  clk_ext  0.000  
PIM_result[35]
             0.000   0.000   0.000   0.000  clk_ext  0.000  
PIM_result[34]
             0.000   0.000   0.000   0.000  clk_ext  0.000  
PIM_result[33]
             0.000   0.000   0.000   0.000  clk_ext  0.000  
PIM_result[32]
             0.000   0.000   0.000   0.000  clk_ext  0.000  
PIM_result[31]
             0.000   0.000   0.000   0.000  clk_ext  0.000  
PIM_result[30]
             0.000   0.000   0.000   0.000  clk_ext  0.000  
PIM_result[29]
             0.000   0.000   0.000   0.000  clk_ext  0.000  
PIM_result[28]
             0.000   0.000   0.000   0.000  clk_ext  0.000  
PIM_result[27]
             0.000   0.000   0.000   0.000  clk_ext  0.000  
PIM_result[26]
             0.000   0.000   0.000   0.000  clk_ext  0.000  
PIM_result[25]
             0.000   0.000   0.000   0.000  clk_ext  0.000  
PIM_result[24]
             0.000   0.000   0.000   0.000  clk_ext  0.000  
PIM_result[23]
             0.000   0.000   0.000   0.000  clk_ext  0.000  
PIM_result[22]
             0.000   0.000   0.000   0.000  clk_ext  0.000  
PIM_result[21]
             0.000   0.000   0.000   0.000  clk_ext  0.000  
PIM_result[20]
             0.000   0.000   0.000   0.000  clk_ext  0.000  
PIM_result[19]
             0.000   0.000   0.000   0.000  clk_ext  0.000  
PIM_result[18]
             0.000   0.000   0.000   0.000  clk_ext  0.000  
PIM_result[17]
             0.000   0.000   0.000   0.000  clk_ext  0.000  
PIM_result[16]
             0.000   0.000   0.000   0.000  clk_ext  0.000  
PIM_result[15]
             0.000   0.000   0.000   0.000  clk_ext  0.000  
PIM_result[14]
             0.000   0.000   0.000   0.000  clk_ext  0.000  
PIM_result[13]
             0.000   0.000   0.000   0.000  clk_ext  0.000  
PIM_result[12]
             0.000   0.000   0.000   0.000  clk_ext  0.000  
PIM_result[11]
             0.000   0.000   0.000   0.000  clk_ext  0.000  
PIM_result[10]
             0.000   0.000   0.000   0.000  clk_ext  0.000  
PIM_result[9]
             0.000   0.000   0.000   0.000  clk_ext  0.000  
PIM_result[8]
             0.000   0.000   0.000   0.000  clk_ext  0.000  
PIM_result[7]
             0.000   0.000   0.000   0.000  clk_ext  0.000  
PIM_result[6]
             0.000   0.000   0.000   0.000  clk_ext  0.000  
PIM_result[5]
             0.000   0.000   0.000   0.000  clk_ext  0.000  
PIM_result[4]
             0.000   0.000   0.000   0.000  clk_ext  0.000  
PIM_result[3]
             0.000   0.000   0.000   0.000  clk_ext  0.000  
PIM_result[2]
             0.000   0.000   0.000   0.000  clk_ext  0.000  
PIM_result[1]
             0.000   0.000   0.000   0.000  clk_ext  0.000  
PIM_result[0]
             0.000   0.000   0.000   0.000  clk_ext  0.000  

1
