 
****************************************
check_design summary:
Version:     M-2016.12-SP5-3
Date:        Thu Dec 22 12:11:44 2022
****************************************

                   Name                                            Total
--------------------------------------------------------------------------------
Inputs/Outputs                                                     97
    Unconnected ports (LINT-28)                                    81
    Feedthrough (LINT-29)                                          16

Cells                                                             193
    Cells do not drive (LINT-1)                                   193
--------------------------------------------------------------------------------

Warning: In design 'bank_top_GDDR6', cell 'C9936' does not drive any nets. (LINT-1)
Warning: In design 'NORM_stage_DEBUG_15', cell 'B_1' does not drive any nets. (LINT-1)
Warning: In design 'NORM_stage_DEBUG_15', cell 'C203' does not drive any nets. (LINT-1)
Warning: In design 'NORM_stage_DEBUG_15', cell 'C207' does not drive any nets. (LINT-1)
Warning: In design 'NORM_stage_DEBUG_15', cell 'C211' does not drive any nets. (LINT-1)
Warning: In design 'NORM_stage_DEBUG_15', cell 'C215' does not drive any nets. (LINT-1)
Warning: In design 'NORM_stage_DEBUG_15', cell 'C219' does not drive any nets. (LINT-1)
Warning: In design 'NORM_stage_DEBUG_15', cell 'C223' does not drive any nets. (LINT-1)
Warning: In design 'NORM_stage_DEBUG_15', cell 'C227' does not drive any nets. (LINT-1)
Warning: In design 'ADD_module_OPT_15', cell 'C266' does not drive any nets. (LINT-1)
Warning: In design 'ADD_module_OPT_15', cell 'C267' does not drive any nets. (LINT-1)
Warning: In design 'ADD_module_OPT_15', cell 'B_16' does not drive any nets. (LINT-1)
Warning: In design 'ADD_module_OPT_15', cell 'B_17' does not drive any nets. (LINT-1)
Warning: In design 'NORM_stage_DEBUG_0', cell 'B_1' does not drive any nets. (LINT-1)
Warning: In design 'NORM_stage_DEBUG_0', cell 'C203' does not drive any nets. (LINT-1)
Warning: In design 'NORM_stage_DEBUG_0', cell 'C207' does not drive any nets. (LINT-1)
Warning: In design 'NORM_stage_DEBUG_0', cell 'C211' does not drive any nets. (LINT-1)
Warning: In design 'NORM_stage_DEBUG_0', cell 'C215' does not drive any nets. (LINT-1)
Warning: In design 'NORM_stage_DEBUG_0', cell 'C219' does not drive any nets. (LINT-1)
Warning: In design 'NORM_stage_DEBUG_0', cell 'C223' does not drive any nets. (LINT-1)
Warning: In design 'NORM_stage_DEBUG_0', cell 'C227' does not drive any nets. (LINT-1)
Warning: In design 'NORM_stage_DEBUG_1', cell 'B_1' does not drive any nets. (LINT-1)
Warning: In design 'NORM_stage_DEBUG_1', cell 'C203' does not drive any nets. (LINT-1)
Warning: In design 'NORM_stage_DEBUG_1', cell 'C207' does not drive any nets. (LINT-1)
Warning: In design 'NORM_stage_DEBUG_1', cell 'C211' does not drive any nets. (LINT-1)
Warning: In design 'NORM_stage_DEBUG_1', cell 'C215' does not drive any nets. (LINT-1)
Warning: In design 'NORM_stage_DEBUG_1', cell 'C219' does not drive any nets. (LINT-1)
Warning: In design 'NORM_stage_DEBUG_1', cell 'C223' does not drive any nets. (LINT-1)
Warning: In design 'NORM_stage_DEBUG_1', cell 'C227' does not drive any nets. (LINT-1)
Warning: In design 'NORM_stage_DEBUG_2', cell 'B_1' does not drive any nets. (LINT-1)
Warning: In design 'NORM_stage_DEBUG_2', cell 'C203' does not drive any nets. (LINT-1)
Warning: In design 'NORM_stage_DEBUG_2', cell 'C207' does not drive any nets. (LINT-1)
Warning: In design 'NORM_stage_DEBUG_2', cell 'C211' does not drive any nets. (LINT-1)
Warning: In design 'NORM_stage_DEBUG_2', cell 'C215' does not drive any nets. (LINT-1)
Warning: In design 'NORM_stage_DEBUG_2', cell 'C219' does not drive any nets. (LINT-1)
Warning: In design 'NORM_stage_DEBUG_2', cell 'C223' does not drive any nets. (LINT-1)
Warning: In design 'NORM_stage_DEBUG_2', cell 'C227' does not drive any nets. (LINT-1)
Warning: In design 'NORM_stage_DEBUG_3', cell 'B_1' does not drive any nets. (LINT-1)
Warning: In design 'NORM_stage_DEBUG_3', cell 'C203' does not drive any nets. (LINT-1)
Warning: In design 'NORM_stage_DEBUG_3', cell 'C207' does not drive any nets. (LINT-1)
Warning: In design 'NORM_stage_DEBUG_3', cell 'C211' does not drive any nets. (LINT-1)
Warning: In design 'NORM_stage_DEBUG_3', cell 'C215' does not drive any nets. (LINT-1)
Warning: In design 'NORM_stage_DEBUG_3', cell 'C219' does not drive any nets. (LINT-1)
Warning: In design 'NORM_stage_DEBUG_3', cell 'C223' does not drive any nets. (LINT-1)
Warning: In design 'NORM_stage_DEBUG_3', cell 'C227' does not drive any nets. (LINT-1)
Warning: In design 'NORM_stage_DEBUG_4', cell 'B_1' does not drive any nets. (LINT-1)
Warning: In design 'NORM_stage_DEBUG_4', cell 'C203' does not drive any nets. (LINT-1)
Warning: In design 'NORM_stage_DEBUG_4', cell 'C207' does not drive any nets. (LINT-1)
Warning: In design 'NORM_stage_DEBUG_4', cell 'C211' does not drive any nets. (LINT-1)
Warning: In design 'NORM_stage_DEBUG_4', cell 'C215' does not drive any nets. (LINT-1)
Warning: In design 'NORM_stage_DEBUG_4', cell 'C219' does not drive any nets. (LINT-1)
Warning: In design 'NORM_stage_DEBUG_4', cell 'C223' does not drive any nets. (LINT-1)
Warning: In design 'NORM_stage_DEBUG_4', cell 'C227' does not drive any nets. (LINT-1)
Warning: In design 'NORM_stage_DEBUG_5', cell 'B_1' does not drive any nets. (LINT-1)
Warning: In design 'NORM_stage_DEBUG_5', cell 'C203' does not drive any nets. (LINT-1)
Warning: In design 'NORM_stage_DEBUG_5', cell 'C207' does not drive any nets. (LINT-1)
Warning: In design 'NORM_stage_DEBUG_5', cell 'C211' does not drive any nets. (LINT-1)
Warning: In design 'NORM_stage_DEBUG_5', cell 'C215' does not drive any nets. (LINT-1)
Warning: In design 'NORM_stage_DEBUG_5', cell 'C219' does not drive any nets. (LINT-1)
Warning: In design 'NORM_stage_DEBUG_5', cell 'C223' does not drive any nets. (LINT-1)
Warning: In design 'NORM_stage_DEBUG_5', cell 'C227' does not drive any nets. (LINT-1)
Warning: In design 'NORM_stage_DEBUG_6', cell 'B_1' does not drive any nets. (LINT-1)
Warning: In design 'NORM_stage_DEBUG_6', cell 'C203' does not drive any nets. (LINT-1)
Warning: In design 'NORM_stage_DEBUG_6', cell 'C207' does not drive any nets. (LINT-1)
Warning: In design 'NORM_stage_DEBUG_6', cell 'C211' does not drive any nets. (LINT-1)
Warning: In design 'NORM_stage_DEBUG_6', cell 'C215' does not drive any nets. (LINT-1)
Warning: In design 'NORM_stage_DEBUG_6', cell 'C219' does not drive any nets. (LINT-1)
Warning: In design 'NORM_stage_DEBUG_6', cell 'C223' does not drive any nets. (LINT-1)
Warning: In design 'NORM_stage_DEBUG_6', cell 'C227' does not drive any nets. (LINT-1)
Warning: In design 'NORM_stage_DEBUG_7', cell 'B_1' does not drive any nets. (LINT-1)
Warning: In design 'NORM_stage_DEBUG_7', cell 'C203' does not drive any nets. (LINT-1)
Warning: In design 'NORM_stage_DEBUG_7', cell 'C207' does not drive any nets. (LINT-1)
Warning: In design 'NORM_stage_DEBUG_7', cell 'C211' does not drive any nets. (LINT-1)
Warning: In design 'NORM_stage_DEBUG_7', cell 'C215' does not drive any nets. (LINT-1)
Warning: In design 'NORM_stage_DEBUG_7', cell 'C219' does not drive any nets. (LINT-1)
Warning: In design 'NORM_stage_DEBUG_7', cell 'C223' does not drive any nets. (LINT-1)
Warning: In design 'NORM_stage_DEBUG_7', cell 'C227' does not drive any nets. (LINT-1)
Warning: In design 'NORM_stage_DEBUG_8', cell 'B_1' does not drive any nets. (LINT-1)
Warning: In design 'NORM_stage_DEBUG_8', cell 'C203' does not drive any nets. (LINT-1)
Warning: In design 'NORM_stage_DEBUG_8', cell 'C207' does not drive any nets. (LINT-1)
Warning: In design 'NORM_stage_DEBUG_8', cell 'C211' does not drive any nets. (LINT-1)
Warning: In design 'NORM_stage_DEBUG_8', cell 'C215' does not drive any nets. (LINT-1)
Warning: In design 'NORM_stage_DEBUG_8', cell 'C219' does not drive any nets. (LINT-1)
Warning: In design 'NORM_stage_DEBUG_8', cell 'C223' does not drive any nets. (LINT-1)
Warning: In design 'NORM_stage_DEBUG_8', cell 'C227' does not drive any nets. (LINT-1)
Warning: In design 'NORM_stage_DEBUG_9', cell 'B_1' does not drive any nets. (LINT-1)
Warning: In design 'NORM_stage_DEBUG_9', cell 'C203' does not drive any nets. (LINT-1)
Warning: In design 'NORM_stage_DEBUG_9', cell 'C207' does not drive any nets. (LINT-1)
Warning: In design 'NORM_stage_DEBUG_9', cell 'C211' does not drive any nets. (LINT-1)
Warning: In design 'NORM_stage_DEBUG_9', cell 'C215' does not drive any nets. (LINT-1)
Warning: In design 'NORM_stage_DEBUG_9', cell 'C219' does not drive any nets. (LINT-1)
Warning: In design 'NORM_stage_DEBUG_9', cell 'C223' does not drive any nets. (LINT-1)
Warning: In design 'NORM_stage_DEBUG_9', cell 'C227' does not drive any nets. (LINT-1)
Warning: In design 'NORM_stage_DEBUG_10', cell 'B_1' does not drive any nets. (LINT-1)
Warning: In design 'NORM_stage_DEBUG_10', cell 'C203' does not drive any nets. (LINT-1)
Warning: In design 'NORM_stage_DEBUG_10', cell 'C207' does not drive any nets. (LINT-1)
Warning: In design 'NORM_stage_DEBUG_10', cell 'C211' does not drive any nets. (LINT-1)
Warning: In design 'NORM_stage_DEBUG_10', cell 'C215' does not drive any nets. (LINT-1)
Warning: In design 'NORM_stage_DEBUG_10', cell 'C219' does not drive any nets. (LINT-1)
Warning: In design 'NORM_stage_DEBUG_10', cell 'C223' does not drive any nets. (LINT-1)
Warning: In design 'NORM_stage_DEBUG_10', cell 'C227' does not drive any nets. (LINT-1)
Warning: In design 'NORM_stage_DEBUG_11', cell 'B_1' does not drive any nets. (LINT-1)
Warning: In design 'NORM_stage_DEBUG_11', cell 'C203' does not drive any nets. (LINT-1)
Warning: In design 'NORM_stage_DEBUG_11', cell 'C207' does not drive any nets. (LINT-1)
Warning: In design 'NORM_stage_DEBUG_11', cell 'C211' does not drive any nets. (LINT-1)
Warning: In design 'NORM_stage_DEBUG_11', cell 'C215' does not drive any nets. (LINT-1)
Warning: In design 'NORM_stage_DEBUG_11', cell 'C219' does not drive any nets. (LINT-1)
Warning: In design 'NORM_stage_DEBUG_11', cell 'C223' does not drive any nets. (LINT-1)
Warning: In design 'NORM_stage_DEBUG_11', cell 'C227' does not drive any nets. (LINT-1)
Warning: In design 'NORM_stage_DEBUG_12', cell 'B_1' does not drive any nets. (LINT-1)
Warning: In design 'NORM_stage_DEBUG_12', cell 'C203' does not drive any nets. (LINT-1)
Warning: In design 'NORM_stage_DEBUG_12', cell 'C207' does not drive any nets. (LINT-1)
Warning: In design 'NORM_stage_DEBUG_12', cell 'C211' does not drive any nets. (LINT-1)
Warning: In design 'NORM_stage_DEBUG_12', cell 'C215' does not drive any nets. (LINT-1)
Warning: In design 'NORM_stage_DEBUG_12', cell 'C219' does not drive any nets. (LINT-1)
Warning: In design 'NORM_stage_DEBUG_12', cell 'C223' does not drive any nets. (LINT-1)
Warning: In design 'NORM_stage_DEBUG_12', cell 'C227' does not drive any nets. (LINT-1)
Warning: In design 'NORM_stage_DEBUG_13', cell 'B_1' does not drive any nets. (LINT-1)
Warning: In design 'NORM_stage_DEBUG_13', cell 'C203' does not drive any nets. (LINT-1)
Warning: In design 'NORM_stage_DEBUG_13', cell 'C207' does not drive any nets. (LINT-1)
Warning: In design 'NORM_stage_DEBUG_13', cell 'C211' does not drive any nets. (LINT-1)
Warning: In design 'NORM_stage_DEBUG_13', cell 'C215' does not drive any nets. (LINT-1)
Warning: In design 'NORM_stage_DEBUG_13', cell 'C219' does not drive any nets. (LINT-1)
Warning: In design 'NORM_stage_DEBUG_13', cell 'C223' does not drive any nets. (LINT-1)
Warning: In design 'NORM_stage_DEBUG_13', cell 'C227' does not drive any nets. (LINT-1)
Warning: In design 'NORM_stage_DEBUG_14', cell 'B_1' does not drive any nets. (LINT-1)
Warning: In design 'NORM_stage_DEBUG_14', cell 'C203' does not drive any nets. (LINT-1)
Warning: In design 'NORM_stage_DEBUG_14', cell 'C207' does not drive any nets. (LINT-1)
Warning: In design 'NORM_stage_DEBUG_14', cell 'C211' does not drive any nets. (LINT-1)
Warning: In design 'NORM_stage_DEBUG_14', cell 'C215' does not drive any nets. (LINT-1)
Warning: In design 'NORM_stage_DEBUG_14', cell 'C219' does not drive any nets. (LINT-1)
Warning: In design 'NORM_stage_DEBUG_14', cell 'C223' does not drive any nets. (LINT-1)
Warning: In design 'NORM_stage_DEBUG_14', cell 'C227' does not drive any nets. (LINT-1)
Warning: In design 'ADD_module_OPT_0', cell 'C266' does not drive any nets. (LINT-1)
Warning: In design 'ADD_module_OPT_0', cell 'C267' does not drive any nets. (LINT-1)
Warning: In design 'ADD_module_OPT_0', cell 'B_16' does not drive any nets. (LINT-1)
Warning: In design 'ADD_module_OPT_0', cell 'B_17' does not drive any nets. (LINT-1)
Warning: In design 'ADD_module_OPT_1', cell 'C266' does not drive any nets. (LINT-1)
Warning: In design 'ADD_module_OPT_1', cell 'C267' does not drive any nets. (LINT-1)
Warning: In design 'ADD_module_OPT_1', cell 'B_16' does not drive any nets. (LINT-1)
Warning: In design 'ADD_module_OPT_1', cell 'B_17' does not drive any nets. (LINT-1)
Warning: In design 'ADD_module_OPT_2', cell 'C266' does not drive any nets. (LINT-1)
Warning: In design 'ADD_module_OPT_2', cell 'C267' does not drive any nets. (LINT-1)
Warning: In design 'ADD_module_OPT_2', cell 'B_16' does not drive any nets. (LINT-1)
Warning: In design 'ADD_module_OPT_2', cell 'B_17' does not drive any nets. (LINT-1)
Warning: In design 'ADD_module_OPT_3', cell 'C266' does not drive any nets. (LINT-1)
Warning: In design 'ADD_module_OPT_3', cell 'C267' does not drive any nets. (LINT-1)
Warning: In design 'ADD_module_OPT_3', cell 'B_16' does not drive any nets. (LINT-1)
Warning: In design 'ADD_module_OPT_3', cell 'B_17' does not drive any nets. (LINT-1)
Warning: In design 'ADD_module_OPT_4', cell 'C266' does not drive any nets. (LINT-1)
Warning: In design 'ADD_module_OPT_4', cell 'C267' does not drive any nets. (LINT-1)
Warning: In design 'ADD_module_OPT_4', cell 'B_16' does not drive any nets. (LINT-1)
Warning: In design 'ADD_module_OPT_4', cell 'B_17' does not drive any nets. (LINT-1)
Warning: In design 'ADD_module_OPT_5', cell 'C266' does not drive any nets. (LINT-1)
Warning: In design 'ADD_module_OPT_5', cell 'C267' does not drive any nets. (LINT-1)
Warning: In design 'ADD_module_OPT_5', cell 'B_16' does not drive any nets. (LINT-1)
Warning: In design 'ADD_module_OPT_5', cell 'B_17' does not drive any nets. (LINT-1)
Warning: In design 'ADD_module_OPT_6', cell 'C266' does not drive any nets. (LINT-1)
Warning: In design 'ADD_module_OPT_6', cell 'C267' does not drive any nets. (LINT-1)
Warning: In design 'ADD_module_OPT_6', cell 'B_16' does not drive any nets. (LINT-1)
Warning: In design 'ADD_module_OPT_6', cell 'B_17' does not drive any nets. (LINT-1)
Warning: In design 'ADD_module_OPT_7', cell 'C266' does not drive any nets. (LINT-1)
Warning: In design 'ADD_module_OPT_7', cell 'C267' does not drive any nets. (LINT-1)
Warning: In design 'ADD_module_OPT_7', cell 'B_16' does not drive any nets. (LINT-1)
Warning: In design 'ADD_module_OPT_7', cell 'B_17' does not drive any nets. (LINT-1)
Warning: In design 'ADD_module_OPT_8', cell 'C266' does not drive any nets. (LINT-1)
Warning: In design 'ADD_module_OPT_8', cell 'C267' does not drive any nets. (LINT-1)
Warning: In design 'ADD_module_OPT_8', cell 'B_16' does not drive any nets. (LINT-1)
Warning: In design 'ADD_module_OPT_8', cell 'B_17' does not drive any nets. (LINT-1)
Warning: In design 'ADD_module_OPT_9', cell 'C266' does not drive any nets. (LINT-1)
Warning: In design 'ADD_module_OPT_9', cell 'C267' does not drive any nets. (LINT-1)
Warning: In design 'ADD_module_OPT_9', cell 'B_16' does not drive any nets. (LINT-1)
Warning: In design 'ADD_module_OPT_9', cell 'B_17' does not drive any nets. (LINT-1)
Warning: In design 'ADD_module_OPT_10', cell 'C266' does not drive any nets. (LINT-1)
Warning: In design 'ADD_module_OPT_10', cell 'C267' does not drive any nets. (LINT-1)
Warning: In design 'ADD_module_OPT_10', cell 'B_16' does not drive any nets. (LINT-1)
Warning: In design 'ADD_module_OPT_10', cell 'B_17' does not drive any nets. (LINT-1)
Warning: In design 'ADD_module_OPT_11', cell 'C266' does not drive any nets. (LINT-1)
Warning: In design 'ADD_module_OPT_11', cell 'C267' does not drive any nets. (LINT-1)
Warning: In design 'ADD_module_OPT_11', cell 'B_16' does not drive any nets. (LINT-1)
Warning: In design 'ADD_module_OPT_11', cell 'B_17' does not drive any nets. (LINT-1)
Warning: In design 'ADD_module_OPT_12', cell 'C266' does not drive any nets. (LINT-1)
Warning: In design 'ADD_module_OPT_12', cell 'C267' does not drive any nets. (LINT-1)
Warning: In design 'ADD_module_OPT_12', cell 'B_16' does not drive any nets. (LINT-1)
Warning: In design 'ADD_module_OPT_12', cell 'B_17' does not drive any nets. (LINT-1)
Warning: In design 'ADD_module_OPT_13', cell 'C266' does not drive any nets. (LINT-1)
Warning: In design 'ADD_module_OPT_13', cell 'C267' does not drive any nets. (LINT-1)
Warning: In design 'ADD_module_OPT_13', cell 'B_16' does not drive any nets. (LINT-1)
Warning: In design 'ADD_module_OPT_13', cell 'B_17' does not drive any nets. (LINT-1)
Warning: In design 'ADD_module_OPT_14', cell 'C266' does not drive any nets. (LINT-1)
Warning: In design 'ADD_module_OPT_14', cell 'C267' does not drive any nets. (LINT-1)
Warning: In design 'ADD_module_OPT_14', cell 'B_16' does not drive any nets. (LINT-1)
Warning: In design 'ADD_module_OPT_14', cell 'B_17' does not drive any nets. (LINT-1)
Warning: In design 'PIM_ALU_SYN_top', port 'bank_config[27]' is not connected to any nets. (LINT-28)
Warning: In design 'PIM_ALU_SYN_top', port 'bank_config[26]' is not connected to any nets. (LINT-28)
Warning: In design 'PIM_ALU_SYN_top', port 'bank_config[25]' is not connected to any nets. (LINT-28)
Warning: In design 'PIM_ALU_SYN_top', port 'bank_config[24]' is not connected to any nets. (LINT-28)
Warning: In design 'PIM_ALU_SYN_top', port 'bank_config[23]' is not connected to any nets. (LINT-28)
Warning: In design 'PIM_ALU_SYN_top', port 'bank_config[22]' is not connected to any nets. (LINT-28)
Warning: In design 'PIM_ALU_SYN_top', port 'bank_config[21]' is not connected to any nets. (LINT-28)
Warning: In design 'PIM_ALU_SYN_top', port 'bank_config[20]' is not connected to any nets. (LINT-28)
Warning: In design 'PIM_ALU_SYN_top', port 'bank_config[19]' is not connected to any nets. (LINT-28)
Warning: In design 'PIM_ALU_SYN_top', port 'bank_config[18]' is not connected to any nets. (LINT-28)
Warning: In design 'PIM_ALU_SYN_top', port 'bank_config[17]' is not connected to any nets. (LINT-28)
Warning: In design 'PIM_ALU_SYN_top', port 'bank_config[16]' is not connected to any nets. (LINT-28)
Warning: In design 'PIM_ALU_SYN_top', port 'bank_config[15]' is not connected to any nets. (LINT-28)
Warning: In design 'PIM_ALU_SYN_top', port 'bank_config[14]' is not connected to any nets. (LINT-28)
Warning: In design 'PIM_ALU_SYN_top', port 'bank_config[13]' is not connected to any nets. (LINT-28)
Warning: In design 'PIM_ALU_SYN_top', port 'bank_config[12]' is not connected to any nets. (LINT-28)
Warning: In design 'PIM_ALU_SYN_top', port 'bank_config[11]' is not connected to any nets. (LINT-28)
Warning: In design 'PIM_ALU_SYN_top', port 'bank_config[10]' is not connected to any nets. (LINT-28)
Warning: In design 'PIM_ALU_SYN_top', port 'bank_config[9]' is not connected to any nets. (LINT-28)
Warning: In design 'PIM_ALU_SYN_top', port 'bank_config[8]' is not connected to any nets. (LINT-28)
Warning: In design 'PIM_ALU_SYN_top', port 'bank_config[7]' is not connected to any nets. (LINT-28)
Warning: In design 'PIM_ALU_SYN_top', port 'bank_config[6]' is not connected to any nets. (LINT-28)
Warning: In design 'PIM_ALU_SYN_top', port 'bank_config[5]' is not connected to any nets. (LINT-28)
Warning: In design 'PIM_ALU_SYN_top', port 'bank_config[4]' is not connected to any nets. (LINT-28)
Warning: In design 'PIM_ALU_SYN_top', port 'bank_config[3]' is not connected to any nets. (LINT-28)
Warning: In design 'PIM_ALU_SYN_top', port 'bank_config[2]' is not connected to any nets. (LINT-28)
Warning: In design 'PIM_ALU_SYN_top', port 'bank_config[1]' is not connected to any nets. (LINT-28)
Warning: In design 'PIM_ALU_SYN_top', port 'bank_config[0]' is not connected to any nets. (LINT-28)
Warning: In design 'bank_top_GDDR6', port 'bank_config_reg[27]' is not connected to any nets. (LINT-28)
Warning: In design 'bank_top_GDDR6', port 'bank_config_reg[26]' is not connected to any nets. (LINT-28)
Warning: In design 'bank_top_GDDR6', port 'bank_config_reg[25]' is not connected to any nets. (LINT-28)
Warning: In design 'bank_top_GDDR6', port 'bank_config_reg[24]' is not connected to any nets. (LINT-28)
Warning: In design 'bank_top_GDDR6', port 'bank_config_reg[23]' is not connected to any nets. (LINT-28)
Warning: In design 'bank_top_GDDR6', port 'bank_config_reg[22]' is not connected to any nets. (LINT-28)
Warning: In design 'bank_top_GDDR6', port 'bank_config_reg[21]' is not connected to any nets. (LINT-28)
Warning: In design 'bank_top_GDDR6', port 'bank_config_reg[20]' is not connected to any nets. (LINT-28)
Warning: In design 'bank_top_GDDR6', port 'bank_config_reg[19]' is not connected to any nets. (LINT-28)
Warning: In design 'bank_top_GDDR6', port 'bank_config_reg[18]' is not connected to any nets. (LINT-28)
Warning: In design 'bank_top_GDDR6', port 'bank_config_reg[17]' is not connected to any nets. (LINT-28)
Warning: In design 'bank_top_GDDR6', port 'bank_config_reg[16]' is not connected to any nets. (LINT-28)
Warning: In design 'bank_top_GDDR6', port 'bank_config_reg[15]' is not connected to any nets. (LINT-28)
Warning: In design 'bank_top_GDDR6', port 'bank_config_reg[14]' is not connected to any nets. (LINT-28)
Warning: In design 'bank_top_GDDR6', port 'bank_config_reg[13]' is not connected to any nets. (LINT-28)
Warning: In design 'bank_top_GDDR6', port 'bank_config_reg[12]' is not connected to any nets. (LINT-28)
Warning: In design 'bank_top_GDDR6', port 'bank_config_reg[11]' is not connected to any nets. (LINT-28)
Warning: In design 'bank_top_GDDR6', port 'bank_config_reg[3]' is not connected to any nets. (LINT-28)
Warning: In design 'bank_top_GDDR6', port 'bank_config_reg[2]' is not connected to any nets. (LINT-28)
Warning: In design 'bank_top_GDDR6', port 'bank_config_reg[1]' is not connected to any nets. (LINT-28)
Warning: In design 'bank_top_GDDR6', port 'bank_config_reg[0]' is not connected to any nets. (LINT-28)
Warning: In design 'bfloat_MAC_pipe_OPT_15', port 'is_MAC' is not connected to any nets. (LINT-28)
Warning: In design 'bfloat_MAC_pipe_OPT_15', port 'is_MUL' is not connected to any nets. (LINT-28)
Warning: In design 'bfloat_MAC_pipe_OPT_0', port 'is_MAC' is not connected to any nets. (LINT-28)
Warning: In design 'bfloat_MAC_pipe_OPT_0', port 'is_MUL' is not connected to any nets. (LINT-28)
Warning: In design 'bfloat_MAC_pipe_OPT_1', port 'is_MAC' is not connected to any nets. (LINT-28)
Warning: In design 'bfloat_MAC_pipe_OPT_1', port 'is_MUL' is not connected to any nets. (LINT-28)
Warning: In design 'bfloat_MAC_pipe_OPT_2', port 'is_MAC' is not connected to any nets. (LINT-28)
Warning: In design 'bfloat_MAC_pipe_OPT_2', port 'is_MUL' is not connected to any nets. (LINT-28)
Warning: In design 'bfloat_MAC_pipe_OPT_3', port 'is_MAC' is not connected to any nets. (LINT-28)
Warning: In design 'bfloat_MAC_pipe_OPT_3', port 'is_MUL' is not connected to any nets. (LINT-28)
Warning: In design 'bfloat_MAC_pipe_OPT_4', port 'is_MAC' is not connected to any nets. (LINT-28)
Warning: In design 'bfloat_MAC_pipe_OPT_4', port 'is_MUL' is not connected to any nets. (LINT-28)
Warning: In design 'bfloat_MAC_pipe_OPT_5', port 'is_MAC' is not connected to any nets. (LINT-28)
Warning: In design 'bfloat_MAC_pipe_OPT_5', port 'is_MUL' is not connected to any nets. (LINT-28)
Warning: In design 'bfloat_MAC_pipe_OPT_6', port 'is_MAC' is not connected to any nets. (LINT-28)
Warning: In design 'bfloat_MAC_pipe_OPT_6', port 'is_MUL' is not connected to any nets. (LINT-28)
Warning: In design 'bfloat_MAC_pipe_OPT_7', port 'is_MAC' is not connected to any nets. (LINT-28)
Warning: In design 'bfloat_MAC_pipe_OPT_7', port 'is_MUL' is not connected to any nets. (LINT-28)
Warning: In design 'bfloat_MAC_pipe_OPT_8', port 'is_MAC' is not connected to any nets. (LINT-28)
Warning: In design 'bfloat_MAC_pipe_OPT_8', port 'is_MUL' is not connected to any nets. (LINT-28)
Warning: In design 'bfloat_MAC_pipe_OPT_9', port 'is_MAC' is not connected to any nets. (LINT-28)
Warning: In design 'bfloat_MAC_pipe_OPT_9', port 'is_MUL' is not connected to any nets. (LINT-28)
Warning: In design 'bfloat_MAC_pipe_OPT_10', port 'is_MAC' is not connected to any nets. (LINT-28)
Warning: In design 'bfloat_MAC_pipe_OPT_10', port 'is_MUL' is not connected to any nets. (LINT-28)
Warning: In design 'bfloat_MAC_pipe_OPT_11', port 'is_MAC' is not connected to any nets. (LINT-28)
Warning: In design 'bfloat_MAC_pipe_OPT_11', port 'is_MUL' is not connected to any nets. (LINT-28)
Warning: In design 'bfloat_MAC_pipe_OPT_12', port 'is_MAC' is not connected to any nets. (LINT-28)
Warning: In design 'bfloat_MAC_pipe_OPT_12', port 'is_MUL' is not connected to any nets. (LINT-28)
Warning: In design 'bfloat_MAC_pipe_OPT_13', port 'is_MAC' is not connected to any nets. (LINT-28)
Warning: In design 'bfloat_MAC_pipe_OPT_13', port 'is_MUL' is not connected to any nets. (LINT-28)
Warning: In design 'bfloat_MAC_pipe_OPT_14', port 'is_MAC' is not connected to any nets. (LINT-28)
Warning: In design 'bfloat_MAC_pipe_OPT_14', port 'is_MUL' is not connected to any nets. (LINT-28)
Warning: In design 'NORM_stage_DEBUG_15', input port 'in_sign' is connected directly to output port 'out[15]'. (LINT-29)
Warning: In design 'NORM_stage_DEBUG_0', input port 'in_sign' is connected directly to output port 'out[15]'. (LINT-29)
Warning: In design 'NORM_stage_DEBUG_1', input port 'in_sign' is connected directly to output port 'out[15]'. (LINT-29)
Warning: In design 'NORM_stage_DEBUG_2', input port 'in_sign' is connected directly to output port 'out[15]'. (LINT-29)
Warning: In design 'NORM_stage_DEBUG_3', input port 'in_sign' is connected directly to output port 'out[15]'. (LINT-29)
Warning: In design 'NORM_stage_DEBUG_4', input port 'in_sign' is connected directly to output port 'out[15]'. (LINT-29)
Warning: In design 'NORM_stage_DEBUG_5', input port 'in_sign' is connected directly to output port 'out[15]'. (LINT-29)
Warning: In design 'NORM_stage_DEBUG_6', input port 'in_sign' is connected directly to output port 'out[15]'. (LINT-29)
Warning: In design 'NORM_stage_DEBUG_7', input port 'in_sign' is connected directly to output port 'out[15]'. (LINT-29)
Warning: In design 'NORM_stage_DEBUG_8', input port 'in_sign' is connected directly to output port 'out[15]'. (LINT-29)
Warning: In design 'NORM_stage_DEBUG_9', input port 'in_sign' is connected directly to output port 'out[15]'. (LINT-29)
Warning: In design 'NORM_stage_DEBUG_10', input port 'in_sign' is connected directly to output port 'out[15]'. (LINT-29)
Warning: In design 'NORM_stage_DEBUG_11', input port 'in_sign' is connected directly to output port 'out[15]'. (LINT-29)
Warning: In design 'NORM_stage_DEBUG_12', input port 'in_sign' is connected directly to output port 'out[15]'. (LINT-29)
Warning: In design 'NORM_stage_DEBUG_13', input port 'in_sign' is connected directly to output port 'out[15]'. (LINT-29)
Warning: In design 'NORM_stage_DEBUG_14', input port 'in_sign' is connected directly to output port 'out[15]'. (LINT-29)
1
