 
****************************************
Report : hierarchy
Design : PIM_ALU_SYN_top
Version: M-2016.12-SP5-3
Date   : Fri Jul 10 02:03:05 2020
****************************************

Attributes:
    r - licensed design

PIM_ALU_SYN_top    r
    ADDFHX4MTR             scmetro_cmos10lp_rvt_ss_1p08v_125c_sadhm
    ADDFX1MTR              scmetro_cmos10lp_rvt_ss_1p08v_125c_sadhm
    ADDFX2MTR              scmetro_cmos10lp_rvt_ss_1p08v_125c_sadhm
    ADDHX1MTR              scmetro_cmos10lp_rvt_ss_1p08v_125c_sadhm
    AND2X1MTR              scmetro_cmos10lp_rvt_ss_1p08v_125c_sadhm
    AND2X2MTR              scmetro_cmos10lp_rvt_ss_1p08v_125c_sadhm
    AND2X4MTR              scmetro_cmos10lp_rvt_ss_1p08v_125c_sadhm
    AND2X6MTR              scmetro_cmos10lp_rvt_ss_1p08v_125c_sadhm
    AND2X8MTR              scmetro_cmos10lp_rvt_ss_1p08v_125c_sadhm
    AND2X12MTR             scmetro_cmos10lp_rvt_ss_1p08v_125c_sadhm
    AND3X1MTR              scmetro_cmos10lp_rvt_ss_1p08v_125c_sadhm
    AND3X2MTR              scmetro_cmos10lp_rvt_ss_1p08v_125c_sadhm
    AND3X4MTR              scmetro_cmos10lp_rvt_ss_1p08v_125c_sadhm
    AND3X6MTR              scmetro_cmos10lp_rvt_ss_1p08v_125c_sadhm
    AND4X1MTR              scmetro_cmos10lp_rvt_ss_1p08v_125c_sadhm
    AND4X2MTR              scmetro_cmos10lp_rvt_ss_1p08v_125c_sadhm
    AND4X4MTR              scmetro_cmos10lp_rvt_ss_1p08v_125c_sadhm
    AO21X2MTR              scmetro_cmos10lp_rvt_ss_1p08v_125c_sadhm
    AO21X4MTR              scmetro_cmos10lp_rvt_ss_1p08v_125c_sadhm
    AO21X8MTR              scmetro_cmos10lp_rvt_ss_1p08v_125c_sadhm
    AO22X1MTR              scmetro_cmos10lp_rvt_ss_1p08v_125c_sadhm
    AO22X2MTR              scmetro_cmos10lp_rvt_ss_1p08v_125c_sadhm
    AO22X4MTR              scmetro_cmos10lp_rvt_ss_1p08v_125c_sadhm
    AOI2B1X1MTR            scmetro_cmos10lp_rvt_ss_1p08v_125c_sadhm
    AOI2B1X2MTR            scmetro_cmos10lp_rvt_ss_1p08v_125c_sadhm
    AOI2B1X4MTR            scmetro_cmos10lp_rvt_ss_1p08v_125c_sadhm
    AOI2BB1X1MTR           scmetro_cmos10lp_rvt_ss_1p08v_125c_sadhm
    AOI2BB1X2MTR           scmetro_cmos10lp_rvt_ss_1p08v_125c_sadhm
    AOI2BB1X4MTR           scmetro_cmos10lp_rvt_ss_1p08v_125c_sadhm
    AOI2BB1X8MTR           scmetro_cmos10lp_rvt_ss_1p08v_125c_sadhm
    AOI2BB2X1MTR           scmetro_cmos10lp_rvt_ss_1p08v_125c_sadhm
    AOI2BB2X2MTR           scmetro_cmos10lp_rvt_ss_1p08v_125c_sadhm
    AOI2BB2X4MTR           scmetro_cmos10lp_rvt_ss_1p08v_125c_sadhm
    AOI21BX1MTR            scmetro_cmos10lp_rvt_ss_1p08v_125c_sadhm
    AOI21BX2MTR            scmetro_cmos10lp_rvt_ss_1p08v_125c_sadhm
    AOI21BX4MTR            scmetro_cmos10lp_rvt_ss_1p08v_125c_sadhm
    AOI21BX8MTR            scmetro_cmos10lp_rvt_ss_1p08v_125c_sadhm
    AOI21X1MTR             scmetro_cmos10lp_rvt_ss_1p08v_125c_sadhm
    AOI21X2MTR             scmetro_cmos10lp_rvt_ss_1p08v_125c_sadhm
    AOI21X3MTR             scmetro_cmos10lp_rvt_ss_1p08v_125c_sadhm
    AOI21X4MTR             scmetro_cmos10lp_rvt_ss_1p08v_125c_sadhm
    AOI21X6MTR             scmetro_cmos10lp_rvt_ss_1p08v_125c_sadhm
    AOI21X8MTR             scmetro_cmos10lp_rvt_ss_1p08v_125c_sadhm
    AOI22X1MTR             scmetro_cmos10lp_rvt_ss_1p08v_125c_sadhm
    AOI22X2MTR             scmetro_cmos10lp_rvt_ss_1p08v_125c_sadhm
    AOI22X4MTR             scmetro_cmos10lp_rvt_ss_1p08v_125c_sadhm
    AOI31X1MTR             scmetro_cmos10lp_rvt_ss_1p08v_125c_sadhm
    AOI31X2MTR             scmetro_cmos10lp_rvt_ss_1p08v_125c_sadhm
    AOI31X4MTR             scmetro_cmos10lp_rvt_ss_1p08v_125c_sadhm
    AOI211X2MTR            scmetro_cmos10lp_rvt_ss_1p08v_125c_sadhm
    AOI222X1MTR            scmetro_cmos10lp_rvt_ss_1p08v_125c_sadhm
    BUFX2MTR               scmetro_cmos10lp_rvt_ss_1p08v_125c_sadhm
    BUFX3MTR               scmetro_cmos10lp_rvt_ss_1p08v_125c_sadhm
    BUFX4MTR               scmetro_cmos10lp_rvt_ss_1p08v_125c_sadhm
    BUFX5MTR               scmetro_cmos10lp_rvt_ss_1p08v_125c_sadhm
    BUFX6MTR               scmetro_cmos10lp_rvt_ss_1p08v_125c_sadhm
    BUFX8MTR               scmetro_cmos10lp_rvt_ss_1p08v_125c_sadhm
    BUFX10MTR              scmetro_cmos10lp_rvt_ss_1p08v_125c_sadhm
    BUFX14MTR              scmetro_cmos10lp_rvt_ss_1p08v_125c_sadhm
    CLKAND2X2MTR           scmetro_cmos10lp_rvt_ss_1p08v_125c_sadhm
    CLKAND2X4MTR           scmetro_cmos10lp_rvt_ss_1p08v_125c_sadhm
    CLKAND2X6MTR           scmetro_cmos10lp_rvt_ss_1p08v_125c_sadhm
    CLKNAND2X2MTR          scmetro_cmos10lp_rvt_ss_1p08v_125c_sadhm
    CLKNAND2X4MTR          scmetro_cmos10lp_rvt_ss_1p08v_125c_sadhm
    CLKNAND2X8MTR          scmetro_cmos10lp_rvt_ss_1p08v_125c_sadhm
    CLKNAND2X12MTR         scmetro_cmos10lp_rvt_ss_1p08v_125c_sadhm
    CLKNAND2X16MTR         scmetro_cmos10lp_rvt_ss_1p08v_125c_sadhm
    CLKOR2X1MTR            scmetro_cmos10lp_rvt_ss_1p08v_125c_sadhm
    CLKOR2X2MTR            scmetro_cmos10lp_rvt_ss_1p08v_125c_sadhm
    CLKOR2X4MTR            scmetro_cmos10lp_rvt_ss_1p08v_125c_sadhm
    DFFRHQX1MTR            scmetro_cmos10lp_rvt_ss_1p08v_125c_sadhm
    DFFRHQX2MTR            scmetro_cmos10lp_rvt_ss_1p08v_125c_sadhm
    DFFRHQX4MTR            scmetro_cmos10lp_rvt_ss_1p08v_125c_sadhm
    DFFRHQX8MTR            scmetro_cmos10lp_rvt_ss_1p08v_125c_sadhm
    DFFRQX1MTR             scmetro_cmos10lp_rvt_ss_1p08v_125c_sadhm
    DFFRQX2MTR             scmetro_cmos10lp_rvt_ss_1p08v_125c_sadhm
    DFFRQX4MTR             scmetro_cmos10lp_rvt_ss_1p08v_125c_sadhm
    DFFRX2MTR              scmetro_cmos10lp_rvt_ss_1p08v_125c_sadhm
    DFFRX4MTR              scmetro_cmos10lp_rvt_ss_1p08v_125c_sadhm
    DFFSRHQX2MTR           scmetro_cmos10lp_rvt_ss_1p08v_125c_sadhm
    DFFSX1MTR              scmetro_cmos10lp_rvt_ss_1p08v_125c_sadhm
    DFFSX4MTR              scmetro_cmos10lp_rvt_ss_1p08v_125c_sadhm
    INVX1MTR               scmetro_cmos10lp_rvt_ss_1p08v_125c_sadhm
    INVX2MTR               scmetro_cmos10lp_rvt_ss_1p08v_125c_sadhm
    INVX3MTR               scmetro_cmos10lp_rvt_ss_1p08v_125c_sadhm
    INVX4MTR               scmetro_cmos10lp_rvt_ss_1p08v_125c_sadhm
    INVX5MTR               scmetro_cmos10lp_rvt_ss_1p08v_125c_sadhm
    INVX6MTR               scmetro_cmos10lp_rvt_ss_1p08v_125c_sadhm
    INVX8MTR               scmetro_cmos10lp_rvt_ss_1p08v_125c_sadhm
    INVX10MTR              scmetro_cmos10lp_rvt_ss_1p08v_125c_sadhm
    INVX12MTR              scmetro_cmos10lp_rvt_ss_1p08v_125c_sadhm
    INVX14MTR              scmetro_cmos10lp_rvt_ss_1p08v_125c_sadhm
    INVX16MTR              scmetro_cmos10lp_rvt_ss_1p08v_125c_sadhm
    INVX18MTR              scmetro_cmos10lp_rvt_ss_1p08v_125c_sadhm
    INVX20MTR              scmetro_cmos10lp_rvt_ss_1p08v_125c_sadhm
    INVX24MTR              scmetro_cmos10lp_rvt_ss_1p08v_125c_sadhm
    MX2X1MTR               scmetro_cmos10lp_rvt_ss_1p08v_125c_sadhm
    MX2X4MTR               scmetro_cmos10lp_rvt_ss_1p08v_125c_sadhm
    MXI2X1MTR              scmetro_cmos10lp_rvt_ss_1p08v_125c_sadhm
    MXI2X2MTR              scmetro_cmos10lp_rvt_ss_1p08v_125c_sadhm
    MXI2X4MTR              scmetro_cmos10lp_rvt_ss_1p08v_125c_sadhm
    MXI2X6MTR              scmetro_cmos10lp_rvt_ss_1p08v_125c_sadhm
    MXI2X12MTR             scmetro_cmos10lp_rvt_ss_1p08v_125c_sadhm
    NAND2BX1MTR            scmetro_cmos10lp_rvt_ss_1p08v_125c_sadhm
    NAND2BX2MTR            scmetro_cmos10lp_rvt_ss_1p08v_125c_sadhm
    NAND2BX4MTR            scmetro_cmos10lp_rvt_ss_1p08v_125c_sadhm
    NAND2BX8MTR            scmetro_cmos10lp_rvt_ss_1p08v_125c_sadhm
    NAND2BX12MTR           scmetro_cmos10lp_rvt_ss_1p08v_125c_sadhm
    NAND2X1MTR             scmetro_cmos10lp_rvt_ss_1p08v_125c_sadhm
    NAND2X2MTR             scmetro_cmos10lp_rvt_ss_1p08v_125c_sadhm
    NAND2X3MTR             scmetro_cmos10lp_rvt_ss_1p08v_125c_sadhm
    NAND2X4MTR             scmetro_cmos10lp_rvt_ss_1p08v_125c_sadhm
    NAND2X5MTR             scmetro_cmos10lp_rvt_ss_1p08v_125c_sadhm
    NAND2X6MTR             scmetro_cmos10lp_rvt_ss_1p08v_125c_sadhm
    NAND2X8MTR             scmetro_cmos10lp_rvt_ss_1p08v_125c_sadhm
    NAND2X12MTR            scmetro_cmos10lp_rvt_ss_1p08v_125c_sadhm
    NAND3BX1MTR            scmetro_cmos10lp_rvt_ss_1p08v_125c_sadhm
    NAND3BX2MTR            scmetro_cmos10lp_rvt_ss_1p08v_125c_sadhm
    NAND3BX4MTR            scmetro_cmos10lp_rvt_ss_1p08v_125c_sadhm
    NAND3X1MTR             scmetro_cmos10lp_rvt_ss_1p08v_125c_sadhm
    NAND3X2MTR             scmetro_cmos10lp_rvt_ss_1p08v_125c_sadhm
    NAND3X3MTR             scmetro_cmos10lp_rvt_ss_1p08v_125c_sadhm
    NAND3X4MTR             scmetro_cmos10lp_rvt_ss_1p08v_125c_sadhm
    NAND3X6MTR             scmetro_cmos10lp_rvt_ss_1p08v_125c_sadhm
    NAND3X8MTR             scmetro_cmos10lp_rvt_ss_1p08v_125c_sadhm
    NAND3X12MTR            scmetro_cmos10lp_rvt_ss_1p08v_125c_sadhm
    NAND4BBX4MTR           scmetro_cmos10lp_rvt_ss_1p08v_125c_sadhm
    NAND4BX1MTR            scmetro_cmos10lp_rvt_ss_1p08v_125c_sadhm
    NAND4BX2MTR            scmetro_cmos10lp_rvt_ss_1p08v_125c_sadhm
    NAND4X1MTR             scmetro_cmos10lp_rvt_ss_1p08v_125c_sadhm
    NAND4X2MTR             scmetro_cmos10lp_rvt_ss_1p08v_125c_sadhm
    NAND4X4MTR             scmetro_cmos10lp_rvt_ss_1p08v_125c_sadhm
    NOR2BX1MTR             scmetro_cmos10lp_rvt_ss_1p08v_125c_sadhm
    NOR2BX2MTR             scmetro_cmos10lp_rvt_ss_1p08v_125c_sadhm
    NOR2BX4MTR             scmetro_cmos10lp_rvt_ss_1p08v_125c_sadhm
    NOR2BX8MTR             scmetro_cmos10lp_rvt_ss_1p08v_125c_sadhm
    NOR2BX12MTR            scmetro_cmos10lp_rvt_ss_1p08v_125c_sadhm
    NOR2X1MTR              scmetro_cmos10lp_rvt_ss_1p08v_125c_sadhm
    NOR2X2MTR              scmetro_cmos10lp_rvt_ss_1p08v_125c_sadhm
    NOR2X3MTR              scmetro_cmos10lp_rvt_ss_1p08v_125c_sadhm
    NOR2X4MTR              scmetro_cmos10lp_rvt_ss_1p08v_125c_sadhm
    NOR2X6MTR              scmetro_cmos10lp_rvt_ss_1p08v_125c_sadhm
    NOR2X8MTR              scmetro_cmos10lp_rvt_ss_1p08v_125c_sadhm
    NOR2X12MTR             scmetro_cmos10lp_rvt_ss_1p08v_125c_sadhm
    NOR3BX4MTR             scmetro_cmos10lp_rvt_ss_1p08v_125c_sadhm
    NOR3X1MTR              scmetro_cmos10lp_rvt_ss_1p08v_125c_sadhm
    NOR3X2MTR              scmetro_cmos10lp_rvt_ss_1p08v_125c_sadhm
    NOR3X4MTR              scmetro_cmos10lp_rvt_ss_1p08v_125c_sadhm
    NOR3X6MTR              scmetro_cmos10lp_rvt_ss_1p08v_125c_sadhm
    NOR3X8MTR              scmetro_cmos10lp_rvt_ss_1p08v_125c_sadhm
    NOR4X1MTR              scmetro_cmos10lp_rvt_ss_1p08v_125c_sadhm
    NOR4X2MTR              scmetro_cmos10lp_rvt_ss_1p08v_125c_sadhm
    OA21X1MTR              scmetro_cmos10lp_rvt_ss_1p08v_125c_sadhm
    OA21X2MTR              scmetro_cmos10lp_rvt_ss_1p08v_125c_sadhm
    OA21X4MTR              scmetro_cmos10lp_rvt_ss_1p08v_125c_sadhm
    OA21X8MTR              scmetro_cmos10lp_rvt_ss_1p08v_125c_sadhm
    OA22X1MTR              scmetro_cmos10lp_rvt_ss_1p08v_125c_sadhm
    OA22X4MTR              scmetro_cmos10lp_rvt_ss_1p08v_125c_sadhm
    OAI2B1X1MTR            scmetro_cmos10lp_rvt_ss_1p08v_125c_sadhm
    OAI2B1X2MTR            scmetro_cmos10lp_rvt_ss_1p08v_125c_sadhm
    OAI2B1X4MTR            scmetro_cmos10lp_rvt_ss_1p08v_125c_sadhm
    OAI2B1X8MTR            scmetro_cmos10lp_rvt_ss_1p08v_125c_sadhm
    OAI2B2X2MTR            scmetro_cmos10lp_rvt_ss_1p08v_125c_sadhm
    OAI2B2X8MTR            scmetro_cmos10lp_rvt_ss_1p08v_125c_sadhm
    OAI2B11X1MTR           scmetro_cmos10lp_rvt_ss_1p08v_125c_sadhm
    OAI2B11X2MTR           scmetro_cmos10lp_rvt_ss_1p08v_125c_sadhm
    OAI2B11X4MTR           scmetro_cmos10lp_rvt_ss_1p08v_125c_sadhm
    OAI2BB1X1MTR           scmetro_cmos10lp_rvt_ss_1p08v_125c_sadhm
    OAI2BB1X2MTR           scmetro_cmos10lp_rvt_ss_1p08v_125c_sadhm
    OAI2BB1X4MTR           scmetro_cmos10lp_rvt_ss_1p08v_125c_sadhm
    OAI2BB2X2MTR           scmetro_cmos10lp_rvt_ss_1p08v_125c_sadhm
    OAI2BB2X4MTR           scmetro_cmos10lp_rvt_ss_1p08v_125c_sadhm
    OAI2BB2X8MTR           scmetro_cmos10lp_rvt_ss_1p08v_125c_sadhm
    OAI21BX1MTR            scmetro_cmos10lp_rvt_ss_1p08v_125c_sadhm
    OAI21BX2MTR            scmetro_cmos10lp_rvt_ss_1p08v_125c_sadhm
    OAI21BX4MTR            scmetro_cmos10lp_rvt_ss_1p08v_125c_sadhm
    OAI21BX8MTR            scmetro_cmos10lp_rvt_ss_1p08v_125c_sadhm
    OAI21X1MTR             scmetro_cmos10lp_rvt_ss_1p08v_125c_sadhm
    OAI21X2MTR             scmetro_cmos10lp_rvt_ss_1p08v_125c_sadhm
    OAI21X3MTR             scmetro_cmos10lp_rvt_ss_1p08v_125c_sadhm
    OAI21X4MTR             scmetro_cmos10lp_rvt_ss_1p08v_125c_sadhm
    OAI21X6MTR             scmetro_cmos10lp_rvt_ss_1p08v_125c_sadhm
    OAI21X8MTR             scmetro_cmos10lp_rvt_ss_1p08v_125c_sadhm
    OAI22X1MTR             scmetro_cmos10lp_rvt_ss_1p08v_125c_sadhm
    OAI22X2MTR             scmetro_cmos10lp_rvt_ss_1p08v_125c_sadhm
    OAI22X4MTR             scmetro_cmos10lp_rvt_ss_1p08v_125c_sadhm
    OAI22X8MTR             scmetro_cmos10lp_rvt_ss_1p08v_125c_sadhm
    OAI31X1MTR             scmetro_cmos10lp_rvt_ss_1p08v_125c_sadhm
    OAI31X2MTR             scmetro_cmos10lp_rvt_ss_1p08v_125c_sadhm
    OAI31X4MTR             scmetro_cmos10lp_rvt_ss_1p08v_125c_sadhm
    OAI211X1MTR            scmetro_cmos10lp_rvt_ss_1p08v_125c_sadhm
    OAI211X2MTR            scmetro_cmos10lp_rvt_ss_1p08v_125c_sadhm
    OAI211X4MTR            scmetro_cmos10lp_rvt_ss_1p08v_125c_sadhm
    OAI211X8MTR            scmetro_cmos10lp_rvt_ss_1p08v_125c_sadhm
    OAI222X1MTR            scmetro_cmos10lp_rvt_ss_1p08v_125c_sadhm
    OAI222X2MTR            scmetro_cmos10lp_rvt_ss_1p08v_125c_sadhm
    OR2X1MTR               scmetro_cmos10lp_rvt_ss_1p08v_125c_sadhm
    OR2X2MTR               scmetro_cmos10lp_rvt_ss_1p08v_125c_sadhm
    OR2X4MTR               scmetro_cmos10lp_rvt_ss_1p08v_125c_sadhm
    OR2X6MTR               scmetro_cmos10lp_rvt_ss_1p08v_125c_sadhm
    OR2X8MTR               scmetro_cmos10lp_rvt_ss_1p08v_125c_sadhm
    OR3X4MTR               scmetro_cmos10lp_rvt_ss_1p08v_125c_sadhm
    OR4X1MTR               scmetro_cmos10lp_rvt_ss_1p08v_125c_sadhm
    XNOR2X1MTR             scmetro_cmos10lp_rvt_ss_1p08v_125c_sadhm
    XNOR2X2MTR             scmetro_cmos10lp_rvt_ss_1p08v_125c_sadhm
    XNOR2X4MTR             scmetro_cmos10lp_rvt_ss_1p08v_125c_sadhm
    XNOR2X8MTR             scmetro_cmos10lp_rvt_ss_1p08v_125c_sadhm
    XOR2X1MTR              scmetro_cmos10lp_rvt_ss_1p08v_125c_sadhm
    XOR2X2MTR              scmetro_cmos10lp_rvt_ss_1p08v_125c_sadhm
    XOR2X4MTR              scmetro_cmos10lp_rvt_ss_1p08v_125c_sadhm
    XOR2X8MTR              scmetro_cmos10lp_rvt_ss_1p08v_125c_sadhm
1
