 
****************************************
Report : reference
Design : PIM_ALU_SYN_top
Version: M-2016.12-SP5-3
Date   : Fri Jul 10 02:03:06 2020
****************************************

Attributes:
    b - black box (unknown)
   bo - allows boundary optimization
    d - dont_touch
   mo - map_only
    h - hierarchical
    n - noncombinational
    r - removable
    s - synthetic operator
    u - contains unmapped logic

Reference          Library       Unit Area   Count    Total Area   Attributes
-----------------------------------------------------------------------------
ADDFHX4MTR         scmetro_cmos10lp_rvt_ss_1p08v_125c_sadhm
                                 24.000000       2     48.000000  r
ADDFX1MTR          scmetro_cmos10lp_rvt_ss_1p08v_125c_sadhm
                                  8.960000       4     35.840000  r
ADDFX2MTR          scmetro_cmos10lp_rvt_ss_1p08v_125c_sadhm
                                  8.960000       3     26.880000  r
ADDHX1MTR          scmetro_cmos10lp_rvt_ss_1p08v_125c_sadhm
                                  5.120000       5     25.599999  r
AND2X1MTR          scmetro_cmos10lp_rvt_ss_1p08v_125c_sadhm
                                  1.920000     189    362.879992  
AND2X2MTR          scmetro_cmos10lp_rvt_ss_1p08v_125c_sadhm
                                  1.920000     152    291.839993  
AND2X4MTR          scmetro_cmos10lp_rvt_ss_1p08v_125c_sadhm
                                  2.240000      43     96.320000  
AND2X6MTR          scmetro_cmos10lp_rvt_ss_1p08v_125c_sadhm
                                  3.520000      11     38.720000  
AND2X8MTR          scmetro_cmos10lp_rvt_ss_1p08v_125c_sadhm
                                  3.840000      19     72.959998  
AND2X12MTR         scmetro_cmos10lp_rvt_ss_1p08v_125c_sadhm
                                  5.440000       1      5.440000  
AND3X1MTR          scmetro_cmos10lp_rvt_ss_1p08v_125c_sadhm
                                  2.240000       1      2.240000  
AND3X2MTR          scmetro_cmos10lp_rvt_ss_1p08v_125c_sadhm
                                  2.240000       5     11.200000  
AND3X4MTR          scmetro_cmos10lp_rvt_ss_1p08v_125c_sadhm
                                  3.840000       7     26.879999  
AND3X6MTR          scmetro_cmos10lp_rvt_ss_1p08v_125c_sadhm
                                  4.160000       2      8.320000  
AND4X1MTR          scmetro_cmos10lp_rvt_ss_1p08v_125c_sadhm
                                  2.560000       1      2.560000  
AND4X2MTR          scmetro_cmos10lp_rvt_ss_1p08v_125c_sadhm
                                  2.560000      11     28.159999  
AND4X4MTR          scmetro_cmos10lp_rvt_ss_1p08v_125c_sadhm
                                  4.480000       8     35.840000  
AO21X2MTR          scmetro_cmos10lp_rvt_ss_1p08v_125c_sadhm
                                  2.560000       9     23.039999  
AO21X4MTR          scmetro_cmos10lp_rvt_ss_1p08v_125c_sadhm
                                  2.880000       6     17.280001  
AO21X8MTR          scmetro_cmos10lp_rvt_ss_1p08v_125c_sadhm
                                  5.120000       2     10.240000  
AO22X1MTR          scmetro_cmos10lp_rvt_ss_1p08v_125c_sadhm
                                  2.880000       1      2.880000  
AO22X2MTR          scmetro_cmos10lp_rvt_ss_1p08v_125c_sadhm
                                  2.880000       3      8.640000  
AO22X4MTR          scmetro_cmos10lp_rvt_ss_1p08v_125c_sadhm
                                  3.520000       1      3.520000  
AOI2B1X1MTR        scmetro_cmos10lp_rvt_ss_1p08v_125c_sadhm
                                  2.560000       2      5.120000  
AOI2B1X2MTR        scmetro_cmos10lp_rvt_ss_1p08v_125c_sadhm
                                  2.560000      13     33.279999  
AOI2B1X4MTR        scmetro_cmos10lp_rvt_ss_1p08v_125c_sadhm
                                  3.840000       9     34.559999  
AOI2BB1X1MTR       scmetro_cmos10lp_rvt_ss_1p08v_125c_sadhm
                                  2.240000      92    206.080001  
AOI2BB1X2MTR       scmetro_cmos10lp_rvt_ss_1p08v_125c_sadhm
                                  2.240000      35     78.400000  
AOI2BB1X4MTR       scmetro_cmos10lp_rvt_ss_1p08v_125c_sadhm
                                  3.200000      23     73.600001  
AOI2BB1X8MTR       scmetro_cmos10lp_rvt_ss_1p08v_125c_sadhm
                                  6.080000      17    103.359999  
AOI2BB2X1MTR       scmetro_cmos10lp_rvt_ss_1p08v_125c_sadhm
                                  2.880000      22     63.360003  
AOI2BB2X2MTR       scmetro_cmos10lp_rvt_ss_1p08v_125c_sadhm
                                  2.880000       7     20.160001  
AOI2BB2X4MTR       scmetro_cmos10lp_rvt_ss_1p08v_125c_sadhm
                                  4.160000       7     29.119999  
AOI21BX1MTR        scmetro_cmos10lp_rvt_ss_1p08v_125c_sadhm
                                  2.560000       3      7.680000  
AOI21BX2MTR        scmetro_cmos10lp_rvt_ss_1p08v_125c_sadhm
                                  2.880000       1      2.880000  
AOI21BX4MTR        scmetro_cmos10lp_rvt_ss_1p08v_125c_sadhm
                                  3.200000       1      3.200000  
AOI21BX8MTR        scmetro_cmos10lp_rvt_ss_1p08v_125c_sadhm
                                  4.800000       3     14.400001  
AOI21X1MTR         scmetro_cmos10lp_rvt_ss_1p08v_125c_sadhm
                                  1.920000     266    510.719989  
AOI21X2MTR         scmetro_cmos10lp_rvt_ss_1p08v_125c_sadhm
                                  1.920000     320    614.399986  
AOI21X3MTR         scmetro_cmos10lp_rvt_ss_1p08v_125c_sadhm
                                  3.200000      12     38.400001  
AOI21X4MTR         scmetro_cmos10lp_rvt_ss_1p08v_125c_sadhm
                                  3.200000      69    220.800003  
AOI21X6MTR         scmetro_cmos10lp_rvt_ss_1p08v_125c_sadhm
                                  4.160000      20     83.199997  
AOI21X8MTR         scmetro_cmos10lp_rvt_ss_1p08v_125c_sadhm
                                  5.440000      33    179.520002  
AOI22X1MTR         scmetro_cmos10lp_rvt_ss_1p08v_125c_sadhm
                                  2.240000    1299   2909.760012  
AOI22X2MTR         scmetro_cmos10lp_rvt_ss_1p08v_125c_sadhm
                                  2.240000     290    649.600003  
AOI22X4MTR         scmetro_cmos10lp_rvt_ss_1p08v_125c_sadhm
                                  3.840000      47    180.479996  
AOI31X1MTR         scmetro_cmos10lp_rvt_ss_1p08v_125c_sadhm
                                  2.240000      12     26.880000  
AOI31X2MTR         scmetro_cmos10lp_rvt_ss_1p08v_125c_sadhm
                                  2.240000      19     42.560000  
AOI31X4MTR         scmetro_cmos10lp_rvt_ss_1p08v_125c_sadhm
                                  3.840000       1      3.840000  
AOI211X2MTR        scmetro_cmos10lp_rvt_ss_1p08v_125c_sadhm
                                  2.240000       1      2.240000  
AOI222X1MTR        scmetro_cmos10lp_rvt_ss_1p08v_125c_sadhm
                                  3.520000      32    112.639999  
BUFX2MTR           scmetro_cmos10lp_rvt_ss_1p08v_125c_sadhm
                                  1.280000     417    533.759988  
BUFX3MTR           scmetro_cmos10lp_rvt_ss_1p08v_125c_sadhm
                                  1.920000      11     21.120000  
BUFX4MTR           scmetro_cmos10lp_rvt_ss_1p08v_125c_sadhm
                                  1.920000      82    157.439996  
BUFX5MTR           scmetro_cmos10lp_rvt_ss_1p08v_125c_sadhm
                                  2.240000       5     11.200000  
BUFX6MTR           scmetro_cmos10lp_rvt_ss_1p08v_125c_sadhm
                                  2.560000      24     61.439999  
BUFX8MTR           scmetro_cmos10lp_rvt_ss_1p08v_125c_sadhm
                                  3.200000      25     80.000001  
BUFX10MTR          scmetro_cmos10lp_rvt_ss_1p08v_125c_sadhm
                                  3.520000       4     14.080000  
BUFX14MTR          scmetro_cmos10lp_rvt_ss_1p08v_125c_sadhm
                                  4.800000       1      4.800000  
CLKAND2X2MTR       scmetro_cmos10lp_rvt_ss_1p08v_125c_sadhm
                                  1.920000      49     94.079998  
CLKAND2X4MTR       scmetro_cmos10lp_rvt_ss_1p08v_125c_sadhm
                                  2.240000       1      2.240000  
CLKAND2X6MTR       scmetro_cmos10lp_rvt_ss_1p08v_125c_sadhm
                                  3.520000       1      3.520000  
CLKNAND2X2MTR      scmetro_cmos10lp_rvt_ss_1p08v_125c_sadhm
                                  1.280000    1941   2484.479944  
CLKNAND2X4MTR      scmetro_cmos10lp_rvt_ss_1p08v_125c_sadhm
                                  2.240000     309    692.160003  
CLKNAND2X8MTR      scmetro_cmos10lp_rvt_ss_1p08v_125c_sadhm
                                  3.840000      24     92.159998  
CLKNAND2X12MTR     scmetro_cmos10lp_rvt_ss_1p08v_125c_sadhm
                                  5.440000      16     87.040001  
CLKNAND2X16MTR     scmetro_cmos10lp_rvt_ss_1p08v_125c_sadhm
                                  7.360000      32    235.520004  
CLKOR2X1MTR        scmetro_cmos10lp_rvt_ss_1p08v_125c_sadhm
                                  1.920000       8     15.360000  
CLKOR2X2MTR        scmetro_cmos10lp_rvt_ss_1p08v_125c_sadhm
                                  1.920000      10     19.200000  
CLKOR2X4MTR        scmetro_cmos10lp_rvt_ss_1p08v_125c_sadhm
                                  2.880000       7     20.160001  
DFFRHQX1MTR        scmetro_cmos10lp_rvt_ss_1p08v_125c_sadhm
                                  9.280000     114   1057.919970  n
DFFRHQX2MTR        scmetro_cmos10lp_rvt_ss_1p08v_125c_sadhm
                                  9.600000     333   3196.800127  n
DFFRHQX4MTR        scmetro_cmos10lp_rvt_ss_1p08v_125c_sadhm
                                 13.760000     446   6136.960102  n
DFFRHQX8MTR        scmetro_cmos10lp_rvt_ss_1p08v_125c_sadhm
                                 17.920000      79   1415.680006  n
DFFRQX1MTR         scmetro_cmos10lp_rvt_ss_1p08v_125c_sadhm
                                  8.640000     404   3490.560139  n
DFFRQX2MTR         scmetro_cmos10lp_rvt_ss_1p08v_125c_sadhm
                                  8.640000    1644  14204.160564  n
DFFRQX4MTR         scmetro_cmos10lp_rvt_ss_1p08v_125c_sadhm
                                  8.640000     197   1702.080068  n
DFFRX2MTR          scmetro_cmos10lp_rvt_ss_1p08v_125c_sadhm
                                  9.600000       4     38.400002  n
DFFRX4MTR          scmetro_cmos10lp_rvt_ss_1p08v_125c_sadhm
                                 11.840000       1     11.840000  n
DFFSRHQX2MTR       scmetro_cmos10lp_rvt_ss_1p08v_125c_sadhm
                                 12.160000       2     24.320000  n
DFFSX1MTR          scmetro_cmos10lp_rvt_ss_1p08v_125c_sadhm
                                  8.320000       3     24.959999  n
DFFSX4MTR          scmetro_cmos10lp_rvt_ss_1p08v_125c_sadhm
                                 10.240000       1     10.240000  n
INVX1MTR           scmetro_cmos10lp_rvt_ss_1p08v_125c_sadhm
                                  0.960000    1653   1586.879965  
INVX2MTR           scmetro_cmos10lp_rvt_ss_1p08v_125c_sadhm
                                  0.960000    1649   1583.039965  
INVX3MTR           scmetro_cmos10lp_rvt_ss_1p08v_125c_sadhm
                                  1.280000     103    131.839997  
INVX4MTR           scmetro_cmos10lp_rvt_ss_1p08v_125c_sadhm
                                  1.280000     394    504.319989  
INVX5MTR           scmetro_cmos10lp_rvt_ss_1p08v_125c_sadhm
                                  1.920000      28     53.759999  
INVX6MTR           scmetro_cmos10lp_rvt_ss_1p08v_125c_sadhm
                                  1.920000      61    117.119997  
INVX8MTR           scmetro_cmos10lp_rvt_ss_1p08v_125c_sadhm
                                  2.240000      60    134.400001  
INVX10MTR          scmetro_cmos10lp_rvt_ss_1p08v_125c_sadhm
                                  2.880000      10     28.800001  
INVX12MTR          scmetro_cmos10lp_rvt_ss_1p08v_125c_sadhm
                                  3.200000      33    105.600002  
INVX14MTR          scmetro_cmos10lp_rvt_ss_1p08v_125c_sadhm
                                  3.520000       5     17.600000  
INVX16MTR          scmetro_cmos10lp_rvt_ss_1p08v_125c_sadhm
                                  3.840000       6     23.039999  
INVX18MTR          scmetro_cmos10lp_rvt_ss_1p08v_125c_sadhm
                                  4.160000       4     16.639999  
INVX20MTR          scmetro_cmos10lp_rvt_ss_1p08v_125c_sadhm
                                  4.800000       8     38.400002  
INVX24MTR          scmetro_cmos10lp_rvt_ss_1p08v_125c_sadhm
                                  5.440000       3     16.320000  
MX2X1MTR           scmetro_cmos10lp_rvt_ss_1p08v_125c_sadhm
                                  3.840000       1      3.840000  
MX2X4MTR           scmetro_cmos10lp_rvt_ss_1p08v_125c_sadhm
                                  4.160000       1      4.160000  
MXI2X1MTR          scmetro_cmos10lp_rvt_ss_1p08v_125c_sadhm
                                  3.200000      30     96.000001  
MXI2X2MTR          scmetro_cmos10lp_rvt_ss_1p08v_125c_sadhm
                                  3.200000      67    214.400003  
MXI2X4MTR          scmetro_cmos10lp_rvt_ss_1p08v_125c_sadhm
                                  5.120000       2     10.240000  
MXI2X6MTR          scmetro_cmos10lp_rvt_ss_1p08v_125c_sadhm
                                  7.040000       2     14.080000  
MXI2X12MTR         scmetro_cmos10lp_rvt_ss_1p08v_125c_sadhm
                                 12.480000       1     12.480000  
NAND2BX1MTR        scmetro_cmos10lp_rvt_ss_1p08v_125c_sadhm
                                  1.920000      24     46.079999  
NAND2BX2MTR        scmetro_cmos10lp_rvt_ss_1p08v_125c_sadhm
                                  1.920000     129    247.679994  
NAND2BX4MTR        scmetro_cmos10lp_rvt_ss_1p08v_125c_sadhm
                                  2.560000      57    145.919997  
NAND2BX8MTR        scmetro_cmos10lp_rvt_ss_1p08v_125c_sadhm
                                  5.120000      10     51.199999  
NAND2BX12MTR       scmetro_cmos10lp_rvt_ss_1p08v_125c_sadhm
                                  7.040000       3     21.120000  
NAND2X1MTR         scmetro_cmos10lp_rvt_ss_1p08v_125c_sadhm
                                  1.280000    1800   2303.999949  
NAND2X2MTR         scmetro_cmos10lp_rvt_ss_1p08v_125c_sadhm
                                  1.280000     586    750.079983  
NAND2X3MTR         scmetro_cmos10lp_rvt_ss_1p08v_125c_sadhm
                                  2.240000      70    156.800001  
NAND2X4MTR         scmetro_cmos10lp_rvt_ss_1p08v_125c_sadhm
                                  2.240000     282    631.680003  
NAND2X5MTR         scmetro_cmos10lp_rvt_ss_1p08v_125c_sadhm
                                  3.200000       7     22.400000  
NAND2X6MTR         scmetro_cmos10lp_rvt_ss_1p08v_125c_sadhm
                                  3.200000     141    451.200007  
NAND2X8MTR         scmetro_cmos10lp_rvt_ss_1p08v_125c_sadhm
                                  3.840000     111    426.239990  
NAND2X12MTR        scmetro_cmos10lp_rvt_ss_1p08v_125c_sadhm
                                  5.440000      69    375.360004  
NAND3BX1MTR        scmetro_cmos10lp_rvt_ss_1p08v_125c_sadhm
                                  2.240000       3      6.720000  
NAND3BX2MTR        scmetro_cmos10lp_rvt_ss_1p08v_125c_sadhm
                                  2.240000      31     69.440000  
NAND3BX4MTR        scmetro_cmos10lp_rvt_ss_1p08v_125c_sadhm
                                  3.520000      27     95.039999  
NAND3X1MTR         scmetro_cmos10lp_rvt_ss_1p08v_125c_sadhm
                                  1.920000      28     53.759999  
NAND3X2MTR         scmetro_cmos10lp_rvt_ss_1p08v_125c_sadhm
                                  1.920000     111    213.119995  
NAND3X3MTR         scmetro_cmos10lp_rvt_ss_1p08v_125c_sadhm
                                  3.200000       1      3.200000  
NAND3X4MTR         scmetro_cmos10lp_rvt_ss_1p08v_125c_sadhm
                                  3.200000      87    278.400004  
NAND3X6MTR         scmetro_cmos10lp_rvt_ss_1p08v_125c_sadhm
                                  4.480000       4     17.920000  
NAND3X8MTR         scmetro_cmos10lp_rvt_ss_1p08v_125c_sadhm
                                  5.760000       7     40.320002  
NAND3X12MTR        scmetro_cmos10lp_rvt_ss_1p08v_125c_sadhm
                                  8.320000       4     33.279999  
NAND4BBX4MTR       scmetro_cmos10lp_rvt_ss_1p08v_125c_sadhm
                                  5.760000       1      5.760000  
NAND4BX1MTR        scmetro_cmos10lp_rvt_ss_1p08v_125c_sadhm
                                  2.560000       1      2.560000  
NAND4BX2MTR        scmetro_cmos10lp_rvt_ss_1p08v_125c_sadhm
                                  2.560000       2      5.120000  
NAND4X1MTR         scmetro_cmos10lp_rvt_ss_1p08v_125c_sadhm
                                  2.240000      14     31.360000  
NAND4X2MTR         scmetro_cmos10lp_rvt_ss_1p08v_125c_sadhm
                                  2.240000     133    297.920001  
NAND4X4MTR         scmetro_cmos10lp_rvt_ss_1p08v_125c_sadhm
                                  3.840000      68    261.119994  
NOR2BX1MTR         scmetro_cmos10lp_rvt_ss_1p08v_125c_sadhm
                                  1.920000      91    174.719996  
NOR2BX2MTR         scmetro_cmos10lp_rvt_ss_1p08v_125c_sadhm
                                  1.920000      76    145.919997  
NOR2BX4MTR         scmetro_cmos10lp_rvt_ss_1p08v_125c_sadhm
                                  2.560000      86    220.159995  
NOR2BX8MTR         scmetro_cmos10lp_rvt_ss_1p08v_125c_sadhm
                                  5.120000       5     25.599999  
NOR2BX12MTR        scmetro_cmos10lp_rvt_ss_1p08v_125c_sadhm
                                  7.040000       4     28.160000  
NOR2X1MTR          scmetro_cmos10lp_rvt_ss_1p08v_125c_sadhm
                                  1.280000    1053   1347.839970  
NOR2X2MTR          scmetro_cmos10lp_rvt_ss_1p08v_125c_sadhm
                                  1.280000     695    889.599980  
NOR2X3MTR          scmetro_cmos10lp_rvt_ss_1p08v_125c_sadhm
                                  2.240000     106    237.440001  
NOR2X4MTR          scmetro_cmos10lp_rvt_ss_1p08v_125c_sadhm
                                  2.240000     363    813.120003  
NOR2X6MTR          scmetro_cmos10lp_rvt_ss_1p08v_125c_sadhm
                                  3.200000      57    182.400003  
NOR2X8MTR          scmetro_cmos10lp_rvt_ss_1p08v_125c_sadhm
                                  3.840000      73    280.319994  
NOR2X12MTR         scmetro_cmos10lp_rvt_ss_1p08v_125c_sadhm
                                  5.440000      33    179.520002  
NOR3BX4MTR         scmetro_cmos10lp_rvt_ss_1p08v_125c_sadhm
                                  3.520000       2      7.040000  
NOR3X1MTR          scmetro_cmos10lp_rvt_ss_1p08v_125c_sadhm
                                  1.920000      18     34.559999  
NOR3X2MTR          scmetro_cmos10lp_rvt_ss_1p08v_125c_sadhm
                                  1.920000       6     11.520000  
NOR3X4MTR          scmetro_cmos10lp_rvt_ss_1p08v_125c_sadhm
                                  3.200000       9     28.800000  
NOR3X6MTR          scmetro_cmos10lp_rvt_ss_1p08v_125c_sadhm
                                  4.160000       1      4.160000  
NOR3X8MTR          scmetro_cmos10lp_rvt_ss_1p08v_125c_sadhm
                                  5.760000       2     11.520000  
NOR4X1MTR          scmetro_cmos10lp_rvt_ss_1p08v_125c_sadhm
                                  2.240000      14     31.360000  
NOR4X2MTR          scmetro_cmos10lp_rvt_ss_1p08v_125c_sadhm
                                  3.840000       2      7.680000  
OA21X1MTR          scmetro_cmos10lp_rvt_ss_1p08v_125c_sadhm
                                  2.560000       2      5.120000  
OA21X2MTR          scmetro_cmos10lp_rvt_ss_1p08v_125c_sadhm
                                  2.560000      11     28.159999  
OA21X4MTR          scmetro_cmos10lp_rvt_ss_1p08v_125c_sadhm
                                  2.880000      11     31.680001  
OA21X8MTR          scmetro_cmos10lp_rvt_ss_1p08v_125c_sadhm
                                  5.120000       1      5.120000  
OA22X1MTR          scmetro_cmos10lp_rvt_ss_1p08v_125c_sadhm
                                  2.880000       1      2.880000  
OA22X4MTR          scmetro_cmos10lp_rvt_ss_1p08v_125c_sadhm
                                  3.520000       1      3.520000  
OAI2B1X1MTR        scmetro_cmos10lp_rvt_ss_1p08v_125c_sadhm
                                  2.560000       7     17.920000  
OAI2B1X2MTR        scmetro_cmos10lp_rvt_ss_1p08v_125c_sadhm
                                  2.560000      30     76.799998  
OAI2B1X4MTR        scmetro_cmos10lp_rvt_ss_1p08v_125c_sadhm
                                  3.840000      41    157.439996  
OAI2B1X8MTR        scmetro_cmos10lp_rvt_ss_1p08v_125c_sadhm
                                  6.720000      36    241.919992  
OAI2B2X2MTR        scmetro_cmos10lp_rvt_ss_1p08v_125c_sadhm
                                  2.880000       1      2.880000  
OAI2B2X8MTR        scmetro_cmos10lp_rvt_ss_1p08v_125c_sadhm
                                  8.640000       1      8.640000  
OAI2B11X1MTR       scmetro_cmos10lp_rvt_ss_1p08v_125c_sadhm
                                  2.880000       6     17.280001  
OAI2B11X2MTR       scmetro_cmos10lp_rvt_ss_1p08v_125c_sadhm
                                  2.880000     142    408.960016  
OAI2B11X4MTR       scmetro_cmos10lp_rvt_ss_1p08v_125c_sadhm
                                  4.480000       7     31.360000  
OAI2BB1X1MTR       scmetro_cmos10lp_rvt_ss_1p08v_125c_sadhm
                                  2.240000      34     76.160000  
OAI2BB1X2MTR       scmetro_cmos10lp_rvt_ss_1p08v_125c_sadhm
                                  2.240000     215    481.600002  
OAI2BB1X4MTR       scmetro_cmos10lp_rvt_ss_1p08v_125c_sadhm
                                  3.200000     198    633.600009  
OAI2BB2X2MTR       scmetro_cmos10lp_rvt_ss_1p08v_125c_sadhm
                                  2.880000       6     17.280001  
OAI2BB2X4MTR       scmetro_cmos10lp_rvt_ss_1p08v_125c_sadhm
                                  4.160000       3     12.480000  
OAI2BB2X8MTR       scmetro_cmos10lp_rvt_ss_1p08v_125c_sadhm
                                  7.680000       2     15.360000  
OAI21BX1MTR        scmetro_cmos10lp_rvt_ss_1p08v_125c_sadhm
                                  2.560000       4     10.240000  
OAI21BX2MTR        scmetro_cmos10lp_rvt_ss_1p08v_125c_sadhm
                                  2.560000      24     61.439999  
OAI21BX4MTR        scmetro_cmos10lp_rvt_ss_1p08v_125c_sadhm
                                  3.840000       6     23.039999  
OAI21BX8MTR        scmetro_cmos10lp_rvt_ss_1p08v_125c_sadhm
                                  6.400000       1      6.400000  
OAI21X1MTR         scmetro_cmos10lp_rvt_ss_1p08v_125c_sadhm
                                  1.920000     408    783.359982  
OAI21X2MTR         scmetro_cmos10lp_rvt_ss_1p08v_125c_sadhm
                                  1.920000     427    819.839982  
OAI21X3MTR         scmetro_cmos10lp_rvt_ss_1p08v_125c_sadhm
                                  3.200000      40    128.000002  
OAI21X4MTR         scmetro_cmos10lp_rvt_ss_1p08v_125c_sadhm
                                  3.520000      73    256.959999  
OAI21X6MTR         scmetro_cmos10lp_rvt_ss_1p08v_125c_sadhm
                                  4.160000      95    395.199986  
OAI21X8MTR         scmetro_cmos10lp_rvt_ss_1p08v_125c_sadhm
                                  5.760000      24    138.240005  
OAI22X1MTR         scmetro_cmos10lp_rvt_ss_1p08v_125c_sadhm
                                  2.240000     309    692.160003  
OAI22X2MTR         scmetro_cmos10lp_rvt_ss_1p08v_125c_sadhm
                                  2.240000     311    696.640003  
OAI22X4MTR         scmetro_cmos10lp_rvt_ss_1p08v_125c_sadhm
                                  3.840000       8     30.719999  
OAI22X8MTR         scmetro_cmos10lp_rvt_ss_1p08v_125c_sadhm
                                  7.360000       5     36.800001  
OAI31X1MTR         scmetro_cmos10lp_rvt_ss_1p08v_125c_sadhm
                                  2.240000       6     13.440000  
OAI31X2MTR         scmetro_cmos10lp_rvt_ss_1p08v_125c_sadhm
                                  2.240000       1      2.240000  
OAI31X4MTR         scmetro_cmos10lp_rvt_ss_1p08v_125c_sadhm
                                  3.840000       1      3.840000  
OAI211X1MTR        scmetro_cmos10lp_rvt_ss_1p08v_125c_sadhm
                                  2.240000      69    154.560001  
OAI211X2MTR        scmetro_cmos10lp_rvt_ss_1p08v_125c_sadhm
                                  2.240000     198    443.520002  
OAI211X4MTR        scmetro_cmos10lp_rvt_ss_1p08v_125c_sadhm
                                  3.840000      10     38.399999  
OAI211X8MTR        scmetro_cmos10lp_rvt_ss_1p08v_125c_sadhm
                                  7.680000       3     23.039999  
OAI222X1MTR        scmetro_cmos10lp_rvt_ss_1p08v_125c_sadhm
                                  3.520000       5     17.600000  
OAI222X2MTR        scmetro_cmos10lp_rvt_ss_1p08v_125c_sadhm
                                  3.520000      63    221.759999  
OR2X1MTR           scmetro_cmos10lp_rvt_ss_1p08v_125c_sadhm
                                  1.920000       5      9.600000  
OR2X2MTR           scmetro_cmos10lp_rvt_ss_1p08v_125c_sadhm
                                  1.920000      42     80.639998  
OR2X4MTR           scmetro_cmos10lp_rvt_ss_1p08v_125c_sadhm
                                  2.880000      13     37.440001  
OR2X6MTR           scmetro_cmos10lp_rvt_ss_1p08v_125c_sadhm
                                  4.160000       1      4.160000  
OR2X8MTR           scmetro_cmos10lp_rvt_ss_1p08v_125c_sadhm
                                  4.800000       4     19.200001  
OR3X4MTR           scmetro_cmos10lp_rvt_ss_1p08v_125c_sadhm
                                  3.520000       1      3.520000  
OR4X1MTR           scmetro_cmos10lp_rvt_ss_1p08v_125c_sadhm
                                  2.560000       1      2.560000  
XNOR2X1MTR         scmetro_cmos10lp_rvt_ss_1p08v_125c_sadhm
                                  2.880000     281    809.280032  
XNOR2X2MTR         scmetro_cmos10lp_rvt_ss_1p08v_125c_sadhm
                                  3.200000     122    390.400006  
XNOR2X4MTR         scmetro_cmos10lp_rvt_ss_1p08v_125c_sadhm
                                  5.120000      28    143.359997  
XNOR2X8MTR         scmetro_cmos10lp_rvt_ss_1p08v_125c_sadhm
                                  8.320000     231   1921.919930  
XOR2X1MTR          scmetro_cmos10lp_rvt_ss_1p08v_125c_sadhm
                                  2.880000     155    446.400018  
XOR2X2MTR          scmetro_cmos10lp_rvt_ss_1p08v_125c_sadhm
                                  3.200000      12     38.400001  
XOR2X4MTR          scmetro_cmos10lp_rvt_ss_1p08v_125c_sadhm
                                  5.120000       4     20.480000  
XOR2X8MTR          scmetro_cmos10lp_rvt_ss_1p08v_125c_sadhm
                                  8.320000     148   1231.359955  
-----------------------------------------------------------------------------
Total 211 references                                72230.720572
1
