Information: Propagating switching activity (low effort zero delay simulation). (PWR-6)
Warning: Design has unannotated primary inputs. (PWR-414)
Warning: Design has unannotated sequential cell outputs. (PWR-415)
 
****************************************
Report : power
        -analysis_effort low
Design : PIM_ALU_SYN_top
Version: M-2016.12-SP5-3
Date   : Fri Jul 10 02:03:13 2020
****************************************


Library(s) Used:

    scmetro_cmos10lp_rvt_ss_1p08v_125c_sadhm (File: /usr/syn_lib/samsung/CB_121st_tt/PRIMITIVE/sec100226_0042_SS65LP_Normal_RVT_Normal_FE_Common_N/synopsys/scmetro_cmos10lp_rvt_ss_1p08v_125c_sadhm.db)


Operating Conditions: ss_1p08v_125c   Library: scmetro_cmos10lp_rvt_ss_1p08v_125c_sadhm
Wire Load Model Mode: top


Global Operating Voltage = 1.08 
Power-specific unit information :
    Voltage Units = 1V
    Capacitance Units = 1.000000pf
    Time Units = 1ns
    Dynamic Power Units = 1mW    (derived from V,C,T units)
    Leakage Power Units = 1mW


  Cell Internal Power  =  24.9089 mW   (97%)
  Net Switching Power  = 820.2004 uW    (3%)
                         ---------
Total Dynamic Power    =  25.7291 mW  (100%)

Cell Leakage Power     =  58.4961 uW


                 Internal         Switching           Leakage            Total
Power Group      Power            Power               Power              Power   (   %    )  Attrs
--------------------------------------------------------------------------------------------------
io_pad             0.0000            0.0000            0.0000            0.0000  (   0.00%)
memory             0.0000            0.0000            0.0000            0.0000  (   0.00%)
black_box          0.0000            0.0000            0.0000            0.0000  (   0.00%)
clock_network      0.0000            0.0000            0.0000            0.0000  (   0.00%)
register          23.7369            0.1049        1.6743e-02           23.8586  (  92.52%)
sequential         0.0000            0.0000            0.0000            0.0000  (   0.00%)
combinational      1.1720            0.7153        4.1753e-02            1.9290  (   7.48%)
--------------------------------------------------------------------------------------------------
Total             24.9089 mW         0.8202 mW     5.8496e-02 mW        25.7876 mW
1
