 
****************************************
Report : resources
Design : PIM_ALU_SYN_top
Version: M-2016.12-SP5-3
Date   : Fri Jul 10 06:49:18 2020
****************************************


Resource Report for this hierarchy
=============================================================================
| Cell           | Module         | Parameters | Contained Operations       |
=============================================================================
| DP_OP_1165_187_7566             |            |                            |
|                | DP_OP_1165_187_7566 |       |                            |
| DP_OP_1166_188_7566             |            |                            |
|                | DP_OP_1166_188_7566 |       |                            |
| DP_OP_1167_189_7566             |            |                            |
|                | DP_OP_1167_189_7566 |       |                            |
| DP_OP_1144_190_6102             |            |                            |
|                | DP_OP_1144_190_6102 |       |                            |
| DP_OP_1145_191_6102             |            |                            |
|                | DP_OP_1145_191_6102 |       |                            |
| DP_OP_1146_192_6102             |            |                            |
|                | DP_OP_1146_192_6102 |       |                            |
| DP_OP_1159_181_5287             |            |                            |
|                | DP_OP_1159_181_5287 |       |                            |
| DP_OP_1160_182_5287             |            |                            |
|                | DP_OP_1160_182_5287 |       |                            |
| DP_OP_1161_183_5287             |            |                            |
|                | DP_OP_1161_183_5287 |       |                            |
| DP_OP_1147_178_4061             |            |                            |
|                | DP_OP_1147_178_4061 |       |                            |
| DP_OP_1148_179_4061             |            |                            |
|                | DP_OP_1148_179_4061 |       |                            |
| DP_OP_1149_180_4061             |            |                            |
|                | DP_OP_1149_180_4061 |       |                            |
| DP_OP_1162_196_2395             |            |                            |
|                | DP_OP_1162_196_2395 |       |                            |
| DP_OP_1163_197_2395             |            |                            |
|                | DP_OP_1163_197_2395 |       |                            |
| DP_OP_1164_198_2395             |            |                            |
|                | DP_OP_1164_198_2395 |       |                            |
| DP_OP_1153_199_9946             |            |                            |
|                | DP_OP_1153_199_9946 |       |                            |
| DP_OP_1154_200_9946             |            |                            |
|                | DP_OP_1154_200_9946 |       |                            |
| DP_OP_1155_201_9946             |            |                            |
|                | DP_OP_1155_201_9946 |       |                            |
| DP_OP_1150_193_2020             |            |                            |
|                | DP_OP_1150_193_2020 |       |                            |
| DP_OP_1151_194_2020             |            |                            |
|                | DP_OP_1151_194_2020 |       |                            |
| DP_OP_1152_195_2020             |            |                            |
|                | DP_OP_1152_195_2020 |       |                            |
| DP_OP_1156_184_7328             |            |                            |
|                | DP_OP_1156_184_7328 |       |                            |
| DP_OP_1157_185_7328             |            |                            |
|                | DP_OP_1157_185_7328 |       |                            |
| DP_OP_1158_186_7328             |            |                            |
|                | DP_OP_1158_186_7328 |       |                            |
=============================================================================

Datapath Report for DP_OP_1165_187_7566
==============================================================================
| Cell                 | Contained Operations                                |
==============================================================================
| DP_OP_1165_187_7566  | BFLOAT16_ALU_1__BFLOAT_ALU/U0_ADD_STAGE/sub_2394_S2 (Device_top.v:2394) |
==============================================================================

==============================================================================
|       |      | Data     |       |                                          |
| Var   | Type | Class    | Width | Expression                               |
==============================================================================
| I1    | PI   | Unsigned | 16    |                                          |
| I2    | PI   | Unsigned | 16    |                                          |
| DG_ctrl | PI | Unsigned | 1     |                                          |
| O1    | PO   | Signed   | 17    | I1 - I2 (Device_top.v:2394)              |
==============================================================================

Datapath Report for DP_OP_1166_188_7566
==============================================================================
| Cell                 | Contained Operations                                |
==============================================================================
| DP_OP_1166_188_7566  | BFLOAT16_ALU_1__BFLOAT_ALU/U0_ADD_STAGE/sub_2395 (Device_top.v:2395) |
      | BFLOAT16_ALU_1__BFLOAT_ALU/U0_ADD_STAGE/add_2395 (Device_top.v:2395) |
==============================================================================

==============================================================================
|       |      | Data     |       |                                          |
| Var   | Type | Class    | Width | Expression                               |
==============================================================================
| I1    | PI   | Unsigned | 16    |                                          |
| I2    | PI   | Unsigned | 16    |                                          |
| DG_ctrl | PI | Unsigned | 1     |                                          |
| O1    | PO   | Signed   | 17    | I1 - I2 (Device_top.v:2395)              |
==============================================================================

Datapath Report for DP_OP_1167_189_7566
==============================================================================
| Cell                 | Contained Operations                                |
==============================================================================
| DP_OP_1167_189_7566  | BFLOAT16_ALU_1__BFLOAT_ALU/U0_ADD_STAGE/add_2397 (Device_top.v:2397) |
==============================================================================

==============================================================================
|       |      | Data     |       |                                          |
| Var   | Type | Class    | Width | Expression                               |
==============================================================================
| I1    | PI   | Unsigned | 16    |                                          |
| I2    | PI   | Unsigned | 16    |                                          |
| DG_ctrl | PI | Unsigned | 1     |                                          |
| O1    | PO   | Unsigned | 17    | I1 + I2 (Device_top.v:2397)              |
==============================================================================

Datapath Report for DP_OP_1144_190_6102
==============================================================================
| Cell                 | Contained Operations                                |
==============================================================================
| DP_OP_1144_190_6102  | BFLOAT16_ALU_0__BFLOAT_ALU/U0_ADD_STAGE/sub_2394_S2 (Device_top.v:2394) |
==============================================================================

==============================================================================
|       |      | Data     |       |                                          |
| Var   | Type | Class    | Width | Expression                               |
==============================================================================
| I1    | PI   | Unsigned | 16    |                                          |
| I2    | PI   | Unsigned | 16    |                                          |
| DG_ctrl | PI | Unsigned | 1     |                                          |
| O1    | PO   | Signed   | 17    | I1 - I2 (Device_top.v:2394)              |
==============================================================================

Datapath Report for DP_OP_1145_191_6102
==============================================================================
| Cell                 | Contained Operations                                |
==============================================================================
| DP_OP_1145_191_6102  | BFLOAT16_ALU_0__BFLOAT_ALU/U0_ADD_STAGE/sub_2395 (Device_top.v:2395) |
      | BFLOAT16_ALU_0__BFLOAT_ALU/U0_ADD_STAGE/add_2395 (Device_top.v:2395) |
==============================================================================

==============================================================================
|       |      | Data     |       |                                          |
| Var   | Type | Class    | Width | Expression                               |
==============================================================================
| I1    | PI   | Unsigned | 16    |                                          |
| I2    | PI   | Unsigned | 16    |                                          |
| DG_ctrl | PI | Unsigned | 1     |                                          |
| O1    | PO   | Signed   | 17    | I1 - I2 (Device_top.v:2395)              |
==============================================================================

Datapath Report for DP_OP_1146_192_6102
==============================================================================
| Cell                 | Contained Operations                                |
==============================================================================
| DP_OP_1146_192_6102  | BFLOAT16_ALU_0__BFLOAT_ALU/U0_ADD_STAGE/add_2397 (Device_top.v:2397) |
==============================================================================

==============================================================================
|       |      | Data     |       |                                          |
| Var   | Type | Class    | Width | Expression                               |
==============================================================================
| I1    | PI   | Unsigned | 16    |                                          |
| I2    | PI   | Unsigned | 16    |                                          |
| DG_ctrl | PI | Unsigned | 1     |                                          |
| O1    | PO   | Unsigned | 17    | I1 + I2 (Device_top.v:2397)              |
==============================================================================

Datapath Report for DP_OP_1159_181_5287
==============================================================================
| Cell                 | Contained Operations                                |
==============================================================================
| DP_OP_1159_181_5287  | BFLOAT16_ALU_3__BFLOAT_ALU/U0_ADD_STAGE/sub_2394_S2 (Device_top.v:2394) |
==============================================================================

==============================================================================
|       |      | Data     |       |                                          |
| Var   | Type | Class    | Width | Expression                               |
==============================================================================
| I1    | PI   | Unsigned | 16    |                                          |
| I2    | PI   | Unsigned | 16    |                                          |
| DG_ctrl | PI | Unsigned | 1     |                                          |
| O1    | PO   | Signed   | 17    | I1 - I2 (Device_top.v:2394)              |
==============================================================================

Datapath Report for DP_OP_1160_182_5287
==============================================================================
| Cell                 | Contained Operations                                |
==============================================================================
| DP_OP_1160_182_5287  | BFLOAT16_ALU_3__BFLOAT_ALU/U0_ADD_STAGE/sub_2395 (Device_top.v:2395) |
      | BFLOAT16_ALU_3__BFLOAT_ALU/U0_ADD_STAGE/add_2395 (Device_top.v:2395) |
==============================================================================

==============================================================================
|       |      | Data     |       |                                          |
| Var   | Type | Class    | Width | Expression                               |
==============================================================================
| I1    | PI   | Unsigned | 16    |                                          |
| I2    | PI   | Unsigned | 16    |                                          |
| DG_ctrl | PI | Unsigned | 1     |                                          |
| O1    | PO   | Signed   | 17    | I1 - I2 (Device_top.v:2395)              |
==============================================================================

Datapath Report for DP_OP_1161_183_5287
==============================================================================
| Cell                 | Contained Operations                                |
==============================================================================
| DP_OP_1161_183_5287  | BFLOAT16_ALU_3__BFLOAT_ALU/U0_ADD_STAGE/add_2397 (Device_top.v:2397) |
==============================================================================

==============================================================================
|       |      | Data     |       |                                          |
| Var   | Type | Class    | Width | Expression                               |
==============================================================================
| I1    | PI   | Unsigned | 16    |                                          |
| I2    | PI   | Unsigned | 16    |                                          |
| DG_ctrl | PI | Unsigned | 1     |                                          |
| O1    | PO   | Unsigned | 17    | I1 + I2 (Device_top.v:2397)              |
==============================================================================

Datapath Report for DP_OP_1147_178_4061
==============================================================================
| Cell                 | Contained Operations                                |
==============================================================================
| DP_OP_1147_178_4061  | BFLOAT16_ALU_7__BFLOAT_ALU/U0_ADD_STAGE/sub_2394_S2 (Device_top.v:2394) |
==============================================================================

==============================================================================
|       |      | Data     |       |                                          |
| Var   | Type | Class    | Width | Expression                               |
==============================================================================
| I1    | PI   | Unsigned | 16    |                                          |
| I2    | PI   | Unsigned | 16    |                                          |
| DG_ctrl | PI | Unsigned | 1     |                                          |
| O1    | PO   | Signed   | 17    | I1 - I2 (Device_top.v:2394)              |
==============================================================================

Datapath Report for DP_OP_1148_179_4061
==============================================================================
| Cell                 | Contained Operations                                |
==============================================================================
| DP_OP_1148_179_4061  | BFLOAT16_ALU_7__BFLOAT_ALU/U0_ADD_STAGE/sub_2395 (Device_top.v:2395) |
      | BFLOAT16_ALU_7__BFLOAT_ALU/U0_ADD_STAGE/add_2395 (Device_top.v:2395) |
==============================================================================

==============================================================================
|       |      | Data     |       |                                          |
| Var   | Type | Class    | Width | Expression                               |
==============================================================================
| I1    | PI   | Unsigned | 16    |                                          |
| I2    | PI   | Unsigned | 16    |                                          |
| DG_ctrl | PI | Unsigned | 1     |                                          |
| O1    | PO   | Signed   | 17    | I1 - I2 (Device_top.v:2395)              |
==============================================================================

Datapath Report for DP_OP_1149_180_4061
==============================================================================
| Cell                 | Contained Operations                                |
==============================================================================
| DP_OP_1149_180_4061  | BFLOAT16_ALU_7__BFLOAT_ALU/U0_ADD_STAGE/add_2397 (Device_top.v:2397) |
==============================================================================

==============================================================================
|       |      | Data     |       |                                          |
| Var   | Type | Class    | Width | Expression                               |
==============================================================================
| I1    | PI   | Unsigned | 16    |                                          |
| I2    | PI   | Unsigned | 16    |                                          |
| DG_ctrl | PI | Unsigned | 1     |                                          |
| O1    | PO   | Unsigned | 17    | I1 + I2 (Device_top.v:2397)              |
==============================================================================

Datapath Report for DP_OP_1162_196_2395
==============================================================================
| Cell                 | Contained Operations                                |
==============================================================================
| DP_OP_1162_196_2395  | BFLOAT16_ALU_2__BFLOAT_ALU/U0_ADD_STAGE/sub_2394_S2 (Device_top.v:2394) |
==============================================================================

==============================================================================
|       |      | Data     |       |                                          |
| Var   | Type | Class    | Width | Expression                               |
==============================================================================
| I1    | PI   | Unsigned | 16    |                                          |
| I2    | PI   | Unsigned | 16    |                                          |
| DG_ctrl | PI | Unsigned | 1     |                                          |
| O1    | PO   | Signed   | 17    | I1 - I2 (Device_top.v:2394)              |
==============================================================================

Datapath Report for DP_OP_1163_197_2395
==============================================================================
| Cell                 | Contained Operations                                |
==============================================================================
| DP_OP_1163_197_2395  | BFLOAT16_ALU_2__BFLOAT_ALU/U0_ADD_STAGE/sub_2395 (Device_top.v:2395) |
      | BFLOAT16_ALU_2__BFLOAT_ALU/U0_ADD_STAGE/add_2395 (Device_top.v:2395) |
==============================================================================

==============================================================================
|       |      | Data     |       |                                          |
| Var   | Type | Class    | Width | Expression                               |
==============================================================================
| I1    | PI   | Unsigned | 16    |                                          |
| I2    | PI   | Unsigned | 16    |                                          |
| DG_ctrl | PI | Unsigned | 1     |                                          |
| O1    | PO   | Signed   | 17    | I1 - I2 (Device_top.v:2395)              |
==============================================================================

Datapath Report for DP_OP_1164_198_2395
==============================================================================
| Cell                 | Contained Operations                                |
==============================================================================
| DP_OP_1164_198_2395  | BFLOAT16_ALU_2__BFLOAT_ALU/U0_ADD_STAGE/add_2397 (Device_top.v:2397) |
==============================================================================

==============================================================================
|       |      | Data     |       |                                          |
| Var   | Type | Class    | Width | Expression                               |
==============================================================================
| I1    | PI   | Unsigned | 16    |                                          |
| I2    | PI   | Unsigned | 16    |                                          |
| DG_ctrl | PI | Unsigned | 1     |                                          |
| O1    | PO   | Unsigned | 17    | I1 + I2 (Device_top.v:2397)              |
==============================================================================

Datapath Report for DP_OP_1153_199_9946
==============================================================================
| Cell                 | Contained Operations                                |
==============================================================================
| DP_OP_1153_199_9946  | BFLOAT16_ALU_5__BFLOAT_ALU/U0_ADD_STAGE/sub_2394_S2 (Device_top.v:2394) |
==============================================================================

==============================================================================
|       |      | Data     |       |                                          |
| Var   | Type | Class    | Width | Expression                               |
==============================================================================
| I1    | PI   | Unsigned | 16    |                                          |
| I2    | PI   | Unsigned | 16    |                                          |
| DG_ctrl | PI | Unsigned | 1     |                                          |
| O1    | PO   | Signed   | 17    | I1 - I2 (Device_top.v:2394)              |
==============================================================================

Datapath Report for DP_OP_1154_200_9946
==============================================================================
| Cell                 | Contained Operations                                |
==============================================================================
| DP_OP_1154_200_9946  | BFLOAT16_ALU_5__BFLOAT_ALU/U0_ADD_STAGE/sub_2395 (Device_top.v:2395) |
      | BFLOAT16_ALU_5__BFLOAT_ALU/U0_ADD_STAGE/add_2395 (Device_top.v:2395) |
==============================================================================

==============================================================================
|       |      | Data     |       |                                          |
| Var   | Type | Class    | Width | Expression                               |
==============================================================================
| I1    | PI   | Unsigned | 16    |                                          |
| I2    | PI   | Unsigned | 16    |                                          |
| DG_ctrl | PI | Unsigned | 1     |                                          |
| O1    | PO   | Signed   | 17    | I1 - I2 (Device_top.v:2395)              |
==============================================================================

Datapath Report for DP_OP_1155_201_9946
==============================================================================
| Cell                 | Contained Operations                                |
==============================================================================
| DP_OP_1155_201_9946  | BFLOAT16_ALU_5__BFLOAT_ALU/U0_ADD_STAGE/add_2397 (Device_top.v:2397) |
==============================================================================

==============================================================================
|       |      | Data     |       |                                          |
| Var   | Type | Class    | Width | Expression                               |
==============================================================================
| I1    | PI   | Unsigned | 16    |                                          |
| I2    | PI   | Unsigned | 16    |                                          |
| DG_ctrl | PI | Unsigned | 1     |                                          |
| O1    | PO   | Unsigned | 17    | I1 + I2 (Device_top.v:2397)              |
==============================================================================

Datapath Report for DP_OP_1150_193_2020
==============================================================================
| Cell                 | Contained Operations                                |
==============================================================================
| DP_OP_1150_193_2020  | BFLOAT16_ALU_6__BFLOAT_ALU/U0_ADD_STAGE/sub_2394_S2 (Device_top.v:2394) |
==============================================================================

==============================================================================
|       |      | Data     |       |                                          |
| Var   | Type | Class    | Width | Expression                               |
==============================================================================
| I1    | PI   | Unsigned | 16    |                                          |
| I2    | PI   | Unsigned | 16    |                                          |
| DG_ctrl | PI | Unsigned | 1     |                                          |
| O1    | PO   | Signed   | 17    | I1 - I2 (Device_top.v:2394)              |
==============================================================================

Datapath Report for DP_OP_1151_194_2020
==============================================================================
| Cell                 | Contained Operations                                |
==============================================================================
| DP_OP_1151_194_2020  | BFLOAT16_ALU_6__BFLOAT_ALU/U0_ADD_STAGE/sub_2395 (Device_top.v:2395) |
      | BFLOAT16_ALU_6__BFLOAT_ALU/U0_ADD_STAGE/add_2395 (Device_top.v:2395) |
==============================================================================

==============================================================================
|       |      | Data     |       |                                          |
| Var   | Type | Class    | Width | Expression                               |
==============================================================================
| I1    | PI   | Unsigned | 16    |                                          |
| I2    | PI   | Unsigned | 16    |                                          |
| DG_ctrl | PI | Unsigned | 1     |                                          |
| O1    | PO   | Signed   | 17    | I1 - I2 (Device_top.v:2395)              |
==============================================================================

Datapath Report for DP_OP_1152_195_2020
==============================================================================
| Cell                 | Contained Operations                                |
==============================================================================
| DP_OP_1152_195_2020  | BFLOAT16_ALU_6__BFLOAT_ALU/U0_ADD_STAGE/add_2397 (Device_top.v:2397) |
==============================================================================

==============================================================================
|       |      | Data     |       |                                          |
| Var   | Type | Class    | Width | Expression                               |
==============================================================================
| I1    | PI   | Unsigned | 16    |                                          |
| I2    | PI   | Unsigned | 16    |                                          |
| DG_ctrl | PI | Unsigned | 1     |                                          |
| O1    | PO   | Unsigned | 17    | I1 + I2 (Device_top.v:2397)              |
==============================================================================

Datapath Report for DP_OP_1156_184_7328
==============================================================================
| Cell                 | Contained Operations                                |
==============================================================================
| DP_OP_1156_184_7328  | BFLOAT16_ALU_4__BFLOAT_ALU/U0_ADD_STAGE/sub_2394_S2 (Device_top.v:2394) |
==============================================================================

==============================================================================
|       |      | Data     |       |                                          |
| Var   | Type | Class    | Width | Expression                               |
==============================================================================
| I1    | PI   | Unsigned | 16    |                                          |
| I2    | PI   | Unsigned | 16    |                                          |
| DG_ctrl | PI | Unsigned | 1     |                                          |
| O1    | PO   | Signed   | 17    | I1 - I2 (Device_top.v:2394)              |
==============================================================================

Datapath Report for DP_OP_1157_185_7328
==============================================================================
| Cell                 | Contained Operations                                |
==============================================================================
| DP_OP_1157_185_7328  | BFLOAT16_ALU_4__BFLOAT_ALU/U0_ADD_STAGE/sub_2395 (Device_top.v:2395) |
      | BFLOAT16_ALU_4__BFLOAT_ALU/U0_ADD_STAGE/add_2395 (Device_top.v:2395) |
==============================================================================

==============================================================================
|       |      | Data     |       |                                          |
| Var   | Type | Class    | Width | Expression                               |
==============================================================================
| I1    | PI   | Unsigned | 16    |                                          |
| I2    | PI   | Unsigned | 16    |                                          |
| DG_ctrl | PI | Unsigned | 1     |                                          |
| O1    | PO   | Signed   | 17    | I1 - I2 (Device_top.v:2395)              |
==============================================================================

Datapath Report for DP_OP_1158_186_7328
==============================================================================
| Cell                 | Contained Operations                                |
==============================================================================
| DP_OP_1158_186_7328  | BFLOAT16_ALU_4__BFLOAT_ALU/U0_ADD_STAGE/add_2397 (Device_top.v:2397) |
==============================================================================

==============================================================================
|       |      | Data     |       |                                          |
| Var   | Type | Class    | Width | Expression                               |
==============================================================================
| I1    | PI   | Unsigned | 16    |                                          |
| I2    | PI   | Unsigned | 16    |                                          |
| DG_ctrl | PI | Unsigned | 1     |                                          |
| O1    | PO   | Unsigned | 17    | I1 + I2 (Device_top.v:2397)              |
==============================================================================


Resource Report for Ungrouped Hierarchy U0_BANK_TOP in file
        /home/kch/work/TDRAM/run_app_platform/Device_top_sim_MAC_paper_work/rtl/Device_top.v
=============================================================================
| Cell           | Module         | Parameters | Contained Operations       |
=============================================================================
| add_x_101      | DW01_inc_DG    | width=5    | ACC_GEN_0__NORM_LOGIC/add_2706 (Device_top.v:2706) |
| add_x_109      | DW01_inc_DG    | width=5    | ACC_GEN_7__NORM_LOGIC/add_2706 (Device_top.v:2706) |
| add_x_114      | DW01_inc_DG    | width=5    | ACC_GEN_6__NORM_LOGIC/add_2706 (Device_top.v:2706) |
| add_x_119      | DW01_inc_DG    | width=5    | ACC_GEN_5__NORM_LOGIC/add_2706 (Device_top.v:2706) |
| add_x_124      | DW01_inc_DG    | width=5    | ACC_GEN_4__NORM_LOGIC/add_2706 (Device_top.v:2706) |
| add_x_129      | DW01_inc_DG    | width=5    | ACC_GEN_3__NORM_LOGIC/add_2706 (Device_top.v:2706) |
| add_x_134      | DW01_inc_DG    | width=5    | ACC_GEN_2__NORM_LOGIC/add_2706 (Device_top.v:2706) |
| add_x_139      | DW01_inc_DG    | width=5    | ACC_GEN_1__NORM_LOGIC/add_2706 (Device_top.v:2706) |
| sub_x_173      | DW01_sub_DG    | width=6    | BFLOAT16_ALU_0__BFLOAT_ALU/U_MUL0/sub_2226 (Device_top.v:2226) |
| gt_x_175       | DW_cmp_DG      | width=5    | BFLOAT16_ALU_0__BFLOAT_ALU/U_MUL0/gt_2253 (Device_top.v:2253) |
| eq_x_176       | DW_cmp_DG      | width=6    | BFLOAT16_ALU_0__BFLOAT_ALU/U_MUL0/eq_2254 (Device_top.v:2254) |
| eq_x_177       | DW_cmp_DG      | width=6    | BFLOAT16_ALU_0__BFLOAT_ALU/U_MUL0/eq_2255 (Device_top.v:2255) |
| eq_x_178       | DW_cmp_DG      | width=6    | BFLOAT16_ALU_0__BFLOAT_ALU/U_MUL0/eq_2256 (Device_top.v:2256) |
| lt_x_179       | DW_cmp_DG      | width=5    | BFLOAT16_ALU_0__BFLOAT_ALU/U_MUL0/lt_2257 (Device_top.v:2257) |
| add_x_185      | DW01_inc_DG    | width=5    | BFLOAT16_ALU_0__BFLOAT_ALU/U0_ADD_STAGE/add_2414 (Device_top.v:2414) |
| sub_x_197      | DW01_sub_DG    | width=6    | BFLOAT16_ALU_7__BFLOAT_ALU/U_MUL0/sub_2226 (Device_top.v:2226) |
| gt_x_199       | DW_cmp_DG      | width=5    | BFLOAT16_ALU_7__BFLOAT_ALU/U_MUL0/gt_2253 (Device_top.v:2253) |
| eq_x_200       | DW_cmp_DG      | width=6    | BFLOAT16_ALU_7__BFLOAT_ALU/U_MUL0/eq_2254 (Device_top.v:2254) |
| eq_x_201       | DW_cmp_DG      | width=6    | BFLOAT16_ALU_7__BFLOAT_ALU/U_MUL0/eq_2255 (Device_top.v:2255) |
| eq_x_202       | DW_cmp_DG      | width=6    | BFLOAT16_ALU_7__BFLOAT_ALU/U_MUL0/eq_2256 (Device_top.v:2256) |
| lt_x_203       | DW_cmp_DG      | width=5    | BFLOAT16_ALU_7__BFLOAT_ALU/U_MUL0/lt_2257 (Device_top.v:2257) |
| sub_x_213      | DW01_sub_DG    | width=6    | BFLOAT16_ALU_6__BFLOAT_ALU/U_MUL0/sub_2226 (Device_top.v:2226) |
| gt_x_215       | DW_cmp_DG      | width=5    | BFLOAT16_ALU_6__BFLOAT_ALU/U_MUL0/gt_2253 (Device_top.v:2253) |
| eq_x_216       | DW_cmp_DG      | width=6    | BFLOAT16_ALU_6__BFLOAT_ALU/U_MUL0/eq_2254 (Device_top.v:2254) |
| eq_x_217       | DW_cmp_DG      | width=6    | BFLOAT16_ALU_6__BFLOAT_ALU/U_MUL0/eq_2255 (Device_top.v:2255) |
| eq_x_218       | DW_cmp_DG      | width=6    | BFLOAT16_ALU_6__BFLOAT_ALU/U_MUL0/eq_2256 (Device_top.v:2256) |
| lt_x_219       | DW_cmp_DG      | width=5    | BFLOAT16_ALU_6__BFLOAT_ALU/U_MUL0/lt_2257 (Device_top.v:2257) |
| sub_x_229      | DW01_sub_DG    | width=6    | BFLOAT16_ALU_5__BFLOAT_ALU/U_MUL0/sub_2226 (Device_top.v:2226) |
| gt_x_231       | DW_cmp_DG      | width=5    | BFLOAT16_ALU_5__BFLOAT_ALU/U_MUL0/gt_2253 (Device_top.v:2253) |
| eq_x_232       | DW_cmp_DG      | width=6    | BFLOAT16_ALU_5__BFLOAT_ALU/U_MUL0/eq_2254 (Device_top.v:2254) |
| eq_x_233       | DW_cmp_DG      | width=6    | BFLOAT16_ALU_5__BFLOAT_ALU/U_MUL0/eq_2255 (Device_top.v:2255) |
| eq_x_234       | DW_cmp_DG      | width=6    | BFLOAT16_ALU_5__BFLOAT_ALU/U_MUL0/eq_2256 (Device_top.v:2256) |
| lt_x_235       | DW_cmp_DG      | width=5    | BFLOAT16_ALU_5__BFLOAT_ALU/U_MUL0/lt_2257 (Device_top.v:2257) |
| sub_x_245      | DW01_sub_DG    | width=6    | BFLOAT16_ALU_4__BFLOAT_ALU/U_MUL0/sub_2226 (Device_top.v:2226) |
| gt_x_247       | DW_cmp_DG      | width=5    | BFLOAT16_ALU_4__BFLOAT_ALU/U_MUL0/gt_2253 (Device_top.v:2253) |
| eq_x_248       | DW_cmp_DG      | width=6    | BFLOAT16_ALU_4__BFLOAT_ALU/U_MUL0/eq_2254 (Device_top.v:2254) |
| eq_x_249       | DW_cmp_DG      | width=6    | BFLOAT16_ALU_4__BFLOAT_ALU/U_MUL0/eq_2255 (Device_top.v:2255) |
| eq_x_250       | DW_cmp_DG      | width=6    | BFLOAT16_ALU_4__BFLOAT_ALU/U_MUL0/eq_2256 (Device_top.v:2256) |
| lt_x_251       | DW_cmp_DG      | width=5    | BFLOAT16_ALU_4__BFLOAT_ALU/U_MUL0/lt_2257 (Device_top.v:2257) |
| sub_x_261      | DW01_sub_DG    | width=6    | BFLOAT16_ALU_3__BFLOAT_ALU/U_MUL0/sub_2226 (Device_top.v:2226) |
| gt_x_263       | DW_cmp_DG      | width=5    | BFLOAT16_ALU_3__BFLOAT_ALU/U_MUL0/gt_2253 (Device_top.v:2253) |
| eq_x_264       | DW_cmp_DG      | width=6    | BFLOAT16_ALU_3__BFLOAT_ALU/U_MUL0/eq_2254 (Device_top.v:2254) |
| eq_x_265       | DW_cmp_DG      | width=6    | BFLOAT16_ALU_3__BFLOAT_ALU/U_MUL0/eq_2255 (Device_top.v:2255) |
| eq_x_266       | DW_cmp_DG      | width=6    | BFLOAT16_ALU_3__BFLOAT_ALU/U_MUL0/eq_2256 (Device_top.v:2256) |
| lt_x_267       | DW_cmp_DG      | width=5    | BFLOAT16_ALU_3__BFLOAT_ALU/U_MUL0/lt_2257 (Device_top.v:2257) |
| sub_x_277      | DW01_sub_DG    | width=6    | BFLOAT16_ALU_2__BFLOAT_ALU/U_MUL0/sub_2226 (Device_top.v:2226) |
| gt_x_279       | DW_cmp_DG      | width=5    | BFLOAT16_ALU_2__BFLOAT_ALU/U_MUL0/gt_2253 (Device_top.v:2253) |
| eq_x_280       | DW_cmp_DG      | width=6    | BFLOAT16_ALU_2__BFLOAT_ALU/U_MUL0/eq_2254 (Device_top.v:2254) |
| eq_x_281       | DW_cmp_DG      | width=6    | BFLOAT16_ALU_2__BFLOAT_ALU/U_MUL0/eq_2255 (Device_top.v:2255) |
| eq_x_282       | DW_cmp_DG      | width=6    | BFLOAT16_ALU_2__BFLOAT_ALU/U_MUL0/eq_2256 (Device_top.v:2256) |
| lt_x_283       | DW_cmp_DG      | width=5    | BFLOAT16_ALU_2__BFLOAT_ALU/U_MUL0/lt_2257 (Device_top.v:2257) |
| sub_x_293      | DW01_sub_DG    | width=6    | BFLOAT16_ALU_1__BFLOAT_ALU/U_MUL0/sub_2226 (Device_top.v:2226) |
| gt_x_295       | DW_cmp_DG      | width=5    | BFLOAT16_ALU_1__BFLOAT_ALU/U_MUL0/gt_2253 (Device_top.v:2253) |
| eq_x_296       | DW_cmp_DG      | width=6    | BFLOAT16_ALU_1__BFLOAT_ALU/U_MUL0/eq_2254 (Device_top.v:2254) |
| eq_x_297       | DW_cmp_DG      | width=6    | BFLOAT16_ALU_1__BFLOAT_ALU/U_MUL0/eq_2255 (Device_top.v:2255) |
| eq_x_298       | DW_cmp_DG      | width=6    | BFLOAT16_ALU_1__BFLOAT_ALU/U_MUL0/eq_2256 (Device_top.v:2256) |
| lt_x_299       | DW_cmp_DG      | width=5    | BFLOAT16_ALU_1__BFLOAT_ALU/U_MUL0/lt_2257 (Device_top.v:2257) |
| add_x_305      | DW01_inc_DG    | width=5    | BFLOAT16_ALU_7__BFLOAT_ALU/U0_ADD_STAGE/add_2414 (Device_top.v:2414) |
| add_x_313      | DW01_inc_DG    | width=5    | BFLOAT16_ALU_6__BFLOAT_ALU/U0_ADD_STAGE/add_2414 (Device_top.v:2414) |
| add_x_321      | DW01_inc_DG    | width=5    | BFLOAT16_ALU_5__BFLOAT_ALU/U0_ADD_STAGE/add_2414 (Device_top.v:2414) |
| add_x_329      | DW01_inc_DG    | width=5    | BFLOAT16_ALU_4__BFLOAT_ALU/U0_ADD_STAGE/add_2414 (Device_top.v:2414) |
| add_x_337      | DW01_inc_DG    | width=5    | BFLOAT16_ALU_3__BFLOAT_ALU/U0_ADD_STAGE/add_2414 (Device_top.v:2414) |
| add_x_345      | DW01_inc_DG    | width=5    | BFLOAT16_ALU_2__BFLOAT_ALU/U0_ADD_STAGE/add_2414 (Device_top.v:2414) |
| add_x_353      | DW01_inc_DG    | width=5    | BFLOAT16_ALU_1__BFLOAT_ALU/U0_ADD_STAGE/add_2414 (Device_top.v:2414) |
| sub_x_102      | DW01_dec_DG    | width=5    | ACC_GEN_0__NORM_LOGIC/sub_2751 (Device_top.v:2751) |
          |            | ACC_GEN_0__NORM_LOGIC/sub_2756 (Device_top.v:2756) |
          |            | ACC_GEN_0__NORM_LOGIC/sub_2761 (Device_top.v:2761) |
          |            | ACC_GEN_0__NORM_LOGIC/sub_2766 (Device_top.v:2766) |
          |            | ACC_GEN_0__NORM_LOGIC/sub_2771 (Device_top.v:2771) |
          |            | ACC_GEN_0__NORM_LOGIC/sub_2776 (Device_top.v:2776) |
          |            | ACC_GEN_0__NORM_LOGIC/sub_2781 (Device_top.v:2781) |
| sub_x_110      | DW01_dec_DG    | width=5    | ACC_GEN_7__NORM_LOGIC/sub_2751 (Device_top.v:2751) |
          |            | ACC_GEN_7__NORM_LOGIC/sub_2756 (Device_top.v:2756) |
          |            | ACC_GEN_7__NORM_LOGIC/sub_2761 (Device_top.v:2761) |
          |            | ACC_GEN_7__NORM_LOGIC/sub_2766 (Device_top.v:2766) |
          |            | ACC_GEN_7__NORM_LOGIC/sub_2771 (Device_top.v:2771) |
          |            | ACC_GEN_7__NORM_LOGIC/sub_2776 (Device_top.v:2776) |
          |            | ACC_GEN_7__NORM_LOGIC/sub_2781 (Device_top.v:2781) |
| sub_x_115      | DW01_dec_DG    | width=5    | ACC_GEN_6__NORM_LOGIC/sub_2751 (Device_top.v:2751) |
          |            | ACC_GEN_6__NORM_LOGIC/sub_2756 (Device_top.v:2756) |
          |            | ACC_GEN_6__NORM_LOGIC/sub_2761 (Device_top.v:2761) |
          |            | ACC_GEN_6__NORM_LOGIC/sub_2766 (Device_top.v:2766) |
          |            | ACC_GEN_6__NORM_LOGIC/sub_2771 (Device_top.v:2771) |
          |            | ACC_GEN_6__NORM_LOGIC/sub_2776 (Device_top.v:2776) |
          |            | ACC_GEN_6__NORM_LOGIC/sub_2781 (Device_top.v:2781) |
| sub_x_120      | DW01_dec_DG    | width=5    | ACC_GEN_5__NORM_LOGIC/sub_2751 (Device_top.v:2751) |
          |            | ACC_GEN_5__NORM_LOGIC/sub_2756 (Device_top.v:2756) |
          |            | ACC_GEN_5__NORM_LOGIC/sub_2761 (Device_top.v:2761) |
          |            | ACC_GEN_5__NORM_LOGIC/sub_2766 (Device_top.v:2766) |
          |            | ACC_GEN_5__NORM_LOGIC/sub_2771 (Device_top.v:2771) |
          |            | ACC_GEN_5__NORM_LOGIC/sub_2776 (Device_top.v:2776) |
          |            | ACC_GEN_5__NORM_LOGIC/sub_2781 (Device_top.v:2781) |
| sub_x_125      | DW01_dec_DG    | width=5    | ACC_GEN_4__NORM_LOGIC/sub_2751 (Device_top.v:2751) |
          |            | ACC_GEN_4__NORM_LOGIC/sub_2756 (Device_top.v:2756) |
          |            | ACC_GEN_4__NORM_LOGIC/sub_2761 (Device_top.v:2761) |
          |            | ACC_GEN_4__NORM_LOGIC/sub_2766 (Device_top.v:2766) |
          |            | ACC_GEN_4__NORM_LOGIC/sub_2771 (Device_top.v:2771) |
          |            | ACC_GEN_4__NORM_LOGIC/sub_2776 (Device_top.v:2776) |
          |            | ACC_GEN_4__NORM_LOGIC/sub_2781 (Device_top.v:2781) |
| sub_x_130      | DW01_dec_DG    | width=5    | ACC_GEN_3__NORM_LOGIC/sub_2751 (Device_top.v:2751) |
          |            | ACC_GEN_3__NORM_LOGIC/sub_2756 (Device_top.v:2756) |
          |            | ACC_GEN_3__NORM_LOGIC/sub_2761 (Device_top.v:2761) |
          |            | ACC_GEN_3__NORM_LOGIC/sub_2766 (Device_top.v:2766) |
          |            | ACC_GEN_3__NORM_LOGIC/sub_2771 (Device_top.v:2771) |
          |            | ACC_GEN_3__NORM_LOGIC/sub_2776 (Device_top.v:2776) |
          |            | ACC_GEN_3__NORM_LOGIC/sub_2781 (Device_top.v:2781) |
| sub_x_135      | DW01_dec_DG    | width=5    | ACC_GEN_2__NORM_LOGIC/sub_2751 (Device_top.v:2751) |
          |            | ACC_GEN_2__NORM_LOGIC/sub_2756 (Device_top.v:2756) |
          |            | ACC_GEN_2__NORM_LOGIC/sub_2761 (Device_top.v:2761) |
          |            | ACC_GEN_2__NORM_LOGIC/sub_2766 (Device_top.v:2766) |
          |            | ACC_GEN_2__NORM_LOGIC/sub_2771 (Device_top.v:2771) |
          |            | ACC_GEN_2__NORM_LOGIC/sub_2776 (Device_top.v:2776) |
          |            | ACC_GEN_2__NORM_LOGIC/sub_2781 (Device_top.v:2781) |
| sub_x_140      | DW01_dec_DG    | width=5    | ACC_GEN_1__NORM_LOGIC/sub_2751 (Device_top.v:2751) |
          |            | ACC_GEN_1__NORM_LOGIC/sub_2756 (Device_top.v:2756) |
          |            | ACC_GEN_1__NORM_LOGIC/sub_2761 (Device_top.v:2761) |
          |            | ACC_GEN_1__NORM_LOGIC/sub_2766 (Device_top.v:2766) |
          |            | ACC_GEN_1__NORM_LOGIC/sub_2771 (Device_top.v:2771) |
          |            | ACC_GEN_1__NORM_LOGIC/sub_2776 (Device_top.v:2776) |
          |            | ACC_GEN_1__NORM_LOGIC/sub_2781 (Device_top.v:2781) |
| add_x_8        | DW01_inc_DG    | width=5    | add_1071_S2 (Device_top.v:1071) |
            |                |            | add_1074 (Device_top.v:1074) |
| add_x_3        | DW01_inc_DG    | width=2    | add_1061_S2 (Device_top.v:1061) |
            |                |            | add_1063 (Device_top.v:1063) |
| DP_OP_1174J1_122_4319           |            |                            |
|                | DP_OP_1174J1_122_4319 |     |                            |
| DP_OP_1175J1_123_7004           |            |                            |
|                | DP_OP_1175J1_123_7004 |     |                            |
| DP_OP_1176J1_124_4319           |            |                            |
|                | DP_OP_1176J1_124_4319 |     |                            |
| DP_OP_1177J1_125_7004           |            |                            |
|                | DP_OP_1177J1_125_7004 |     |                            |
| DP_OP_1178J1_126_4319           |            |                            |
|                | DP_OP_1178J1_126_4319 |     |                            |
| DP_OP_1179J1_127_7004           |            |                            |
|                | DP_OP_1179J1_127_7004 |     |                            |
| DP_OP_1180J1_128_4319           |            |                            |
|                | DP_OP_1180J1_128_4319 |     |                            |
| DP_OP_1181J1_129_7004           |            |                            |
|                | DP_OP_1181J1_129_7004 |     |                            |
| DP_OP_1182J1_130_4319           |            |                            |
|                | DP_OP_1182J1_130_4319 |     |                            |
| DP_OP_1183J1_131_7004           |            |                            |
|                | DP_OP_1183J1_131_7004 |     |                            |
| DP_OP_1184J1_132_4319           |            |                            |
|                | DP_OP_1184J1_132_4319 |     |                            |
| DP_OP_1185J1_133_7004           |            |                            |
|                | DP_OP_1185J1_133_7004 |     |                            |
| DP_OP_1186J1_134_4319           |            |                            |
|                | DP_OP_1186J1_134_4319 |     |                            |
| DP_OP_1187J1_135_7004           |            |                            |
|                | DP_OP_1187J1_135_7004 |     |                            |
| DP_OP_1188J1_136_4319           |            |                            |
|                | DP_OP_1188J1_136_4319 |     |                            |
| DP_OP_1189J1_137_7004           |            |                            |
|                | DP_OP_1189J1_137_7004 |     |                            |
=============================================================================

Datapath Report for DP_OP_1174J1_122_4319
==============================================================================
| Cell                 | Contained Operations                                |
==============================================================================
| DP_OP_1174J1_122_4319 | BFLOAT16_ALU_0__BFLOAT_ALU/U_MUL0/add_2221 (Device_top.v:2221) |
           | BFLOAT16_ALU_0__BFLOAT_ALU/U_MUL0/sub_2221 (Device_top.v:2221) |
==============================================================================

==============================================================================
|       |      | Data     |       |                                          |
| Var   | Type | Class    | Width | Expression                               |
==============================================================================
| I1    | PI   | Signed   | 8     |                                          |
| I2    | PI   | Signed   | 8     |                                          |
| DG_ctrl | PI | Unsigned | 1     |                                          |
| O1    | PO   | Signed   | 8     | I1 + I2 - $unsigned(7'b1111111) (Device_top.v:2221) |
==============================================================================

Datapath Report for DP_OP_1175J1_123_7004
==============================================================================
| Cell                 | Contained Operations                                |
==============================================================================
| DP_OP_1175J1_123_7004 | BFLOAT16_ALU_0__BFLOAT_ALU/U_MUL0/mult_2233 (Device_top.v:2233) |
          | BFLOAT16_ALU_0__BFLOAT_ALU/U_MUL0/add_2236 (Device_top.v:2236) |
            | BFLOAT16_ALU_0__BFLOAT_ALU/U_MUL0/mult_2234 (Device_top.v:2234) |
==============================================================================

==============================================================================
|       |      | Data     |       |                                          |
| Var   | Type | Class    | Width | Expression                               |
==============================================================================
| I1    | PI   | Unsigned | 8     |                                          |
| I2    | PI   | Unsigned | 4     |                                          |
| I3    | PI   | Unsigned | 4     |                                          |
| I4    | PI   | Unsigned | 4     |                                          |
| DG_ctrl | PI | Unsigned | 1     |                                          |
| T225  | IFO  | Unsigned | 12    | I1 * I2 (Device_top.v:2233)              |
| T226  | IFO  | Unsigned | 8     | I3 * I4 (Device_top.v:2234)              |
| O1    | PO   | Unsigned | 12    | T225 + T226 (Device_top.v:2236)          |
==============================================================================

Datapath Report for DP_OP_1176J1_124_4319
==============================================================================
| Cell                 | Contained Operations                                |
==============================================================================
| DP_OP_1176J1_124_4319 | BFLOAT16_ALU_7__BFLOAT_ALU/U_MUL0/add_2221 (Device_top.v:2221) |
           | BFLOAT16_ALU_7__BFLOAT_ALU/U_MUL0/sub_2221 (Device_top.v:2221) |
==============================================================================

==============================================================================
|       |      | Data     |       |                                          |
| Var   | Type | Class    | Width | Expression                               |
==============================================================================
| I1    | PI   | Signed   | 8     |                                          |
| I2    | PI   | Signed   | 8     |                                          |
| DG_ctrl | PI | Unsigned | 1     |                                          |
| O1    | PO   | Signed   | 8     | I1 + I2 - $unsigned(7'b1111111) (Device_top.v:2221) |
==============================================================================

Datapath Report for DP_OP_1177J1_125_7004
==============================================================================
| Cell                 | Contained Operations                                |
==============================================================================
| DP_OP_1177J1_125_7004 | BFLOAT16_ALU_7__BFLOAT_ALU/U_MUL0/mult_2233 (Device_top.v:2233) |
          | BFLOAT16_ALU_7__BFLOAT_ALU/U_MUL0/add_2236 (Device_top.v:2236) |
            | BFLOAT16_ALU_7__BFLOAT_ALU/U_MUL0/mult_2234 (Device_top.v:2234) |
==============================================================================

==============================================================================
|       |      | Data     |       |                                          |
| Var   | Type | Class    | Width | Expression                               |
==============================================================================
| I1    | PI   | Unsigned | 8     |                                          |
| I2    | PI   | Unsigned | 4     |                                          |
| I3    | PI   | Unsigned | 4     |                                          |
| I4    | PI   | Unsigned | 4     |                                          |
| DG_ctrl | PI | Unsigned | 1     |                                          |
| T260  | IFO  | Unsigned | 12    | I1 * I2 (Device_top.v:2233)              |
| T261  | IFO  | Unsigned | 8     | I3 * I4 (Device_top.v:2234)              |
| O1    | PO   | Unsigned | 12    | T260 + T261 (Device_top.v:2236)          |
==============================================================================

Datapath Report for DP_OP_1178J1_126_4319
==============================================================================
| Cell                 | Contained Operations                                |
==============================================================================
| DP_OP_1178J1_126_4319 | BFLOAT16_ALU_6__BFLOAT_ALU/U_MUL0/add_2221 (Device_top.v:2221) |
           | BFLOAT16_ALU_6__BFLOAT_ALU/U_MUL0/sub_2221 (Device_top.v:2221) |
==============================================================================

==============================================================================
|       |      | Data     |       |                                          |
| Var   | Type | Class    | Width | Expression                               |
==============================================================================
| I1    | PI   | Signed   | 8     |                                          |
| I2    | PI   | Signed   | 8     |                                          |
| DG_ctrl | PI | Unsigned | 1     |                                          |
| O1    | PO   | Signed   | 8     | I1 + I2 - $unsigned(7'b1111111) (Device_top.v:2221) |
==============================================================================

Datapath Report for DP_OP_1179J1_127_7004
==============================================================================
| Cell                 | Contained Operations                                |
==============================================================================
| DP_OP_1179J1_127_7004 | BFLOAT16_ALU_6__BFLOAT_ALU/U_MUL0/mult_2233 (Device_top.v:2233) |
          | BFLOAT16_ALU_6__BFLOAT_ALU/U_MUL0/add_2236 (Device_top.v:2236) |
            | BFLOAT16_ALU_6__BFLOAT_ALU/U_MUL0/mult_2234 (Device_top.v:2234) |
==============================================================================

==============================================================================
|       |      | Data     |       |                                          |
| Var   | Type | Class    | Width | Expression                               |
==============================================================================
| I1    | PI   | Unsigned | 8     |                                          |
| I2    | PI   | Unsigned | 4     |                                          |
| I3    | PI   | Unsigned | 4     |                                          |
| I4    | PI   | Unsigned | 4     |                                          |
| DG_ctrl | PI | Unsigned | 1     |                                          |
| T281  | IFO  | Unsigned | 12    | I1 * I2 (Device_top.v:2233)              |
| T282  | IFO  | Unsigned | 8     | I3 * I4 (Device_top.v:2234)              |
| O1    | PO   | Unsigned | 12    | T281 + T282 (Device_top.v:2236)          |
==============================================================================

Datapath Report for DP_OP_1180J1_128_4319
==============================================================================
| Cell                 | Contained Operations                                |
==============================================================================
| DP_OP_1180J1_128_4319 | BFLOAT16_ALU_5__BFLOAT_ALU/U_MUL0/add_2221 (Device_top.v:2221) |
           | BFLOAT16_ALU_5__BFLOAT_ALU/U_MUL0/sub_2221 (Device_top.v:2221) |
==============================================================================

==============================================================================
|       |      | Data     |       |                                          |
| Var   | Type | Class    | Width | Expression                               |
==============================================================================
| I1    | PI   | Signed   | 8     |                                          |
| I2    | PI   | Signed   | 8     |                                          |
| DG_ctrl | PI | Unsigned | 1     |                                          |
| O1    | PO   | Signed   | 8     | I1 + I2 - $unsigned(7'b1111111) (Device_top.v:2221) |
==============================================================================

Datapath Report for DP_OP_1181J1_129_7004
==============================================================================
| Cell                 | Contained Operations                                |
==============================================================================
| DP_OP_1181J1_129_7004 | BFLOAT16_ALU_5__BFLOAT_ALU/U_MUL0/mult_2233 (Device_top.v:2233) |
          | BFLOAT16_ALU_5__BFLOAT_ALU/U_MUL0/add_2236 (Device_top.v:2236) |
            | BFLOAT16_ALU_5__BFLOAT_ALU/U_MUL0/mult_2234 (Device_top.v:2234) |
==============================================================================

==============================================================================
|       |      | Data     |       |                                          |
| Var   | Type | Class    | Width | Expression                               |
==============================================================================
| I1    | PI   | Unsigned | 8     |                                          |
| I2    | PI   | Unsigned | 4     |                                          |
| I3    | PI   | Unsigned | 4     |                                          |
| I4    | PI   | Unsigned | 4     |                                          |
| DG_ctrl | PI | Unsigned | 1     |                                          |
| T302  | IFO  | Unsigned | 12    | I1 * I2 (Device_top.v:2233)              |
| T303  | IFO  | Unsigned | 8     | I3 * I4 (Device_top.v:2234)              |
| O1    | PO   | Unsigned | 12    | T302 + T303 (Device_top.v:2236)          |
==============================================================================

Datapath Report for DP_OP_1182J1_130_4319
==============================================================================
| Cell                 | Contained Operations                                |
==============================================================================
| DP_OP_1182J1_130_4319 | BFLOAT16_ALU_4__BFLOAT_ALU/U_MUL0/add_2221 (Device_top.v:2221) |
           | BFLOAT16_ALU_4__BFLOAT_ALU/U_MUL0/sub_2221 (Device_top.v:2221) |
==============================================================================

==============================================================================
|       |      | Data     |       |                                          |
| Var   | Type | Class    | Width | Expression                               |
==============================================================================
| I1    | PI   | Signed   | 8     |                                          |
| I2    | PI   | Signed   | 8     |                                          |
| DG_ctrl | PI | Unsigned | 1     |                                          |
| O1    | PO   | Signed   | 8     | I1 + I2 - $unsigned(7'b1111111) (Device_top.v:2221) |
==============================================================================

Datapath Report for DP_OP_1183J1_131_7004
==============================================================================
| Cell                 | Contained Operations                                |
==============================================================================
| DP_OP_1183J1_131_7004 | BFLOAT16_ALU_4__BFLOAT_ALU/U_MUL0/mult_2233 (Device_top.v:2233) |
          | BFLOAT16_ALU_4__BFLOAT_ALU/U_MUL0/add_2236 (Device_top.v:2236) |
            | BFLOAT16_ALU_4__BFLOAT_ALU/U_MUL0/mult_2234 (Device_top.v:2234) |
==============================================================================

==============================================================================
|       |      | Data     |       |                                          |
| Var   | Type | Class    | Width | Expression                               |
==============================================================================
| I1    | PI   | Unsigned | 8     |                                          |
| I2    | PI   | Unsigned | 4     |                                          |
| I3    | PI   | Unsigned | 4     |                                          |
| I4    | PI   | Unsigned | 4     |                                          |
| DG_ctrl | PI | Unsigned | 1     |                                          |
| T323  | IFO  | Unsigned | 12    | I1 * I2 (Device_top.v:2233)              |
| T324  | IFO  | Unsigned | 8     | I3 * I4 (Device_top.v:2234)              |
| O1    | PO   | Unsigned | 12    | T323 + T324 (Device_top.v:2236)          |
==============================================================================

Datapath Report for DP_OP_1184J1_132_4319
==============================================================================
| Cell                 | Contained Operations                                |
==============================================================================
| DP_OP_1184J1_132_4319 | BFLOAT16_ALU_3__BFLOAT_ALU/U_MUL0/add_2221 (Device_top.v:2221) |
           | BFLOAT16_ALU_3__BFLOAT_ALU/U_MUL0/sub_2221 (Device_top.v:2221) |
==============================================================================

==============================================================================
|       |      | Data     |       |                                          |
| Var   | Type | Class    | Width | Expression                               |
==============================================================================
| I1    | PI   | Signed   | 8     |                                          |
| I2    | PI   | Signed   | 8     |                                          |
| DG_ctrl | PI | Unsigned | 1     |                                          |
| O1    | PO   | Signed   | 8     | I1 + I2 - $unsigned(7'b1111111) (Device_top.v:2221) |
==============================================================================

Datapath Report for DP_OP_1185J1_133_7004
==============================================================================
| Cell                 | Contained Operations                                |
==============================================================================
| DP_OP_1185J1_133_7004 | BFLOAT16_ALU_3__BFLOAT_ALU/U_MUL0/mult_2233 (Device_top.v:2233) |
          | BFLOAT16_ALU_3__BFLOAT_ALU/U_MUL0/add_2236 (Device_top.v:2236) |
            | BFLOAT16_ALU_3__BFLOAT_ALU/U_MUL0/mult_2234 (Device_top.v:2234) |
==============================================================================

==============================================================================
|       |      | Data     |       |                                          |
| Var   | Type | Class    | Width | Expression                               |
==============================================================================
| I1    | PI   | Unsigned | 8     |                                          |
| I2    | PI   | Unsigned | 4     |                                          |
| I3    | PI   | Unsigned | 4     |                                          |
| I4    | PI   | Unsigned | 4     |                                          |
| DG_ctrl | PI | Unsigned | 1     |                                          |
| T344  | IFO  | Unsigned | 12    | I1 * I2 (Device_top.v:2233)              |
| T345  | IFO  | Unsigned | 8     | I3 * I4 (Device_top.v:2234)              |
| O1    | PO   | Unsigned | 12    | T344 + T345 (Device_top.v:2236)          |
==============================================================================

Datapath Report for DP_OP_1186J1_134_4319
==============================================================================
| Cell                 | Contained Operations                                |
==============================================================================
| DP_OP_1186J1_134_4319 | BFLOAT16_ALU_2__BFLOAT_ALU/U_MUL0/add_2221 (Device_top.v:2221) |
           | BFLOAT16_ALU_2__BFLOAT_ALU/U_MUL0/sub_2221 (Device_top.v:2221) |
==============================================================================

==============================================================================
|       |      | Data     |       |                                          |
| Var   | Type | Class    | Width | Expression                               |
==============================================================================
| I1    | PI   | Signed   | 8     |                                          |
| I2    | PI   | Signed   | 8     |                                          |
| DG_ctrl | PI | Unsigned | 1     |                                          |
| O1    | PO   | Signed   | 8     | I1 + I2 - $unsigned(7'b1111111) (Device_top.v:2221) |
==============================================================================

Datapath Report for DP_OP_1187J1_135_7004
==============================================================================
| Cell                 | Contained Operations                                |
==============================================================================
| DP_OP_1187J1_135_7004 | BFLOAT16_ALU_2__BFLOAT_ALU/U_MUL0/mult_2233 (Device_top.v:2233) |
          | BFLOAT16_ALU_2__BFLOAT_ALU/U_MUL0/add_2236 (Device_top.v:2236) |
            | BFLOAT16_ALU_2__BFLOAT_ALU/U_MUL0/mult_2234 (Device_top.v:2234) |
==============================================================================

==============================================================================
|       |      | Data     |       |                                          |
| Var   | Type | Class    | Width | Expression                               |
==============================================================================
| I1    | PI   | Unsigned | 8     |                                          |
| I2    | PI   | Unsigned | 4     |                                          |
| I3    | PI   | Unsigned | 4     |                                          |
| I4    | PI   | Unsigned | 4     |                                          |
| DG_ctrl | PI | Unsigned | 1     |                                          |
| T365  | IFO  | Unsigned | 12    | I1 * I2 (Device_top.v:2233)              |
| T366  | IFO  | Unsigned | 8     | I3 * I4 (Device_top.v:2234)              |
| O1    | PO   | Unsigned | 12    | T365 + T366 (Device_top.v:2236)          |
==============================================================================

Datapath Report for DP_OP_1188J1_136_4319
==============================================================================
| Cell                 | Contained Operations                                |
==============================================================================
| DP_OP_1188J1_136_4319 | BFLOAT16_ALU_1__BFLOAT_ALU/U_MUL0/add_2221 (Device_top.v:2221) |
           | BFLOAT16_ALU_1__BFLOAT_ALU/U_MUL0/sub_2221 (Device_top.v:2221) |
==============================================================================

==============================================================================
|       |      | Data     |       |                                          |
| Var   | Type | Class    | Width | Expression                               |
==============================================================================
| I1    | PI   | Signed   | 8     |                                          |
| I2    | PI   | Signed   | 8     |                                          |
| DG_ctrl | PI | Unsigned | 1     |                                          |
| O1    | PO   | Signed   | 8     | I1 + I2 - $unsigned(7'b1111111) (Device_top.v:2221) |
==============================================================================

Datapath Report for DP_OP_1189J1_137_7004
==============================================================================
| Cell                 | Contained Operations                                |
==============================================================================
| DP_OP_1189J1_137_7004 | BFLOAT16_ALU_1__BFLOAT_ALU/U_MUL0/mult_2233 (Device_top.v:2233) |
          | BFLOAT16_ALU_1__BFLOAT_ALU/U_MUL0/add_2236 (Device_top.v:2236) |
            | BFLOAT16_ALU_1__BFLOAT_ALU/U_MUL0/mult_2234 (Device_top.v:2234) |
==============================================================================

==============================================================================
|       |      | Data     |       |                                          |
| Var   | Type | Class    | Width | Expression                               |
==============================================================================
| I1    | PI   | Unsigned | 8     |                                          |
| I2    | PI   | Unsigned | 4     |                                          |
| I3    | PI   | Unsigned | 4     |                                          |
| I4    | PI   | Unsigned | 4     |                                          |
| DG_ctrl | PI | Unsigned | 1     |                                          |
| T386  | IFO  | Unsigned | 12    | I1 * I2 (Device_top.v:2233)              |
| T387  | IFO  | Unsigned | 8     | I3 * I4 (Device_top.v:2234)              |
| O1    | PO   | Unsigned | 12    | T386 + T387 (Device_top.v:2236)          |
==============================================================================


Implementation Report
===============================================================================
|                    |                  | Current            | Set            |
| Cell               | Module           | Implementation     | Implementation |
===============================================================================
| add_x_101          | DW01_inc_DG      | apparch (area)     |                |
| add_x_109          | DW01_inc_DG      | apparch (area)     |                |
| add_x_114          | DW01_inc_DG      | apparch (area)     |                |
| add_x_119          | DW01_inc_DG      | apparch (area)     |                |
| add_x_124          | DW01_inc_DG      | apparch (area)     |                |
| add_x_129          | DW01_inc_DG      | apparch (area)     |                |
| add_x_134          | DW01_inc_DG      | apparch (area)     |                |
| add_x_139          | DW01_inc_DG      | apparch (area)     |                |
| sub_x_173          | DW01_sub_DG      | apparch (area)     |                |
| gt_x_175           | DW_cmp_DG        | apparch (area)     |                |
| eq_x_176           | DW_cmp_DG        | apparch (area)     |                |
| eq_x_177           | DW_cmp_DG        | apparch (area)     |                |
| eq_x_178           | DW_cmp_DG        | apparch (area)     |                |
| lt_x_179           | DW_cmp_DG        | apparch (area)     |                |
| add_x_185          | DW01_inc_DG      | apparch (area)     |                |
| sub_x_197          | DW01_sub_DG      | apparch (area)     |                |
| gt_x_199           | DW_cmp_DG        | apparch (area)     |                |
| eq_x_200           | DW_cmp_DG        | apparch (area)     |                |
| eq_x_201           | DW_cmp_DG        | apparch (area)     |                |
| eq_x_202           | DW_cmp_DG        | apparch (area)     |                |
| lt_x_203           | DW_cmp_DG        | apparch (area)     |                |
| sub_x_213          | DW01_sub_DG      | apparch (area)     |                |
| gt_x_215           | DW_cmp_DG        | apparch (area)     |                |
| eq_x_216           | DW_cmp_DG        | apparch (area)     |                |
| eq_x_217           | DW_cmp_DG        | apparch (area)     |                |
| eq_x_218           | DW_cmp_DG        | apparch (area)     |                |
| lt_x_219           | DW_cmp_DG        | apparch (area)     |                |
| sub_x_229          | DW01_sub_DG      | apparch (area)     |                |
| gt_x_231           | DW_cmp_DG        | apparch (area)     |                |
| eq_x_232           | DW_cmp_DG        | apparch (area)     |                |
| eq_x_233           | DW_cmp_DG        | apparch (area)     |                |
| eq_x_234           | DW_cmp_DG        | apparch (area)     |                |
| lt_x_235           | DW_cmp_DG        | apparch (area)     |                |
| sub_x_245          | DW01_sub_DG      | apparch (area)     |                |
| gt_x_247           | DW_cmp_DG        | apparch (area)     |                |
| eq_x_248           | DW_cmp_DG        | apparch (area)     |                |
| eq_x_249           | DW_cmp_DG        | apparch (area)     |                |
| eq_x_250           | DW_cmp_DG        | apparch (area)     |                |
| lt_x_251           | DW_cmp_DG        | apparch (area)     |                |
| sub_x_261          | DW01_sub_DG      | apparch (area)     |                |
| gt_x_263           | DW_cmp_DG        | apparch (area)     |                |
| eq_x_264           | DW_cmp_DG        | apparch (area)     |                |
| eq_x_265           | DW_cmp_DG        | apparch (area)     |                |
| eq_x_266           | DW_cmp_DG        | apparch (area)     |                |
| lt_x_267           | DW_cmp_DG        | apparch (area)     |                |
| sub_x_277          | DW01_sub_DG      | apparch (area)     |                |
| gt_x_279           | DW_cmp_DG        | apparch (area)     |                |
| eq_x_280           | DW_cmp_DG        | apparch (area)     |                |
| eq_x_281           | DW_cmp_DG        | apparch (area)     |                |
| eq_x_282           | DW_cmp_DG        | apparch (area)     |                |
| lt_x_283           | DW_cmp_DG        | apparch (area)     |                |
| sub_x_293          | DW01_sub_DG      | apparch (area)     |                |
| gt_x_295           | DW_cmp_DG        | apparch (area)     |                |
| eq_x_296           | DW_cmp_DG        | apparch (area)     |                |
| eq_x_297           | DW_cmp_DG        | apparch (area)     |                |
| eq_x_298           | DW_cmp_DG        | apparch (area)     |                |
| lt_x_299           | DW_cmp_DG        | apparch (area)     |                |
| add_x_305          | DW01_inc_DG      | apparch (area)     |                |
| add_x_313          | DW01_inc_DG      | apparch (area)     |                |
| add_x_321          | DW01_inc_DG      | apparch (area)     |                |
| add_x_329          | DW01_inc_DG      | apparch (area)     |                |
| add_x_337          | DW01_inc_DG      | apparch (area)     |                |
| add_x_345          | DW01_inc_DG      | apparch (area)     |                |
| add_x_353          | DW01_inc_DG      | apparch (area)     |                |
| sub_x_102          | DW01_dec_DG      | apparch (area)     |                |
| sub_x_110          | DW01_dec_DG      | apparch (area)     |                |
| sub_x_115          | DW01_dec_DG      | apparch (area)     |                |
| sub_x_120          | DW01_dec_DG      | apparch (area)     |                |
| sub_x_125          | DW01_dec_DG      | apparch (area)     |                |
| sub_x_130          | DW01_dec_DG      | apparch (area)     |                |
| sub_x_135          | DW01_dec_DG      | apparch (area)     |                |
| sub_x_140          | DW01_dec_DG      | apparch (area)     |                |
| add_x_8            | DW01_inc_DG      | apparch (area)     |                |
| add_x_3            | DW01_inc_DG      | apparch (area)     |                |
| DP_OP_1165_187_7566                   |                    |                |
|                    | DP_OP_1165_187_7566 | str (area,speed)                 |
| DP_OP_1166_188_7566                   |                    |                |
|                    | DP_OP_1166_188_7566 | str (area,speed)                 |
| DP_OP_1167_189_7566                   |                    |                |
|                    | DP_OP_1167_189_7566 | str (speed)     |                |
| DP_OP_1144_190_6102                   |                    |                |
|                    | DP_OP_1144_190_6102 | str (area,speed)                 |
| DP_OP_1145_191_6102                   |                    |                |
|                    | DP_OP_1145_191_6102 | str (area,speed)                 |
| DP_OP_1146_192_6102                   |                    |                |
|                    | DP_OP_1146_192_6102 | str (speed)     |                |
| DP_OP_1159_181_5287                   |                    |                |
|                    | DP_OP_1159_181_5287 | str (area,speed)                 |
| DP_OP_1160_182_5287                   |                    |                |
|                    | DP_OP_1160_182_5287 | str (area,speed)                 |
| DP_OP_1161_183_5287                   |                    |                |
|                    | DP_OP_1161_183_5287 | str (speed)     |                |
| DP_OP_1147_178_4061                   |                    |                |
|                    | DP_OP_1147_178_4061 | str (area,speed)                 |
| DP_OP_1148_179_4061                   |                    |                |
|                    | DP_OP_1148_179_4061 | str (area,speed)                 |
| DP_OP_1149_180_4061                   |                    |                |
|                    | DP_OP_1149_180_4061 | str (speed)     |                |
| DP_OP_1162_196_2395                   |                    |                |
|                    | DP_OP_1162_196_2395 | str (area,speed)                 |
| DP_OP_1163_197_2395                   |                    |                |
|                    | DP_OP_1163_197_2395 | str (area,speed)                 |
| DP_OP_1164_198_2395                   |                    |                |
|                    | DP_OP_1164_198_2395 | str (speed)     |                |
| DP_OP_1153_199_9946                   |                    |                |
|                    | DP_OP_1153_199_9946 | str (area,speed)                 |
| DP_OP_1154_200_9946                   |                    |                |
|                    | DP_OP_1154_200_9946 | str (area,speed)                 |
| DP_OP_1155_201_9946                   |                    |                |
|                    | DP_OP_1155_201_9946 | str (area,speed)                 |
| DP_OP_1150_193_2020                   |                    |                |
|                    | DP_OP_1150_193_2020 | str (area,speed)                 |
| DP_OP_1151_194_2020                   |                    |                |
|                    | DP_OP_1151_194_2020 | str (area,speed)                 |
| DP_OP_1152_195_2020                   |                    |                |
|                    | DP_OP_1152_195_2020 | str (speed)     |                |
| DP_OP_1156_184_7328                   |                    |                |
|                    | DP_OP_1156_184_7328 | str (area,speed)                 |
| DP_OP_1157_185_7328                   |                    |                |
|                    | DP_OP_1157_185_7328 | str (area,speed)                 |
| DP_OP_1158_186_7328                   |                    |                |
|                    | DP_OP_1158_186_7328 | str (speed)     |                |
| DP_OP_1174J1_122_4319                 |                    |                |
|                    | DP_OP_1174J1_122_4319 | str (area,speed)               |
| DP_OP_1175J1_123_7004                 |                    |                |
|                    | DP_OP_1175J1_123_7004 | str (area,speed)               |
|                    |                  | mult_arch: and     |                |
| DP_OP_1176J1_124_4319                 |                    |                |
|                    | DP_OP_1176J1_124_4319 | str (area,speed)               |
| DP_OP_1177J1_125_7004                 |                    |                |
|                    | DP_OP_1177J1_125_7004 | str (area,speed)               |
|                    |                  | mult_arch: and     |                |
| DP_OP_1178J1_126_4319                 |                    |                |
|                    | DP_OP_1178J1_126_4319 | str (area,speed)               |
| DP_OP_1179J1_127_7004                 |                    |                |
|                    | DP_OP_1179J1_127_7004 | str (area,speed)               |
|                    |                  | mult_arch: and     |                |
| DP_OP_1180J1_128_4319                 |                    |                |
|                    | DP_OP_1180J1_128_4319 | str (area,speed)               |
| DP_OP_1181J1_129_7004                 |                    |                |
|                    | DP_OP_1181J1_129_7004 | str (area,speed)               |
|                    |                  | mult_arch: and     |                |
| DP_OP_1182J1_130_4319                 |                    |                |
|                    | DP_OP_1182J1_130_4319 | str (area,speed)               |
| DP_OP_1183J1_131_7004                 |                    |                |
|                    | DP_OP_1183J1_131_7004 | str (area,speed)               |
|                    |                  | mult_arch: and     |                |
| DP_OP_1184J1_132_4319                 |                    |                |
|                    | DP_OP_1184J1_132_4319 | str (area,speed)               |
| DP_OP_1185J1_133_7004                 |                    |                |
|                    | DP_OP_1185J1_133_7004 | str (area,speed)               |
|                    |                  | mult_arch: and     |                |
| DP_OP_1186J1_134_4319                 |                    |                |
|                    | DP_OP_1186J1_134_4319 | str (area,speed)               |
| DP_OP_1187J1_135_7004                 |                    |                |
|                    | DP_OP_1187J1_135_7004 | str (area,speed)               |
|                    |                  | mult_arch: and     |                |
| DP_OP_1188J1_136_4319                 |                    |                |
|                    | DP_OP_1188J1_136_4319 | str (area,speed)               |
| DP_OP_1189J1_137_7004                 |                    |                |
|                    | DP_OP_1189J1_137_7004 | str (area,speed)               |
|                    |                  | mult_arch: and     |                |
===============================================================================

1
