 
****************************************
Report : reference
Design : PIM_ALU_SYN_top
Version: M-2016.12-SP5-3
Date   : Wed Jul  8 21:44:04 2020
****************************************

Attributes:
    b - black box (unknown)
   bo - allows boundary optimization
    d - dont_touch
   mo - map_only
    h - hierarchical
    n - noncombinational
    r - removable
    s - synthetic operator
    u - contains unmapped logic

Reference          Library       Unit Area   Count    Total Area   Attributes
-----------------------------------------------------------------------------
DFFRQX1MTR         scmetro_cmos10lp_rvt_ss_1p08v_125c_sadhm
                                  8.640000     661   5711.040227  n
DFFRQX2MTR         scmetro_cmos10lp_rvt_ss_1p08v_125c_sadhm
                                  8.640000     893   7715.520307  n
bank_top                      41109.760491       1  41109.760491  h, n
-----------------------------------------------------------------------------
Total 3 references                                  54536.321025
1
