 
****************************************
Report : area
Design : PIM_ALU_SYN_top
Version: M-2016.12-SP5-3
Date   : Tue Jun 23 23:10:53 2020
****************************************

Library(s) Used:

    scmetro_cmos10lp_rvt_ss_1p08v_125c_sadhm (File: /usr/syn_lib/samsung/CB_121st_tt/PRIMITIVE/sec100226_0042_SS65LP_Normal_RVT_Normal_FE_Common_N/synopsys/scmetro_cmos10lp_rvt_ss_1p08v_125c_sadhm.db)

Number of ports:                         6010
Number of nets:                         23290
Number of cells:                        17773
Number of combinational cells:          13767
Number of sequential cells:              3965
Number of macros/black boxes:               0
Number of buf/inv:                       2692
Number of references:                       3

Combinational area:              28377.599932
Buf/Inv area:                     2761.279938
Noncombinational area:           33599.361315
Macro/Black Box area:                0.000000
Net Interconnect area:      undefined  (No wire load specified)

Total cell area:                 61976.961247
Total area:                 undefined

Hierarchical area distribution
------------------------------

                                  Global cell area            Local cell area
                                  -------------------  ------------------------------ 
Hierarchical cell                 Absolute    Percent  Combi-      Noncombi-   Black-
                                  Total       Total    national    national    boxes   Design
--------------------------------  ----------  -------  ----------  ----------  ------  ---------------------
PIM_ALU_SYN_top                   61976.9612    100.0      0.0000  13435.2005  0.0000  PIM_ALU_SYN_top
U0_BANK_TOP                       48541.7607     78.3  12677.4400  14980.1606  0.0000  bank_top
U0_BANK_TOP/BFLOAT16_ALU_0__BFLOAT_ALU
                                   2353.9200      3.8    165.4400    648.0000  0.0000  bfloat_MAC_pipe_OPT_7
U0_BANK_TOP/BFLOAT16_ALU_0__BFLOAT_ALU/DENORM_ACC_LOGIC
                                     90.8800      0.1     90.8800      0.0000  0.0000  deNORM_stage_7
U0_BANK_TOP/BFLOAT16_ALU_0__BFLOAT_ALU/U0_ADD_STAGE
                                    776.9600      1.3    776.9600      0.0000  0.0000  ADD_module_OPT_7
U0_BANK_TOP/BFLOAT16_ALU_0__BFLOAT_ALU/U_MUL0
                                    672.6400      1.1    672.6400      0.0000  0.0000  MUL_OPT_7
U0_BANK_TOP/BFLOAT16_ALU_0__NORM_LOGIC
                                    256.3200      0.4    256.3200      0.0000  0.0000  NORM_stage_39
U0_BANK_TOP/BFLOAT16_ALU_1__BFLOAT_ALU
                                   2354.2400      3.8    165.4400    648.0000  0.0000  bfloat_MAC_pipe_OPT_6
U0_BANK_TOP/BFLOAT16_ALU_1__BFLOAT_ALU/DENORM_ACC_LOGIC
                                     90.8800      0.1     90.8800      0.0000  0.0000  deNORM_stage_6
U0_BANK_TOP/BFLOAT16_ALU_1__BFLOAT_ALU/U0_ADD_STAGE
                                    776.9600      1.3    776.9600      0.0000  0.0000  ADD_module_OPT_6
U0_BANK_TOP/BFLOAT16_ALU_1__BFLOAT_ALU/U_MUL0
                                    672.9600      1.1    672.9600      0.0000  0.0000  MUL_OPT_6
U0_BANK_TOP/BFLOAT16_ALU_1__NORM_LOGIC
                                    256.3200      0.4    256.3200      0.0000  0.0000  NORM_stage_38
U0_BANK_TOP/BFLOAT16_ALU_2__BFLOAT_ALU
                                   2354.2400      3.8    165.4400    648.0000  0.0000  bfloat_MAC_pipe_OPT_5
U0_BANK_TOP/BFLOAT16_ALU_2__BFLOAT_ALU/DENORM_ACC_LOGIC
                                     90.8800      0.1     90.8800      0.0000  0.0000  deNORM_stage_5
U0_BANK_TOP/BFLOAT16_ALU_2__BFLOAT_ALU/U0_ADD_STAGE
                                    776.9600      1.3    776.9600      0.0000  0.0000  ADD_module_OPT_5
U0_BANK_TOP/BFLOAT16_ALU_2__BFLOAT_ALU/U_MUL0
                                    672.9600      1.1    672.9600      0.0000  0.0000  MUL_OPT_5
U0_BANK_TOP/BFLOAT16_ALU_2__NORM_LOGIC
                                    256.3200      0.4    256.3200      0.0000  0.0000  NORM_stage_37
U0_BANK_TOP/BFLOAT16_ALU_3__BFLOAT_ALU
                                   2354.2400      3.8    165.4400    648.0000  0.0000  bfloat_MAC_pipe_OPT_4
U0_BANK_TOP/BFLOAT16_ALU_3__BFLOAT_ALU/DENORM_ACC_LOGIC
                                     90.8800      0.1     90.8800      0.0000  0.0000  deNORM_stage_4
U0_BANK_TOP/BFLOAT16_ALU_3__BFLOAT_ALU/U0_ADD_STAGE
                                    776.9600      1.3    776.9600      0.0000  0.0000  ADD_module_OPT_4
U0_BANK_TOP/BFLOAT16_ALU_3__BFLOAT_ALU/U_MUL0
                                    672.9600      1.1    672.9600      0.0000  0.0000  MUL_OPT_4
U0_BANK_TOP/BFLOAT16_ALU_3__NORM_LOGIC
                                    256.3200      0.4    256.3200      0.0000  0.0000  NORM_stage_36
U0_BANK_TOP/BFLOAT16_ALU_4__BFLOAT_ALU
                                   2354.2400      3.8    165.4400    648.0000  0.0000  bfloat_MAC_pipe_OPT_3
U0_BANK_TOP/BFLOAT16_ALU_4__BFLOAT_ALU/DENORM_ACC_LOGIC
                                     90.8800      0.1     90.8800      0.0000  0.0000  deNORM_stage_3
U0_BANK_TOP/BFLOAT16_ALU_4__BFLOAT_ALU/U0_ADD_STAGE
                                    776.9600      1.3    776.9600      0.0000  0.0000  ADD_module_OPT_3
U0_BANK_TOP/BFLOAT16_ALU_4__BFLOAT_ALU/U_MUL0
                                    672.9600      1.1    672.9600      0.0000  0.0000  MUL_OPT_3
U0_BANK_TOP/BFLOAT16_ALU_4__NORM_LOGIC
                                    256.3200      0.4    256.3200      0.0000  0.0000  NORM_stage_35
U0_BANK_TOP/BFLOAT16_ALU_5__BFLOAT_ALU
                                   2354.5600      3.8    165.4400    648.0000  0.0000  bfloat_MAC_pipe_OPT_2
U0_BANK_TOP/BFLOAT16_ALU_5__BFLOAT_ALU/DENORM_ACC_LOGIC
                                     90.8800      0.1     90.8800      0.0000  0.0000  deNORM_stage_2
U0_BANK_TOP/BFLOAT16_ALU_5__BFLOAT_ALU/U0_ADD_STAGE
                                    776.9600      1.3    776.9600      0.0000  0.0000  ADD_module_OPT_2
U0_BANK_TOP/BFLOAT16_ALU_5__BFLOAT_ALU/U_MUL0
                                    673.2800      1.1    673.2800      0.0000  0.0000  MUL_OPT_2
U0_BANK_TOP/BFLOAT16_ALU_5__NORM_LOGIC
                                    256.3200      0.4    256.3200      0.0000  0.0000  NORM_stage_34
U0_BANK_TOP/BFLOAT16_ALU_6__BFLOAT_ALU
                                   2353.9200      3.8    165.4400    648.0000  0.0000  bfloat_MAC_pipe_OPT_1
U0_BANK_TOP/BFLOAT16_ALU_6__BFLOAT_ALU/DENORM_ACC_LOGIC
                                     90.8800      0.1     90.8800      0.0000  0.0000  deNORM_stage_1
U0_BANK_TOP/BFLOAT16_ALU_6__BFLOAT_ALU/U0_ADD_STAGE
                                    776.9600      1.3    776.9600      0.0000  0.0000  ADD_module_OPT_1
U0_BANK_TOP/BFLOAT16_ALU_6__BFLOAT_ALU/U_MUL0
                                    672.6400      1.1    672.6400      0.0000  0.0000  MUL_OPT_1
U0_BANK_TOP/BFLOAT16_ALU_6__NORM_LOGIC
                                    256.3200      0.4    256.3200      0.0000  0.0000  NORM_stage_33
U0_BANK_TOP/BFLOAT16_ALU_7__BFLOAT_ALU
                                   2354.2400      3.8    165.4400    648.0000  0.0000  bfloat_MAC_pipe_OPT_0
U0_BANK_TOP/BFLOAT16_ALU_7__BFLOAT_ALU/DENORM_ACC_LOGIC
                                     90.8800      0.1     90.8800      0.0000  0.0000  deNORM_stage_0
U0_BANK_TOP/BFLOAT16_ALU_7__BFLOAT_ALU/U0_ADD_STAGE
                                    776.9600      1.3    776.9600      0.0000  0.0000  ADD_module_OPT_0
U0_BANK_TOP/BFLOAT16_ALU_7__BFLOAT_ALU/U_MUL0
                                    672.9600      1.1    672.9600      0.0000  0.0000  MUL_OPT_0
U0_BANK_TOP/BFLOAT16_ALU_7__NORM_LOGIC
                                    256.3200      0.4    256.3200      0.0000  0.0000  NORM_stage_32
--------------------------------  ----------  -------  ----------  ----------  ------  ---------------------
Total                                                  28377.5999  33599.3613  0.0000

1
