 
****************************************
Report : area
Design : PIM_ALU_SYN_top
Version: M-2016.12-SP5-3
Date   : Thu Jul  9 20:31:51 2020
****************************************

Library(s) Used:

    scmetro_cmos10lp_rvt_ss_1p08v_125c_sadhm (File: /usr/syn_lib/samsung/CB_121st_tt/PRIMITIVE/sec100226_0042_SS65LP_Normal_RVT_Normal_FE_Common_N/synopsys/scmetro_cmos10lp_rvt_ss_1p08v_125c_sadhm.db)

Number of ports:                         1617
Number of nets:                         16818
Number of cells:                        15255
Number of combinational cells:          12044
Number of sequential cells:              3211
Number of macros/black boxes:               0
Number of buf/inv:                       3247
Number of references:                      54

Combinational area:              24780.479905
Buf/Inv area:                     3291.199926
Noncombinational area:           27743.041102
Macro/Black Box area:                0.000000
Net Interconnect area:      undefined  (No wire load specified)

Total cell area:                 52523.521007
Total area:                 undefined

Hierarchical area distribution
------------------------------

                                  Global cell area            Local cell area
                                  -------------------  ------------------------------ 
Hierarchical cell                 Absolute    Percent  Combi-      Noncombi-   Black-
                                  Total       Total    national    national    boxes   Design
--------------------------------  ----------  -------  ----------  ----------  ------  ---------
PIM_ALU_SYN_top                   52523.5210    100.0  24780.4799  27743.0411  0.0000  PIM_ALU_SYN_top
--------------------------------  ----------  -------  ----------  ----------  ------  ---------
Total                                                  24780.4799  27743.0411  0.0000

1
