 
****************************************
Report : resources
Design : PIM_ALU_SYN_top
Version: M-2016.12-SP5-3
Date   : Thu Jul  9 20:31:51 2020
****************************************


Resource Report for this hierarchy in file
        /home/kch/work/TDRAM/run_app_platform/Device_top_sim_MAC_paper_work/rtl/Device_top.v
=============================================================================
| Cell           | Module         | Parameters | Contained Operations       |
=============================================================================
| add_x_85       | DW01_inc_DG    | width=5    | U0_BANK_TOP/ACC_GEN_0__NORM_LOGIC/add_2640 (Device_top.v:2640) |
| add_x_90       | DW01_inc_DG    | width=5    | U0_BANK_TOP/ACC_GEN_1__NORM_LOGIC/add_2640 (Device_top.v:2640) |
| add_x_95       | DW01_inc_DG    | width=5    | U0_BANK_TOP/ACC_GEN_2__NORM_LOGIC/add_2640 (Device_top.v:2640) |
| add_x_100      | DW01_inc_DG    | width=5    | U0_BANK_TOP/ACC_GEN_3__NORM_LOGIC/add_2640 (Device_top.v:2640) |
| add_x_105      | DW01_inc_DG    | width=5    | U0_BANK_TOP/ACC_GEN_4__NORM_LOGIC/add_2640 (Device_top.v:2640) |
| add_x_110      | DW01_inc_DG    | width=5    | U0_BANK_TOP/ACC_GEN_5__NORM_LOGIC/add_2640 (Device_top.v:2640) |
| add_x_115      | DW01_inc_DG    | width=5    | U0_BANK_TOP/ACC_GEN_6__NORM_LOGIC/add_2640 (Device_top.v:2640) |
| add_x_120      | DW01_inc_DG    | width=5    | U0_BANK_TOP/ACC_GEN_7__NORM_LOGIC/add_2640 (Device_top.v:2640) |
| sub_x_136      | DW01_sub_DG    | width=6    | U0_BANK_TOP/BFLOAT16_ALU_0__BFLOAT_ALU/U_MUL0/sub_2341 (Device_top.v:2341) |
| gt_x_138       | DW_cmp_DG      | width=5    | U0_BANK_TOP/BFLOAT16_ALU_0__BFLOAT_ALU/U_MUL0/gt_2368 (Device_top.v:2368) |
| eq_x_139       | DW_cmp_DG      | width=6    | U0_BANK_TOP/BFLOAT16_ALU_0__BFLOAT_ALU/U_MUL0/eq_2369 (Device_top.v:2369) |
| eq_x_140       | DW_cmp_DG      | width=6    | U0_BANK_TOP/BFLOAT16_ALU_0__BFLOAT_ALU/U_MUL0/eq_2370 (Device_top.v:2370) |
| eq_x_141       | DW_cmp_DG      | width=6    | U0_BANK_TOP/BFLOAT16_ALU_0__BFLOAT_ALU/U_MUL0/eq_2371 (Device_top.v:2371) |
| lt_x_142       | DW_cmp_DG      | width=5    | U0_BANK_TOP/BFLOAT16_ALU_0__BFLOAT_ALU/U_MUL0/lt_2372 (Device_top.v:2372) |
| sub_x_148      | DW01_sub_DG    | width=17   | U0_BANK_TOP/BFLOAT16_ALU_0__BFLOAT_ALU/U0_ADD_STAGE/sub_2517 (Device_top.v:2517) |
| add_x_150      | DW01_inc_DG    | width=5    | U0_BANK_TOP/BFLOAT16_ALU_0__BFLOAT_ALU/U0_ADD_STAGE/add_2528 (Device_top.v:2528) |
| sub_x_165      | DW01_sub_DG    | width=6    | U0_BANK_TOP/BFLOAT16_ALU_1__BFLOAT_ALU/U_MUL0/sub_2341 (Device_top.v:2341) |
| gt_x_167       | DW_cmp_DG      | width=5    | U0_BANK_TOP/BFLOAT16_ALU_1__BFLOAT_ALU/U_MUL0/gt_2368 (Device_top.v:2368) |
| eq_x_168       | DW_cmp_DG      | width=6    | U0_BANK_TOP/BFLOAT16_ALU_1__BFLOAT_ALU/U_MUL0/eq_2369 (Device_top.v:2369) |
| eq_x_169       | DW_cmp_DG      | width=6    | U0_BANK_TOP/BFLOAT16_ALU_1__BFLOAT_ALU/U_MUL0/eq_2370 (Device_top.v:2370) |
| eq_x_170       | DW_cmp_DG      | width=6    | U0_BANK_TOP/BFLOAT16_ALU_1__BFLOAT_ALU/U_MUL0/eq_2371 (Device_top.v:2371) |
| lt_x_171       | DW_cmp_DG      | width=5    | U0_BANK_TOP/BFLOAT16_ALU_1__BFLOAT_ALU/U_MUL0/lt_2372 (Device_top.v:2372) |
| sub_x_177      | DW01_sub_DG    | width=17   | U0_BANK_TOP/BFLOAT16_ALU_1__BFLOAT_ALU/U0_ADD_STAGE/sub_2517 (Device_top.v:2517) |
| add_x_179      | DW01_inc_DG    | width=5    | U0_BANK_TOP/BFLOAT16_ALU_1__BFLOAT_ALU/U0_ADD_STAGE/add_2528 (Device_top.v:2528) |
| sub_x_194      | DW01_sub_DG    | width=6    | U0_BANK_TOP/BFLOAT16_ALU_2__BFLOAT_ALU/U_MUL0/sub_2341 (Device_top.v:2341) |
| gt_x_196       | DW_cmp_DG      | width=5    | U0_BANK_TOP/BFLOAT16_ALU_2__BFLOAT_ALU/U_MUL0/gt_2368 (Device_top.v:2368) |
| eq_x_197       | DW_cmp_DG      | width=6    | U0_BANK_TOP/BFLOAT16_ALU_2__BFLOAT_ALU/U_MUL0/eq_2369 (Device_top.v:2369) |
| eq_x_198       | DW_cmp_DG      | width=6    | U0_BANK_TOP/BFLOAT16_ALU_2__BFLOAT_ALU/U_MUL0/eq_2370 (Device_top.v:2370) |
| eq_x_199       | DW_cmp_DG      | width=6    | U0_BANK_TOP/BFLOAT16_ALU_2__BFLOAT_ALU/U_MUL0/eq_2371 (Device_top.v:2371) |
| lt_x_200       | DW_cmp_DG      | width=5    | U0_BANK_TOP/BFLOAT16_ALU_2__BFLOAT_ALU/U_MUL0/lt_2372 (Device_top.v:2372) |
| sub_x_206      | DW01_sub_DG    | width=17   | U0_BANK_TOP/BFLOAT16_ALU_2__BFLOAT_ALU/U0_ADD_STAGE/sub_2517 (Device_top.v:2517) |
| add_x_208      | DW01_inc_DG    | width=5    | U0_BANK_TOP/BFLOAT16_ALU_2__BFLOAT_ALU/U0_ADD_STAGE/add_2528 (Device_top.v:2528) |
| sub_x_223      | DW01_sub_DG    | width=6    | U0_BANK_TOP/BFLOAT16_ALU_3__BFLOAT_ALU/U_MUL0/sub_2341 (Device_top.v:2341) |
| gt_x_225       | DW_cmp_DG      | width=5    | U0_BANK_TOP/BFLOAT16_ALU_3__BFLOAT_ALU/U_MUL0/gt_2368 (Device_top.v:2368) |
| eq_x_226       | DW_cmp_DG      | width=6    | U0_BANK_TOP/BFLOAT16_ALU_3__BFLOAT_ALU/U_MUL0/eq_2369 (Device_top.v:2369) |
| eq_x_227       | DW_cmp_DG      | width=6    | U0_BANK_TOP/BFLOAT16_ALU_3__BFLOAT_ALU/U_MUL0/eq_2370 (Device_top.v:2370) |
| eq_x_228       | DW_cmp_DG      | width=6    | U0_BANK_TOP/BFLOAT16_ALU_3__BFLOAT_ALU/U_MUL0/eq_2371 (Device_top.v:2371) |
| lt_x_229       | DW_cmp_DG      | width=5    | U0_BANK_TOP/BFLOAT16_ALU_3__BFLOAT_ALU/U_MUL0/lt_2372 (Device_top.v:2372) |
| sub_x_235      | DW01_sub_DG    | width=17   | U0_BANK_TOP/BFLOAT16_ALU_3__BFLOAT_ALU/U0_ADD_STAGE/sub_2517 (Device_top.v:2517) |
| add_x_237      | DW01_inc_DG    | width=5    | U0_BANK_TOP/BFLOAT16_ALU_3__BFLOAT_ALU/U0_ADD_STAGE/add_2528 (Device_top.v:2528) |
| sub_x_252      | DW01_sub_DG    | width=6    | U0_BANK_TOP/BFLOAT16_ALU_4__BFLOAT_ALU/U_MUL0/sub_2341 (Device_top.v:2341) |
| gt_x_254       | DW_cmp_DG      | width=5    | U0_BANK_TOP/BFLOAT16_ALU_4__BFLOAT_ALU/U_MUL0/gt_2368 (Device_top.v:2368) |
| eq_x_255       | DW_cmp_DG      | width=6    | U0_BANK_TOP/BFLOAT16_ALU_4__BFLOAT_ALU/U_MUL0/eq_2369 (Device_top.v:2369) |
| eq_x_256       | DW_cmp_DG      | width=6    | U0_BANK_TOP/BFLOAT16_ALU_4__BFLOAT_ALU/U_MUL0/eq_2370 (Device_top.v:2370) |
| eq_x_257       | DW_cmp_DG      | width=6    | U0_BANK_TOP/BFLOAT16_ALU_4__BFLOAT_ALU/U_MUL0/eq_2371 (Device_top.v:2371) |
| lt_x_258       | DW_cmp_DG      | width=5    | U0_BANK_TOP/BFLOAT16_ALU_4__BFLOAT_ALU/U_MUL0/lt_2372 (Device_top.v:2372) |
| sub_x_264      | DW01_sub_DG    | width=17   | U0_BANK_TOP/BFLOAT16_ALU_4__BFLOAT_ALU/U0_ADD_STAGE/sub_2517 (Device_top.v:2517) |
| add_x_266      | DW01_inc_DG    | width=5    | U0_BANK_TOP/BFLOAT16_ALU_4__BFLOAT_ALU/U0_ADD_STAGE/add_2528 (Device_top.v:2528) |
| sub_x_281      | DW01_sub_DG    | width=6    | U0_BANK_TOP/BFLOAT16_ALU_5__BFLOAT_ALU/U_MUL0/sub_2341 (Device_top.v:2341) |
| gt_x_283       | DW_cmp_DG      | width=5    | U0_BANK_TOP/BFLOAT16_ALU_5__BFLOAT_ALU/U_MUL0/gt_2368 (Device_top.v:2368) |
| eq_x_284       | DW_cmp_DG      | width=6    | U0_BANK_TOP/BFLOAT16_ALU_5__BFLOAT_ALU/U_MUL0/eq_2369 (Device_top.v:2369) |
| eq_x_285       | DW_cmp_DG      | width=6    | U0_BANK_TOP/BFLOAT16_ALU_5__BFLOAT_ALU/U_MUL0/eq_2370 (Device_top.v:2370) |
| eq_x_286       | DW_cmp_DG      | width=6    | U0_BANK_TOP/BFLOAT16_ALU_5__BFLOAT_ALU/U_MUL0/eq_2371 (Device_top.v:2371) |
| lt_x_287       | DW_cmp_DG      | width=5    | U0_BANK_TOP/BFLOAT16_ALU_5__BFLOAT_ALU/U_MUL0/lt_2372 (Device_top.v:2372) |
| sub_x_293      | DW01_sub_DG    | width=17   | U0_BANK_TOP/BFLOAT16_ALU_5__BFLOAT_ALU/U0_ADD_STAGE/sub_2517 (Device_top.v:2517) |
| add_x_295      | DW01_inc_DG    | width=5    | U0_BANK_TOP/BFLOAT16_ALU_5__BFLOAT_ALU/U0_ADD_STAGE/add_2528 (Device_top.v:2528) |
| sub_x_310      | DW01_sub_DG    | width=6    | U0_BANK_TOP/BFLOAT16_ALU_6__BFLOAT_ALU/U_MUL0/sub_2341 (Device_top.v:2341) |
| gt_x_312       | DW_cmp_DG      | width=5    | U0_BANK_TOP/BFLOAT16_ALU_6__BFLOAT_ALU/U_MUL0/gt_2368 (Device_top.v:2368) |
| eq_x_313       | DW_cmp_DG      | width=6    | U0_BANK_TOP/BFLOAT16_ALU_6__BFLOAT_ALU/U_MUL0/eq_2369 (Device_top.v:2369) |
| eq_x_314       | DW_cmp_DG      | width=6    | U0_BANK_TOP/BFLOAT16_ALU_6__BFLOAT_ALU/U_MUL0/eq_2370 (Device_top.v:2370) |
| eq_x_315       | DW_cmp_DG      | width=6    | U0_BANK_TOP/BFLOAT16_ALU_6__BFLOAT_ALU/U_MUL0/eq_2371 (Device_top.v:2371) |
| lt_x_316       | DW_cmp_DG      | width=5    | U0_BANK_TOP/BFLOAT16_ALU_6__BFLOAT_ALU/U_MUL0/lt_2372 (Device_top.v:2372) |
| sub_x_322      | DW01_sub_DG    | width=17   | U0_BANK_TOP/BFLOAT16_ALU_6__BFLOAT_ALU/U0_ADD_STAGE/sub_2517 (Device_top.v:2517) |
| add_x_324      | DW01_inc_DG    | width=5    | U0_BANK_TOP/BFLOAT16_ALU_6__BFLOAT_ALU/U0_ADD_STAGE/add_2528 (Device_top.v:2528) |
| sub_x_339      | DW01_sub_DG    | width=6    | U0_BANK_TOP/BFLOAT16_ALU_7__BFLOAT_ALU/U_MUL0/sub_2341 (Device_top.v:2341) |
| gt_x_341       | DW_cmp_DG      | width=5    | U0_BANK_TOP/BFLOAT16_ALU_7__BFLOAT_ALU/U_MUL0/gt_2368 (Device_top.v:2368) |
| eq_x_342       | DW_cmp_DG      | width=6    | U0_BANK_TOP/BFLOAT16_ALU_7__BFLOAT_ALU/U_MUL0/eq_2369 (Device_top.v:2369) |
| eq_x_343       | DW_cmp_DG      | width=6    | U0_BANK_TOP/BFLOAT16_ALU_7__BFLOAT_ALU/U_MUL0/eq_2370 (Device_top.v:2370) |
| eq_x_344       | DW_cmp_DG      | width=6    | U0_BANK_TOP/BFLOAT16_ALU_7__BFLOAT_ALU/U_MUL0/eq_2371 (Device_top.v:2371) |
| lt_x_345       | DW_cmp_DG      | width=5    | U0_BANK_TOP/BFLOAT16_ALU_7__BFLOAT_ALU/U_MUL0/lt_2372 (Device_top.v:2372) |
| sub_x_351      | DW01_sub_DG    | width=17   | U0_BANK_TOP/BFLOAT16_ALU_7__BFLOAT_ALU/U0_ADD_STAGE/sub_2517 (Device_top.v:2517) |
| add_x_353      | DW01_inc_DG    | width=5    | U0_BANK_TOP/BFLOAT16_ALU_7__BFLOAT_ALU/U0_ADD_STAGE/add_2528 (Device_top.v:2528) |
| sub_x_86       | DW01_dec_DG    | width=5    | U0_BANK_TOP/ACC_GEN_0__NORM_LOGIC/sub_2685 (Device_top.v:2685) |
|          | U0_BANK_TOP/ACC_GEN_0__NORM_LOGIC/sub_2690 (Device_top.v:2690) |
|          | U0_BANK_TOP/ACC_GEN_0__NORM_LOGIC/sub_2695 (Device_top.v:2695) |
|          | U0_BANK_TOP/ACC_GEN_0__NORM_LOGIC/sub_2700 (Device_top.v:2700) |
|          | U0_BANK_TOP/ACC_GEN_0__NORM_LOGIC/sub_2705 (Device_top.v:2705) |
|          | U0_BANK_TOP/ACC_GEN_0__NORM_LOGIC/sub_2710 (Device_top.v:2710) |
|          | U0_BANK_TOP/ACC_GEN_0__NORM_LOGIC/sub_2715 (Device_top.v:2715) |
| sub_x_91       | DW01_dec_DG    | width=5    | U0_BANK_TOP/ACC_GEN_1__NORM_LOGIC/sub_2685 (Device_top.v:2685) |
|          | U0_BANK_TOP/ACC_GEN_1__NORM_LOGIC/sub_2690 (Device_top.v:2690) |
|          | U0_BANK_TOP/ACC_GEN_1__NORM_LOGIC/sub_2695 (Device_top.v:2695) |
|          | U0_BANK_TOP/ACC_GEN_1__NORM_LOGIC/sub_2700 (Device_top.v:2700) |
|          | U0_BANK_TOP/ACC_GEN_1__NORM_LOGIC/sub_2705 (Device_top.v:2705) |
|          | U0_BANK_TOP/ACC_GEN_1__NORM_LOGIC/sub_2710 (Device_top.v:2710) |
|          | U0_BANK_TOP/ACC_GEN_1__NORM_LOGIC/sub_2715 (Device_top.v:2715) |
| sub_x_96       | DW01_dec_DG    | width=5    | U0_BANK_TOP/ACC_GEN_2__NORM_LOGIC/sub_2685 (Device_top.v:2685) |
|          | U0_BANK_TOP/ACC_GEN_2__NORM_LOGIC/sub_2690 (Device_top.v:2690) |
|          | U0_BANK_TOP/ACC_GEN_2__NORM_LOGIC/sub_2695 (Device_top.v:2695) |
|          | U0_BANK_TOP/ACC_GEN_2__NORM_LOGIC/sub_2700 (Device_top.v:2700) |
|          | U0_BANK_TOP/ACC_GEN_2__NORM_LOGIC/sub_2705 (Device_top.v:2705) |
|          | U0_BANK_TOP/ACC_GEN_2__NORM_LOGIC/sub_2710 (Device_top.v:2710) |
|          | U0_BANK_TOP/ACC_GEN_2__NORM_LOGIC/sub_2715 (Device_top.v:2715) |
| sub_x_101      | DW01_dec_DG    | width=5    | U0_BANK_TOP/ACC_GEN_3__NORM_LOGIC/sub_2685 (Device_top.v:2685) |
|          | U0_BANK_TOP/ACC_GEN_3__NORM_LOGIC/sub_2690 (Device_top.v:2690) |
|          | U0_BANK_TOP/ACC_GEN_3__NORM_LOGIC/sub_2695 (Device_top.v:2695) |
|          | U0_BANK_TOP/ACC_GEN_3__NORM_LOGIC/sub_2700 (Device_top.v:2700) |
|          | U0_BANK_TOP/ACC_GEN_3__NORM_LOGIC/sub_2705 (Device_top.v:2705) |
|          | U0_BANK_TOP/ACC_GEN_3__NORM_LOGIC/sub_2710 (Device_top.v:2710) |
|          | U0_BANK_TOP/ACC_GEN_3__NORM_LOGIC/sub_2715 (Device_top.v:2715) |
| sub_x_106      | DW01_dec_DG    | width=5    | U0_BANK_TOP/ACC_GEN_4__NORM_LOGIC/sub_2685 (Device_top.v:2685) |
|          | U0_BANK_TOP/ACC_GEN_4__NORM_LOGIC/sub_2690 (Device_top.v:2690) |
|          | U0_BANK_TOP/ACC_GEN_4__NORM_LOGIC/sub_2695 (Device_top.v:2695) |
|          | U0_BANK_TOP/ACC_GEN_4__NORM_LOGIC/sub_2700 (Device_top.v:2700) |
|          | U0_BANK_TOP/ACC_GEN_4__NORM_LOGIC/sub_2705 (Device_top.v:2705) |
|          | U0_BANK_TOP/ACC_GEN_4__NORM_LOGIC/sub_2710 (Device_top.v:2710) |
|          | U0_BANK_TOP/ACC_GEN_4__NORM_LOGIC/sub_2715 (Device_top.v:2715) |
| sub_x_111      | DW01_dec_DG    | width=5    | U0_BANK_TOP/ACC_GEN_5__NORM_LOGIC/sub_2685 (Device_top.v:2685) |
|          | U0_BANK_TOP/ACC_GEN_5__NORM_LOGIC/sub_2690 (Device_top.v:2690) |
|          | U0_BANK_TOP/ACC_GEN_5__NORM_LOGIC/sub_2695 (Device_top.v:2695) |
|          | U0_BANK_TOP/ACC_GEN_5__NORM_LOGIC/sub_2700 (Device_top.v:2700) |
|          | U0_BANK_TOP/ACC_GEN_5__NORM_LOGIC/sub_2705 (Device_top.v:2705) |
|          | U0_BANK_TOP/ACC_GEN_5__NORM_LOGIC/sub_2710 (Device_top.v:2710) |
|          | U0_BANK_TOP/ACC_GEN_5__NORM_LOGIC/sub_2715 (Device_top.v:2715) |
| sub_x_116      | DW01_dec_DG    | width=5    | U0_BANK_TOP/ACC_GEN_6__NORM_LOGIC/sub_2685 (Device_top.v:2685) |
|          | U0_BANK_TOP/ACC_GEN_6__NORM_LOGIC/sub_2690 (Device_top.v:2690) |
|          | U0_BANK_TOP/ACC_GEN_6__NORM_LOGIC/sub_2695 (Device_top.v:2695) |
|          | U0_BANK_TOP/ACC_GEN_6__NORM_LOGIC/sub_2700 (Device_top.v:2700) |
|          | U0_BANK_TOP/ACC_GEN_6__NORM_LOGIC/sub_2705 (Device_top.v:2705) |
|          | U0_BANK_TOP/ACC_GEN_6__NORM_LOGIC/sub_2710 (Device_top.v:2710) |
|          | U0_BANK_TOP/ACC_GEN_6__NORM_LOGIC/sub_2715 (Device_top.v:2715) |
| sub_x_121      | DW01_dec_DG    | width=5    | U0_BANK_TOP/ACC_GEN_7__NORM_LOGIC/sub_2685 (Device_top.v:2685) |
|          | U0_BANK_TOP/ACC_GEN_7__NORM_LOGIC/sub_2690 (Device_top.v:2690) |
|          | U0_BANK_TOP/ACC_GEN_7__NORM_LOGIC/sub_2695 (Device_top.v:2695) |
|          | U0_BANK_TOP/ACC_GEN_7__NORM_LOGIC/sub_2700 (Device_top.v:2700) |
|          | U0_BANK_TOP/ACC_GEN_7__NORM_LOGIC/sub_2705 (Device_top.v:2705) |
|          | U0_BANK_TOP/ACC_GEN_7__NORM_LOGIC/sub_2710 (Device_top.v:2710) |
|          | U0_BANK_TOP/ACC_GEN_7__NORM_LOGIC/sub_2715 (Device_top.v:2715) |
| add_x_8        | DW01_inc_DG    | width=5    | U0_BANK_TOP/add_1060_S2 (Device_top.v:1060) |
|                |            | U0_BANK_TOP/add_1063 (Device_top.v:1063) |
| add_x_3        | DW01_inc_DG    | width=2    | U0_BANK_TOP/add_1050_S2 (Device_top.v:1050) |
|                |            | U0_BANK_TOP/add_1052 (Device_top.v:1052) |
| DP_OP_1174J1_122_7993           |            |                            |
|                | DP_OP_1174J1_122_7993 |     |                            |
| DP_OP_1175J1_123_2037           |            |                            |
|                | DP_OP_1175J1_123_2037 |     |                            |
| DP_OP_1176J1_124_7993           |            |                            |
|                | DP_OP_1176J1_124_7993 |     |                            |
| DP_OP_1177J1_125_2037           |            |                            |
|                | DP_OP_1177J1_125_2037 |     |                            |
| DP_OP_1178J1_126_7993           |            |                            |
|                | DP_OP_1178J1_126_7993 |     |                            |
| DP_OP_1179J1_127_2037           |            |                            |
|                | DP_OP_1179J1_127_2037 |     |                            |
| DP_OP_1180J1_128_7993           |            |                            |
|                | DP_OP_1180J1_128_7993 |     |                            |
| DP_OP_1181J1_129_2037           |            |                            |
|                | DP_OP_1181J1_129_2037 |     |                            |
| DP_OP_1182J1_130_7993           |            |                            |
|                | DP_OP_1182J1_130_7993 |     |                            |
| DP_OP_1183J1_131_2037           |            |                            |
|                | DP_OP_1183J1_131_2037 |     |                            |
| DP_OP_1184J1_132_7993           |            |                            |
|                | DP_OP_1184J1_132_7993 |     |                            |
| DP_OP_1185J1_133_2037           |            |                            |
|                | DP_OP_1185J1_133_2037 |     |                            |
| DP_OP_1186J1_134_7993           |            |                            |
|                | DP_OP_1186J1_134_7993 |     |                            |
| DP_OP_1187J1_135_2037           |            |                            |
|                | DP_OP_1187J1_135_2037 |     |                            |
| DP_OP_1188J1_136_7993           |            |                            |
|                | DP_OP_1188J1_136_7993 |     |                            |
| DP_OP_1189J1_137_2037           |            |                            |
|                | DP_OP_1189J1_137_2037 |     |                            |
| DP_OP_1175J1_166_5402           |            |                            |
|                | DP_OP_1175J1_166_5402 |     |                            |
| DP_OP_1172J1_162_5674           |            |                            |
|                | DP_OP_1172J1_162_5674 |     |                            |
| DP_OP_1169J1_158_5562           |            |                            |
|                | DP_OP_1169J1_158_5562 |     |                            |
| DP_OP_1166J1_154_5578           |            |                            |
|                | DP_OP_1166J1_154_5578 |     |                            |
| DP_OP_1163J1_150_6202           |            |                            |
|                | DP_OP_1163J1_150_6202 |     |                            |
| DP_OP_1160J1_146_6218           |            |                            |
|                | DP_OP_1160J1_146_6218 |     |                            |
| DP_OP_1157J1_142_6234           |            |                            |
|                | DP_OP_1157J1_142_6234 |     |                            |
| DP_OP_1154J1_138_5482           |            |                            |
|                | DP_OP_1154J1_138_5482 |     |                            |
=============================================================================

Datapath Report for DP_OP_1174J1_122_7993
==============================================================================
| Cell                 | Contained Operations                                |
==============================================================================
| DP_OP_1174J1_122_7993 | U0_BANK_TOP/BFLOAT16_ALU_0__BFLOAT_ALU/U_MUL0/add_2336 (Device_top.v:2336) |
| U0_BANK_TOP/BFLOAT16_ALU_0__BFLOAT_ALU/U_MUL0/sub_2336 (Device_top.v:2336) |
==============================================================================

==============================================================================
|       |      | Data     |       |                                          |
| Var   | Type | Class    | Width | Expression                               |
==============================================================================
| I1    | PI   | Signed   | 8     |                                          |
| I2    | PI   | Signed   | 8     |                                          |
| DG_ctrl | PI | Unsigned | 1     |                                          |
| O1    | PO   | Signed   | 8     | I1 + I2 - $unsigned(7'b1111111) (Device_top.v:2336) |
==============================================================================

Datapath Report for DP_OP_1175J1_123_2037
==============================================================================
| Cell                 | Contained Operations                                |
==============================================================================
| DP_OP_1175J1_123_2037 | U0_BANK_TOP/BFLOAT16_ALU_0__BFLOAT_ALU/U_MUL0/mult_2348 (Device_top.v:2348) |
| U0_BANK_TOP/BFLOAT16_ALU_0__BFLOAT_ALU/U_MUL0/add_2351 (Device_top.v:2351) |
| U0_BANK_TOP/BFLOAT16_ALU_0__BFLOAT_ALU/U_MUL0/mult_2349 (Device_top.v:2349) |
==============================================================================

==============================================================================
|       |      | Data     |       |                                          |
| Var   | Type | Class    | Width | Expression                               |
==============================================================================
| I1    | PI   | Unsigned | 8     |                                          |
| I2    | PI   | Unsigned | 4     |                                          |
| I3    | PI   | Unsigned | 4     |                                          |
| I4    | PI   | Unsigned | 4     |                                          |
| DG_ctrl | PI | Unsigned | 1     |                                          |
| T188  | IFO  | Unsigned | 12    | I1 * I2 (Device_top.v:2348)              |
| T189  | IFO  | Unsigned | 8     | I3 * I4 (Device_top.v:2349)              |
| O1    | PO   | Unsigned | 12    | T188 + T189 (Device_top.v:2351)          |
==============================================================================

Datapath Report for DP_OP_1176J1_124_7993
==============================================================================
| Cell                 | Contained Operations                                |
==============================================================================
| DP_OP_1176J1_124_7993 | U0_BANK_TOP/BFLOAT16_ALU_1__BFLOAT_ALU/U_MUL0/add_2336 (Device_top.v:2336) |
| U0_BANK_TOP/BFLOAT16_ALU_1__BFLOAT_ALU/U_MUL0/sub_2336 (Device_top.v:2336) |
==============================================================================

==============================================================================
|       |      | Data     |       |                                          |
| Var   | Type | Class    | Width | Expression                               |
==============================================================================
| I1    | PI   | Signed   | 8     |                                          |
| I2    | PI   | Signed   | 8     |                                          |
| DG_ctrl | PI | Unsigned | 1     |                                          |
| O1    | PO   | Signed   | 8     | I1 + I2 - $unsigned(7'b1111111) (Device_top.v:2336) |
==============================================================================

Datapath Report for DP_OP_1177J1_125_2037
==============================================================================
| Cell                 | Contained Operations                                |
==============================================================================
| DP_OP_1177J1_125_2037 | U0_BANK_TOP/BFLOAT16_ALU_1__BFLOAT_ALU/U_MUL0/mult_2348 (Device_top.v:2348) |
| U0_BANK_TOP/BFLOAT16_ALU_1__BFLOAT_ALU/U_MUL0/add_2351 (Device_top.v:2351) |
| U0_BANK_TOP/BFLOAT16_ALU_1__BFLOAT_ALU/U_MUL0/mult_2349 (Device_top.v:2349) |
==============================================================================

==============================================================================
|       |      | Data     |       |                                          |
| Var   | Type | Class    | Width | Expression                               |
==============================================================================
| I1    | PI   | Unsigned | 8     |                                          |
| I2    | PI   | Unsigned | 4     |                                          |
| I3    | PI   | Unsigned | 4     |                                          |
| I4    | PI   | Unsigned | 4     |                                          |
| DG_ctrl | PI | Unsigned | 1     |                                          |
| T228  | IFO  | Unsigned | 12    | I1 * I2 (Device_top.v:2348)              |
| T229  | IFO  | Unsigned | 8     | I3 * I4 (Device_top.v:2349)              |
| O1    | PO   | Unsigned | 12    | T228 + T229 (Device_top.v:2351)          |
==============================================================================

Datapath Report for DP_OP_1178J1_126_7993
==============================================================================
| Cell                 | Contained Operations                                |
==============================================================================
| DP_OP_1178J1_126_7993 | U0_BANK_TOP/BFLOAT16_ALU_2__BFLOAT_ALU/U_MUL0/add_2336 (Device_top.v:2336) |
| U0_BANK_TOP/BFLOAT16_ALU_2__BFLOAT_ALU/U_MUL0/sub_2336 (Device_top.v:2336) |
==============================================================================

==============================================================================
|       |      | Data     |       |                                          |
| Var   | Type | Class    | Width | Expression                               |
==============================================================================
| I1    | PI   | Signed   | 8     |                                          |
| I2    | PI   | Signed   | 8     |                                          |
| DG_ctrl | PI | Unsigned | 1     |                                          |
| O1    | PO   | Signed   | 8     | I1 + I2 - $unsigned(7'b1111111) (Device_top.v:2336) |
==============================================================================

Datapath Report for DP_OP_1179J1_127_2037
==============================================================================
| Cell                 | Contained Operations                                |
==============================================================================
| DP_OP_1179J1_127_2037 | U0_BANK_TOP/BFLOAT16_ALU_2__BFLOAT_ALU/U_MUL0/mult_2348 (Device_top.v:2348) |
| U0_BANK_TOP/BFLOAT16_ALU_2__BFLOAT_ALU/U_MUL0/add_2351 (Device_top.v:2351) |
| U0_BANK_TOP/BFLOAT16_ALU_2__BFLOAT_ALU/U_MUL0/mult_2349 (Device_top.v:2349) |
==============================================================================

==============================================================================
|       |      | Data     |       |                                          |
| Var   | Type | Class    | Width | Expression                               |
==============================================================================
| I1    | PI   | Unsigned | 8     |                                          |
| I2    | PI   | Unsigned | 4     |                                          |
| I3    | PI   | Unsigned | 4     |                                          |
| I4    | PI   | Unsigned | 4     |                                          |
| DG_ctrl | PI | Unsigned | 1     |                                          |
| T268  | IFO  | Unsigned | 12    | I1 * I2 (Device_top.v:2348)              |
| T269  | IFO  | Unsigned | 8     | I3 * I4 (Device_top.v:2349)              |
| O1    | PO   | Unsigned | 12    | T268 + T269 (Device_top.v:2351)          |
==============================================================================

Datapath Report for DP_OP_1180J1_128_7993
==============================================================================
| Cell                 | Contained Operations                                |
==============================================================================
| DP_OP_1180J1_128_7993 | U0_BANK_TOP/BFLOAT16_ALU_3__BFLOAT_ALU/U_MUL0/add_2336 (Device_top.v:2336) |
| U0_BANK_TOP/BFLOAT16_ALU_3__BFLOAT_ALU/U_MUL0/sub_2336 (Device_top.v:2336) |
==============================================================================

==============================================================================
|       |      | Data     |       |                                          |
| Var   | Type | Class    | Width | Expression                               |
==============================================================================
| I1    | PI   | Signed   | 8     |                                          |
| I2    | PI   | Signed   | 8     |                                          |
| DG_ctrl | PI | Unsigned | 1     |                                          |
| O1    | PO   | Signed   | 8     | I1 + I2 - $unsigned(7'b1111111) (Device_top.v:2336) |
==============================================================================

Datapath Report for DP_OP_1181J1_129_2037
==============================================================================
| Cell                 | Contained Operations                                |
==============================================================================
| DP_OP_1181J1_129_2037 | U0_BANK_TOP/BFLOAT16_ALU_3__BFLOAT_ALU/U_MUL0/mult_2348 (Device_top.v:2348) |
| U0_BANK_TOP/BFLOAT16_ALU_3__BFLOAT_ALU/U_MUL0/add_2351 (Device_top.v:2351) |
| U0_BANK_TOP/BFLOAT16_ALU_3__BFLOAT_ALU/U_MUL0/mult_2349 (Device_top.v:2349) |
==============================================================================

==============================================================================
|       |      | Data     |       |                                          |
| Var   | Type | Class    | Width | Expression                               |
==============================================================================
| I1    | PI   | Unsigned | 8     |                                          |
| I2    | PI   | Unsigned | 4     |                                          |
| I3    | PI   | Unsigned | 4     |                                          |
| I4    | PI   | Unsigned | 4     |                                          |
| DG_ctrl | PI | Unsigned | 1     |                                          |
| T308  | IFO  | Unsigned | 12    | I1 * I2 (Device_top.v:2348)              |
| T309  | IFO  | Unsigned | 8     | I3 * I4 (Device_top.v:2349)              |
| O1    | PO   | Unsigned | 12    | T308 + T309 (Device_top.v:2351)          |
==============================================================================

Datapath Report for DP_OP_1182J1_130_7993
==============================================================================
| Cell                 | Contained Operations                                |
==============================================================================
| DP_OP_1182J1_130_7993 | U0_BANK_TOP/BFLOAT16_ALU_4__BFLOAT_ALU/U_MUL0/add_2336 (Device_top.v:2336) |
| U0_BANK_TOP/BFLOAT16_ALU_4__BFLOAT_ALU/U_MUL0/sub_2336 (Device_top.v:2336) |
==============================================================================

==============================================================================
|       |      | Data     |       |                                          |
| Var   | Type | Class    | Width | Expression                               |
==============================================================================
| I1    | PI   | Signed   | 8     |                                          |
| I2    | PI   | Signed   | 8     |                                          |
| DG_ctrl | PI | Unsigned | 1     |                                          |
| O1    | PO   | Signed   | 8     | I1 + I2 - $unsigned(7'b1111111) (Device_top.v:2336) |
==============================================================================

Datapath Report for DP_OP_1183J1_131_2037
==============================================================================
| Cell                 | Contained Operations                                |
==============================================================================
| DP_OP_1183J1_131_2037 | U0_BANK_TOP/BFLOAT16_ALU_4__BFLOAT_ALU/U_MUL0/mult_2348 (Device_top.v:2348) |
| U0_BANK_TOP/BFLOAT16_ALU_4__BFLOAT_ALU/U_MUL0/add_2351 (Device_top.v:2351) |
| U0_BANK_TOP/BFLOAT16_ALU_4__BFLOAT_ALU/U_MUL0/mult_2349 (Device_top.v:2349) |
==============================================================================

==============================================================================
|       |      | Data     |       |                                          |
| Var   | Type | Class    | Width | Expression                               |
==============================================================================
| I1    | PI   | Unsigned | 8     |                                          |
| I2    | PI   | Unsigned | 4     |                                          |
| I3    | PI   | Unsigned | 4     |                                          |
| I4    | PI   | Unsigned | 4     |                                          |
| DG_ctrl | PI | Unsigned | 1     |                                          |
| T348  | IFO  | Unsigned | 12    | I1 * I2 (Device_top.v:2348)              |
| T349  | IFO  | Unsigned | 8     | I3 * I4 (Device_top.v:2349)              |
| O1    | PO   | Unsigned | 12    | T348 + T349 (Device_top.v:2351)          |
==============================================================================

Datapath Report for DP_OP_1184J1_132_7993
==============================================================================
| Cell                 | Contained Operations                                |
==============================================================================
| DP_OP_1184J1_132_7993 | U0_BANK_TOP/BFLOAT16_ALU_5__BFLOAT_ALU/U_MUL0/add_2336 (Device_top.v:2336) |
| U0_BANK_TOP/BFLOAT16_ALU_5__BFLOAT_ALU/U_MUL0/sub_2336 (Device_top.v:2336) |
==============================================================================

==============================================================================
|       |      | Data     |       |                                          |
| Var   | Type | Class    | Width | Expression                               |
==============================================================================
| I1    | PI   | Signed   | 8     |                                          |
| I2    | PI   | Signed   | 8     |                                          |
| DG_ctrl | PI | Unsigned | 1     |                                          |
| O1    | PO   | Signed   | 8     | I1 + I2 - $unsigned(7'b1111111) (Device_top.v:2336) |
==============================================================================

Datapath Report for DP_OP_1185J1_133_2037
==============================================================================
| Cell                 | Contained Operations                                |
==============================================================================
| DP_OP_1185J1_133_2037 | U0_BANK_TOP/BFLOAT16_ALU_5__BFLOAT_ALU/U_MUL0/mult_2348 (Device_top.v:2348) |
| U0_BANK_TOP/BFLOAT16_ALU_5__BFLOAT_ALU/U_MUL0/add_2351 (Device_top.v:2351) |
| U0_BANK_TOP/BFLOAT16_ALU_5__BFLOAT_ALU/U_MUL0/mult_2349 (Device_top.v:2349) |
==============================================================================

==============================================================================
|       |      | Data     |       |                                          |
| Var   | Type | Class    | Width | Expression                               |
==============================================================================
| I1    | PI   | Unsigned | 8     |                                          |
| I2    | PI   | Unsigned | 4     |                                          |
| I3    | PI   | Unsigned | 4     |                                          |
| I4    | PI   | Unsigned | 4     |                                          |
| DG_ctrl | PI | Unsigned | 1     |                                          |
| T388  | IFO  | Unsigned | 12    | I1 * I2 (Device_top.v:2348)              |
| T389  | IFO  | Unsigned | 8     | I3 * I4 (Device_top.v:2349)              |
| O1    | PO   | Unsigned | 12    | T388 + T389 (Device_top.v:2351)          |
==============================================================================

Datapath Report for DP_OP_1186J1_134_7993
==============================================================================
| Cell                 | Contained Operations                                |
==============================================================================
| DP_OP_1186J1_134_7993 | U0_BANK_TOP/BFLOAT16_ALU_6__BFLOAT_ALU/U_MUL0/add_2336 (Device_top.v:2336) |
| U0_BANK_TOP/BFLOAT16_ALU_6__BFLOAT_ALU/U_MUL0/sub_2336 (Device_top.v:2336) |
==============================================================================

==============================================================================
|       |      | Data     |       |                                          |
| Var   | Type | Class    | Width | Expression                               |
==============================================================================
| I1    | PI   | Signed   | 8     |                                          |
| I2    | PI   | Signed   | 8     |                                          |
| DG_ctrl | PI | Unsigned | 1     |                                          |
| O1    | PO   | Signed   | 8     | I1 + I2 - $unsigned(7'b1111111) (Device_top.v:2336) |
==============================================================================

Datapath Report for DP_OP_1187J1_135_2037
==============================================================================
| Cell                 | Contained Operations                                |
==============================================================================
| DP_OP_1187J1_135_2037 | U0_BANK_TOP/BFLOAT16_ALU_6__BFLOAT_ALU/U_MUL0/mult_2348 (Device_top.v:2348) |
| U0_BANK_TOP/BFLOAT16_ALU_6__BFLOAT_ALU/U_MUL0/add_2351 (Device_top.v:2351) |
| U0_BANK_TOP/BFLOAT16_ALU_6__BFLOAT_ALU/U_MUL0/mult_2349 (Device_top.v:2349) |
==============================================================================

==============================================================================
|       |      | Data     |       |                                          |
| Var   | Type | Class    | Width | Expression                               |
==============================================================================
| I1    | PI   | Unsigned | 8     |                                          |
| I2    | PI   | Unsigned | 4     |                                          |
| I3    | PI   | Unsigned | 4     |                                          |
| I4    | PI   | Unsigned | 4     |                                          |
| DG_ctrl | PI | Unsigned | 1     |                                          |
| T428  | IFO  | Unsigned | 12    | I1 * I2 (Device_top.v:2348)              |
| T429  | IFO  | Unsigned | 8     | I3 * I4 (Device_top.v:2349)              |
| O1    | PO   | Unsigned | 12    | T428 + T429 (Device_top.v:2351)          |
==============================================================================

Datapath Report for DP_OP_1188J1_136_7993
==============================================================================
| Cell                 | Contained Operations                                |
==============================================================================
| DP_OP_1188J1_136_7993 | U0_BANK_TOP/BFLOAT16_ALU_7__BFLOAT_ALU/U_MUL0/add_2336 (Device_top.v:2336) |
| U0_BANK_TOP/BFLOAT16_ALU_7__BFLOAT_ALU/U_MUL0/sub_2336 (Device_top.v:2336) |
==============================================================================

==============================================================================
|       |      | Data     |       |                                          |
| Var   | Type | Class    | Width | Expression                               |
==============================================================================
| I1    | PI   | Signed   | 8     |                                          |
| I2    | PI   | Signed   | 8     |                                          |
| DG_ctrl | PI | Unsigned | 1     |                                          |
| O1    | PO   | Signed   | 8     | I1 + I2 - $unsigned(7'b1111111) (Device_top.v:2336) |
==============================================================================

Datapath Report for DP_OP_1189J1_137_2037
==============================================================================
| Cell                 | Contained Operations                                |
==============================================================================
| DP_OP_1189J1_137_2037 | U0_BANK_TOP/BFLOAT16_ALU_7__BFLOAT_ALU/U_MUL0/mult_2348 (Device_top.v:2348) |
| U0_BANK_TOP/BFLOAT16_ALU_7__BFLOAT_ALU/U_MUL0/add_2351 (Device_top.v:2351) |
| U0_BANK_TOP/BFLOAT16_ALU_7__BFLOAT_ALU/U_MUL0/mult_2349 (Device_top.v:2349) |
==============================================================================

==============================================================================
|       |      | Data     |       |                                          |
| Var   | Type | Class    | Width | Expression                               |
==============================================================================
| I1    | PI   | Unsigned | 8     |                                          |
| I2    | PI   | Unsigned | 4     |                                          |
| I3    | PI   | Unsigned | 4     |                                          |
| I4    | PI   | Unsigned | 4     |                                          |
| DG_ctrl | PI | Unsigned | 1     |                                          |
| T468  | IFO  | Unsigned | 12    | I1 * I2 (Device_top.v:2348)              |
| T469  | IFO  | Unsigned | 8     | I3 * I4 (Device_top.v:2349)              |
| O1    | PO   | Unsigned | 12    | T468 + T469 (Device_top.v:2351)          |
==============================================================================

Datapath Report for DP_OP_1175J1_166_5402
==============================================================================
| Cell                 | Contained Operations                                |
==============================================================================
| DP_OP_1175J1_166_5402 | U0_BANK_TOP/BFLOAT16_ALU_7__BFLOAT_ALU/U0_ADD_STAGE/sub_2509_S2 (Device_top.v:2509) |
| U0_BANK_TOP/BFLOAT16_ALU_7__BFLOAT_ALU/U0_ADD_STAGE/sub_2510 (Device_top.v:2510) |
| U0_BANK_TOP/BFLOAT16_ALU_7__BFLOAT_ALU/U0_ADD_STAGE/add_2510 (Device_top.v:2510) |
| U0_BANK_TOP/BFLOAT16_ALU_7__BFLOAT_ALU/U0_ADD_STAGE/add_2512 (Device_top.v:2512) |
==============================================================================

==============================================================================
|       |      | Data     |       |                                          |
| Var   | Type | Class    | Width | Expression                               |
==============================================================================
| I1    | PI   | Unsigned | 16    |                                          |
| I2    | PI   | Unsigned | 16    |                                          |
| I3    | PI   | Unsigned | 1     |                                          |
| DG_ctrl | PI | Unsigned | 1     |                                          |
| O1    | PO   | Signed   | 17    | addsub(I1,I2,I3) ( Device_top.v:2509 Device_top.v:2510 Device_top.v:2512 ) |
==============================================================================

Datapath Report for DP_OP_1172J1_162_5674
==============================================================================
| Cell                 | Contained Operations                                |
==============================================================================
| DP_OP_1172J1_162_5674 | U0_BANK_TOP/BFLOAT16_ALU_6__BFLOAT_ALU/U0_ADD_STAGE/sub_2509_S2 (Device_top.v:2509) |
| U0_BANK_TOP/BFLOAT16_ALU_6__BFLOAT_ALU/U0_ADD_STAGE/sub_2510 (Device_top.v:2510) |
| U0_BANK_TOP/BFLOAT16_ALU_6__BFLOAT_ALU/U0_ADD_STAGE/add_2510 (Device_top.v:2510) |
| U0_BANK_TOP/BFLOAT16_ALU_6__BFLOAT_ALU/U0_ADD_STAGE/add_2512 (Device_top.v:2512) |
==============================================================================

==============================================================================
|       |      | Data     |       |                                          |
| Var   | Type | Class    | Width | Expression                               |
==============================================================================
| I1    | PI   | Unsigned | 16    |                                          |
| I2    | PI   | Unsigned | 16    |                                          |
| I3    | PI   | Unsigned | 1     |                                          |
| DG_ctrl | PI | Unsigned | 1     |                                          |
| O1    | PO   | Signed   | 17    | addsub(I1,I2,I3) ( Device_top.v:2509 Device_top.v:2510 Device_top.v:2512 ) |
==============================================================================

Datapath Report for DP_OP_1169J1_158_5562
==============================================================================
| Cell                 | Contained Operations                                |
==============================================================================
| DP_OP_1169J1_158_5562 | U0_BANK_TOP/BFLOAT16_ALU_5__BFLOAT_ALU/U0_ADD_STAGE/sub_2509_S2 (Device_top.v:2509) |
| U0_BANK_TOP/BFLOAT16_ALU_5__BFLOAT_ALU/U0_ADD_STAGE/sub_2510 (Device_top.v:2510) |
| U0_BANK_TOP/BFLOAT16_ALU_5__BFLOAT_ALU/U0_ADD_STAGE/add_2510 (Device_top.v:2510) |
| U0_BANK_TOP/BFLOAT16_ALU_5__BFLOAT_ALU/U0_ADD_STAGE/add_2512 (Device_top.v:2512) |
==============================================================================

==============================================================================
|       |      | Data     |       |                                          |
| Var   | Type | Class    | Width | Expression                               |
==============================================================================
| I1    | PI   | Unsigned | 16    |                                          |
| I2    | PI   | Unsigned | 16    |                                          |
| I3    | PI   | Unsigned | 1     |                                          |
| DG_ctrl | PI | Unsigned | 1     |                                          |
| O1    | PO   | Signed   | 17    | addsub(I1,I2,I3) ( Device_top.v:2509 Device_top.v:2510 Device_top.v:2512 ) |
==============================================================================

Datapath Report for DP_OP_1166J1_154_5578
==============================================================================
| Cell                 | Contained Operations                                |
==============================================================================
| DP_OP_1166J1_154_5578 | U0_BANK_TOP/BFLOAT16_ALU_4__BFLOAT_ALU/U0_ADD_STAGE/sub_2509_S2 (Device_top.v:2509) |
| U0_BANK_TOP/BFLOAT16_ALU_4__BFLOAT_ALU/U0_ADD_STAGE/sub_2510 (Device_top.v:2510) |
| U0_BANK_TOP/BFLOAT16_ALU_4__BFLOAT_ALU/U0_ADD_STAGE/add_2510 (Device_top.v:2510) |
| U0_BANK_TOP/BFLOAT16_ALU_4__BFLOAT_ALU/U0_ADD_STAGE/add_2512 (Device_top.v:2512) |
==============================================================================

==============================================================================
|       |      | Data     |       |                                          |
| Var   | Type | Class    | Width | Expression                               |
==============================================================================
| I1    | PI   | Unsigned | 16    |                                          |
| I2    | PI   | Unsigned | 16    |                                          |
| I3    | PI   | Unsigned | 1     |                                          |
| DG_ctrl | PI | Unsigned | 1     |                                          |
| O1    | PO   | Signed   | 17    | addsub(I1,I2,I3) ( Device_top.v:2509 Device_top.v:2510 Device_top.v:2512 ) |
==============================================================================

Datapath Report for DP_OP_1163J1_150_6202
==============================================================================
| Cell                 | Contained Operations                                |
==============================================================================
| DP_OP_1163J1_150_6202 | U0_BANK_TOP/BFLOAT16_ALU_3__BFLOAT_ALU/U0_ADD_STAGE/sub_2509_S2 (Device_top.v:2509) |
| U0_BANK_TOP/BFLOAT16_ALU_3__BFLOAT_ALU/U0_ADD_STAGE/sub_2510 (Device_top.v:2510) |
| U0_BANK_TOP/BFLOAT16_ALU_3__BFLOAT_ALU/U0_ADD_STAGE/add_2510 (Device_top.v:2510) |
| U0_BANK_TOP/BFLOAT16_ALU_3__BFLOAT_ALU/U0_ADD_STAGE/add_2512 (Device_top.v:2512) |
==============================================================================

==============================================================================
|       |      | Data     |       |                                          |
| Var   | Type | Class    | Width | Expression                               |
==============================================================================
| I1    | PI   | Unsigned | 16    |                                          |
| I2    | PI   | Unsigned | 16    |                                          |
| I3    | PI   | Unsigned | 1     |                                          |
| DG_ctrl | PI | Unsigned | 1     |                                          |
| O1    | PO   | Signed   | 17    | addsub(I1,I2,I3) ( Device_top.v:2509 Device_top.v:2510 Device_top.v:2512 ) |
==============================================================================

Datapath Report for DP_OP_1160J1_146_6218
==============================================================================
| Cell                 | Contained Operations                                |
==============================================================================
| DP_OP_1160J1_146_6218 | U0_BANK_TOP/BFLOAT16_ALU_2__BFLOAT_ALU/U0_ADD_STAGE/sub_2509_S2 (Device_top.v:2509) |
| U0_BANK_TOP/BFLOAT16_ALU_2__BFLOAT_ALU/U0_ADD_STAGE/sub_2510 (Device_top.v:2510) |
| U0_BANK_TOP/BFLOAT16_ALU_2__BFLOAT_ALU/U0_ADD_STAGE/add_2510 (Device_top.v:2510) |
| U0_BANK_TOP/BFLOAT16_ALU_2__BFLOAT_ALU/U0_ADD_STAGE/add_2512 (Device_top.v:2512) |
==============================================================================

==============================================================================
|       |      | Data     |       |                                          |
| Var   | Type | Class    | Width | Expression                               |
==============================================================================
| I1    | PI   | Unsigned | 16    |                                          |
| I2    | PI   | Unsigned | 16    |                                          |
| I3    | PI   | Unsigned | 1     |                                          |
| DG_ctrl | PI | Unsigned | 1     |                                          |
| O1    | PO   | Signed   | 17    | addsub(I1,I2,I3) ( Device_top.v:2509 Device_top.v:2510 Device_top.v:2512 ) |
==============================================================================

Datapath Report for DP_OP_1157J1_142_6234
==============================================================================
| Cell                 | Contained Operations                                |
==============================================================================
| DP_OP_1157J1_142_6234 | U0_BANK_TOP/BFLOAT16_ALU_1__BFLOAT_ALU/U0_ADD_STAGE/sub_2509_S2 (Device_top.v:2509) |
| U0_BANK_TOP/BFLOAT16_ALU_1__BFLOAT_ALU/U0_ADD_STAGE/sub_2510 (Device_top.v:2510) |
| U0_BANK_TOP/BFLOAT16_ALU_1__BFLOAT_ALU/U0_ADD_STAGE/add_2510 (Device_top.v:2510) |
| U0_BANK_TOP/BFLOAT16_ALU_1__BFLOAT_ALU/U0_ADD_STAGE/add_2512 (Device_top.v:2512) |
==============================================================================

==============================================================================
|       |      | Data     |       |                                          |
| Var   | Type | Class    | Width | Expression                               |
==============================================================================
| I1    | PI   | Unsigned | 16    |                                          |
| I2    | PI   | Unsigned | 16    |                                          |
| I3    | PI   | Unsigned | 1     |                                          |
| DG_ctrl | PI | Unsigned | 1     |                                          |
| O1    | PO   | Signed   | 17    | addsub(I1,I2,I3) ( Device_top.v:2509 Device_top.v:2510 Device_top.v:2512 ) |
==============================================================================

Datapath Report for DP_OP_1154J1_138_5482
==============================================================================
| Cell                 | Contained Operations                                |
==============================================================================
| DP_OP_1154J1_138_5482 | U0_BANK_TOP/BFLOAT16_ALU_0__BFLOAT_ALU/U0_ADD_STAGE/sub_2509_S2 (Device_top.v:2509) |
| U0_BANK_TOP/BFLOAT16_ALU_0__BFLOAT_ALU/U0_ADD_STAGE/sub_2510 (Device_top.v:2510) |
| U0_BANK_TOP/BFLOAT16_ALU_0__BFLOAT_ALU/U0_ADD_STAGE/add_2510 (Device_top.v:2510) |
| U0_BANK_TOP/BFLOAT16_ALU_0__BFLOAT_ALU/U0_ADD_STAGE/add_2512 (Device_top.v:2512) |
==============================================================================

==============================================================================
|       |      | Data     |       |                                          |
| Var   | Type | Class    | Width | Expression                               |
==============================================================================
| I1    | PI   | Unsigned | 16    |                                          |
| I2    | PI   | Unsigned | 16    |                                          |
| I3    | PI   | Unsigned | 1     |                                          |
| DG_ctrl | PI | Unsigned | 1     |                                          |
| O1    | PO   | Signed   | 17    | addsub(I1,I2,I3) ( Device_top.v:2509 Device_top.v:2510 Device_top.v:2512 ) |
==============================================================================


Datapath Extraction Report

Information: Operator associated with resources 'U0_BANK_TOP/BFLOAT16_ALU_0__BFLOAT_ALU/U_MUL0/add_2336 (Device_top.v:2336) U0_BANK_TOP/BFLOAT16_ALU_0__BFLOAT_ALU/U_MUL0/sub_2336 (Device_top.v:2336)' in design 'PIM_ALU_SYN_top' breaks the datapath extraction because there is leakage due to truncation on its fanout to operator of resources 'U0_BANK_TOP/BFLOAT16_ALU_0__BFLOAT_ALU/U_MUL0/C168 (Device_top.v:2336)'.  (HDL-120)

Information: Operator associated with resources 'U0_BANK_TOP/BFLOAT16_ALU_1__BFLOAT_ALU/U_MUL0/add_2336 (Device_top.v:2336) U0_BANK_TOP/BFLOAT16_ALU_1__BFLOAT_ALU/U_MUL0/sub_2336 (Device_top.v:2336)' in design 'PIM_ALU_SYN_top' breaks the datapath extraction because there is leakage due to truncation on its fanout to operator of resources 'U0_BANK_TOP/BFLOAT16_ALU_1__BFLOAT_ALU/U_MUL0/C168 (Device_top.v:2336)'.  (HDL-120)

Information: Operator associated with resources 'U0_BANK_TOP/BFLOAT16_ALU_2__BFLOAT_ALU/U_MUL0/add_2336 (Device_top.v:2336) U0_BANK_TOP/BFLOAT16_ALU_2__BFLOAT_ALU/U_MUL0/sub_2336 (Device_top.v:2336)' in design 'PIM_ALU_SYN_top' breaks the datapath extraction because there is leakage due to truncation on its fanout to operator of resources 'U0_BANK_TOP/BFLOAT16_ALU_2__BFLOAT_ALU/U_MUL0/C168 (Device_top.v:2336)'.  (HDL-120)

Information: Operator associated with resources 'U0_BANK_TOP/BFLOAT16_ALU_3__BFLOAT_ALU/U_MUL0/add_2336 (Device_top.v:2336) U0_BANK_TOP/BFLOAT16_ALU_3__BFLOAT_ALU/U_MUL0/sub_2336 (Device_top.v:2336)' in design 'PIM_ALU_SYN_top' breaks the datapath extraction because there is leakage due to truncation on its fanout to operator of resources 'U0_BANK_TOP/BFLOAT16_ALU_3__BFLOAT_ALU/U_MUL0/C168 (Device_top.v:2336)'.  (HDL-120)

Information: Operator associated with resources 'U0_BANK_TOP/BFLOAT16_ALU_4__BFLOAT_ALU/U_MUL0/add_2336 (Device_top.v:2336) U0_BANK_TOP/BFLOAT16_ALU_4__BFLOAT_ALU/U_MUL0/sub_2336 (Device_top.v:2336)' in design 'PIM_ALU_SYN_top' breaks the datapath extraction because there is leakage due to truncation on its fanout to operator of resources 'U0_BANK_TOP/BFLOAT16_ALU_4__BFLOAT_ALU/U_MUL0/C168 (Device_top.v:2336)'.  (HDL-120)

Information: Operator associated with resources 'U0_BANK_TOP/BFLOAT16_ALU_5__BFLOAT_ALU/U_MUL0/add_2336 (Device_top.v:2336) U0_BANK_TOP/BFLOAT16_ALU_5__BFLOAT_ALU/U_MUL0/sub_2336 (Device_top.v:2336)' in design 'PIM_ALU_SYN_top' breaks the datapath extraction because there is leakage due to truncation on its fanout to operator of resources 'U0_BANK_TOP/BFLOAT16_ALU_5__BFLOAT_ALU/U_MUL0/C168 (Device_top.v:2336)'.  (HDL-120)

Information: Operator associated with resources 'U0_BANK_TOP/BFLOAT16_ALU_6__BFLOAT_ALU/U_MUL0/add_2336 (Device_top.v:2336) U0_BANK_TOP/BFLOAT16_ALU_6__BFLOAT_ALU/U_MUL0/sub_2336 (Device_top.v:2336)' in design 'PIM_ALU_SYN_top' breaks the datapath extraction because there is leakage due to truncation on its fanout to operator of resources 'U0_BANK_TOP/BFLOAT16_ALU_6__BFLOAT_ALU/U_MUL0/C168 (Device_top.v:2336)'.  (HDL-120)

Information: Operator associated with resources 'U0_BANK_TOP/BFLOAT16_ALU_7__BFLOAT_ALU/U_MUL0/add_2336 (Device_top.v:2336) U0_BANK_TOP/BFLOAT16_ALU_7__BFLOAT_ALU/U_MUL0/sub_2336 (Device_top.v:2336)' in design 'PIM_ALU_SYN_top' breaks the datapath extraction because there is leakage due to truncation on its fanout to operator of resources 'U0_BANK_TOP/BFLOAT16_ALU_7__BFLOAT_ALU/U_MUL0/C168 (Device_top.v:2336)'.  (HDL-120)


Implementation Report
===============================================================================
|                    |                  | Current            | Set            |
| Cell               | Module           | Implementation     | Implementation |
===============================================================================
| add_x_85           | DW01_inc_DG      | apparch (area)     |                |
| add_x_90           | DW01_inc_DG      | apparch (area)     |                |
| add_x_95           | DW01_inc_DG      | apparch (area)     |                |
| add_x_100          | DW01_inc_DG      | apparch (area)     |                |
| add_x_105          | DW01_inc_DG      | apparch (area)     |                |
| add_x_110          | DW01_inc_DG      | apparch (area)     |                |
| add_x_115          | DW01_inc_DG      | apparch (area)     |                |
| add_x_120          | DW01_inc_DG      | apparch (area)     |                |
| sub_x_136          | DW01_sub_DG      | apparch (area)     |                |
| gt_x_138           | DW_cmp_DG        | apparch (area)     |                |
| eq_x_139           | DW_cmp_DG        | apparch (area)     |                |
| eq_x_140           | DW_cmp_DG        | apparch (area)     |                |
| eq_x_141           | DW_cmp_DG        | apparch (area)     |                |
| lt_x_142           | DW_cmp_DG        | apparch (area)     |                |
| sub_x_148          | DW01_sub_DG      | apparch (area)     |                |
| add_x_150          | DW01_inc_DG      | apparch (area)     |                |
| sub_x_165          | DW01_sub_DG      | apparch (area)     |                |
| gt_x_167           | DW_cmp_DG        | apparch (area)     |                |
| eq_x_168           | DW_cmp_DG        | apparch (area)     |                |
| eq_x_169           | DW_cmp_DG        | apparch (area)     |                |
| eq_x_170           | DW_cmp_DG        | apparch (area)     |                |
| lt_x_171           | DW_cmp_DG        | apparch (area)     |                |
| sub_x_177          | DW01_sub_DG      | apparch (area)     |                |
| add_x_179          | DW01_inc_DG      | apparch (area)     |                |
| sub_x_194          | DW01_sub_DG      | apparch (area)     |                |
| gt_x_196           | DW_cmp_DG        | apparch (area)     |                |
| eq_x_197           | DW_cmp_DG        | apparch (area)     |                |
| eq_x_198           | DW_cmp_DG        | apparch (area)     |                |
| eq_x_199           | DW_cmp_DG        | apparch (area)     |                |
| lt_x_200           | DW_cmp_DG        | apparch (area)     |                |
| sub_x_206          | DW01_sub_DG      | apparch (area)     |                |
| add_x_208          | DW01_inc_DG      | apparch (area)     |                |
| sub_x_223          | DW01_sub_DG      | apparch (area)     |                |
| gt_x_225           | DW_cmp_DG        | apparch (area)     |                |
| eq_x_226           | DW_cmp_DG        | apparch (area)     |                |
| eq_x_227           | DW_cmp_DG        | apparch (area)     |                |
| eq_x_228           | DW_cmp_DG        | apparch (area)     |                |
| lt_x_229           | DW_cmp_DG        | apparch (area)     |                |
| sub_x_235          | DW01_sub_DG      | apparch (area)     |                |
| add_x_237          | DW01_inc_DG      | apparch (area)     |                |
| sub_x_252          | DW01_sub_DG      | apparch (area)     |                |
| gt_x_254           | DW_cmp_DG        | apparch (area)     |                |
| eq_x_255           | DW_cmp_DG        | apparch (area)     |                |
| eq_x_256           | DW_cmp_DG        | apparch (area)     |                |
| eq_x_257           | DW_cmp_DG        | apparch (area)     |                |
| lt_x_258           | DW_cmp_DG        | apparch (area)     |                |
| sub_x_264          | DW01_sub_DG      | apparch (area)     |                |
| add_x_266          | DW01_inc_DG      | apparch (area)     |                |
| sub_x_281          | DW01_sub_DG      | apparch (area)     |                |
| gt_x_283           | DW_cmp_DG        | apparch (area)     |                |
| eq_x_284           | DW_cmp_DG        | apparch (area)     |                |
| eq_x_285           | DW_cmp_DG        | apparch (area)     |                |
| eq_x_286           | DW_cmp_DG        | apparch (area)     |                |
| lt_x_287           | DW_cmp_DG        | apparch (area)     |                |
| sub_x_293          | DW01_sub_DG      | apparch (area)     |                |
| add_x_295          | DW01_inc_DG      | apparch (area)     |                |
| sub_x_310          | DW01_sub_DG      | apparch (area)     |                |
| gt_x_312           | DW_cmp_DG        | apparch (area)     |                |
| eq_x_313           | DW_cmp_DG        | apparch (area)     |                |
| eq_x_314           | DW_cmp_DG        | apparch (area)     |                |
| eq_x_315           | DW_cmp_DG        | apparch (area)     |                |
| lt_x_316           | DW_cmp_DG        | apparch (area)     |                |
| sub_x_322          | DW01_sub_DG      | apparch (area)     |                |
| add_x_324          | DW01_inc_DG      | apparch (area)     |                |
| sub_x_339          | DW01_sub_DG      | apparch (area)     |                |
| gt_x_341           | DW_cmp_DG        | apparch (area)     |                |
| eq_x_342           | DW_cmp_DG        | apparch (area)     |                |
| eq_x_343           | DW_cmp_DG        | apparch (area)     |                |
| eq_x_344           | DW_cmp_DG        | apparch (area)     |                |
| lt_x_345           | DW_cmp_DG        | apparch (area)     |                |
| sub_x_351          | DW01_sub_DG      | apparch (area)     |                |
| add_x_353          | DW01_inc_DG      | apparch (area)     |                |
| sub_x_86           | DW01_dec_DG      | apparch (area)     |                |
| sub_x_91           | DW01_dec_DG      | apparch (area)     |                |
| sub_x_96           | DW01_dec_DG      | apparch (area)     |                |
| sub_x_101          | DW01_dec_DG      | apparch (area)     |                |
| sub_x_106          | DW01_dec_DG      | apparch (area)     |                |
| sub_x_111          | DW01_dec_DG      | apparch (area)     |                |
| sub_x_116          | DW01_dec_DG      | apparch (area)     |                |
| sub_x_121          | DW01_dec_DG      | apparch (area)     |                |
| add_x_8            | DW01_inc_DG      | apparch (area)     |                |
| add_x_3            | DW01_inc_DG      | apparch (area)     |                |
| DP_OP_1174J1_122_7993                 |                    |                |
|                    | DP_OP_1174J1_122_7993 | str (area)    |                |
| DP_OP_1175J1_123_2037                 |                    |                |
|                    | DP_OP_1175J1_123_2037 | str (power)   |                |
|                    |                  | mult_arch: and     |                |
| DP_OP_1176J1_124_7993                 |                    |                |
|                    | DP_OP_1176J1_124_7993 | str (area)    |                |
| DP_OP_1177J1_125_2037                 |                    |                |
|                    | DP_OP_1177J1_125_2037 | str (power)   |                |
|                    |                  | mult_arch: and     |                |
| DP_OP_1178J1_126_7993                 |                    |                |
|                    | DP_OP_1178J1_126_7993 | str (area)    |                |
| DP_OP_1179J1_127_2037                 |                    |                |
|                    | DP_OP_1179J1_127_2037 | str (power)   |                |
|                    |                  | mult_arch: and     |                |
| DP_OP_1180J1_128_7993                 |                    |                |
|                    | DP_OP_1180J1_128_7993 | str (area)    |                |
| DP_OP_1181J1_129_2037                 |                    |                |
|                    | DP_OP_1181J1_129_2037 | str (power)   |                |
|                    |                  | mult_arch: and     |                |
| DP_OP_1182J1_130_7993                 |                    |                |
|                    | DP_OP_1182J1_130_7993 | str (area)    |                |
| DP_OP_1183J1_131_2037                 |                    |                |
|                    | DP_OP_1183J1_131_2037 | str (power)   |                |
|                    |                  | mult_arch: and     |                |
| DP_OP_1184J1_132_7993                 |                    |                |
|                    | DP_OP_1184J1_132_7993 | str (area)    |                |
| DP_OP_1185J1_133_2037                 |                    |                |
|                    | DP_OP_1185J1_133_2037 | str (power)   |                |
|                    |                  | mult_arch: and     |                |
| DP_OP_1186J1_134_7993                 |                    |                |
|                    | DP_OP_1186J1_134_7993 | str (area)    |                |
| DP_OP_1187J1_135_2037                 |                    |                |
|                    | DP_OP_1187J1_135_2037 | str (power)   |                |
|                    |                  | mult_arch: and     |                |
| DP_OP_1188J1_136_7993                 |                    |                |
|                    | DP_OP_1188J1_136_7993 | str (area)    |                |
| DP_OP_1189J1_137_2037                 |                    |                |
|                    | DP_OP_1189J1_137_2037 | str (power)   |                |
|                    |                  | mult_arch: and     |                |
| DP_OP_1175J1_166_5402                 |                    |                |
|                    | DP_OP_1175J1_166_5402 | str (area)    |                |
| DP_OP_1172J1_162_5674                 |                    |                |
|                    | DP_OP_1172J1_162_5674 | str (area)    |                |
| DP_OP_1169J1_158_5562                 |                    |                |
|                    | DP_OP_1169J1_158_5562 | str (area)    |                |
| DP_OP_1166J1_154_5578                 |                    |                |
|                    | DP_OP_1166J1_154_5578 | str (area)    |                |
| DP_OP_1163J1_150_6202                 |                    |                |
|                    | DP_OP_1163J1_150_6202 | str (area)    |                |
| DP_OP_1160J1_146_6218                 |                    |                |
|                    | DP_OP_1160J1_146_6218 | str (area)    |                |
| DP_OP_1157J1_142_6234                 |                    |                |
|                    | DP_OP_1157J1_142_6234 | str (area)    |                |
| DP_OP_1154J1_138_5482                 |                    |                |
|                    | DP_OP_1154J1_138_5482 | str (area)    |                |
===============================================================================

1
