 
****************************************
Report : reference
Design : PIM_ALU_SYN_top
Version: M-2016.12-SP5-3
Date   : Tue Jun 23 22:45:12 2020
****************************************

Attributes:
    b - black box (unknown)
   bo - allows boundary optimization
    d - dont_touch
   mo - map_only
    h - hierarchical
    n - noncombinational
    r - removable
    s - synthetic operator
    u - contains unmapped logic

Reference          Library       Unit Area   Count    Total Area   Attributes
-----------------------------------------------------------------------------
DFFRQX1MTR         scmetro_cmos10lp_rvt_ss_1p08v_125c_sadhm
                                  8.640000     662   5719.680227  n
DFFRQX2MTR         scmetro_cmos10lp_rvt_ss_1p08v_125c_sadhm
                                  8.640000     893   7715.520307  n
bank_top                      49932.800707       1  49932.800707  h, n
-----------------------------------------------------------------------------
Total 3 references                                  63368.001241
1
