 
****************************************
Report : resources
Design : PIM_ALU_SYN_top
Version: M-2016.12-SP5-3
Date   : Mon Jun 22 17:32:33 2020
****************************************


No resource sharing information to report.

No implementations to report
 
****************************************
Design : bank_top
****************************************

Resource Report for this hierarchy in file
        /home/kch/work/TDRAM/run_app_platform/Device_top_sim_MAC/rtl/Device_top.v
=============================================================================
| Cell           | Module         | Parameters | Contained Operations       |
=============================================================================
| add_x_3        | DW01_inc_DG    | width=3    | add_993 (Device_top.v:993) |
| add_x_7        | DW01_inc_DG    | width=3    | add_1057_S2 (Device_top.v:1057) |
| add_x_18       | DW01_inc_DG    | width=6    | add_1403 (Device_top.v:1403) |
=============================================================================


Implementation Report
===============================================================================
|                    |                  | Current            | Set            |
| Cell               | Module           | Implementation     | Implementation |
===============================================================================
| add_x_3            | DW01_inc_DG      | apparch (area)     |                |
| add_x_7            | DW01_inc_DG      | apparch (area)     |                |
| add_x_18           | DW01_inc_DG      | apparch (area)     |                |
===============================================================================

 
****************************************
Design : NORM_stage_32
****************************************

Resource Report for this hierarchy in file
        /home/kch/work/TDRAM/run_app_platform/Device_top_sim_MAC/rtl/Device_top.v
=============================================================================
| Cell           | Module         | Parameters | Contained Operations       |
=============================================================================
| add_x_1        | DW01_inc_DG    | width=5    | add_2926 (Device_top.v:2926) |
| sub_x_2        | DW01_dec_DG    | width=5    | sub_2971 (Device_top.v:2971) |
               |                |            | sub_2976 (Device_top.v:2976) |
               |                |            | sub_2981 (Device_top.v:2981) |
               |                |            | sub_2986 (Device_top.v:2986) |
               |                |            | sub_2991 (Device_top.v:2991) |
               |                |            | sub_2996 (Device_top.v:2996) |
               |                |            | sub_3001 (Device_top.v:3001) |
=============================================================================


Implementation Report
===============================================================================
|                    |                  | Current            | Set            |
| Cell               | Module           | Implementation     | Implementation |
===============================================================================
| add_x_1            | DW01_inc_DG      | apparch (area)     |                |
| sub_x_2            | DW01_dec_DG      | apparch (area)     |                |
===============================================================================


No resource sharing information to report.
 
****************************************
Design : bfloat_MAC_pipe_OPT_0
****************************************

No implementations to report
 
****************************************
Design : ADD_module_OPT_0
****************************************

Resource Report for this hierarchy in file
        /home/kch/work/TDRAM/run_app_platform/Device_top_sim_MAC/rtl/Device_top.v
=============================================================================
| Cell           | Module         | Parameters | Contained Operations       |
=============================================================================
| sub_x_5        | DW01_sub_DG    | width=17   | sub_2809 (Device_top.v:2809) |
| add_x_7        | DW01_inc_DG    | width=5    | add_2816 (Device_top.v:2816) |
| DP_OP_54_135_2455               |            |                            |
|                | DP_OP_54_135_2455 |         |                            |
=============================================================================

Datapath Report for DP_OP_54_135_2455
==============================================================================
| Cell                 | Contained Operations                                |
==============================================================================
| DP_OP_54_135_2455    | sub_2801_S2 (Device_top.v:2801)                     |
|                      | add_2804 (Device_top.v:2804)                        |
|                      | sub_2802 (Device_top.v:2802)                        |
|                      | add_2802 (Device_top.v:2802)                        |
==============================================================================

==============================================================================
|       |      | Data     |       |                                          |
| Var   | Type | Class    | Width | Expression                               |
==============================================================================
| I1    | PI   | Unsigned | 16    |                                          |
| I2    | PI   | Unsigned | 16    |                                          |
| I3    | PI   | Unsigned | 1     |                                          |
| DG_ctrl | PI | Unsigned | 1     |                                          |
| O1    | PO   | Signed   | 17    | addsub(I1,I2,I3) ( Device_top.v:2801 Device_top.v:2802 Device_top.v:2804 ) |
==============================================================================


Implementation Report
===============================================================================
|                    |                  | Current            | Set            |
| Cell               | Module           | Implementation     | Implementation |
===============================================================================
| sub_x_5            | DW01_sub_DG      | apparch (area)     |                |
| add_x_7            | DW01_inc_DG      | apparch (area)     |                |
| DP_OP_54_135_2455  | DP_OP_54_135_2455 | str (speed)       |                |
===============================================================================

 
****************************************
Design : MUL_OPT_0
****************************************

Resource Report for this hierarchy in file
        /home/kch/work/TDRAM/run_app_platform/Device_top_sim_MAC/rtl/Device_top.v
=============================================================================
| Cell           | Module         | Parameters | Contained Operations       |
=============================================================================
| sub_x_6        | DW01_sub_DG    | width=6    | sub_2639 (Device_top.v:2639) |
| gt_x_8         | DW_cmp_DG      | width=5    | gt_2666 (Device_top.v:2666) |
| eq_x_9         | DW_cmp_DG      | width=6    | eq_2667 (Device_top.v:2667) |
| eq_x_10        | DW_cmp_DG      | width=6    | eq_2668 (Device_top.v:2668) |
| eq_x_11        | DW_cmp_DG      | width=6    | eq_2669 (Device_top.v:2669) |
| lt_x_12        | DW_cmp_DG      | width=5    | lt_2670 (Device_top.v:2670) |
| DP_OP_32J2_126_2677             |            |                            |
|                | DP_OP_32J2_126_2677 |       |                            |
| DP_OP_33J2_127_6293             |            |                            |
|                | DP_OP_33J2_127_6293 |       |                            |
=============================================================================

Datapath Report for DP_OP_32J2_126_2677
==============================================================================
| Cell                 | Contained Operations                                |
==============================================================================
| DP_OP_32J2_126_2677  | add_2634 (Device_top.v:2634)                        |
|                      | sub_2634 (Device_top.v:2634)                        |
==============================================================================

==============================================================================
|       |      | Data     |       |                                          |
| Var   | Type | Class    | Width | Expression                               |
==============================================================================
| I1    | PI   | Signed   | 8     |                                          |
| I2    | PI   | Signed   | 8     |                                          |
| DG_ctrl | PI | Unsigned | 1     |                                          |
| O1    | PO   | Signed   | 8     | I1 + I2 - $unsigned(7'b1111111) (Device_top.v:2634) |
==============================================================================

Datapath Report for DP_OP_33J2_127_6293
==============================================================================
| Cell                 | Contained Operations                                |
==============================================================================
| DP_OP_33J2_127_6293  | mult_2646 (Device_top.v:2646)                       |
|                      | add_2649 (Device_top.v:2649)                        |
|                      | mult_2647 (Device_top.v:2647)                       |
==============================================================================

==============================================================================
|       |      | Data     |       |                                          |
| Var   | Type | Class    | Width | Expression                               |
==============================================================================
| I1    | PI   | Unsigned | 8     |                                          |
| I2    | PI   | Unsigned | 4     |                                          |
| I3    | PI   | Unsigned | 4     |                                          |
| I4    | PI   | Unsigned | 4     |                                          |
| DG_ctrl | PI | Unsigned | 1     |                                          |
| T8    | IFO  | Unsigned | 12    | I1 * I2 (Device_top.v:2646)              |
| T9    | IFO  | Unsigned | 8     | I3 * I4 (Device_top.v:2647)              |
| O1    | PO   | Unsigned | 12    | T8 + T9 (Device_top.v:2649)              |
==============================================================================


Datapath Extraction Report

Information: Operator associated with resources 'add_2634 (Device_top.v:2634) sub_2634 (Device_top.v:2634)' in design 'MUL_OPT_0' breaks the datapath extraction because there is leakage due to truncation on its fanout to operator of resources 'C155 (Device_top.v:2634)'.  (HDL-120)


Implementation Report
===============================================================================
|                    |                  | Current            | Set            |
| Cell               | Module           | Implementation     | Implementation |
===============================================================================
| sub_x_6            | DW01_sub_DG      | apparch (area)     |                |
| gt_x_8             | DW_cmp_DG        | apparch (area)     |                |
| eq_x_9             | DW_cmp_DG        | apparch (area)     |                |
| eq_x_10            | DW_cmp_DG        | apparch (area)     |                |
| eq_x_11            | DW_cmp_DG        | apparch (area)     |                |
| lt_x_12            | DW_cmp_DG        | apparch (area)     |                |
| DP_OP_32J2_126_2677                   |                    |                |
|                    | DP_OP_32J2_126_2677 | str (area,speed)                 |
| DP_OP_33J2_127_6293                   |                    |                |
|                    | DP_OP_33J2_127_6293 | str (speed,power)                |
|                    |                  | mult_arch: nand    |                |
===============================================================================

 
****************************************
Design : deNORM_stage_0
****************************************

Resource Report for this hierarchy in file
        /home/kch/work/TDRAM/run_app_platform/Device_top_sim_MAC/rtl/Device_top.v
=============================================================================
| Cell           | Module         | Parameters | Contained Operations       |
=============================================================================
| ash_1          | DW_leftsh_DG   | A_width=18 | sll_2895 (Device_top.v:2895) |
               |                | SH_width=3 |                            |
=============================================================================


Implementation Report
===============================================================================
|                    |                  | Current            | Set            |
| Cell               | Module           | Implementation     | Implementation |
===============================================================================
| ash_1              | DW_leftsh_DG     | astr (power)       |                |
===============================================================================

 
****************************************
Design : NORM_stage_33
****************************************

Resource Report for this hierarchy in file
        /home/kch/work/TDRAM/run_app_platform/Device_top_sim_MAC/rtl/Device_top.v
=============================================================================
| Cell           | Module         | Parameters | Contained Operations       |
=============================================================================
| add_x_1        | DW01_inc_DG    | width=5    | add_2926 (Device_top.v:2926) |
| sub_x_2        | DW01_dec_DG    | width=5    | sub_2971 (Device_top.v:2971) |
               |                |            | sub_2976 (Device_top.v:2976) |
               |                |            | sub_2981 (Device_top.v:2981) |
               |                |            | sub_2986 (Device_top.v:2986) |
               |                |            | sub_2991 (Device_top.v:2991) |
               |                |            | sub_2996 (Device_top.v:2996) |
               |                |            | sub_3001 (Device_top.v:3001) |
=============================================================================


Implementation Report
===============================================================================
|                    |                  | Current            | Set            |
| Cell               | Module           | Implementation     | Implementation |
===============================================================================
| add_x_1            | DW01_inc_DG      | apparch (area)     |                |
| sub_x_2            | DW01_dec_DG      | apparch (area)     |                |
===============================================================================


No resource sharing information to report.
 
****************************************
Design : bfloat_MAC_pipe_OPT_1
****************************************

No implementations to report
 
****************************************
Design : ADD_module_OPT_1
****************************************

Resource Report for this hierarchy in file
        /home/kch/work/TDRAM/run_app_platform/Device_top_sim_MAC/rtl/Device_top.v
=============================================================================
| Cell           | Module         | Parameters | Contained Operations       |
=============================================================================
| sub_x_5        | DW01_sub_DG    | width=17   | sub_2809 (Device_top.v:2809) |
| add_x_7        | DW01_inc_DG    | width=5    | add_2816 (Device_top.v:2816) |
| DP_OP_54_134_6688               |            |                            |
|                | DP_OP_54_134_6688 |         |                            |
=============================================================================

Datapath Report for DP_OP_54_134_6688
==============================================================================
| Cell                 | Contained Operations                                |
==============================================================================
| DP_OP_54_134_6688    | sub_2801_S2 (Device_top.v:2801)                     |
|                      | add_2804 (Device_top.v:2804)                        |
|                      | sub_2802 (Device_top.v:2802)                        |
|                      | add_2802 (Device_top.v:2802)                        |
==============================================================================

==============================================================================
|       |      | Data     |       |                                          |
| Var   | Type | Class    | Width | Expression                               |
==============================================================================
| I1    | PI   | Unsigned | 16    |                                          |
| I2    | PI   | Unsigned | 16    |                                          |
| I3    | PI   | Unsigned | 1     |                                          |
| DG_ctrl | PI | Unsigned | 1     |                                          |
| O1    | PO   | Signed   | 17    | addsub(I1,I2,I3) ( Device_top.v:2801 Device_top.v:2802 Device_top.v:2804 ) |
==============================================================================


Implementation Report
===============================================================================
|                    |                  | Current            | Set            |
| Cell               | Module           | Implementation     | Implementation |
===============================================================================
| sub_x_5            | DW01_sub_DG      | apparch (area)     |                |
| add_x_7            | DW01_inc_DG      | apparch (area)     |                |
| DP_OP_54_134_6688  | DP_OP_54_134_6688 | str (speed)       |                |
===============================================================================

 
****************************************
Design : MUL_OPT_1
****************************************

Resource Report for this hierarchy in file
        /home/kch/work/TDRAM/run_app_platform/Device_top_sim_MAC/rtl/Device_top.v
=============================================================================
| Cell           | Module         | Parameters | Contained Operations       |
=============================================================================
| sub_x_6        | DW01_sub_DG    | width=6    | sub_2639 (Device_top.v:2639) |
| gt_x_8         | DW_cmp_DG      | width=5    | gt_2666 (Device_top.v:2666) |
| eq_x_9         | DW_cmp_DG      | width=6    | eq_2667 (Device_top.v:2667) |
| eq_x_10        | DW_cmp_DG      | width=6    | eq_2668 (Device_top.v:2668) |
| eq_x_11        | DW_cmp_DG      | width=6    | eq_2669 (Device_top.v:2669) |
| lt_x_12        | DW_cmp_DG      | width=5    | lt_2670 (Device_top.v:2670) |
| DP_OP_32J2_126_2677             |            |                            |
|                | DP_OP_32J2_126_2677 |       |                            |
| DP_OP_33J2_127_6293             |            |                            |
|                | DP_OP_33J2_127_6293 |       |                            |
=============================================================================

Datapath Report for DP_OP_32J2_126_2677
==============================================================================
| Cell                 | Contained Operations                                |
==============================================================================
| DP_OP_32J2_126_2677  | add_2634 (Device_top.v:2634)                        |
|                      | sub_2634 (Device_top.v:2634)                        |
==============================================================================

==============================================================================
|       |      | Data     |       |                                          |
| Var   | Type | Class    | Width | Expression                               |
==============================================================================
| I1    | PI   | Signed   | 8     |                                          |
| I2    | PI   | Signed   | 8     |                                          |
| DG_ctrl | PI | Unsigned | 1     |                                          |
| O1    | PO   | Signed   | 8     | I1 + I2 - $unsigned(7'b1111111) (Device_top.v:2634) |
==============================================================================

Datapath Report for DP_OP_33J2_127_6293
==============================================================================
| Cell                 | Contained Operations                                |
==============================================================================
| DP_OP_33J2_127_6293  | mult_2646 (Device_top.v:2646)                       |
|                      | add_2649 (Device_top.v:2649)                        |
|                      | mult_2647 (Device_top.v:2647)                       |
==============================================================================

==============================================================================
|       |      | Data     |       |                                          |
| Var   | Type | Class    | Width | Expression                               |
==============================================================================
| I1    | PI   | Unsigned | 8     |                                          |
| I2    | PI   | Unsigned | 4     |                                          |
| I3    | PI   | Unsigned | 4     |                                          |
| I4    | PI   | Unsigned | 4     |                                          |
| DG_ctrl | PI | Unsigned | 1     |                                          |
| T8    | IFO  | Unsigned | 12    | I1 * I2 (Device_top.v:2646)              |
| T9    | IFO  | Unsigned | 8     | I3 * I4 (Device_top.v:2647)              |
| O1    | PO   | Unsigned | 12    | T8 + T9 (Device_top.v:2649)              |
==============================================================================


Datapath Extraction Report

Information: Operator associated with resources 'add_2634 (Device_top.v:2634) sub_2634 (Device_top.v:2634)' in design 'MUL_OPT_0' breaks the datapath extraction because there is leakage due to truncation on its fanout to operator of resources 'C155 (Device_top.v:2634)'.  (HDL-120)


Implementation Report
===============================================================================
|                    |                  | Current            | Set            |
| Cell               | Module           | Implementation     | Implementation |
===============================================================================
| sub_x_6            | DW01_sub_DG      | apparch (area)     |                |
| gt_x_8             | DW_cmp_DG        | apparch (area)     |                |
| eq_x_9             | DW_cmp_DG        | apparch (area)     |                |
| eq_x_10            | DW_cmp_DG        | apparch (area)     |                |
| eq_x_11            | DW_cmp_DG        | apparch (area)     |                |
| lt_x_12            | DW_cmp_DG        | apparch (area)     |                |
| DP_OP_32J2_126_2677                   |                    |                |
|                    | DP_OP_32J2_126_2677 | str (area,speed)                 |
| DP_OP_33J2_127_6293                   |                    |                |
|                    | DP_OP_33J2_127_6293 | str (speed,power)                |
|                    |                  | mult_arch: nand    |                |
===============================================================================

 
****************************************
Design : deNORM_stage_1
****************************************

Resource Report for this hierarchy in file
        /home/kch/work/TDRAM/run_app_platform/Device_top_sim_MAC/rtl/Device_top.v
=============================================================================
| Cell           | Module         | Parameters | Contained Operations       |
=============================================================================
| ash_1          | DW_leftsh_DG   | A_width=18 | sll_2895 (Device_top.v:2895) |
               |                | SH_width=3 |                            |
=============================================================================


Implementation Report
===============================================================================
|                    |                  | Current            | Set            |
| Cell               | Module           | Implementation     | Implementation |
===============================================================================
| ash_1              | DW_leftsh_DG     | astr (power)       |                |
===============================================================================

 
****************************************
Design : NORM_stage_34
****************************************

Resource Report for this hierarchy in file
        /home/kch/work/TDRAM/run_app_platform/Device_top_sim_MAC/rtl/Device_top.v
=============================================================================
| Cell           | Module         | Parameters | Contained Operations       |
=============================================================================
| add_x_1        | DW01_inc_DG    | width=5    | add_2926 (Device_top.v:2926) |
| sub_x_2        | DW01_dec_DG    | width=5    | sub_2971 (Device_top.v:2971) |
               |                |            | sub_2976 (Device_top.v:2976) |
               |                |            | sub_2981 (Device_top.v:2981) |
               |                |            | sub_2986 (Device_top.v:2986) |
               |                |            | sub_2991 (Device_top.v:2991) |
               |                |            | sub_2996 (Device_top.v:2996) |
               |                |            | sub_3001 (Device_top.v:3001) |
=============================================================================


Implementation Report
===============================================================================
|                    |                  | Current            | Set            |
| Cell               | Module           | Implementation     | Implementation |
===============================================================================
| add_x_1            | DW01_inc_DG      | apparch (area)     |                |
| sub_x_2            | DW01_dec_DG      | apparch (area)     |                |
===============================================================================


No resource sharing information to report.
 
****************************************
Design : bfloat_MAC_pipe_OPT_2
****************************************

No implementations to report
 
****************************************
Design : ADD_module_OPT_2
****************************************

Resource Report for this hierarchy in file
        /home/kch/work/TDRAM/run_app_platform/Device_top_sim_MAC/rtl/Device_top.v
=============================================================================
| Cell           | Module         | Parameters | Contained Operations       |
=============================================================================
| sub_x_5        | DW01_sub_DG    | width=17   | sub_2809 (Device_top.v:2809) |
| add_x_7        | DW01_inc_DG    | width=5    | add_2816 (Device_top.v:2816) |
| DP_OP_54_133_954                |            |                            |
|                | DP_OP_54_133_954 |          |                            |
=============================================================================

Datapath Report for DP_OP_54_133_954
==============================================================================
| Cell                 | Contained Operations                                |
==============================================================================
| DP_OP_54_133_954     | sub_2801_S2 (Device_top.v:2801)                     |
|                      | add_2804 (Device_top.v:2804)                        |
|                      | sub_2802 (Device_top.v:2802)                        |
|                      | add_2802 (Device_top.v:2802)                        |
==============================================================================

==============================================================================
|       |      | Data     |       |                                          |
| Var   | Type | Class    | Width | Expression                               |
==============================================================================
| I1    | PI   | Unsigned | 16    |                                          |
| I2    | PI   | Unsigned | 16    |                                          |
| I3    | PI   | Unsigned | 1     |                                          |
| DG_ctrl | PI | Unsigned | 1     |                                          |
| O1    | PO   | Signed   | 17    | addsub(I1,I2,I3) ( Device_top.v:2801 Device_top.v:2802 Device_top.v:2804 ) |
==============================================================================


Implementation Report
===============================================================================
|                    |                  | Current            | Set            |
| Cell               | Module           | Implementation     | Implementation |
===============================================================================
| sub_x_5            | DW01_sub_DG      | apparch (area)     |                |
| add_x_7            | DW01_inc_DG      | apparch (area)     |                |
| DP_OP_54_133_954   | DP_OP_54_133_954 | str (speed)        |                |
===============================================================================

 
****************************************
Design : MUL_OPT_2
****************************************

Resource Report for this hierarchy in file
        /home/kch/work/TDRAM/run_app_platform/Device_top_sim_MAC/rtl/Device_top.v
=============================================================================
| Cell           | Module         | Parameters | Contained Operations       |
=============================================================================
| sub_x_6        | DW01_sub_DG    | width=6    | sub_2639 (Device_top.v:2639) |
| gt_x_8         | DW_cmp_DG      | width=5    | gt_2666 (Device_top.v:2666) |
| eq_x_9         | DW_cmp_DG      | width=6    | eq_2667 (Device_top.v:2667) |
| eq_x_10        | DW_cmp_DG      | width=6    | eq_2668 (Device_top.v:2668) |
| eq_x_11        | DW_cmp_DG      | width=6    | eq_2669 (Device_top.v:2669) |
| lt_x_12        | DW_cmp_DG      | width=5    | lt_2670 (Device_top.v:2670) |
| DP_OP_32J2_126_2677             |            |                            |
|                | DP_OP_32J2_126_2677 |       |                            |
| DP_OP_33J2_127_6293             |            |                            |
|                | DP_OP_33J2_127_6293 |       |                            |
=============================================================================

Datapath Report for DP_OP_32J2_126_2677
==============================================================================
| Cell                 | Contained Operations                                |
==============================================================================
| DP_OP_32J2_126_2677  | add_2634 (Device_top.v:2634)                        |
|                      | sub_2634 (Device_top.v:2634)                        |
==============================================================================

==============================================================================
|       |      | Data     |       |                                          |
| Var   | Type | Class    | Width | Expression                               |
==============================================================================
| I1    | PI   | Signed   | 8     |                                          |
| I2    | PI   | Signed   | 8     |                                          |
| DG_ctrl | PI | Unsigned | 1     |                                          |
| O1    | PO   | Signed   | 8     | I1 + I2 - $unsigned(7'b1111111) (Device_top.v:2634) |
==============================================================================

Datapath Report for DP_OP_33J2_127_6293
==============================================================================
| Cell                 | Contained Operations                                |
==============================================================================
| DP_OP_33J2_127_6293  | mult_2646 (Device_top.v:2646)                       |
|                      | add_2649 (Device_top.v:2649)                        |
|                      | mult_2647 (Device_top.v:2647)                       |
==============================================================================

==============================================================================
|       |      | Data     |       |                                          |
| Var   | Type | Class    | Width | Expression                               |
==============================================================================
| I1    | PI   | Unsigned | 8     |                                          |
| I2    | PI   | Unsigned | 4     |                                          |
| I3    | PI   | Unsigned | 4     |                                          |
| I4    | PI   | Unsigned | 4     |                                          |
| DG_ctrl | PI | Unsigned | 1     |                                          |
| T8    | IFO  | Unsigned | 12    | I1 * I2 (Device_top.v:2646)              |
| T9    | IFO  | Unsigned | 8     | I3 * I4 (Device_top.v:2647)              |
| O1    | PO   | Unsigned | 12    | T8 + T9 (Device_top.v:2649)              |
==============================================================================


Datapath Extraction Report

Information: Operator associated with resources 'add_2634 (Device_top.v:2634) sub_2634 (Device_top.v:2634)' in design 'MUL_OPT_0' breaks the datapath extraction because there is leakage due to truncation on its fanout to operator of resources 'C155 (Device_top.v:2634)'.  (HDL-120)


Implementation Report
===============================================================================
|                    |                  | Current            | Set            |
| Cell               | Module           | Implementation     | Implementation |
===============================================================================
| sub_x_6            | DW01_sub_DG      | apparch (area)     |                |
| gt_x_8             | DW_cmp_DG        | apparch (area)     |                |
| eq_x_9             | DW_cmp_DG        | apparch (area)     |                |
| eq_x_10            | DW_cmp_DG        | apparch (area)     |                |
| eq_x_11            | DW_cmp_DG        | apparch (area)     |                |
| lt_x_12            | DW_cmp_DG        | apparch (area)     |                |
| DP_OP_32J2_126_2677                   |                    |                |
|                    | DP_OP_32J2_126_2677 | str (area,speed)                 |
| DP_OP_33J2_127_6293                   |                    |                |
|                    | DP_OP_33J2_127_6293 | str (speed,power)                |
|                    |                  | mult_arch: nand    |                |
===============================================================================

 
****************************************
Design : deNORM_stage_2
****************************************

Resource Report for this hierarchy in file
        /home/kch/work/TDRAM/run_app_platform/Device_top_sim_MAC/rtl/Device_top.v
=============================================================================
| Cell           | Module         | Parameters | Contained Operations       |
=============================================================================
| ash_1          | DW_leftsh_DG   | A_width=18 | sll_2895 (Device_top.v:2895) |
               |                | SH_width=3 |                            |
=============================================================================


Implementation Report
===============================================================================
|                    |                  | Current            | Set            |
| Cell               | Module           | Implementation     | Implementation |
===============================================================================
| ash_1              | DW_leftsh_DG     | astr (power)       |                |
===============================================================================

 
****************************************
Design : NORM_stage_35
****************************************

Resource Report for this hierarchy in file
        /home/kch/work/TDRAM/run_app_platform/Device_top_sim_MAC/rtl/Device_top.v
=============================================================================
| Cell           | Module         | Parameters | Contained Operations       |
=============================================================================
| add_x_1        | DW01_inc_DG    | width=5    | add_2926 (Device_top.v:2926) |
| sub_x_2        | DW01_dec_DG    | width=5    | sub_2971 (Device_top.v:2971) |
               |                |            | sub_2976 (Device_top.v:2976) |
               |                |            | sub_2981 (Device_top.v:2981) |
               |                |            | sub_2986 (Device_top.v:2986) |
               |                |            | sub_2991 (Device_top.v:2991) |
               |                |            | sub_2996 (Device_top.v:2996) |
               |                |            | sub_3001 (Device_top.v:3001) |
=============================================================================


Implementation Report
===============================================================================
|                    |                  | Current            | Set            |
| Cell               | Module           | Implementation     | Implementation |
===============================================================================
| add_x_1            | DW01_inc_DG      | apparch (area)     |                |
| sub_x_2            | DW01_dec_DG      | apparch (area)     |                |
===============================================================================


No resource sharing information to report.
 
****************************************
Design : bfloat_MAC_pipe_OPT_3
****************************************

No implementations to report
 
****************************************
Design : ADD_module_OPT_3
****************************************

Resource Report for this hierarchy in file
        /home/kch/work/TDRAM/run_app_platform/Device_top_sim_MAC/rtl/Device_top.v
=============================================================================
| Cell           | Module         | Parameters | Contained Operations       |
=============================================================================
| sub_x_5        | DW01_sub_DG    | width=17   | sub_2809 (Device_top.v:2809) |
| add_x_7        | DW01_inc_DG    | width=5    | add_2816 (Device_top.v:2816) |
| DP_OP_54_132_1105               |            |                            |
|                | DP_OP_54_132_1105 |         |                            |
=============================================================================

Datapath Report for DP_OP_54_132_1105
==============================================================================
| Cell                 | Contained Operations                                |
==============================================================================
| DP_OP_54_132_1105    | sub_2801_S2 (Device_top.v:2801)                     |
|                      | add_2804 (Device_top.v:2804)                        |
|                      | sub_2802 (Device_top.v:2802)                        |
|                      | add_2802 (Device_top.v:2802)                        |
==============================================================================

==============================================================================
|       |      | Data     |       |                                          |
| Var   | Type | Class    | Width | Expression                               |
==============================================================================
| I1    | PI   | Unsigned | 16    |                                          |
| I2    | PI   | Unsigned | 16    |                                          |
| I3    | PI   | Unsigned | 1     |                                          |
| DG_ctrl | PI | Unsigned | 1     |                                          |
| O1    | PO   | Signed   | 17    | addsub(I1,I2,I3) ( Device_top.v:2801 Device_top.v:2802 Device_top.v:2804 ) |
==============================================================================


Implementation Report
===============================================================================
|                    |                  | Current            | Set            |
| Cell               | Module           | Implementation     | Implementation |
===============================================================================
| sub_x_5            | DW01_sub_DG      | apparch (area)     |                |
| add_x_7            | DW01_inc_DG      | apparch (area)     |                |
| DP_OP_54_132_1105  | DP_OP_54_132_1105 | str (speed)       |                |
===============================================================================

 
****************************************
Design : MUL_OPT_3
****************************************

Resource Report for this hierarchy in file
        /home/kch/work/TDRAM/run_app_platform/Device_top_sim_MAC/rtl/Device_top.v
=============================================================================
| Cell           | Module         | Parameters | Contained Operations       |
=============================================================================
| sub_x_6        | DW01_sub_DG    | width=6    | sub_2639 (Device_top.v:2639) |
| gt_x_8         | DW_cmp_DG      | width=5    | gt_2666 (Device_top.v:2666) |
| eq_x_9         | DW_cmp_DG      | width=6    | eq_2667 (Device_top.v:2667) |
| eq_x_10        | DW_cmp_DG      | width=6    | eq_2668 (Device_top.v:2668) |
| eq_x_11        | DW_cmp_DG      | width=6    | eq_2669 (Device_top.v:2669) |
| lt_x_12        | DW_cmp_DG      | width=5    | lt_2670 (Device_top.v:2670) |
| DP_OP_32J2_126_2677             |            |                            |
|                | DP_OP_32J2_126_2677 |       |                            |
| DP_OP_33J2_127_6293             |            |                            |
|                | DP_OP_33J2_127_6293 |       |                            |
=============================================================================

Datapath Report for DP_OP_32J2_126_2677
==============================================================================
| Cell                 | Contained Operations                                |
==============================================================================
| DP_OP_32J2_126_2677  | add_2634 (Device_top.v:2634)                        |
|                      | sub_2634 (Device_top.v:2634)                        |
==============================================================================

==============================================================================
|       |      | Data     |       |                                          |
| Var   | Type | Class    | Width | Expression                               |
==============================================================================
| I1    | PI   | Signed   | 8     |                                          |
| I2    | PI   | Signed   | 8     |                                          |
| DG_ctrl | PI | Unsigned | 1     |                                          |
| O1    | PO   | Signed   | 8     | I1 + I2 - $unsigned(7'b1111111) (Device_top.v:2634) |
==============================================================================

Datapath Report for DP_OP_33J2_127_6293
==============================================================================
| Cell                 | Contained Operations                                |
==============================================================================
| DP_OP_33J2_127_6293  | mult_2646 (Device_top.v:2646)                       |
|                      | add_2649 (Device_top.v:2649)                        |
|                      | mult_2647 (Device_top.v:2647)                       |
==============================================================================

==============================================================================
|       |      | Data     |       |                                          |
| Var   | Type | Class    | Width | Expression                               |
==============================================================================
| I1    | PI   | Unsigned | 8     |                                          |
| I2    | PI   | Unsigned | 4     |                                          |
| I3    | PI   | Unsigned | 4     |                                          |
| I4    | PI   | Unsigned | 4     |                                          |
| DG_ctrl | PI | Unsigned | 1     |                                          |
| T8    | IFO  | Unsigned | 12    | I1 * I2 (Device_top.v:2646)              |
| T9    | IFO  | Unsigned | 8     | I3 * I4 (Device_top.v:2647)              |
| O1    | PO   | Unsigned | 12    | T8 + T9 (Device_top.v:2649)              |
==============================================================================


Datapath Extraction Report

Information: Operator associated with resources 'add_2634 (Device_top.v:2634) sub_2634 (Device_top.v:2634)' in design 'MUL_OPT_0' breaks the datapath extraction because there is leakage due to truncation on its fanout to operator of resources 'C155 (Device_top.v:2634)'.  (HDL-120)


Implementation Report
===============================================================================
|                    |                  | Current            | Set            |
| Cell               | Module           | Implementation     | Implementation |
===============================================================================
| sub_x_6            | DW01_sub_DG      | apparch (area)     |                |
| gt_x_8             | DW_cmp_DG        | apparch (area)     |                |
| eq_x_9             | DW_cmp_DG        | apparch (area)     |                |
| eq_x_10            | DW_cmp_DG        | apparch (area)     |                |
| eq_x_11            | DW_cmp_DG        | apparch (area)     |                |
| lt_x_12            | DW_cmp_DG        | apparch (area)     |                |
| DP_OP_32J2_126_2677                   |                    |                |
|                    | DP_OP_32J2_126_2677 | str (area,speed)                 |
| DP_OP_33J2_127_6293                   |                    |                |
|                    | DP_OP_33J2_127_6293 | str (speed,power)                |
|                    |                  | mult_arch: nand    |                |
===============================================================================

 
****************************************
Design : deNORM_stage_3
****************************************

Resource Report for this hierarchy in file
        /home/kch/work/TDRAM/run_app_platform/Device_top_sim_MAC/rtl/Device_top.v
=============================================================================
| Cell           | Module         | Parameters | Contained Operations       |
=============================================================================
| ash_1          | DW_leftsh_DG   | A_width=18 | sll_2895 (Device_top.v:2895) |
               |                | SH_width=3 |                            |
=============================================================================


Implementation Report
===============================================================================
|                    |                  | Current            | Set            |
| Cell               | Module           | Implementation     | Implementation |
===============================================================================
| ash_1              | DW_leftsh_DG     | astr (power)       |                |
===============================================================================

 
****************************************
Design : NORM_stage_36
****************************************

Resource Report for this hierarchy in file
        /home/kch/work/TDRAM/run_app_platform/Device_top_sim_MAC/rtl/Device_top.v
=============================================================================
| Cell           | Module         | Parameters | Contained Operations       |
=============================================================================
| add_x_1        | DW01_inc_DG    | width=5    | add_2926 (Device_top.v:2926) |
| sub_x_2        | DW01_dec_DG    | width=5    | sub_2971 (Device_top.v:2971) |
               |                |            | sub_2976 (Device_top.v:2976) |
               |                |            | sub_2981 (Device_top.v:2981) |
               |                |            | sub_2986 (Device_top.v:2986) |
               |                |            | sub_2991 (Device_top.v:2991) |
               |                |            | sub_2996 (Device_top.v:2996) |
               |                |            | sub_3001 (Device_top.v:3001) |
=============================================================================


Implementation Report
===============================================================================
|                    |                  | Current            | Set            |
| Cell               | Module           | Implementation     | Implementation |
===============================================================================
| add_x_1            | DW01_inc_DG      | apparch (area)     |                |
| sub_x_2            | DW01_dec_DG      | apparch (area)     |                |
===============================================================================


No resource sharing information to report.
 
****************************************
Design : bfloat_MAC_pipe_OPT_4
****************************************

No implementations to report
 
****************************************
Design : ADD_module_OPT_4
****************************************

Resource Report for this hierarchy in file
        /home/kch/work/TDRAM/run_app_platform/Device_top_sim_MAC/rtl/Device_top.v
=============================================================================
| Cell           | Module         | Parameters | Contained Operations       |
=============================================================================
| sub_x_5        | DW01_sub_DG    | width=17   | sub_2809 (Device_top.v:2809) |
| add_x_7        | DW01_inc_DG    | width=5    | add_2816 (Device_top.v:2816) |
| DP_OP_54_131_1732               |            |                            |
|                | DP_OP_54_131_1732 |         |                            |
=============================================================================

Datapath Report for DP_OP_54_131_1732
==============================================================================
| Cell                 | Contained Operations                                |
==============================================================================
| DP_OP_54_131_1732    | sub_2801_S2 (Device_top.v:2801)                     |
|                      | add_2804 (Device_top.v:2804)                        |
|                      | sub_2802 (Device_top.v:2802)                        |
|                      | add_2802 (Device_top.v:2802)                        |
==============================================================================

==============================================================================
|       |      | Data     |       |                                          |
| Var   | Type | Class    | Width | Expression                               |
==============================================================================
| I1    | PI   | Unsigned | 16    |                                          |
| I2    | PI   | Unsigned | 16    |                                          |
| I3    | PI   | Unsigned | 1     |                                          |
| DG_ctrl | PI | Unsigned | 1     |                                          |
| O1    | PO   | Signed   | 17    | addsub(I1,I2,I3) ( Device_top.v:2801 Device_top.v:2802 Device_top.v:2804 ) |
==============================================================================


Implementation Report
===============================================================================
|                    |                  | Current            | Set            |
| Cell               | Module           | Implementation     | Implementation |
===============================================================================
| sub_x_5            | DW01_sub_DG      | apparch (area)     |                |
| add_x_7            | DW01_inc_DG      | apparch (area)     |                |
| DP_OP_54_131_1732  | DP_OP_54_131_1732 | str (speed)       |                |
===============================================================================

 
****************************************
Design : MUL_OPT_4
****************************************

Resource Report for this hierarchy in file
        /home/kch/work/TDRAM/run_app_platform/Device_top_sim_MAC/rtl/Device_top.v
=============================================================================
| Cell           | Module         | Parameters | Contained Operations       |
=============================================================================
| sub_x_6        | DW01_sub_DG    | width=6    | sub_2639 (Device_top.v:2639) |
| gt_x_8         | DW_cmp_DG      | width=5    | gt_2666 (Device_top.v:2666) |
| eq_x_9         | DW_cmp_DG      | width=6    | eq_2667 (Device_top.v:2667) |
| eq_x_10        | DW_cmp_DG      | width=6    | eq_2668 (Device_top.v:2668) |
| eq_x_11        | DW_cmp_DG      | width=6    | eq_2669 (Device_top.v:2669) |
| lt_x_12        | DW_cmp_DG      | width=5    | lt_2670 (Device_top.v:2670) |
| DP_OP_32J2_126_2677             |            |                            |
|                | DP_OP_32J2_126_2677 |       |                            |
| DP_OP_33J2_127_6293             |            |                            |
|                | DP_OP_33J2_127_6293 |       |                            |
=============================================================================

Datapath Report for DP_OP_32J2_126_2677
==============================================================================
| Cell                 | Contained Operations                                |
==============================================================================
| DP_OP_32J2_126_2677  | add_2634 (Device_top.v:2634)                        |
|                      | sub_2634 (Device_top.v:2634)                        |
==============================================================================

==============================================================================
|       |      | Data     |       |                                          |
| Var   | Type | Class    | Width | Expression                               |
==============================================================================
| I1    | PI   | Signed   | 8     |                                          |
| I2    | PI   | Signed   | 8     |                                          |
| DG_ctrl | PI | Unsigned | 1     |                                          |
| O1    | PO   | Signed   | 8     | I1 + I2 - $unsigned(7'b1111111) (Device_top.v:2634) |
==============================================================================

Datapath Report for DP_OP_33J2_127_6293
==============================================================================
| Cell                 | Contained Operations                                |
==============================================================================
| DP_OP_33J2_127_6293  | mult_2646 (Device_top.v:2646)                       |
|                      | add_2649 (Device_top.v:2649)                        |
|                      | mult_2647 (Device_top.v:2647)                       |
==============================================================================

==============================================================================
|       |      | Data     |       |                                          |
| Var   | Type | Class    | Width | Expression                               |
==============================================================================
| I1    | PI   | Unsigned | 8     |                                          |
| I2    | PI   | Unsigned | 4     |                                          |
| I3    | PI   | Unsigned | 4     |                                          |
| I4    | PI   | Unsigned | 4     |                                          |
| DG_ctrl | PI | Unsigned | 1     |                                          |
| T8    | IFO  | Unsigned | 12    | I1 * I2 (Device_top.v:2646)              |
| T9    | IFO  | Unsigned | 8     | I3 * I4 (Device_top.v:2647)              |
| O1    | PO   | Unsigned | 12    | T8 + T9 (Device_top.v:2649)              |
==============================================================================


Datapath Extraction Report

Information: Operator associated with resources 'add_2634 (Device_top.v:2634) sub_2634 (Device_top.v:2634)' in design 'MUL_OPT_0' breaks the datapath extraction because there is leakage due to truncation on its fanout to operator of resources 'C155 (Device_top.v:2634)'.  (HDL-120)


Implementation Report
===============================================================================
|                    |                  | Current            | Set            |
| Cell               | Module           | Implementation     | Implementation |
===============================================================================
| sub_x_6            | DW01_sub_DG      | apparch (area)     |                |
| gt_x_8             | DW_cmp_DG        | apparch (area)     |                |
| eq_x_9             | DW_cmp_DG        | apparch (area)     |                |
| eq_x_10            | DW_cmp_DG        | apparch (area)     |                |
| eq_x_11            | DW_cmp_DG        | apparch (area)     |                |
| lt_x_12            | DW_cmp_DG        | apparch (area)     |                |
| DP_OP_32J2_126_2677                   |                    |                |
|                    | DP_OP_32J2_126_2677 | str (area,speed)                 |
| DP_OP_33J2_127_6293                   |                    |                |
|                    | DP_OP_33J2_127_6293 | str (speed,power)                |
|                    |                  | mult_arch: nand    |                |
===============================================================================

 
****************************************
Design : deNORM_stage_4
****************************************

Resource Report for this hierarchy in file
        /home/kch/work/TDRAM/run_app_platform/Device_top_sim_MAC/rtl/Device_top.v
=============================================================================
| Cell           | Module         | Parameters | Contained Operations       |
=============================================================================
| ash_1          | DW_leftsh_DG   | A_width=18 | sll_2895 (Device_top.v:2895) |
               |                | SH_width=3 |                            |
=============================================================================


Implementation Report
===============================================================================
|                    |                  | Current            | Set            |
| Cell               | Module           | Implementation     | Implementation |
===============================================================================
| ash_1              | DW_leftsh_DG     | astr (power)       |                |
===============================================================================

 
****************************************
Design : NORM_stage_37
****************************************

Resource Report for this hierarchy in file
        /home/kch/work/TDRAM/run_app_platform/Device_top_sim_MAC/rtl/Device_top.v
=============================================================================
| Cell           | Module         | Parameters | Contained Operations       |
=============================================================================
| add_x_1        | DW01_inc_DG    | width=5    | add_2926 (Device_top.v:2926) |
| sub_x_2        | DW01_dec_DG    | width=5    | sub_2971 (Device_top.v:2971) |
               |                |            | sub_2976 (Device_top.v:2976) |
               |                |            | sub_2981 (Device_top.v:2981) |
               |                |            | sub_2986 (Device_top.v:2986) |
               |                |            | sub_2991 (Device_top.v:2991) |
               |                |            | sub_2996 (Device_top.v:2996) |
               |                |            | sub_3001 (Device_top.v:3001) |
=============================================================================


Implementation Report
===============================================================================
|                    |                  | Current            | Set            |
| Cell               | Module           | Implementation     | Implementation |
===============================================================================
| add_x_1            | DW01_inc_DG      | apparch (area)     |                |
| sub_x_2            | DW01_dec_DG      | apparch (area)     |                |
===============================================================================


No resource sharing information to report.
 
****************************************
Design : bfloat_MAC_pipe_OPT_5
****************************************

No implementations to report
 
****************************************
Design : ADD_module_OPT_5
****************************************

Resource Report for this hierarchy in file
        /home/kch/work/TDRAM/run_app_platform/Device_top_sim_MAC/rtl/Device_top.v
=============================================================================
| Cell           | Module         | Parameters | Contained Operations       |
=============================================================================
| sub_x_5        | DW01_sub_DG    | width=17   | sub_2809 (Device_top.v:2809) |
| add_x_7        | DW01_inc_DG    | width=5    | add_2816 (Device_top.v:2816) |
| DP_OP_54_130_5727               |            |                            |
|                | DP_OP_54_130_5727 |         |                            |
=============================================================================

Datapath Report for DP_OP_54_130_5727
==============================================================================
| Cell                 | Contained Operations                                |
==============================================================================
| DP_OP_54_130_5727    | sub_2801_S2 (Device_top.v:2801)                     |
|                      | add_2804 (Device_top.v:2804)                        |
|                      | sub_2802 (Device_top.v:2802)                        |
|                      | add_2802 (Device_top.v:2802)                        |
==============================================================================

==============================================================================
|       |      | Data     |       |                                          |
| Var   | Type | Class    | Width | Expression                               |
==============================================================================
| I1    | PI   | Unsigned | 16    |                                          |
| I2    | PI   | Unsigned | 16    |                                          |
| I3    | PI   | Unsigned | 1     |                                          |
| DG_ctrl | PI | Unsigned | 1     |                                          |
| O1    | PO   | Signed   | 17    | addsub(I1,I2,I3) ( Device_top.v:2801 Device_top.v:2802 Device_top.v:2804 ) |
==============================================================================


Implementation Report
===============================================================================
|                    |                  | Current            | Set            |
| Cell               | Module           | Implementation     | Implementation |
===============================================================================
| sub_x_5            | DW01_sub_DG      | apparch (area)     |                |
| add_x_7            | DW01_inc_DG      | apparch (area)     |                |
| DP_OP_54_130_5727  | DP_OP_54_130_5727 | str (speed)       |                |
===============================================================================

 
****************************************
Design : MUL_OPT_5
****************************************

Resource Report for this hierarchy in file
        /home/kch/work/TDRAM/run_app_platform/Device_top_sim_MAC/rtl/Device_top.v
=============================================================================
| Cell           | Module         | Parameters | Contained Operations       |
=============================================================================
| sub_x_6        | DW01_sub_DG    | width=6    | sub_2639 (Device_top.v:2639) |
| gt_x_8         | DW_cmp_DG      | width=5    | gt_2666 (Device_top.v:2666) |
| eq_x_9         | DW_cmp_DG      | width=6    | eq_2667 (Device_top.v:2667) |
| eq_x_10        | DW_cmp_DG      | width=6    | eq_2668 (Device_top.v:2668) |
| eq_x_11        | DW_cmp_DG      | width=6    | eq_2669 (Device_top.v:2669) |
| lt_x_12        | DW_cmp_DG      | width=5    | lt_2670 (Device_top.v:2670) |
| DP_OP_32J2_126_2677             |            |                            |
|                | DP_OP_32J2_126_2677 |       |                            |
| DP_OP_33J2_127_6293             |            |                            |
|                | DP_OP_33J2_127_6293 |       |                            |
=============================================================================

Datapath Report for DP_OP_32J2_126_2677
==============================================================================
| Cell                 | Contained Operations                                |
==============================================================================
| DP_OP_32J2_126_2677  | add_2634 (Device_top.v:2634)                        |
|                      | sub_2634 (Device_top.v:2634)                        |
==============================================================================

==============================================================================
|       |      | Data     |       |                                          |
| Var   | Type | Class    | Width | Expression                               |
==============================================================================
| I1    | PI   | Signed   | 8     |                                          |
| I2    | PI   | Signed   | 8     |                                          |
| DG_ctrl | PI | Unsigned | 1     |                                          |
| O1    | PO   | Signed   | 8     | I1 + I2 - $unsigned(7'b1111111) (Device_top.v:2634) |
==============================================================================

Datapath Report for DP_OP_33J2_127_6293
==============================================================================
| Cell                 | Contained Operations                                |
==============================================================================
| DP_OP_33J2_127_6293  | mult_2646 (Device_top.v:2646)                       |
|                      | add_2649 (Device_top.v:2649)                        |
|                      | mult_2647 (Device_top.v:2647)                       |
==============================================================================

==============================================================================
|       |      | Data     |       |                                          |
| Var   | Type | Class    | Width | Expression                               |
==============================================================================
| I1    | PI   | Unsigned | 8     |                                          |
| I2    | PI   | Unsigned | 4     |                                          |
| I3    | PI   | Unsigned | 4     |                                          |
| I4    | PI   | Unsigned | 4     |                                          |
| DG_ctrl | PI | Unsigned | 1     |                                          |
| T8    | IFO  | Unsigned | 12    | I1 * I2 (Device_top.v:2646)              |
| T9    | IFO  | Unsigned | 8     | I3 * I4 (Device_top.v:2647)              |
| O1    | PO   | Unsigned | 12    | T8 + T9 (Device_top.v:2649)              |
==============================================================================


Datapath Extraction Report

Information: Operator associated with resources 'add_2634 (Device_top.v:2634) sub_2634 (Device_top.v:2634)' in design 'MUL_OPT_0' breaks the datapath extraction because there is leakage due to truncation on its fanout to operator of resources 'C155 (Device_top.v:2634)'.  (HDL-120)


Implementation Report
===============================================================================
|                    |                  | Current            | Set            |
| Cell               | Module           | Implementation     | Implementation |
===============================================================================
| sub_x_6            | DW01_sub_DG      | apparch (area)     |                |
| gt_x_8             | DW_cmp_DG        | apparch (area)     |                |
| eq_x_9             | DW_cmp_DG        | apparch (area)     |                |
| eq_x_10            | DW_cmp_DG        | apparch (area)     |                |
| eq_x_11            | DW_cmp_DG        | apparch (area)     |                |
| lt_x_12            | DW_cmp_DG        | apparch (area)     |                |
| DP_OP_32J2_126_2677                   |                    |                |
|                    | DP_OP_32J2_126_2677 | str (area,speed)                 |
| DP_OP_33J2_127_6293                   |                    |                |
|                    | DP_OP_33J2_127_6293 | str (speed,power)                |
|                    |                  | mult_arch: nand    |                |
===============================================================================

 
****************************************
Design : deNORM_stage_5
****************************************

Resource Report for this hierarchy in file
        /home/kch/work/TDRAM/run_app_platform/Device_top_sim_MAC/rtl/Device_top.v
=============================================================================
| Cell           | Module         | Parameters | Contained Operations       |
=============================================================================
| ash_1          | DW_leftsh_DG   | A_width=18 | sll_2895 (Device_top.v:2895) |
               |                | SH_width=3 |                            |
=============================================================================


Implementation Report
===============================================================================
|                    |                  | Current            | Set            |
| Cell               | Module           | Implementation     | Implementation |
===============================================================================
| ash_1              | DW_leftsh_DG     | astr (power)       |                |
===============================================================================

 
****************************************
Design : NORM_stage_38
****************************************

Resource Report for this hierarchy in file
        /home/kch/work/TDRAM/run_app_platform/Device_top_sim_MAC/rtl/Device_top.v
=============================================================================
| Cell           | Module         | Parameters | Contained Operations       |
=============================================================================
| add_x_1        | DW01_inc_DG    | width=5    | add_2926 (Device_top.v:2926) |
| sub_x_2        | DW01_dec_DG    | width=5    | sub_2971 (Device_top.v:2971) |
               |                |            | sub_2976 (Device_top.v:2976) |
               |                |            | sub_2981 (Device_top.v:2981) |
               |                |            | sub_2986 (Device_top.v:2986) |
               |                |            | sub_2991 (Device_top.v:2991) |
               |                |            | sub_2996 (Device_top.v:2996) |
               |                |            | sub_3001 (Device_top.v:3001) |
=============================================================================


Implementation Report
===============================================================================
|                    |                  | Current            | Set            |
| Cell               | Module           | Implementation     | Implementation |
===============================================================================
| add_x_1            | DW01_inc_DG      | apparch (area)     |                |
| sub_x_2            | DW01_dec_DG      | apparch (area)     |                |
===============================================================================


No resource sharing information to report.
 
****************************************
Design : bfloat_MAC_pipe_OPT_6
****************************************

No implementations to report
 
****************************************
Design : ADD_module_OPT_6
****************************************

Resource Report for this hierarchy in file
        /home/kch/work/TDRAM/run_app_platform/Device_top_sim_MAC/rtl/Device_top.v
=============================================================================
| Cell           | Module         | Parameters | Contained Operations       |
=============================================================================
| sub_x_5        | DW01_sub_DG    | width=17   | sub_2809 (Device_top.v:2809) |
| add_x_7        | DW01_inc_DG    | width=5    | add_2816 (Device_top.v:2816) |
| DP_OP_54_129_9960               |            |                            |
|                | DP_OP_54_129_9960 |         |                            |
=============================================================================

Datapath Report for DP_OP_54_129_9960
==============================================================================
| Cell                 | Contained Operations                                |
==============================================================================
| DP_OP_54_129_9960    | sub_2801_S2 (Device_top.v:2801)                     |
|                      | add_2804 (Device_top.v:2804)                        |
|                      | sub_2802 (Device_top.v:2802)                        |
|                      | add_2802 (Device_top.v:2802)                        |
==============================================================================

==============================================================================
|       |      | Data     |       |                                          |
| Var   | Type | Class    | Width | Expression                               |
==============================================================================
| I1    | PI   | Unsigned | 16    |                                          |
| I2    | PI   | Unsigned | 16    |                                          |
| I3    | PI   | Unsigned | 1     |                                          |
| DG_ctrl | PI | Unsigned | 1     |                                          |
| O1    | PO   | Signed   | 17    | addsub(I1,I2,I3) ( Device_top.v:2801 Device_top.v:2802 Device_top.v:2804 ) |
==============================================================================


Implementation Report
===============================================================================
|                    |                  | Current            | Set            |
| Cell               | Module           | Implementation     | Implementation |
===============================================================================
| sub_x_5            | DW01_sub_DG      | apparch (area)     |                |
| add_x_7            | DW01_inc_DG      | apparch (area)     |                |
| DP_OP_54_129_9960  | DP_OP_54_129_9960 | str (speed)       |                |
===============================================================================

 
****************************************
Design : MUL_OPT_6
****************************************

Resource Report for this hierarchy in file
        /home/kch/work/TDRAM/run_app_platform/Device_top_sim_MAC/rtl/Device_top.v
=============================================================================
| Cell           | Module         | Parameters | Contained Operations       |
=============================================================================
| sub_x_6        | DW01_sub_DG    | width=6    | sub_2639 (Device_top.v:2639) |
| gt_x_8         | DW_cmp_DG      | width=5    | gt_2666 (Device_top.v:2666) |
| eq_x_9         | DW_cmp_DG      | width=6    | eq_2667 (Device_top.v:2667) |
| eq_x_10        | DW_cmp_DG      | width=6    | eq_2668 (Device_top.v:2668) |
| eq_x_11        | DW_cmp_DG      | width=6    | eq_2669 (Device_top.v:2669) |
| lt_x_12        | DW_cmp_DG      | width=5    | lt_2670 (Device_top.v:2670) |
| DP_OP_32J2_126_2677             |            |                            |
|                | DP_OP_32J2_126_2677 |       |                            |
| DP_OP_33J2_127_6293             |            |                            |
|                | DP_OP_33J2_127_6293 |       |                            |
=============================================================================

Datapath Report for DP_OP_32J2_126_2677
==============================================================================
| Cell                 | Contained Operations                                |
==============================================================================
| DP_OP_32J2_126_2677  | add_2634 (Device_top.v:2634)                        |
|                      | sub_2634 (Device_top.v:2634)                        |
==============================================================================

==============================================================================
|       |      | Data     |       |                                          |
| Var   | Type | Class    | Width | Expression                               |
==============================================================================
| I1    | PI   | Signed   | 8     |                                          |
| I2    | PI   | Signed   | 8     |                                          |
| DG_ctrl | PI | Unsigned | 1     |                                          |
| O1    | PO   | Signed   | 8     | I1 + I2 - $unsigned(7'b1111111) (Device_top.v:2634) |
==============================================================================

Datapath Report for DP_OP_33J2_127_6293
==============================================================================
| Cell                 | Contained Operations                                |
==============================================================================
| DP_OP_33J2_127_6293  | mult_2646 (Device_top.v:2646)                       |
|                      | add_2649 (Device_top.v:2649)                        |
|                      | mult_2647 (Device_top.v:2647)                       |
==============================================================================

==============================================================================
|       |      | Data     |       |                                          |
| Var   | Type | Class    | Width | Expression                               |
==============================================================================
| I1    | PI   | Unsigned | 8     |                                          |
| I2    | PI   | Unsigned | 4     |                                          |
| I3    | PI   | Unsigned | 4     |                                          |
| I4    | PI   | Unsigned | 4     |                                          |
| DG_ctrl | PI | Unsigned | 1     |                                          |
| T8    | IFO  | Unsigned | 12    | I1 * I2 (Device_top.v:2646)              |
| T9    | IFO  | Unsigned | 8     | I3 * I4 (Device_top.v:2647)              |
| O1    | PO   | Unsigned | 12    | T8 + T9 (Device_top.v:2649)              |
==============================================================================


Datapath Extraction Report

Information: Operator associated with resources 'add_2634 (Device_top.v:2634) sub_2634 (Device_top.v:2634)' in design 'MUL_OPT_0' breaks the datapath extraction because there is leakage due to truncation on its fanout to operator of resources 'C155 (Device_top.v:2634)'.  (HDL-120)


Implementation Report
===============================================================================
|                    |                  | Current            | Set            |
| Cell               | Module           | Implementation     | Implementation |
===============================================================================
| sub_x_6            | DW01_sub_DG      | apparch (area)     |                |
| gt_x_8             | DW_cmp_DG        | apparch (area)     |                |
| eq_x_9             | DW_cmp_DG        | apparch (area)     |                |
| eq_x_10            | DW_cmp_DG        | apparch (area)     |                |
| eq_x_11            | DW_cmp_DG        | apparch (area)     |                |
| lt_x_12            | DW_cmp_DG        | apparch (area)     |                |
| DP_OP_32J2_126_2677                   |                    |                |
|                    | DP_OP_32J2_126_2677 | str (area,speed)                 |
| DP_OP_33J2_127_6293                   |                    |                |
|                    | DP_OP_33J2_127_6293 | str (speed,power)                |
|                    |                  | mult_arch: nand    |                |
===============================================================================

 
****************************************
Design : deNORM_stage_6
****************************************

Resource Report for this hierarchy in file
        /home/kch/work/TDRAM/run_app_platform/Device_top_sim_MAC/rtl/Device_top.v
=============================================================================
| Cell           | Module         | Parameters | Contained Operations       |
=============================================================================
| ash_1          | DW_leftsh_DG   | A_width=18 | sll_2895 (Device_top.v:2895) |
               |                | SH_width=3 |                            |
=============================================================================


Implementation Report
===============================================================================
|                    |                  | Current            | Set            |
| Cell               | Module           | Implementation     | Implementation |
===============================================================================
| ash_1              | DW_leftsh_DG     | astr (power)       |                |
===============================================================================

 
****************************************
Design : NORM_stage_39
****************************************

Resource Report for this hierarchy in file
        /home/kch/work/TDRAM/run_app_platform/Device_top_sim_MAC/rtl/Device_top.v
=============================================================================
| Cell           | Module         | Parameters | Contained Operations       |
=============================================================================
| add_x_1        | DW01_inc_DG    | width=5    | add_2926 (Device_top.v:2926) |
| sub_x_2        | DW01_dec_DG    | width=5    | sub_2971 (Device_top.v:2971) |
               |                |            | sub_2976 (Device_top.v:2976) |
               |                |            | sub_2981 (Device_top.v:2981) |
               |                |            | sub_2986 (Device_top.v:2986) |
               |                |            | sub_2991 (Device_top.v:2991) |
               |                |            | sub_2996 (Device_top.v:2996) |
               |                |            | sub_3001 (Device_top.v:3001) |
=============================================================================


Implementation Report
===============================================================================
|                    |                  | Current            | Set            |
| Cell               | Module           | Implementation     | Implementation |
===============================================================================
| add_x_1            | DW01_inc_DG      | apparch (area)     |                |
| sub_x_2            | DW01_dec_DG      | apparch (area)     |                |
===============================================================================


No resource sharing information to report.
 
****************************************
Design : bfloat_MAC_pipe_OPT_7
****************************************

No implementations to report
 
****************************************
Design : ADD_module_OPT_7
****************************************

Resource Report for this hierarchy in file
        /home/kch/work/TDRAM/run_app_platform/Device_top_sim_MAC/rtl/Device_top.v
=============================================================================
| Cell           | Module         | Parameters | Contained Operations       |
=============================================================================
| sub_x_5        | DW01_sub_DG    | width=17   | sub_2809 (Device_top.v:2809) |
| add_x_7        | DW01_inc_DG    | width=5    | add_2816 (Device_top.v:2816) |
| DP_OP_54_128_4226               |            |                            |
|                | DP_OP_54_128_4226 |         |                            |
=============================================================================

Datapath Report for DP_OP_54_128_4226
==============================================================================
| Cell                 | Contained Operations                                |
==============================================================================
| DP_OP_54_128_4226    | sub_2801_S2 (Device_top.v:2801)                     |
|                      | add_2804 (Device_top.v:2804)                        |
|                      | sub_2802 (Device_top.v:2802)                        |
|                      | add_2802 (Device_top.v:2802)                        |
==============================================================================

==============================================================================
|       |      | Data     |       |                                          |
| Var   | Type | Class    | Width | Expression                               |
==============================================================================
| I1    | PI   | Unsigned | 16    |                                          |
| I2    | PI   | Unsigned | 16    |                                          |
| I3    | PI   | Unsigned | 1     |                                          |
| DG_ctrl | PI | Unsigned | 1     |                                          |
| O1    | PO   | Signed   | 17    | addsub(I1,I2,I3) ( Device_top.v:2801 Device_top.v:2802 Device_top.v:2804 ) |
==============================================================================


Implementation Report
===============================================================================
|                    |                  | Current            | Set            |
| Cell               | Module           | Implementation     | Implementation |
===============================================================================
| sub_x_5            | DW01_sub_DG      | apparch (area)     |                |
| add_x_7            | DW01_inc_DG      | apparch (area)     |                |
| DP_OP_54_128_4226  | DP_OP_54_128_4226 | str (speed)       |                |
===============================================================================

 
****************************************
Design : MUL_OPT_7
****************************************

Resource Report for this hierarchy in file
        /home/kch/work/TDRAM/run_app_platform/Device_top_sim_MAC/rtl/Device_top.v
=============================================================================
| Cell           | Module         | Parameters | Contained Operations       |
=============================================================================
| sub_x_6        | DW01_sub_DG    | width=6    | sub_2639 (Device_top.v:2639) |
| gt_x_8         | DW_cmp_DG      | width=5    | gt_2666 (Device_top.v:2666) |
| eq_x_9         | DW_cmp_DG      | width=6    | eq_2667 (Device_top.v:2667) |
| eq_x_10        | DW_cmp_DG      | width=6    | eq_2668 (Device_top.v:2668) |
| eq_x_11        | DW_cmp_DG      | width=6    | eq_2669 (Device_top.v:2669) |
| lt_x_12        | DW_cmp_DG      | width=5    | lt_2670 (Device_top.v:2670) |
| DP_OP_32J2_126_2677             |            |                            |
|                | DP_OP_32J2_126_2677 |       |                            |
| DP_OP_33J2_127_6293             |            |                            |
|                | DP_OP_33J2_127_6293 |       |                            |
=============================================================================

Datapath Report for DP_OP_32J2_126_2677
==============================================================================
| Cell                 | Contained Operations                                |
==============================================================================
| DP_OP_32J2_126_2677  | add_2634 (Device_top.v:2634)                        |
|                      | sub_2634 (Device_top.v:2634)                        |
==============================================================================

==============================================================================
|       |      | Data     |       |                                          |
| Var   | Type | Class    | Width | Expression                               |
==============================================================================
| I1    | PI   | Signed   | 8     |                                          |
| I2    | PI   | Signed   | 8     |                                          |
| DG_ctrl | PI | Unsigned | 1     |                                          |
| O1    | PO   | Signed   | 8     | I1 + I2 - $unsigned(7'b1111111) (Device_top.v:2634) |
==============================================================================

Datapath Report for DP_OP_33J2_127_6293
==============================================================================
| Cell                 | Contained Operations                                |
==============================================================================
| DP_OP_33J2_127_6293  | mult_2646 (Device_top.v:2646)                       |
|                      | add_2649 (Device_top.v:2649)                        |
|                      | mult_2647 (Device_top.v:2647)                       |
==============================================================================

==============================================================================
|       |      | Data     |       |                                          |
| Var   | Type | Class    | Width | Expression                               |
==============================================================================
| I1    | PI   | Unsigned | 8     |                                          |
| I2    | PI   | Unsigned | 4     |                                          |
| I3    | PI   | Unsigned | 4     |                                          |
| I4    | PI   | Unsigned | 4     |                                          |
| DG_ctrl | PI | Unsigned | 1     |                                          |
| T8    | IFO  | Unsigned | 12    | I1 * I2 (Device_top.v:2646)              |
| T9    | IFO  | Unsigned | 8     | I3 * I4 (Device_top.v:2647)              |
| O1    | PO   | Unsigned | 12    | T8 + T9 (Device_top.v:2649)              |
==============================================================================


Datapath Extraction Report

Information: Operator associated with resources 'add_2634 (Device_top.v:2634) sub_2634 (Device_top.v:2634)' in design 'MUL_OPT_0' breaks the datapath extraction because there is leakage due to truncation on its fanout to operator of resources 'C155 (Device_top.v:2634)'.  (HDL-120)


Implementation Report
===============================================================================
|                    |                  | Current            | Set            |
| Cell               | Module           | Implementation     | Implementation |
===============================================================================
| sub_x_6            | DW01_sub_DG      | apparch (area)     |                |
| gt_x_8             | DW_cmp_DG        | apparch (area)     |                |
| eq_x_9             | DW_cmp_DG        | apparch (area)     |                |
| eq_x_10            | DW_cmp_DG        | apparch (area)     |                |
| eq_x_11            | DW_cmp_DG        | apparch (area)     |                |
| lt_x_12            | DW_cmp_DG        | apparch (area)     |                |
| DP_OP_32J2_126_2677                   |                    |                |
|                    | DP_OP_32J2_126_2677 | str (area,speed)                 |
| DP_OP_33J2_127_6293                   |                    |                |
|                    | DP_OP_33J2_127_6293 | str (speed,power)                |
|                    |                  | mult_arch: nand    |                |
===============================================================================

 
****************************************
Design : deNORM_stage_7
****************************************

Resource Report for this hierarchy in file
        /home/kch/work/TDRAM/run_app_platform/Device_top_sim_MAC/rtl/Device_top.v
=============================================================================
| Cell           | Module         | Parameters | Contained Operations       |
=============================================================================
| ash_1          | DW_leftsh_DG   | A_width=18 | sll_2895 (Device_top.v:2895) |
               |                | SH_width=3 |                            |
=============================================================================


Implementation Report
===============================================================================
|                    |                  | Current            | Set            |
| Cell               | Module           | Implementation     | Implementation |
===============================================================================
| ash_1              | DW_leftsh_DG     | astr (power)       |                |
===============================================================================

1
